[2025-03-27T20:36:30.450+0000] {local_task_job_runner.py:123} INFO - ::group::Pre task execution logs
[2025-03-27T20:36:30.475+0000] {taskinstance.py:2612} INFO - Dependencies all met for dep_context=non-requeueable deps ti=<TaskInstance: import_snowflake.load_raw_data manual__2025-03-27T20:36:27.497596+00:00 [queued]>
[2025-03-27T20:36:30.481+0000] {taskinstance.py:2612} INFO - Dependencies all met for dep_context=requeueable deps ti=<TaskInstance: import_snowflake.load_raw_data manual__2025-03-27T20:36:27.497596+00:00 [queued]>
[2025-03-27T20:36:30.482+0000] {taskinstance.py:2865} INFO - Starting attempt 1 of 1
[2025-03-27T20:36:30.497+0000] {taskinstance.py:2888} INFO - Executing <Task(_PythonDecoratedOperator): load_raw_data> on 2025-03-27 20:36:27.497596+00:00
[2025-03-27T20:36:30.504+0000] {logging_mixin.py:190} WARNING - /home/***/.local/lib/python3.12/site-packages/***/task/task_runner/standard_task_runner.py:70 DeprecationWarning: This process (pid=3513) is multi-threaded, use of fork() may lead to deadlocks in the child.
[2025-03-27T20:36:30.505+0000] {standard_task_runner.py:72} INFO - Started process 3522 to run task
[2025-03-27T20:36:30.506+0000] {standard_task_runner.py:104} INFO - Running: ['***', 'tasks', 'run', 'import_snowflake', 'load_raw_data', 'manual__2025-03-27T20:36:27.497596+00:00', '--job-id', '84', '--raw', '--subdir', 'DAGS_FOLDER/import_dag.py', '--cfg-path', '/tmp/tmpjcv3cw9p']
[2025-03-27T20:36:30.510+0000] {standard_task_runner.py:105} INFO - Job 84: Subtask load_raw_data
[2025-03-27T20:36:30.556+0000] {task_command.py:467} INFO - Running <TaskInstance: import_snowflake.load_raw_data manual__2025-03-27T20:36:27.497596+00:00 [running]> on host edfa4618dc0c
[2025-03-27T20:36:30.689+0000] {taskinstance.py:3131} INFO - Exporting env vars: AIRFLOW_CTX_DAG_OWNER='***' AIRFLOW_CTX_DAG_ID='import_snowflake' AIRFLOW_CTX_TASK_ID='load_raw_data' AIRFLOW_CTX_EXECUTION_DATE='2025-03-27T20:36:27.497596+00:00' AIRFLOW_CTX_TRY_NUMBER='1' AIRFLOW_CTX_DAG_RUN_ID='manual__2025-03-27T20:36:27.497596+00:00'
[2025-03-27T20:36:30.690+0000] {taskinstance.py:731} INFO - ::endgroup::
[2025-03-27T20:36:30.709+0000] {base.py:84} INFO - Retrieving connection 'snowflake_conn1'
[2025-03-27T20:36:30.711+0000] {connection.py:413} INFO - Snowflake Connector for Python Version: 3.12.1, Python Version: 3.12.5, Platform: Linux-5.15.167.4-microsoft-standard-WSL2-x86_64-with-glibc2.36
[2025-03-27T20:36:30.712+0000] {connection.py:1196} INFO - Connecting to GLOBAL Snowflake domain
[2025-03-27T20:36:30.713+0000] {connection.py:1277} INFO - This connection is in OCSP Fail Open Mode. TLS Certificates would be checked for validity and revocation status. Any other Certificate Revocation related exceptions or OCSP Responder failures would be disregarded in favor of connectivity.
[2025-03-27T20:36:31.721+0000] {cursor.py:1156} INFO - Number of results in first chunk: 1
[2025-03-27T20:36:31.828+0000] {cursor.py:1156} INFO - Number of results in first chunk: 1
[2025-03-27T20:36:31.959+0000] {cursor.py:1156} INFO - Number of results in first chunk: 1
[2025-03-27T20:36:32.085+0000] {cursor.py:1156} INFO - Number of results in first chunk: 1
[2025-03-27T20:36:32.841+0000] {cursor.py:1156} INFO - Number of results in first chunk: 1
[2025-03-27T20:36:33.425+0000] {cursor.py:1156} INFO - Number of results in first chunk: 1
[2025-03-27T20:36:33.426+0000] {python.py:240} INFO - Done. Returned value was: None
[2025-03-27T20:36:33.441+0000] {taskinstance.py:340} INFO - ::group::Post task execution logs
[2025-03-27T20:36:33.443+0000] {taskinstance.py:352} INFO - Marking task as SUCCESS. dag_id=import_snowflake, task_id=load_raw_data, run_id=manual__2025-03-27T20:36:27.497596+00:00, execution_date=20250327T203627, start_date=20250327T203630, end_date=20250327T203633
[2025-03-27T20:36:33.503+0000] {local_task_job_runner.py:266} INFO - Task exited with return code 0
[2025-03-27T20:36:33.526+0000] {taskinstance.py:3900} INFO - 0 downstream tasks scheduled from follow-on schedule check
[2025-03-27T20:36:33.530+0000] {local_task_job_runner.py:245} INFO - ::endgroup::
