[2025-03-06T03:06:16.846+0000] {local_task_job_runner.py:123} INFO - ::group::Pre task execution logs
[2025-03-06T03:06:16.857+0000] {taskinstance.py:2612} INFO - Dependencies all met for dep_context=non-requeueable deps ti=<TaskInstance: stock_price_pipeline.load manual__2025-03-06T03:06:11.458737+00:00 [queued]>
[2025-03-06T03:06:16.863+0000] {taskinstance.py:2612} INFO - Dependencies all met for dep_context=requeueable deps ti=<TaskInstance: stock_price_pipeline.load manual__2025-03-06T03:06:11.458737+00:00 [queued]>
[2025-03-06T03:06:16.863+0000] {taskinstance.py:2865} INFO - Starting attempt 1 of 1
[2025-03-06T03:06:16.873+0000] {taskinstance.py:2888} INFO - Executing <Task(_PythonDecoratedOperator): load> on 2025-03-06 03:06:11.458737+00:00
[2025-03-06T03:06:16.880+0000] {logging_mixin.py:190} WARNING - /home/***/.local/lib/python3.12/site-packages/***/task/task_runner/standard_task_runner.py:70 DeprecationWarning: This process (pid=2856) is multi-threaded, use of fork() may lead to deadlocks in the child.
[2025-03-06T03:06:16.880+0000] {standard_task_runner.py:72} INFO - Started process 2859 to run task
[2025-03-06T03:06:16.880+0000] {standard_task_runner.py:104} INFO - Running: ['***', 'tasks', 'run', 'stock_price_pipeline', 'load', 'manual__2025-03-06T03:06:11.458737+00:00', '--job-id', '47', '--raw', '--subdir', 'DAGS_FOLDER/hw5.py', '--cfg-path', '/tmp/tmpymt3b3q1']
[2025-03-06T03:06:16.882+0000] {standard_task_runner.py:105} INFO - Job 47: Subtask load
[2025-03-06T03:06:16.913+0000] {task_command.py:467} INFO - Running <TaskInstance: stock_price_pipeline.load manual__2025-03-06T03:06:11.458737+00:00 [running]> on host 6e7d72adbe4b
[2025-03-06T03:06:16.973+0000] {taskinstance.py:3131} INFO - Exporting env vars: AIRFLOW_CTX_DAG_OWNER='***' AIRFLOW_CTX_DAG_ID='stock_price_pipeline' AIRFLOW_CTX_TASK_ID='load' AIRFLOW_CTX_EXECUTION_DATE='2025-03-06T03:06:11.458737+00:00' AIRFLOW_CTX_TRY_NUMBER='1' AIRFLOW_CTX_DAG_RUN_ID='manual__2025-03-06T03:06:11.458737+00:00'
[2025-03-06T03:06:16.974+0000] {taskinstance.py:731} INFO - ::endgroup::
[2025-03-06T03:06:16.982+0000] {base.py:84} INFO - Retrieving connection 'snowflake_conn'
[2025-03-06T03:06:16.983+0000] {connection.py:413} INFO - Snowflake Connector for Python Version: 3.12.1, Python Version: 3.12.5, Platform: Linux-5.15.167.4-microsoft-standard-WSL2-x86_64-with-glibc2.36
[2025-03-06T03:06:16.984+0000] {connection.py:1196} INFO - Connecting to GLOBAL Snowflake domain
[2025-03-06T03:06:16.985+0000] {connection.py:1277} INFO - This connection is in OCSP Fail Open Mode. TLS Certificates would be checked for validity and revocation status. Any other Certificate Revocation related exceptions or OCSP Responder failures would be disregarded in favor of connectivity.
[2025-03-06T03:06:18.029+0000] {cursor.py:1156} INFO - Number of results in first chunk: 1
[2025-03-06T03:06:18.202+0000] {cursor.py:1156} INFO - Number of results in first chunk: 1
[2025-03-06T03:06:20.114+0000] {logging_mixin.py:190} INFO - INSERT INTO DEV.ANALYTICS.STOCK_DATA (AAPL, 2025-03-05, 235.42, 236.55, 229.23, 235.74, 47227643)
[2025-03-06T03:06:20.854+0000] {logging_mixin.py:190} INFO - INSERT INTO DEV.ANALYTICS.STOCK_DATA (AAPL, 2025-03-04, 237.705, 240.07, 234.68, 235.93, 53798062)
[2025-03-06T03:06:22.151+0000] {logging_mixin.py:190} INFO - INSERT INTO DEV.ANALYTICS.STOCK_DATA (AAPL, 2025-03-03, 241.79, 244.0272, 236.112, 238.03, 47183985)
[2025-03-06T03:06:23.348+0000] {logging_mixin.py:190} INFO - INSERT INTO DEV.ANALYTICS.STOCK_DATA (AAPL, 2025-02-28, 236.95, 242.09, 230.2, 241.84, 56833360)
[2025-03-06T03:06:24.235+0000] {logging_mixin.py:190} INFO - INSERT INTO DEV.ANALYTICS.STOCK_DATA (AAPL, 2025-02-27, 239.41, 242.46, 237.06, 237.3, 41153639)
[2025-03-06T03:06:25.153+0000] {logging_mixin.py:190} INFO - INSERT INTO DEV.ANALYTICS.STOCK_DATA (AAPL, 2025-02-26, 244.33, 244.98, 239.13, 240.36, 44433564)
[2025-03-06T03:06:26.821+0000] {logging_mixin.py:190} INFO - INSERT INTO DEV.ANALYTICS.STOCK_DATA (AAPL, 2025-02-25, 248.0, 250.0, 244.91, 247.04, 48013272)
[2025-03-06T03:06:27.965+0000] {logging_mixin.py:190} INFO - INSERT INTO DEV.ANALYTICS.STOCK_DATA (AAPL, 2025-02-24, 244.925, 248.86, 244.42, 247.1, 51326396)
[2025-03-06T03:06:29.239+0000] {logging_mixin.py:190} INFO - INSERT INTO DEV.ANALYTICS.STOCK_DATA (AAPL, 2025-02-21, 245.95, 248.69, 245.22, 245.55, 53197431)
[2025-03-06T03:06:30.944+0000] {logging_mixin.py:190} INFO - INSERT INTO DEV.ANALYTICS.STOCK_DATA (AAPL, 2025-02-20, 244.94, 246.78, 244.29, 245.83, 32316907)
[2025-03-06T03:06:32.357+0000] {logging_mixin.py:190} INFO - INSERT INTO DEV.ANALYTICS.STOCK_DATA (AAPL, 2025-02-19, 244.66, 246.01, 243.1604, 244.87, 32204215)
[2025-03-06T03:06:33.660+0000] {logging_mixin.py:190} INFO - INSERT INTO DEV.ANALYTICS.STOCK_DATA (AAPL, 2025-02-18, 244.15, 245.18, 241.84, 244.47, 48822491)
[2025-03-06T03:06:34.936+0000] {logging_mixin.py:190} INFO - INSERT INTO DEV.ANALYTICS.STOCK_DATA (AAPL, 2025-02-14, 241.25, 245.55, 240.99, 244.6, 40896227)
[2025-03-06T03:06:36.309+0000] {logging_mixin.py:190} INFO - INSERT INTO DEV.ANALYTICS.STOCK_DATA (AAPL, 2025-02-13, 236.91, 242.3399, 235.57, 241.53, 53614054)
[2025-03-06T03:06:37.569+0000] {logging_mixin.py:190} INFO - INSERT INTO DEV.ANALYTICS.STOCK_DATA (AAPL, 2025-02-12, 231.2, 236.96, 230.68, 236.87, 45243292)
[2025-03-06T03:06:39.854+0000] {logging_mixin.py:190} INFO - INSERT INTO DEV.ANALYTICS.STOCK_DATA (AAPL, 2025-02-11, 228.2, 235.23, 228.13, 232.62, 53718362)
[2025-03-06T03:06:41.201+0000] {logging_mixin.py:190} INFO - INSERT INTO DEV.ANALYTICS.STOCK_DATA (AAPL, 2025-02-10, 229.57, 230.585, 227.2, 227.65, 33115645)
[2025-03-06T03:06:42.452+0000] {logging_mixin.py:190} INFO - INSERT INTO DEV.ANALYTICS.STOCK_DATA (AAPL, 2025-02-07, 232.6, 234.0, 227.26, 227.63, 39707224)
[2025-03-06T03:06:43.741+0000] {logging_mixin.py:190} INFO - INSERT INTO DEV.ANALYTICS.STOCK_DATA (AAPL, 2025-02-06, 231.285, 233.8, 230.425, 233.22, 29925349)
[2025-03-06T03:06:45.061+0000] {logging_mixin.py:190} INFO - INSERT INTO DEV.ANALYTICS.STOCK_DATA (AAPL, 2025-02-05, 228.53, 232.67, 228.27, 232.47, 39664989)
[2025-03-06T03:06:46.441+0000] {logging_mixin.py:190} INFO - INSERT INTO DEV.ANALYTICS.STOCK_DATA (AAPL, 2025-02-04, 227.25, 233.13, 226.65, 232.8, 45067301)
[2025-03-06T03:06:47.793+0000] {logging_mixin.py:190} INFO - INSERT INTO DEV.ANALYTICS.STOCK_DATA (AAPL, 2025-02-03, 229.99, 231.83, 225.7, 228.01, 73063301)
[2025-03-06T03:06:49.168+0000] {logging_mixin.py:190} INFO - INSERT INTO DEV.ANALYTICS.STOCK_DATA (AAPL, 2025-01-31, 247.19, 247.19, 233.44, 236.0, 101075128)
[2025-03-06T03:06:50.508+0000] {logging_mixin.py:190} INFO - INSERT INTO DEV.ANALYTICS.STOCK_DATA (AAPL, 2025-01-30, 238.665, 240.79, 237.21, 237.59, 55658279)
[2025-03-06T03:06:51.852+0000] {logging_mixin.py:190} INFO - INSERT INTO DEV.ANALYTICS.STOCK_DATA (AAPL, 2025-01-29, 234.12, 239.855, 234.01, 239.36, 45486100)
[2025-03-06T03:06:53.104+0000] {logging_mixin.py:190} INFO - INSERT INTO DEV.ANALYTICS.STOCK_DATA (AAPL, 2025-01-28, 230.85, 240.19, 230.81, 238.26, 75707569)
[2025-03-06T03:06:54.240+0000] {logging_mixin.py:190} INFO - INSERT INTO DEV.ANALYTICS.STOCK_DATA (AAPL, 2025-01-27, 224.02, 232.15, 223.98, 229.86, 94863418)
[2025-03-06T03:06:55.100+0000] {logging_mixin.py:190} INFO - INSERT INTO DEV.ANALYTICS.STOCK_DATA (AAPL, 2025-01-24, 224.78, 225.63, 221.41, 222.78, 54697907)
[2025-03-06T03:06:56.048+0000] {logging_mixin.py:190} INFO - INSERT INTO DEV.ANALYTICS.STOCK_DATA (AAPL, 2025-01-23, 224.74, 227.03, 222.3, 223.66, 60234760)
[2025-03-06T03:06:56.951+0000] {logging_mixin.py:190} INFO - INSERT INTO DEV.ANALYTICS.STOCK_DATA (AAPL, 2025-01-22, 219.79, 224.12, 219.79, 223.83, 64126500)
[2025-03-06T03:06:58.588+0000] {logging_mixin.py:190} INFO - INSERT INTO DEV.ANALYTICS.STOCK_DATA (AAPL, 2025-01-21, 224.0, 224.42, 219.38, 222.64, 98070429)
[2025-03-06T03:07:00.326+0000] {logging_mixin.py:190} INFO - INSERT INTO DEV.ANALYTICS.STOCK_DATA (AAPL, 2025-01-17, 232.115, 232.29, 228.48, 229.98, 68488301)
[2025-03-06T03:07:01.877+0000] {logging_mixin.py:190} INFO - INSERT INTO DEV.ANALYTICS.STOCK_DATA (AAPL, 2025-01-16, 237.35, 238.01, 228.03, 228.26, 71759052)
[2025-03-06T03:07:03.389+0000] {logging_mixin.py:190} INFO - INSERT INTO DEV.ANALYTICS.STOCK_DATA (AAPL, 2025-01-15, 234.635, 238.96, 234.43, 237.87, 39831969)
[2025-03-06T03:07:04.413+0000] {logging_mixin.py:190} INFO - INSERT INTO DEV.ANALYTICS.STOCK_DATA (AAPL, 2025-01-14, 234.75, 236.12, 232.472, 233.28, 39435294)
[2025-03-06T03:07:05.499+0000] {logging_mixin.py:190} INFO - INSERT INTO DEV.ANALYTICS.STOCK_DATA (AAPL, 2025-01-13, 233.53, 234.67, 229.72, 234.4, 49630725)
[2025-03-06T03:07:06.590+0000] {logging_mixin.py:190} INFO - INSERT INTO DEV.ANALYTICS.STOCK_DATA (AAPL, 2025-01-10, 240.01, 240.16, 233.0, 236.85, 61710856)
[2025-03-06T03:07:07.653+0000] {logging_mixin.py:190} INFO - INSERT INTO DEV.ANALYTICS.STOCK_DATA (AAPL, 2025-01-08, 241.92, 243.7123, 240.05, 242.7, 37628940)
[2025-03-06T03:07:09.176+0000] {logging_mixin.py:190} INFO - INSERT INTO DEV.ANALYTICS.STOCK_DATA (AAPL, 2025-01-07, 242.98, 245.55, 241.35, 242.21, 40855960)
[2025-03-06T03:07:10.272+0000] {logging_mixin.py:190} INFO - INSERT INTO DEV.ANALYTICS.STOCK_DATA (AAPL, 2025-01-06, 244.31, 247.33, 243.2, 245.0, 45045571)
[2025-03-06T03:07:11.358+0000] {logging_mixin.py:190} INFO - INSERT INTO DEV.ANALYTICS.STOCK_DATA (AAPL, 2025-01-03, 243.36, 244.18, 241.89, 243.36, 40244114)
[2025-03-06T03:07:13.004+0000] {logging_mixin.py:190} INFO - INSERT INTO DEV.ANALYTICS.STOCK_DATA (AAPL, 2025-01-02, 248.93, 249.1, 241.8201, 243.85, 55740731)
[2025-03-06T03:07:14.057+0000] {logging_mixin.py:190} INFO - INSERT INTO DEV.ANALYTICS.STOCK_DATA (AAPL, 2024-12-31, 252.44, 253.28, 249.43, 250.42, 39480718)
[2025-03-06T03:07:15.128+0000] {logging_mixin.py:190} INFO - INSERT INTO DEV.ANALYTICS.STOCK_DATA (AAPL, 2024-12-30, 252.23, 253.5, 250.75, 252.2, 35557542)
[2025-03-06T03:07:16.100+0000] {logging_mixin.py:190} INFO - INSERT INTO DEV.ANALYTICS.STOCK_DATA (AAPL, 2024-12-27, 257.83, 258.7, 253.06, 255.59, 42355321)
[2025-03-06T03:07:17.081+0000] {logging_mixin.py:190} INFO - INSERT INTO DEV.ANALYTICS.STOCK_DATA (AAPL, 2024-12-26, 258.19, 260.1, 257.63, 259.02, 27262983)
[2025-03-06T03:07:18.058+0000] {logging_mixin.py:190} INFO - INSERT INTO DEV.ANALYTICS.STOCK_DATA (AAPL, 2024-12-24, 255.49, 258.21, 255.29, 258.2, 23234705)
[2025-03-06T03:07:19.698+0000] {logging_mixin.py:190} INFO - INSERT INTO DEV.ANALYTICS.STOCK_DATA (AAPL, 2024-12-23, 254.77, 255.65, 253.45, 255.27, 40858774)
[2025-03-06T03:07:22.615+0000] {logging_mixin.py:190} INFO - INSERT INTO DEV.ANALYTICS.STOCK_DATA (AAPL, 2024-12-20, 248.04, 255.0, 245.69, 254.49, 147495267)
[2025-03-06T03:07:23.698+0000] {logging_mixin.py:190} INFO - INSERT INTO DEV.ANALYTICS.STOCK_DATA (AAPL, 2024-12-19, 247.5, 252.0, 247.0949, 249.79, 60882264)
[2025-03-06T03:07:25.459+0000] {logging_mixin.py:190} INFO - INSERT INTO DEV.ANALYTICS.STOCK_DATA (AAPL, 2024-12-18, 252.16, 254.28, 247.74, 248.05, 56774101)
[2025-03-06T03:07:26.626+0000] {logging_mixin.py:190} INFO - INSERT INTO DEV.ANALYTICS.STOCK_DATA (AAPL, 2024-12-17, 250.08, 253.83, 249.78, 253.48, 51356360)
[2025-03-06T03:07:28.374+0000] {logging_mixin.py:190} INFO - INSERT INTO DEV.ANALYTICS.STOCK_DATA (AAPL, 2024-12-16, 247.99, 251.38, 247.65, 251.04, 51694753)
[2025-03-06T03:07:29.596+0000] {logging_mixin.py:190} INFO - INSERT INTO DEV.ANALYTICS.STOCK_DATA (AAPL, 2024-12-13, 247.815, 249.2902, 246.24, 248.13, 33155290)
[2025-03-06T03:07:31.318+0000] {logging_mixin.py:190} INFO - INSERT INTO DEV.ANALYTICS.STOCK_DATA (AAPL, 2024-12-12, 246.89, 248.74, 245.68, 247.96, 32777532)
[2025-03-06T03:07:32.646+0000] {logging_mixin.py:190} INFO - INSERT INTO DEV.ANALYTICS.STOCK_DATA (AAPL, 2024-12-11, 247.96, 250.8, 246.2601, 246.49, 45205814)
[2025-03-06T03:07:33.924+0000] {logging_mixin.py:190} INFO - INSERT INTO DEV.ANALYTICS.STOCK_DATA (AAPL, 2024-12-10, 246.89, 248.21, 245.34, 247.77, 36914806)
[2025-03-06T03:07:35.176+0000] {logging_mixin.py:190} INFO - INSERT INTO DEV.ANALYTICS.STOCK_DATA (AAPL, 2024-12-09, 241.83, 247.24, 241.75, 246.75, 44649232)
[2025-03-06T03:07:36.544+0000] {logging_mixin.py:190} INFO - INSERT INTO DEV.ANALYTICS.STOCK_DATA (AAPL, 2024-12-06, 242.905, 244.63, 242.08, 242.84, 36870619)
[2025-03-06T03:07:37.948+0000] {logging_mixin.py:190} INFO - INSERT INTO DEV.ANALYTICS.STOCK_DATA (AAPL, 2024-12-05, 243.99, 244.54, 242.13, 243.04, 40033878)
[2025-03-06T03:07:39.214+0000] {logging_mixin.py:190} INFO - INSERT INTO DEV.ANALYTICS.STOCK_DATA (AAPL, 2024-12-04, 242.87, 244.11, 241.25, 243.01, 44383935)
[2025-03-06T03:07:40.467+0000] {logging_mixin.py:190} INFO - INSERT INTO DEV.ANALYTICS.STOCK_DATA (AAPL, 2024-12-03, 239.81, 242.76, 238.9, 242.65, 38861017)
[2025-03-06T03:07:41.706+0000] {logging_mixin.py:190} INFO - INSERT INTO DEV.ANALYTICS.STOCK_DATA (AAPL, 2024-12-02, 237.27, 240.79, 237.16, 239.59, 48137103)
[2025-03-06T03:07:43.036+0000] {logging_mixin.py:190} INFO - INSERT INTO DEV.ANALYTICS.STOCK_DATA (AAPL, 2024-11-29, 234.81, 237.81, 233.97, 237.33, 28481377)
[2025-03-06T03:07:44.191+0000] {logging_mixin.py:190} INFO - INSERT INTO DEV.ANALYTICS.STOCK_DATA (AAPL, 2024-11-27, 234.465, 235.69, 233.8101, 234.93, 33498439)
[2025-03-06T03:07:45.445+0000] {logging_mixin.py:190} INFO - INSERT INTO DEV.ANALYTICS.STOCK_DATA (AAPL, 2024-11-26, 233.33, 235.57, 233.33, 235.06, 45986189)
[2025-03-06T03:07:46.713+0000] {logging_mixin.py:190} INFO - INSERT INTO DEV.ANALYTICS.STOCK_DATA (AAPL, 2024-11-25, 231.46, 233.245, 229.74, 232.87, 90152832)
[2025-03-06T03:07:47.908+0000] {logging_mixin.py:190} INFO - INSERT INTO DEV.ANALYTICS.STOCK_DATA (AAPL, 2024-11-22, 228.06, 230.7199, 228.06, 229.87, 38168252)
[2025-03-06T03:07:49.114+0000] {logging_mixin.py:190} INFO - INSERT INTO DEV.ANALYTICS.STOCK_DATA (AAPL, 2024-11-21, 228.88, 230.155, 225.7103, 228.52, 42108327)
[2025-03-06T03:07:50.339+0000] {logging_mixin.py:190} INFO - INSERT INTO DEV.ANALYTICS.STOCK_DATA (AAPL, 2024-11-20, 228.06, 229.93, 225.89, 229.0, 35169566)
[2025-03-06T03:07:51.541+0000] {logging_mixin.py:190} INFO - INSERT INTO DEV.ANALYTICS.STOCK_DATA (AAPL, 2024-11-19, 226.98, 230.16, 226.66, 228.28, 36211774)
[2025-03-06T03:07:52.604+0000] {logging_mixin.py:190} INFO - INSERT INTO DEV.ANALYTICS.STOCK_DATA (AAPL, 2024-11-18, 225.25, 229.74, 225.17, 228.02, 44686020)
[2025-03-06T03:07:53.889+0000] {logging_mixin.py:190} INFO - INSERT INTO DEV.ANALYTICS.STOCK_DATA (AAPL, 2024-11-15, 226.4, 226.92, 224.27, 225.0, 47923696)
[2025-03-06T03:07:55.801+0000] {logging_mixin.py:190} INFO - INSERT INTO DEV.ANALYTICS.STOCK_DATA (AAPL, 2024-11-14, 225.02, 228.87, 225.0, 228.22, 44923941)
[2025-03-06T03:07:57.038+0000] {logging_mixin.py:190} INFO - INSERT INTO DEV.ANALYTICS.STOCK_DATA (AAPL, 2024-11-13, 224.01, 226.65, 222.76, 225.12, 48566217)
[2025-03-06T03:07:58.287+0000] {logging_mixin.py:190} INFO - INSERT INTO DEV.ANALYTICS.STOCK_DATA (AAPL, 2024-11-12, 224.55, 225.59, 223.355, 224.23, 40398299)
[2025-03-06T03:07:59.360+0000] {logging_mixin.py:190} INFO - INSERT INTO DEV.ANALYTICS.STOCK_DATA (AAPL, 2024-11-11, 225.0, 225.7, 221.5, 224.23, 42005602)
[2025-03-06T03:08:00.604+0000] {logging_mixin.py:190} INFO - INSERT INTO DEV.ANALYTICS.STOCK_DATA (AAPL, 2024-11-08, 227.17, 228.66, 226.405, 226.96, 38328824)
[2025-03-06T03:08:01.713+0000] {logging_mixin.py:190} INFO - INSERT INTO DEV.ANALYTICS.STOCK_DATA (AAPL, 2024-11-07, 224.625, 227.875, 224.57, 227.48, 42137691)
[2025-03-06T03:08:02.910+0000] {logging_mixin.py:190} INFO - INSERT INTO DEV.ANALYTICS.STOCK_DATA (AAPL, 2024-11-06, 222.61, 226.065, 221.19, 222.72, 54561121)
[2025-03-06T03:08:04.004+0000] {logging_mixin.py:190} INFO - INSERT INTO DEV.ANALYTICS.STOCK_DATA (AAPL, 2024-11-05, 221.795, 223.95, 221.14, 223.45, 28111338)
[2025-03-06T03:08:05.047+0000] {logging_mixin.py:190} INFO - INSERT INTO DEV.ANALYTICS.STOCK_DATA (AAPL, 2024-11-04, 220.99, 222.79, 219.71, 222.01, 44944468)
[2025-03-06T03:08:06.183+0000] {logging_mixin.py:190} INFO - INSERT INTO DEV.ANALYTICS.STOCK_DATA (AAPL, 2024-11-01, 220.965, 225.35, 220.27, 222.91, 65276741)
[2025-03-06T03:08:08.010+0000] {logging_mixin.py:190} INFO - INSERT INTO DEV.ANALYTICS.STOCK_DATA (AAPL, 2024-10-31, 229.34, 229.83, 225.37, 225.91, 64370086)
[2025-03-06T03:08:09.830+0000] {logging_mixin.py:190} INFO - INSERT INTO DEV.ANALYTICS.STOCK_DATA (AAPL, 2024-10-30, 232.61, 233.47, 229.55, 230.1, 47070907)
[2025-03-06T03:08:10.963+0000] {logging_mixin.py:190} INFO - INSERT INTO DEV.ANALYTICS.STOCK_DATA (AAPL, 2024-10-29, 233.1, 234.325, 232.32, 233.67, 35417247)
[2025-03-06T03:08:12.161+0000] {logging_mixin.py:190} INFO - INSERT INTO DEV.ANALYTICS.STOCK_DATA (AAPL, 2024-10-28, 233.32, 234.73, 232.55, 233.4, 36087134)
[2025-03-06T03:08:13.506+0000] {logging_mixin.py:190} INFO - INSERT INTO DEV.ANALYTICS.STOCK_DATA (AAPL, 2024-10-25, 229.74, 233.22, 229.57, 231.41, 38802304)
[2025-03-06T03:08:14.665+0000] {logging_mixin.py:190} INFO - INSERT INTO DEV.ANALYTICS.STOCK_DATA (AAPL, 2024-10-24, 229.98, 230.82, 228.41, 230.57, 31109503)
[2025-03-06T03:08:16.400+0000] {logging_mixin.py:190} INFO - INSERT INTO DEV.ANALYTICS.STOCK_DATA (AAPL, 2024-10-23, 234.08, 235.144, 227.76, 230.76, 52286979)
[2025-03-06T03:08:17.636+0000] {logging_mixin.py:190} INFO - INSERT INTO DEV.ANALYTICS.STOCK_DATA (AAPL, 2024-10-22, 233.885, 236.22, 232.6, 235.86, 38846578)
[2025-03-06T03:08:19.261+0000] {logging_mixin.py:190} INFO - INSERT INTO DEV.ANALYTICS.STOCK_DATA (AAPL, 2024-10-21, 234.45, 236.85, 234.45, 236.48, 36254470)
[2025-03-06T03:08:20.397+0000] {logging_mixin.py:190} INFO - INSERT INTO DEV.ANALYTICS.STOCK_DATA (AAPL, 2024-10-18, 236.18, 236.18, 234.01, 235.0, 46431472)
[2025-03-06T03:08:21.672+0000] {logging_mixin.py:190} INFO - INSERT INTO DEV.ANALYTICS.STOCK_DATA (AAPL, 2024-10-17, 233.43, 233.85, 230.52, 232.15, 32993810)
[2025-03-06T03:08:22.803+0000] {logging_mixin.py:190} INFO - INSERT INTO DEV.ANALYTICS.STOCK_DATA (AAPL, 2024-10-16, 231.6, 232.12, 229.84, 231.78, 34082240)
[2025-03-06T03:08:24.143+0000] {logging_mixin.py:190} INFO - INSERT INTO DEV.ANALYTICS.STOCK_DATA (AAPL, 2024-10-15, 233.61, 237.49, 232.37, 233.85, 64751367)
[2025-03-06T03:08:25.208+0000] {logging_mixin.py:190} INFO - INSERT INTO DEV.ANALYTICS.STOCK_DATA (AAPL, 2024-10-14, 228.7, 231.73, 228.6, 231.3, 39882085)
[2025-03-06T03:08:26.416+0000] {logging_mixin.py:190} INFO - INSERT INTO DEV.ANALYTICS.STOCK_DATA (AAPL, 2024-10-11, 229.3, 229.41, 227.34, 227.55, 31759188)
[2025-03-06T03:08:27.549+0000] {logging_mixin.py:190} INFO - INSERT INTO DEV.ANALYTICS.STOCK_DATA (AAPL, 2024-10-10, 227.78, 229.5, 227.17, 229.04, 28183544)
[2025-03-06T03:08:29.454+0000] {logging_mixin.py:190} INFO - INSERT INTO DEV.ANALYTICS.STOCK_DATA (AAPL, 2024-10-09, 225.23, 229.75, 224.83, 229.54, 33591091)
[2025-03-06T03:08:37.960+0000] {cursor.py:1156} INFO - Number of results in first chunk: 1
[2025-03-06T03:08:37.962+0000] {python.py:240} INFO - Done. Returned value was: None
[2025-03-06T03:08:37.974+0000] {taskinstance.py:340} INFO - ::group::Post task execution logs
[2025-03-06T03:08:37.975+0000] {taskinstance.py:352} INFO - Marking task as SUCCESS. dag_id=stock_price_pipeline, task_id=load, run_id=manual__2025-03-06T03:06:11.458737+00:00, execution_date=20250306T030611, start_date=20250306T030616, end_date=20250306T030837
[2025-03-06T03:08:38.032+0000] {local_task_job_runner.py:266} INFO - Task exited with return code 0
[2025-03-06T03:08:38.048+0000] {taskinstance.py:3900} INFO - 0 downstream tasks scheduled from follow-on schedule check
[2025-03-06T03:08:38.050+0000] {local_task_job_runner.py:245} INFO - ::endgroup::
