[2025-03-28T00:00:04.141+0000] {processor.py:186} INFO - Started process (PID=17553) to work on /opt/airflow/dags/hw5.py
[2025-03-28T00:00:04.142+0000] {processor.py:914} INFO - Processing file /opt/airflow/dags/hw5.py for tasks to queue
[2025-03-28T00:00:04.143+0000] {logging_mixin.py:190} INFO - [2025-03-28T00:00:04.143+0000] {dagbag.py:587} INFO - Filling up the DagBag from /opt/airflow/dags/hw5.py
[2025-03-28T00:00:04.164+0000] {processor.py:925} INFO - DAG(s) 'hw5' retrieved from /opt/airflow/dags/hw5.py
[2025-03-28T00:00:04.186+0000] {logging_mixin.py:190} INFO - [2025-03-28T00:00:04.185+0000] {dag.py:3229} INFO - Sync 1 DAGs
[2025-03-28T00:00:04.207+0000] {logging_mixin.py:190} INFO - [2025-03-28T00:00:04.207+0000] {dag.py:4156} INFO - Setting next_dagrun for hw5 to 2025-03-26 02:30:00+00:00, run_after=2025-03-27 02:30:00+00:00
[2025-03-28T00:00:04.224+0000] {processor.py:208} INFO - Processing /opt/airflow/dags/hw5.py took 0.088 seconds
[2025-03-28T00:00:34.897+0000] {processor.py:186} INFO - Started process (PID=17589) to work on /opt/airflow/dags/hw5.py
[2025-03-28T00:00:34.898+0000] {processor.py:914} INFO - Processing file /opt/airflow/dags/hw5.py for tasks to queue
[2025-03-28T00:00:34.899+0000] {logging_mixin.py:190} INFO - [2025-03-28T00:00:34.899+0000] {dagbag.py:587} INFO - Filling up the DagBag from /opt/airflow/dags/hw5.py
[2025-03-28T00:00:34.919+0000] {processor.py:925} INFO - DAG(s) 'hw5' retrieved from /opt/airflow/dags/hw5.py
[2025-03-28T00:00:34.943+0000] {logging_mixin.py:190} INFO - [2025-03-28T00:00:34.941+0000] {dag.py:3229} INFO - Sync 1 DAGs
[2025-03-28T00:00:34.963+0000] {logging_mixin.py:190} INFO - [2025-03-28T00:00:34.962+0000] {dag.py:4156} INFO - Setting next_dagrun for hw5 to 2025-03-26 02:30:00+00:00, run_after=2025-03-27 02:30:00+00:00
[2025-03-28T00:00:34.979+0000] {processor.py:208} INFO - Processing /opt/airflow/dags/hw5.py took 0.086 seconds
[2025-03-28T00:01:05.299+0000] {processor.py:186} INFO - Started process (PID=17626) to work on /opt/airflow/dags/hw5.py
[2025-03-28T00:01:05.300+0000] {processor.py:914} INFO - Processing file /opt/airflow/dags/hw5.py for tasks to queue
[2025-03-28T00:01:05.301+0000] {logging_mixin.py:190} INFO - [2025-03-28T00:01:05.301+0000] {dagbag.py:587} INFO - Filling up the DagBag from /opt/airflow/dags/hw5.py
[2025-03-28T00:01:05.318+0000] {processor.py:925} INFO - DAG(s) 'hw5' retrieved from /opt/airflow/dags/hw5.py
[2025-03-28T00:01:05.346+0000] {logging_mixin.py:190} INFO - [2025-03-28T00:01:05.345+0000] {dag.py:3229} INFO - Sync 1 DAGs
[2025-03-28T00:01:05.371+0000] {logging_mixin.py:190} INFO - [2025-03-28T00:01:05.371+0000] {dag.py:4156} INFO - Setting next_dagrun for hw5 to 2025-03-26 02:30:00+00:00, run_after=2025-03-27 02:30:00+00:00
[2025-03-28T00:01:05.387+0000] {processor.py:208} INFO - Processing /opt/airflow/dags/hw5.py took 0.092 seconds
[2025-03-28T00:01:36.082+0000] {processor.py:186} INFO - Started process (PID=17662) to work on /opt/airflow/dags/hw5.py
[2025-03-28T00:01:36.083+0000] {processor.py:914} INFO - Processing file /opt/airflow/dags/hw5.py for tasks to queue
[2025-03-28T00:01:36.084+0000] {logging_mixin.py:190} INFO - [2025-03-28T00:01:36.084+0000] {dagbag.py:587} INFO - Filling up the DagBag from /opt/airflow/dags/hw5.py
[2025-03-28T00:01:36.102+0000] {processor.py:925} INFO - DAG(s) 'hw5' retrieved from /opt/airflow/dags/hw5.py
[2025-03-28T00:01:36.123+0000] {logging_mixin.py:190} INFO - [2025-03-28T00:01:36.122+0000] {dag.py:3229} INFO - Sync 1 DAGs
[2025-03-28T00:01:36.141+0000] {logging_mixin.py:190} INFO - [2025-03-28T00:01:36.141+0000] {dag.py:4156} INFO - Setting next_dagrun for hw5 to 2025-03-26 02:30:00+00:00, run_after=2025-03-27 02:30:00+00:00
[2025-03-28T00:01:36.157+0000] {processor.py:208} INFO - Processing /opt/airflow/dags/hw5.py took 0.079 seconds
[2025-03-28T00:02:06.815+0000] {processor.py:186} INFO - Started process (PID=17704) to work on /opt/airflow/dags/hw5.py
[2025-03-28T00:02:06.816+0000] {processor.py:914} INFO - Processing file /opt/airflow/dags/hw5.py for tasks to queue
[2025-03-28T00:02:06.817+0000] {logging_mixin.py:190} INFO - [2025-03-28T00:02:06.817+0000] {dagbag.py:587} INFO - Filling up the DagBag from /opt/airflow/dags/hw5.py
[2025-03-28T00:02:06.834+0000] {processor.py:925} INFO - DAG(s) 'hw5' retrieved from /opt/airflow/dags/hw5.py
[2025-03-28T00:02:06.858+0000] {logging_mixin.py:190} INFO - [2025-03-28T00:02:06.857+0000] {dag.py:3229} INFO - Sync 1 DAGs
[2025-03-28T00:02:06.881+0000] {logging_mixin.py:190} INFO - [2025-03-28T00:02:06.880+0000] {dag.py:4156} INFO - Setting next_dagrun for hw5 to 2025-03-26 02:30:00+00:00, run_after=2025-03-27 02:30:00+00:00
[2025-03-28T00:02:06.897+0000] {processor.py:208} INFO - Processing /opt/airflow/dags/hw5.py took 0.088 seconds
[2025-03-28T00:02:37.579+0000] {processor.py:186} INFO - Started process (PID=17740) to work on /opt/airflow/dags/hw5.py
[2025-03-28T00:02:37.580+0000] {processor.py:914} INFO - Processing file /opt/airflow/dags/hw5.py for tasks to queue
[2025-03-28T00:02:37.582+0000] {logging_mixin.py:190} INFO - [2025-03-28T00:02:37.581+0000] {dagbag.py:587} INFO - Filling up the DagBag from /opt/airflow/dags/hw5.py
[2025-03-28T00:02:37.603+0000] {processor.py:925} INFO - DAG(s) 'hw5' retrieved from /opt/airflow/dags/hw5.py
[2025-03-28T00:02:37.625+0000] {logging_mixin.py:190} INFO - [2025-03-28T00:02:37.624+0000] {dag.py:3229} INFO - Sync 1 DAGs
[2025-03-28T00:02:37.646+0000] {logging_mixin.py:190} INFO - [2025-03-28T00:02:37.646+0000] {dag.py:4156} INFO - Setting next_dagrun for hw5 to 2025-03-26 02:30:00+00:00, run_after=2025-03-27 02:30:00+00:00
[2025-03-28T00:02:37.664+0000] {processor.py:208} INFO - Processing /opt/airflow/dags/hw5.py took 0.089 seconds
[2025-03-28T00:03:08.288+0000] {processor.py:186} INFO - Started process (PID=17776) to work on /opt/airflow/dags/hw5.py
[2025-03-28T00:03:08.289+0000] {processor.py:914} INFO - Processing file /opt/airflow/dags/hw5.py for tasks to queue
[2025-03-28T00:03:08.290+0000] {logging_mixin.py:190} INFO - [2025-03-28T00:03:08.290+0000] {dagbag.py:587} INFO - Filling up the DagBag from /opt/airflow/dags/hw5.py
[2025-03-28T00:03:08.307+0000] {processor.py:925} INFO - DAG(s) 'hw5' retrieved from /opt/airflow/dags/hw5.py
[2025-03-28T00:03:08.330+0000] {logging_mixin.py:190} INFO - [2025-03-28T00:03:08.328+0000] {dag.py:3229} INFO - Sync 1 DAGs
[2025-03-28T00:03:08.353+0000] {logging_mixin.py:190} INFO - [2025-03-28T00:03:08.352+0000] {dag.py:4156} INFO - Setting next_dagrun for hw5 to 2025-03-26 02:30:00+00:00, run_after=2025-03-27 02:30:00+00:00
[2025-03-28T00:03:08.369+0000] {processor.py:208} INFO - Processing /opt/airflow/dags/hw5.py took 0.086 seconds
[2025-03-28T00:03:39.009+0000] {processor.py:186} INFO - Started process (PID=17812) to work on /opt/airflow/dags/hw5.py
[2025-03-28T00:03:39.010+0000] {processor.py:914} INFO - Processing file /opt/airflow/dags/hw5.py for tasks to queue
[2025-03-28T00:03:39.011+0000] {logging_mixin.py:190} INFO - [2025-03-28T00:03:39.011+0000] {dagbag.py:587} INFO - Filling up the DagBag from /opt/airflow/dags/hw5.py
[2025-03-28T00:03:39.030+0000] {processor.py:925} INFO - DAG(s) 'hw5' retrieved from /opt/airflow/dags/hw5.py
[2025-03-28T00:03:39.051+0000] {logging_mixin.py:190} INFO - [2025-03-28T00:03:39.050+0000] {dag.py:3229} INFO - Sync 1 DAGs
[2025-03-28T00:03:39.072+0000] {logging_mixin.py:190} INFO - [2025-03-28T00:03:39.071+0000] {dag.py:4156} INFO - Setting next_dagrun for hw5 to 2025-03-26 02:30:00+00:00, run_after=2025-03-27 02:30:00+00:00
[2025-03-28T00:03:39.088+0000] {processor.py:208} INFO - Processing /opt/airflow/dags/hw5.py took 0.083 seconds
[2025-03-28T00:04:09.721+0000] {processor.py:186} INFO - Started process (PID=17848) to work on /opt/airflow/dags/hw5.py
[2025-03-28T00:04:09.722+0000] {processor.py:914} INFO - Processing file /opt/airflow/dags/hw5.py for tasks to queue
[2025-03-28T00:04:09.723+0000] {logging_mixin.py:190} INFO - [2025-03-28T00:04:09.723+0000] {dagbag.py:587} INFO - Filling up the DagBag from /opt/airflow/dags/hw5.py
[2025-03-28T00:04:09.743+0000] {processor.py:925} INFO - DAG(s) 'hw5' retrieved from /opt/airflow/dags/hw5.py
[2025-03-28T00:04:09.767+0000] {logging_mixin.py:190} INFO - [2025-03-28T00:04:09.766+0000] {dag.py:3229} INFO - Sync 1 DAGs
[2025-03-28T00:04:09.787+0000] {logging_mixin.py:190} INFO - [2025-03-28T00:04:09.787+0000] {dag.py:4156} INFO - Setting next_dagrun for hw5 to 2025-03-26 02:30:00+00:00, run_after=2025-03-27 02:30:00+00:00
[2025-03-28T00:04:09.803+0000] {processor.py:208} INFO - Processing /opt/airflow/dags/hw5.py took 0.087 seconds
[2025-03-28T00:04:40.467+0000] {processor.py:186} INFO - Started process (PID=17883) to work on /opt/airflow/dags/hw5.py
[2025-03-28T00:04:40.468+0000] {processor.py:914} INFO - Processing file /opt/airflow/dags/hw5.py for tasks to queue
[2025-03-28T00:04:40.469+0000] {logging_mixin.py:190} INFO - [2025-03-28T00:04:40.469+0000] {dagbag.py:587} INFO - Filling up the DagBag from /opt/airflow/dags/hw5.py
[2025-03-28T00:04:40.487+0000] {processor.py:925} INFO - DAG(s) 'hw5' retrieved from /opt/airflow/dags/hw5.py
[2025-03-28T00:04:40.509+0000] {logging_mixin.py:190} INFO - [2025-03-28T00:04:40.508+0000] {dag.py:3229} INFO - Sync 1 DAGs
[2025-03-28T00:04:40.528+0000] {logging_mixin.py:190} INFO - [2025-03-28T00:04:40.528+0000] {dag.py:4156} INFO - Setting next_dagrun for hw5 to 2025-03-26 02:30:00+00:00, run_after=2025-03-27 02:30:00+00:00
[2025-03-28T00:04:40.546+0000] {processor.py:208} INFO - Processing /opt/airflow/dags/hw5.py took 0.084 seconds
[2025-03-28T00:05:11.252+0000] {processor.py:186} INFO - Started process (PID=17919) to work on /opt/airflow/dags/hw5.py
[2025-03-28T00:05:11.253+0000] {processor.py:914} INFO - Processing file /opt/airflow/dags/hw5.py for tasks to queue
[2025-03-28T00:05:11.254+0000] {logging_mixin.py:190} INFO - [2025-03-28T00:05:11.254+0000] {dagbag.py:587} INFO - Filling up the DagBag from /opt/airflow/dags/hw5.py
[2025-03-28T00:05:11.273+0000] {processor.py:925} INFO - DAG(s) 'hw5' retrieved from /opt/airflow/dags/hw5.py
[2025-03-28T00:05:11.296+0000] {logging_mixin.py:190} INFO - [2025-03-28T00:05:11.295+0000] {dag.py:3229} INFO - Sync 1 DAGs
[2025-03-28T00:05:11.315+0000] {logging_mixin.py:190} INFO - [2025-03-28T00:05:11.315+0000] {dag.py:4156} INFO - Setting next_dagrun for hw5 to 2025-03-26 02:30:00+00:00, run_after=2025-03-27 02:30:00+00:00
[2025-03-28T00:05:11.329+0000] {processor.py:208} INFO - Processing /opt/airflow/dags/hw5.py took 0.081 seconds
[2025-03-28T00:05:42.026+0000] {processor.py:186} INFO - Started process (PID=17955) to work on /opt/airflow/dags/hw5.py
[2025-03-28T00:05:42.027+0000] {processor.py:914} INFO - Processing file /opt/airflow/dags/hw5.py for tasks to queue
[2025-03-28T00:05:42.028+0000] {logging_mixin.py:190} INFO - [2025-03-28T00:05:42.028+0000] {dagbag.py:587} INFO - Filling up the DagBag from /opt/airflow/dags/hw5.py
[2025-03-28T00:05:42.045+0000] {processor.py:925} INFO - DAG(s) 'hw5' retrieved from /opt/airflow/dags/hw5.py
[2025-03-28T00:05:42.066+0000] {logging_mixin.py:190} INFO - [2025-03-28T00:05:42.065+0000] {dag.py:3229} INFO - Sync 1 DAGs
[2025-03-28T00:05:42.085+0000] {logging_mixin.py:190} INFO - [2025-03-28T00:05:42.085+0000] {dag.py:4156} INFO - Setting next_dagrun for hw5 to 2025-03-26 02:30:00+00:00, run_after=2025-03-27 02:30:00+00:00
[2025-03-28T00:05:42.101+0000] {processor.py:208} INFO - Processing /opt/airflow/dags/hw5.py took 0.080 seconds
[2025-03-28T00:06:12.360+0000] {processor.py:186} INFO - Started process (PID=17991) to work on /opt/airflow/dags/hw5.py
[2025-03-28T00:06:12.361+0000] {processor.py:914} INFO - Processing file /opt/airflow/dags/hw5.py for tasks to queue
[2025-03-28T00:06:12.362+0000] {logging_mixin.py:190} INFO - [2025-03-28T00:06:12.362+0000] {dagbag.py:587} INFO - Filling up the DagBag from /opt/airflow/dags/hw5.py
[2025-03-28T00:06:12.381+0000] {processor.py:925} INFO - DAG(s) 'hw5' retrieved from /opt/airflow/dags/hw5.py
[2025-03-28T00:06:12.403+0000] {logging_mixin.py:190} INFO - [2025-03-28T00:06:12.402+0000] {dag.py:3229} INFO - Sync 1 DAGs
[2025-03-28T00:06:12.423+0000] {logging_mixin.py:190} INFO - [2025-03-28T00:06:12.422+0000] {dag.py:4156} INFO - Setting next_dagrun for hw5 to 2025-03-26 02:30:00+00:00, run_after=2025-03-27 02:30:00+00:00
[2025-03-28T00:06:12.440+0000] {processor.py:208} INFO - Processing /opt/airflow/dags/hw5.py took 0.085 seconds
[2025-03-28T00:06:43.107+0000] {processor.py:186} INFO - Started process (PID=18027) to work on /opt/airflow/dags/hw5.py
[2025-03-28T00:06:43.109+0000] {processor.py:914} INFO - Processing file /opt/airflow/dags/hw5.py for tasks to queue
[2025-03-28T00:06:43.110+0000] {logging_mixin.py:190} INFO - [2025-03-28T00:06:43.110+0000] {dagbag.py:587} INFO - Filling up the DagBag from /opt/airflow/dags/hw5.py
[2025-03-28T00:06:43.131+0000] {processor.py:925} INFO - DAG(s) 'hw5' retrieved from /opt/airflow/dags/hw5.py
[2025-03-28T00:06:43.153+0000] {logging_mixin.py:190} INFO - [2025-03-28T00:06:43.152+0000] {dag.py:3229} INFO - Sync 1 DAGs
[2025-03-28T00:06:43.172+0000] {logging_mixin.py:190} INFO - [2025-03-28T00:06:43.172+0000] {dag.py:4156} INFO - Setting next_dagrun for hw5 to 2025-03-26 02:30:00+00:00, run_after=2025-03-27 02:30:00+00:00
[2025-03-28T00:06:43.189+0000] {processor.py:208} INFO - Processing /opt/airflow/dags/hw5.py took 0.087 seconds
[2025-03-28T00:07:13.838+0000] {processor.py:186} INFO - Started process (PID=18063) to work on /opt/airflow/dags/hw5.py
[2025-03-28T00:07:13.839+0000] {processor.py:914} INFO - Processing file /opt/airflow/dags/hw5.py for tasks to queue
[2025-03-28T00:07:13.841+0000] {logging_mixin.py:190} INFO - [2025-03-28T00:07:13.840+0000] {dagbag.py:587} INFO - Filling up the DagBag from /opt/airflow/dags/hw5.py
[2025-03-28T00:07:13.862+0000] {processor.py:925} INFO - DAG(s) 'hw5' retrieved from /opt/airflow/dags/hw5.py
[2025-03-28T00:07:13.887+0000] {logging_mixin.py:190} INFO - [2025-03-28T00:07:13.886+0000] {dag.py:3229} INFO - Sync 1 DAGs
[2025-03-28T00:07:13.907+0000] {logging_mixin.py:190} INFO - [2025-03-28T00:07:13.907+0000] {dag.py:4156} INFO - Setting next_dagrun for hw5 to 2025-03-26 02:30:00+00:00, run_after=2025-03-27 02:30:00+00:00
[2025-03-28T00:07:13.923+0000] {processor.py:208} INFO - Processing /opt/airflow/dags/hw5.py took 0.090 seconds
[2025-03-28T00:07:44.578+0000] {processor.py:186} INFO - Started process (PID=18099) to work on /opt/airflow/dags/hw5.py
[2025-03-28T00:07:44.578+0000] {processor.py:914} INFO - Processing file /opt/airflow/dags/hw5.py for tasks to queue
[2025-03-28T00:07:44.580+0000] {logging_mixin.py:190} INFO - [2025-03-28T00:07:44.579+0000] {dagbag.py:587} INFO - Filling up the DagBag from /opt/airflow/dags/hw5.py
[2025-03-28T00:07:44.598+0000] {processor.py:925} INFO - DAG(s) 'hw5' retrieved from /opt/airflow/dags/hw5.py
[2025-03-28T00:07:44.620+0000] {logging_mixin.py:190} INFO - [2025-03-28T00:07:44.619+0000] {dag.py:3229} INFO - Sync 1 DAGs
[2025-03-28T00:07:44.641+0000] {logging_mixin.py:190} INFO - [2025-03-28T00:07:44.641+0000] {dag.py:4156} INFO - Setting next_dagrun for hw5 to 2025-03-26 02:30:00+00:00, run_after=2025-03-27 02:30:00+00:00
[2025-03-28T00:07:44.658+0000] {processor.py:208} INFO - Processing /opt/airflow/dags/hw5.py took 0.086 seconds
[2025-03-28T00:08:15.357+0000] {processor.py:186} INFO - Started process (PID=18135) to work on /opt/airflow/dags/hw5.py
[2025-03-28T00:08:15.358+0000] {processor.py:914} INFO - Processing file /opt/airflow/dags/hw5.py for tasks to queue
[2025-03-28T00:08:15.359+0000] {logging_mixin.py:190} INFO - [2025-03-28T00:08:15.358+0000] {dagbag.py:587} INFO - Filling up the DagBag from /opt/airflow/dags/hw5.py
[2025-03-28T00:08:15.377+0000] {processor.py:925} INFO - DAG(s) 'hw5' retrieved from /opt/airflow/dags/hw5.py
[2025-03-28T00:08:15.398+0000] {logging_mixin.py:190} INFO - [2025-03-28T00:08:15.397+0000] {dag.py:3229} INFO - Sync 1 DAGs
[2025-03-28T00:08:15.418+0000] {logging_mixin.py:190} INFO - [2025-03-28T00:08:15.418+0000] {dag.py:4156} INFO - Setting next_dagrun for hw5 to 2025-03-26 02:30:00+00:00, run_after=2025-03-27 02:30:00+00:00
[2025-03-28T00:08:15.432+0000] {processor.py:208} INFO - Processing /opt/airflow/dags/hw5.py took 0.080 seconds
[2025-03-28T00:08:46.110+0000] {processor.py:186} INFO - Started process (PID=18171) to work on /opt/airflow/dags/hw5.py
[2025-03-28T00:08:46.111+0000] {processor.py:914} INFO - Processing file /opt/airflow/dags/hw5.py for tasks to queue
[2025-03-28T00:08:46.112+0000] {logging_mixin.py:190} INFO - [2025-03-28T00:08:46.112+0000] {dagbag.py:587} INFO - Filling up the DagBag from /opt/airflow/dags/hw5.py
[2025-03-28T00:08:46.129+0000] {processor.py:925} INFO - DAG(s) 'hw5' retrieved from /opt/airflow/dags/hw5.py
[2025-03-28T00:08:46.152+0000] {logging_mixin.py:190} INFO - [2025-03-28T00:08:46.151+0000] {dag.py:3229} INFO - Sync 1 DAGs
[2025-03-28T00:08:46.173+0000] {logging_mixin.py:190} INFO - [2025-03-28T00:08:46.173+0000] {dag.py:4156} INFO - Setting next_dagrun for hw5 to 2025-03-26 02:30:00+00:00, run_after=2025-03-27 02:30:00+00:00
[2025-03-28T00:08:46.190+0000] {processor.py:208} INFO - Processing /opt/airflow/dags/hw5.py took 0.085 seconds
[2025-03-28T00:09:16.887+0000] {processor.py:186} INFO - Started process (PID=18207) to work on /opt/airflow/dags/hw5.py
[2025-03-28T00:09:16.888+0000] {processor.py:914} INFO - Processing file /opt/airflow/dags/hw5.py for tasks to queue
[2025-03-28T00:09:16.889+0000] {logging_mixin.py:190} INFO - [2025-03-28T00:09:16.889+0000] {dagbag.py:587} INFO - Filling up the DagBag from /opt/airflow/dags/hw5.py
[2025-03-28T00:09:16.906+0000] {processor.py:925} INFO - DAG(s) 'hw5' retrieved from /opt/airflow/dags/hw5.py
[2025-03-28T00:09:16.928+0000] {logging_mixin.py:190} INFO - [2025-03-28T00:09:16.927+0000] {dag.py:3229} INFO - Sync 1 DAGs
[2025-03-28T00:09:16.947+0000] {logging_mixin.py:190} INFO - [2025-03-28T00:09:16.947+0000] {dag.py:4156} INFO - Setting next_dagrun for hw5 to 2025-03-26 02:30:00+00:00, run_after=2025-03-27 02:30:00+00:00
[2025-03-28T00:09:16.962+0000] {processor.py:208} INFO - Processing /opt/airflow/dags/hw5.py took 0.080 seconds
[2025-03-28T00:09:47.730+0000] {processor.py:186} INFO - Started process (PID=18243) to work on /opt/airflow/dags/hw5.py
[2025-03-28T00:09:47.731+0000] {processor.py:914} INFO - Processing file /opt/airflow/dags/hw5.py for tasks to queue
[2025-03-28T00:09:47.732+0000] {logging_mixin.py:190} INFO - [2025-03-28T00:09:47.732+0000] {dagbag.py:587} INFO - Filling up the DagBag from /opt/airflow/dags/hw5.py
[2025-03-28T00:09:47.750+0000] {processor.py:925} INFO - DAG(s) 'hw5' retrieved from /opt/airflow/dags/hw5.py
[2025-03-28T00:09:47.774+0000] {logging_mixin.py:190} INFO - [2025-03-28T00:09:47.773+0000] {dag.py:3229} INFO - Sync 1 DAGs
[2025-03-28T00:09:47.794+0000] {logging_mixin.py:190} INFO - [2025-03-28T00:09:47.793+0000] {dag.py:4156} INFO - Setting next_dagrun for hw5 to 2025-03-26 02:30:00+00:00, run_after=2025-03-27 02:30:00+00:00
[2025-03-28T00:09:47.812+0000] {processor.py:208} INFO - Processing /opt/airflow/dags/hw5.py took 0.088 seconds
[2025-03-28T00:10:18.455+0000] {processor.py:186} INFO - Started process (PID=18279) to work on /opt/airflow/dags/hw5.py
[2025-03-28T00:10:18.457+0000] {processor.py:914} INFO - Processing file /opt/airflow/dags/hw5.py for tasks to queue
[2025-03-28T00:10:18.458+0000] {logging_mixin.py:190} INFO - [2025-03-28T00:10:18.458+0000] {dagbag.py:587} INFO - Filling up the DagBag from /opt/airflow/dags/hw5.py
[2025-03-28T00:10:18.479+0000] {processor.py:925} INFO - DAG(s) 'hw5' retrieved from /opt/airflow/dags/hw5.py
[2025-03-28T00:10:18.505+0000] {logging_mixin.py:190} INFO - [2025-03-28T00:10:18.504+0000] {dag.py:3229} INFO - Sync 1 DAGs
[2025-03-28T00:10:18.528+0000] {logging_mixin.py:190} INFO - [2025-03-28T00:10:18.528+0000] {dag.py:4156} INFO - Setting next_dagrun for hw5 to 2025-03-26 02:30:00+00:00, run_after=2025-03-27 02:30:00+00:00
[2025-03-28T00:10:18.544+0000] {processor.py:208} INFO - Processing /opt/airflow/dags/hw5.py took 0.094 seconds
[2025-03-28T00:10:48.833+0000] {processor.py:186} INFO - Started process (PID=18315) to work on /opt/airflow/dags/hw5.py
[2025-03-28T00:10:48.834+0000] {processor.py:914} INFO - Processing file /opt/airflow/dags/hw5.py for tasks to queue
[2025-03-28T00:10:48.836+0000] {logging_mixin.py:190} INFO - [2025-03-28T00:10:48.835+0000] {dagbag.py:587} INFO - Filling up the DagBag from /opt/airflow/dags/hw5.py
[2025-03-28T00:10:48.858+0000] {processor.py:925} INFO - DAG(s) 'hw5' retrieved from /opt/airflow/dags/hw5.py
[2025-03-28T00:10:48.881+0000] {logging_mixin.py:190} INFO - [2025-03-28T00:10:48.880+0000] {dag.py:3229} INFO - Sync 1 DAGs
[2025-03-28T00:10:48.902+0000] {logging_mixin.py:190} INFO - [2025-03-28T00:10:48.901+0000] {dag.py:4156} INFO - Setting next_dagrun for hw5 to 2025-03-26 02:30:00+00:00, run_after=2025-03-27 02:30:00+00:00
[2025-03-28T00:10:48.920+0000] {processor.py:208} INFO - Processing /opt/airflow/dags/hw5.py took 0.092 seconds
[2025-03-28T00:11:19.574+0000] {processor.py:186} INFO - Started process (PID=18351) to work on /opt/airflow/dags/hw5.py
[2025-03-28T00:11:19.575+0000] {processor.py:914} INFO - Processing file /opt/airflow/dags/hw5.py for tasks to queue
[2025-03-28T00:11:19.577+0000] {logging_mixin.py:190} INFO - [2025-03-28T00:11:19.576+0000] {dagbag.py:587} INFO - Filling up the DagBag from /opt/airflow/dags/hw5.py
[2025-03-28T00:11:19.594+0000] {processor.py:925} INFO - DAG(s) 'hw5' retrieved from /opt/airflow/dags/hw5.py
[2025-03-28T00:11:19.618+0000] {logging_mixin.py:190} INFO - [2025-03-28T00:11:19.617+0000] {dag.py:3229} INFO - Sync 1 DAGs
[2025-03-28T00:11:19.636+0000] {logging_mixin.py:190} INFO - [2025-03-28T00:11:19.635+0000] {dag.py:4156} INFO - Setting next_dagrun for hw5 to 2025-03-26 02:30:00+00:00, run_after=2025-03-27 02:30:00+00:00
[2025-03-28T00:11:19.651+0000] {processor.py:208} INFO - Processing /opt/airflow/dags/hw5.py took 0.081 seconds
[2025-03-28T00:11:50.318+0000] {processor.py:186} INFO - Started process (PID=18387) to work on /opt/airflow/dags/hw5.py
[2025-03-28T00:11:50.319+0000] {processor.py:914} INFO - Processing file /opt/airflow/dags/hw5.py for tasks to queue
[2025-03-28T00:11:50.321+0000] {logging_mixin.py:190} INFO - [2025-03-28T00:11:50.321+0000] {dagbag.py:587} INFO - Filling up the DagBag from /opt/airflow/dags/hw5.py
[2025-03-28T00:11:50.339+0000] {processor.py:925} INFO - DAG(s) 'hw5' retrieved from /opt/airflow/dags/hw5.py
[2025-03-28T00:11:50.361+0000] {logging_mixin.py:190} INFO - [2025-03-28T00:11:50.360+0000] {dag.py:3229} INFO - Sync 1 DAGs
[2025-03-28T00:11:50.379+0000] {logging_mixin.py:190} INFO - [2025-03-28T00:11:50.379+0000] {dag.py:4156} INFO - Setting next_dagrun for hw5 to 2025-03-26 02:30:00+00:00, run_after=2025-03-27 02:30:00+00:00
[2025-03-28T00:11:50.395+0000] {processor.py:208} INFO - Processing /opt/airflow/dags/hw5.py took 0.082 seconds
[2025-03-28T00:12:21.063+0000] {processor.py:186} INFO - Started process (PID=18423) to work on /opt/airflow/dags/hw5.py
[2025-03-28T00:12:21.064+0000] {processor.py:914} INFO - Processing file /opt/airflow/dags/hw5.py for tasks to queue
[2025-03-28T00:12:21.065+0000] {logging_mixin.py:190} INFO - [2025-03-28T00:12:21.065+0000] {dagbag.py:587} INFO - Filling up the DagBag from /opt/airflow/dags/hw5.py
[2025-03-28T00:12:21.083+0000] {processor.py:925} INFO - DAG(s) 'hw5' retrieved from /opt/airflow/dags/hw5.py
[2025-03-28T00:12:21.106+0000] {logging_mixin.py:190} INFO - [2025-03-28T00:12:21.105+0000] {dag.py:3229} INFO - Sync 1 DAGs
[2025-03-28T00:12:21.125+0000] {logging_mixin.py:190} INFO - [2025-03-28T00:12:21.125+0000] {dag.py:4156} INFO - Setting next_dagrun for hw5 to 2025-03-26 02:30:00+00:00, run_after=2025-03-27 02:30:00+00:00
[2025-03-28T00:12:21.140+0000] {processor.py:208} INFO - Processing /opt/airflow/dags/hw5.py took 0.081 seconds
[2025-03-28T00:12:51.842+0000] {processor.py:186} INFO - Started process (PID=18459) to work on /opt/airflow/dags/hw5.py
[2025-03-28T00:12:51.843+0000] {processor.py:914} INFO - Processing file /opt/airflow/dags/hw5.py for tasks to queue
[2025-03-28T00:12:51.844+0000] {logging_mixin.py:190} INFO - [2025-03-28T00:12:51.844+0000] {dagbag.py:587} INFO - Filling up the DagBag from /opt/airflow/dags/hw5.py
[2025-03-28T00:12:51.860+0000] {processor.py:925} INFO - DAG(s) 'hw5' retrieved from /opt/airflow/dags/hw5.py
[2025-03-28T00:12:51.882+0000] {logging_mixin.py:190} INFO - [2025-03-28T00:12:51.881+0000] {dag.py:3229} INFO - Sync 1 DAGs
[2025-03-28T00:12:51.903+0000] {logging_mixin.py:190} INFO - [2025-03-28T00:12:51.903+0000] {dag.py:4156} INFO - Setting next_dagrun for hw5 to 2025-03-26 02:30:00+00:00, run_after=2025-03-27 02:30:00+00:00
[2025-03-28T00:12:51.921+0000] {processor.py:208} INFO - Processing /opt/airflow/dags/hw5.py took 0.084 seconds
[2025-03-28T00:13:22.650+0000] {processor.py:186} INFO - Started process (PID=18495) to work on /opt/airflow/dags/hw5.py
[2025-03-28T00:13:22.651+0000] {processor.py:914} INFO - Processing file /opt/airflow/dags/hw5.py for tasks to queue
[2025-03-28T00:13:22.652+0000] {logging_mixin.py:190} INFO - [2025-03-28T00:13:22.652+0000] {dagbag.py:587} INFO - Filling up the DagBag from /opt/airflow/dags/hw5.py
[2025-03-28T00:13:22.670+0000] {processor.py:925} INFO - DAG(s) 'hw5' retrieved from /opt/airflow/dags/hw5.py
[2025-03-28T00:13:22.692+0000] {logging_mixin.py:190} INFO - [2025-03-28T00:13:22.691+0000] {dag.py:3229} INFO - Sync 1 DAGs
[2025-03-28T00:13:22.711+0000] {logging_mixin.py:190} INFO - [2025-03-28T00:13:22.711+0000] {dag.py:4156} INFO - Setting next_dagrun for hw5 to 2025-03-26 02:30:00+00:00, run_after=2025-03-27 02:30:00+00:00
[2025-03-28T00:13:22.728+0000] {processor.py:208} INFO - Processing /opt/airflow/dags/hw5.py took 0.084 seconds
[2025-03-28T00:13:53.440+0000] {processor.py:186} INFO - Started process (PID=18531) to work on /opt/airflow/dags/hw5.py
[2025-03-28T00:13:53.441+0000] {processor.py:914} INFO - Processing file /opt/airflow/dags/hw5.py for tasks to queue
[2025-03-28T00:13:53.442+0000] {logging_mixin.py:190} INFO - [2025-03-28T00:13:53.442+0000] {dagbag.py:587} INFO - Filling up the DagBag from /opt/airflow/dags/hw5.py
[2025-03-28T00:13:53.462+0000] {processor.py:925} INFO - DAG(s) 'hw5' retrieved from /opt/airflow/dags/hw5.py
[2025-03-28T00:13:53.484+0000] {logging_mixin.py:190} INFO - [2025-03-28T00:13:53.483+0000] {dag.py:3229} INFO - Sync 1 DAGs
[2025-03-28T00:13:53.505+0000] {logging_mixin.py:190} INFO - [2025-03-28T00:13:53.505+0000] {dag.py:4156} INFO - Setting next_dagrun for hw5 to 2025-03-26 02:30:00+00:00, run_after=2025-03-27 02:30:00+00:00
[2025-03-28T00:13:53.522+0000] {processor.py:208} INFO - Processing /opt/airflow/dags/hw5.py took 0.087 seconds
[2025-03-28T00:14:24.150+0000] {processor.py:186} INFO - Started process (PID=18567) to work on /opt/airflow/dags/hw5.py
[2025-03-28T00:14:24.151+0000] {processor.py:914} INFO - Processing file /opt/airflow/dags/hw5.py for tasks to queue
[2025-03-28T00:14:24.152+0000] {logging_mixin.py:190} INFO - [2025-03-28T00:14:24.152+0000] {dagbag.py:587} INFO - Filling up the DagBag from /opt/airflow/dags/hw5.py
[2025-03-28T00:14:24.168+0000] {processor.py:925} INFO - DAG(s) 'hw5' retrieved from /opt/airflow/dags/hw5.py
[2025-03-28T00:14:24.190+0000] {logging_mixin.py:190} INFO - [2025-03-28T00:14:24.189+0000] {dag.py:3229} INFO - Sync 1 DAGs
[2025-03-28T00:14:24.209+0000] {logging_mixin.py:190} INFO - [2025-03-28T00:14:24.208+0000] {dag.py:4156} INFO - Setting next_dagrun for hw5 to 2025-03-26 02:30:00+00:00, run_after=2025-03-27 02:30:00+00:00
[2025-03-28T00:14:24.223+0000] {processor.py:208} INFO - Processing /opt/airflow/dags/hw5.py took 0.078 seconds
[2025-03-28T00:14:54.895+0000] {processor.py:186} INFO - Started process (PID=18603) to work on /opt/airflow/dags/hw5.py
[2025-03-28T00:14:54.896+0000] {processor.py:914} INFO - Processing file /opt/airflow/dags/hw5.py for tasks to queue
[2025-03-28T00:14:54.897+0000] {logging_mixin.py:190} INFO - [2025-03-28T00:14:54.897+0000] {dagbag.py:587} INFO - Filling up the DagBag from /opt/airflow/dags/hw5.py
[2025-03-28T00:14:54.913+0000] {processor.py:925} INFO - DAG(s) 'hw5' retrieved from /opt/airflow/dags/hw5.py
[2025-03-28T00:14:54.940+0000] {logging_mixin.py:190} INFO - [2025-03-28T00:14:54.938+0000] {dag.py:3229} INFO - Sync 1 DAGs
[2025-03-28T00:14:54.959+0000] {logging_mixin.py:190} INFO - [2025-03-28T00:14:54.959+0000] {dag.py:4156} INFO - Setting next_dagrun for hw5 to 2025-03-26 02:30:00+00:00, run_after=2025-03-27 02:30:00+00:00
[2025-03-28T00:14:54.974+0000] {processor.py:208} INFO - Processing /opt/airflow/dags/hw5.py took 0.084 seconds
[2025-03-28T00:15:25.630+0000] {processor.py:186} INFO - Started process (PID=18639) to work on /opt/airflow/dags/hw5.py
[2025-03-28T00:15:25.631+0000] {processor.py:914} INFO - Processing file /opt/airflow/dags/hw5.py for tasks to queue
[2025-03-28T00:15:25.632+0000] {logging_mixin.py:190} INFO - [2025-03-28T00:15:25.632+0000] {dagbag.py:587} INFO - Filling up the DagBag from /opt/airflow/dags/hw5.py
[2025-03-28T00:15:25.651+0000] {processor.py:925} INFO - DAG(s) 'hw5' retrieved from /opt/airflow/dags/hw5.py
[2025-03-28T00:15:25.675+0000] {logging_mixin.py:190} INFO - [2025-03-28T00:15:25.674+0000] {dag.py:3229} INFO - Sync 1 DAGs
[2025-03-28T00:15:25.695+0000] {logging_mixin.py:190} INFO - [2025-03-28T00:15:25.695+0000] {dag.py:4156} INFO - Setting next_dagrun for hw5 to 2025-03-26 02:30:00+00:00, run_after=2025-03-27 02:30:00+00:00
[2025-03-28T00:15:25.713+0000] {processor.py:208} INFO - Processing /opt/airflow/dags/hw5.py took 0.088 seconds
[2025-03-28T00:15:56.101+0000] {processor.py:186} INFO - Started process (PID=18675) to work on /opt/airflow/dags/hw5.py
[2025-03-28T00:15:56.102+0000] {processor.py:914} INFO - Processing file /opt/airflow/dags/hw5.py for tasks to queue
[2025-03-28T00:15:56.104+0000] {logging_mixin.py:190} INFO - [2025-03-28T00:15:56.103+0000] {dagbag.py:587} INFO - Filling up the DagBag from /opt/airflow/dags/hw5.py
[2025-03-28T00:15:56.125+0000] {processor.py:925} INFO - DAG(s) 'hw5' retrieved from /opt/airflow/dags/hw5.py
[2025-03-28T00:15:56.149+0000] {logging_mixin.py:190} INFO - [2025-03-28T00:15:56.148+0000] {dag.py:3229} INFO - Sync 1 DAGs
[2025-03-28T00:15:56.171+0000] {logging_mixin.py:190} INFO - [2025-03-28T00:15:56.171+0000] {dag.py:4156} INFO - Setting next_dagrun for hw5 to 2025-03-26 02:30:00+00:00, run_after=2025-03-27 02:30:00+00:00
[2025-03-28T00:15:56.188+0000] {processor.py:208} INFO - Processing /opt/airflow/dags/hw5.py took 0.092 seconds
[2025-03-28T00:16:26.820+0000] {processor.py:186} INFO - Started process (PID=18711) to work on /opt/airflow/dags/hw5.py
[2025-03-28T00:16:26.820+0000] {processor.py:914} INFO - Processing file /opt/airflow/dags/hw5.py for tasks to queue
[2025-03-28T00:16:26.821+0000] {logging_mixin.py:190} INFO - [2025-03-28T00:16:26.821+0000] {dagbag.py:587} INFO - Filling up the DagBag from /opt/airflow/dags/hw5.py
[2025-03-28T00:16:26.840+0000] {processor.py:925} INFO - DAG(s) 'hw5' retrieved from /opt/airflow/dags/hw5.py
[2025-03-28T00:16:26.863+0000] {logging_mixin.py:190} INFO - [2025-03-28T00:16:26.862+0000] {dag.py:3229} INFO - Sync 1 DAGs
[2025-03-28T00:16:26.886+0000] {logging_mixin.py:190} INFO - [2025-03-28T00:16:26.886+0000] {dag.py:4156} INFO - Setting next_dagrun for hw5 to 2025-03-26 02:30:00+00:00, run_after=2025-03-27 02:30:00+00:00
[2025-03-28T00:16:26.901+0000] {processor.py:208} INFO - Processing /opt/airflow/dags/hw5.py took 0.086 seconds
[2025-03-28T00:16:57.576+0000] {processor.py:186} INFO - Started process (PID=18748) to work on /opt/airflow/dags/hw5.py
[2025-03-28T00:16:57.577+0000] {processor.py:914} INFO - Processing file /opt/airflow/dags/hw5.py for tasks to queue
[2025-03-28T00:16:57.579+0000] {logging_mixin.py:190} INFO - [2025-03-28T00:16:57.578+0000] {dagbag.py:587} INFO - Filling up the DagBag from /opt/airflow/dags/hw5.py
[2025-03-28T00:16:57.599+0000] {processor.py:925} INFO - DAG(s) 'hw5' retrieved from /opt/airflow/dags/hw5.py
[2025-03-28T00:16:57.621+0000] {logging_mixin.py:190} INFO - [2025-03-28T00:16:57.620+0000] {dag.py:3229} INFO - Sync 1 DAGs
[2025-03-28T00:16:57.640+0000] {logging_mixin.py:190} INFO - [2025-03-28T00:16:57.640+0000] {dag.py:4156} INFO - Setting next_dagrun for hw5 to 2025-03-26 02:30:00+00:00, run_after=2025-03-27 02:30:00+00:00
[2025-03-28T00:16:57.655+0000] {processor.py:208} INFO - Processing /opt/airflow/dags/hw5.py took 0.084 seconds
[2025-03-28T00:17:28.355+0000] {processor.py:186} INFO - Started process (PID=18784) to work on /opt/airflow/dags/hw5.py
[2025-03-28T00:17:28.355+0000] {processor.py:914} INFO - Processing file /opt/airflow/dags/hw5.py for tasks to queue
[2025-03-28T00:17:28.357+0000] {logging_mixin.py:190} INFO - [2025-03-28T00:17:28.357+0000] {dagbag.py:587} INFO - Filling up the DagBag from /opt/airflow/dags/hw5.py
[2025-03-28T00:17:28.379+0000] {processor.py:925} INFO - DAG(s) 'hw5' retrieved from /opt/airflow/dags/hw5.py
[2025-03-28T00:17:28.402+0000] {logging_mixin.py:190} INFO - [2025-03-28T00:17:28.401+0000] {dag.py:3229} INFO - Sync 1 DAGs
[2025-03-28T00:17:28.421+0000] {logging_mixin.py:190} INFO - [2025-03-28T00:17:28.421+0000] {dag.py:4156} INFO - Setting next_dagrun for hw5 to 2025-03-26 02:30:00+00:00, run_after=2025-03-27 02:30:00+00:00
[2025-03-28T00:17:28.439+0000] {processor.py:208} INFO - Processing /opt/airflow/dags/hw5.py took 0.090 seconds
[2025-03-28T00:17:59.104+0000] {processor.py:186} INFO - Started process (PID=18820) to work on /opt/airflow/dags/hw5.py
[2025-03-28T00:17:59.105+0000] {processor.py:914} INFO - Processing file /opt/airflow/dags/hw5.py for tasks to queue
[2025-03-28T00:17:59.106+0000] {logging_mixin.py:190} INFO - [2025-03-28T00:17:59.106+0000] {dagbag.py:587} INFO - Filling up the DagBag from /opt/airflow/dags/hw5.py
[2025-03-28T00:17:59.123+0000] {processor.py:925} INFO - DAG(s) 'hw5' retrieved from /opt/airflow/dags/hw5.py
[2025-03-28T00:17:59.147+0000] {logging_mixin.py:190} INFO - [2025-03-28T00:17:59.146+0000] {dag.py:3229} INFO - Sync 1 DAGs
[2025-03-28T00:17:59.167+0000] {logging_mixin.py:190} INFO - [2025-03-28T00:17:59.166+0000] {dag.py:4156} INFO - Setting next_dagrun for hw5 to 2025-03-26 02:30:00+00:00, run_after=2025-03-27 02:30:00+00:00
[2025-03-28T00:17:59.182+0000] {processor.py:208} INFO - Processing /opt/airflow/dags/hw5.py took 0.083 seconds
[2025-03-28T00:18:29.835+0000] {processor.py:186} INFO - Started process (PID=18856) to work on /opt/airflow/dags/hw5.py
[2025-03-28T00:18:29.836+0000] {processor.py:914} INFO - Processing file /opt/airflow/dags/hw5.py for tasks to queue
[2025-03-28T00:18:29.838+0000] {logging_mixin.py:190} INFO - [2025-03-28T00:18:29.837+0000] {dagbag.py:587} INFO - Filling up the DagBag from /opt/airflow/dags/hw5.py
[2025-03-28T00:18:29.854+0000] {processor.py:925} INFO - DAG(s) 'hw5' retrieved from /opt/airflow/dags/hw5.py
[2025-03-28T00:18:29.875+0000] {logging_mixin.py:190} INFO - [2025-03-28T00:18:29.874+0000] {dag.py:3229} INFO - Sync 1 DAGs
[2025-03-28T00:18:29.897+0000] {logging_mixin.py:190} INFO - [2025-03-28T00:18:29.897+0000] {dag.py:4156} INFO - Setting next_dagrun for hw5 to 2025-03-26 02:30:00+00:00, run_after=2025-03-27 02:30:00+00:00
[2025-03-28T00:18:29.913+0000] {processor.py:208} INFO - Processing /opt/airflow/dags/hw5.py took 0.082 seconds
[2025-03-28T00:19:00.596+0000] {processor.py:186} INFO - Started process (PID=18892) to work on /opt/airflow/dags/hw5.py
[2025-03-28T00:19:00.596+0000] {processor.py:914} INFO - Processing file /opt/airflow/dags/hw5.py for tasks to queue
[2025-03-28T00:19:00.598+0000] {logging_mixin.py:190} INFO - [2025-03-28T00:19:00.597+0000] {dagbag.py:587} INFO - Filling up the DagBag from /opt/airflow/dags/hw5.py
[2025-03-28T00:19:00.615+0000] {processor.py:925} INFO - DAG(s) 'hw5' retrieved from /opt/airflow/dags/hw5.py
[2025-03-28T00:19:00.639+0000] {logging_mixin.py:190} INFO - [2025-03-28T00:19:00.638+0000] {dag.py:3229} INFO - Sync 1 DAGs
[2025-03-28T00:19:00.658+0000] {logging_mixin.py:190} INFO - [2025-03-28T00:19:00.658+0000] {dag.py:4156} INFO - Setting next_dagrun for hw5 to 2025-03-26 02:30:00+00:00, run_after=2025-03-27 02:30:00+00:00
[2025-03-28T00:19:00.673+0000] {processor.py:208} INFO - Processing /opt/airflow/dags/hw5.py took 0.083 seconds
[2025-03-28T00:19:31.328+0000] {processor.py:186} INFO - Started process (PID=18928) to work on /opt/airflow/dags/hw5.py
[2025-03-28T00:19:31.329+0000] {processor.py:914} INFO - Processing file /opt/airflow/dags/hw5.py for tasks to queue
[2025-03-28T00:19:31.330+0000] {logging_mixin.py:190} INFO - [2025-03-28T00:19:31.330+0000] {dagbag.py:587} INFO - Filling up the DagBag from /opt/airflow/dags/hw5.py
[2025-03-28T00:19:31.349+0000] {processor.py:925} INFO - DAG(s) 'hw5' retrieved from /opt/airflow/dags/hw5.py
[2025-03-28T00:19:31.371+0000] {logging_mixin.py:190} INFO - [2025-03-28T00:19:31.370+0000] {dag.py:3229} INFO - Sync 1 DAGs
[2025-03-28T00:19:31.389+0000] {logging_mixin.py:190} INFO - [2025-03-28T00:19:31.389+0000] {dag.py:4156} INFO - Setting next_dagrun for hw5 to 2025-03-26 02:30:00+00:00, run_after=2025-03-27 02:30:00+00:00
[2025-03-28T00:19:31.406+0000] {processor.py:208} INFO - Processing /opt/airflow/dags/hw5.py took 0.083 seconds
[2025-03-28T00:20:02.116+0000] {processor.py:186} INFO - Started process (PID=18964) to work on /opt/airflow/dags/hw5.py
[2025-03-28T00:20:02.117+0000] {processor.py:914} INFO - Processing file /opt/airflow/dags/hw5.py for tasks to queue
[2025-03-28T00:20:02.118+0000] {logging_mixin.py:190} INFO - [2025-03-28T00:20:02.118+0000] {dagbag.py:587} INFO - Filling up the DagBag from /opt/airflow/dags/hw5.py
[2025-03-28T00:20:02.137+0000] {processor.py:925} INFO - DAG(s) 'hw5' retrieved from /opt/airflow/dags/hw5.py
[2025-03-28T00:20:02.160+0000] {logging_mixin.py:190} INFO - [2025-03-28T00:20:02.159+0000] {dag.py:3229} INFO - Sync 1 DAGs
[2025-03-28T00:20:02.181+0000] {logging_mixin.py:190} INFO - [2025-03-28T00:20:02.181+0000] {dag.py:4156} INFO - Setting next_dagrun for hw5 to 2025-03-26 02:30:00+00:00, run_after=2025-03-27 02:30:00+00:00
[2025-03-28T00:20:02.197+0000] {processor.py:208} INFO - Processing /opt/airflow/dags/hw5.py took 0.086 seconds
[2025-03-28T00:20:32.833+0000] {processor.py:186} INFO - Started process (PID=19000) to work on /opt/airflow/dags/hw5.py
[2025-03-28T00:20:32.834+0000] {processor.py:914} INFO - Processing file /opt/airflow/dags/hw5.py for tasks to queue
[2025-03-28T00:20:32.836+0000] {logging_mixin.py:190} INFO - [2025-03-28T00:20:32.835+0000] {dagbag.py:587} INFO - Filling up the DagBag from /opt/airflow/dags/hw5.py
[2025-03-28T00:20:32.858+0000] {processor.py:925} INFO - DAG(s) 'hw5' retrieved from /opt/airflow/dags/hw5.py
[2025-03-28T00:20:32.880+0000] {logging_mixin.py:190} INFO - [2025-03-28T00:20:32.879+0000] {dag.py:3229} INFO - Sync 1 DAGs
[2025-03-28T00:20:32.900+0000] {logging_mixin.py:190} INFO - [2025-03-28T00:20:32.900+0000] {dag.py:4156} INFO - Setting next_dagrun for hw5 to 2025-03-26 02:30:00+00:00, run_after=2025-03-27 02:30:00+00:00
[2025-03-28T00:20:32.919+0000] {processor.py:208} INFO - Processing /opt/airflow/dags/hw5.py took 0.090 seconds
[2025-03-28T00:21:03.249+0000] {processor.py:186} INFO - Started process (PID=19036) to work on /opt/airflow/dags/hw5.py
[2025-03-28T00:21:03.250+0000] {processor.py:914} INFO - Processing file /opt/airflow/dags/hw5.py for tasks to queue
[2025-03-28T00:21:03.251+0000] {logging_mixin.py:190} INFO - [2025-03-28T00:21:03.251+0000] {dagbag.py:587} INFO - Filling up the DagBag from /opt/airflow/dags/hw5.py
[2025-03-28T00:21:03.269+0000] {processor.py:925} INFO - DAG(s) 'hw5' retrieved from /opt/airflow/dags/hw5.py
[2025-03-28T00:21:03.291+0000] {logging_mixin.py:190} INFO - [2025-03-28T00:21:03.290+0000] {dag.py:3229} INFO - Sync 1 DAGs
[2025-03-28T00:21:03.312+0000] {logging_mixin.py:190} INFO - [2025-03-28T00:21:03.312+0000] {dag.py:4156} INFO - Setting next_dagrun for hw5 to 2025-03-26 02:30:00+00:00, run_after=2025-03-27 02:30:00+00:00
[2025-03-28T00:21:03.327+0000] {processor.py:208} INFO - Processing /opt/airflow/dags/hw5.py took 0.082 seconds
[2025-03-28T00:21:34.015+0000] {processor.py:186} INFO - Started process (PID=19072) to work on /opt/airflow/dags/hw5.py
[2025-03-28T00:21:34.016+0000] {processor.py:914} INFO - Processing file /opt/airflow/dags/hw5.py for tasks to queue
[2025-03-28T00:21:34.017+0000] {logging_mixin.py:190} INFO - [2025-03-28T00:21:34.017+0000] {dagbag.py:587} INFO - Filling up the DagBag from /opt/airflow/dags/hw5.py
[2025-03-28T00:21:34.034+0000] {processor.py:925} INFO - DAG(s) 'hw5' retrieved from /opt/airflow/dags/hw5.py
[2025-03-28T00:21:34.057+0000] {logging_mixin.py:190} INFO - [2025-03-28T00:21:34.056+0000] {dag.py:3229} INFO - Sync 1 DAGs
[2025-03-28T00:21:34.076+0000] {logging_mixin.py:190} INFO - [2025-03-28T00:21:34.075+0000] {dag.py:4156} INFO - Setting next_dagrun for hw5 to 2025-03-26 02:30:00+00:00, run_after=2025-03-27 02:30:00+00:00
[2025-03-28T00:21:34.091+0000] {processor.py:208} INFO - Processing /opt/airflow/dags/hw5.py took 0.082 seconds
[2025-03-28T00:22:04.754+0000] {processor.py:186} INFO - Started process (PID=19108) to work on /opt/airflow/dags/hw5.py
[2025-03-28T00:22:04.756+0000] {processor.py:914} INFO - Processing file /opt/airflow/dags/hw5.py for tasks to queue
[2025-03-28T00:22:04.757+0000] {logging_mixin.py:190} INFO - [2025-03-28T00:22:04.757+0000] {dagbag.py:587} INFO - Filling up the DagBag from /opt/airflow/dags/hw5.py
[2025-03-28T00:22:04.781+0000] {processor.py:925} INFO - DAG(s) 'hw5' retrieved from /opt/airflow/dags/hw5.py
[2025-03-28T00:22:04.804+0000] {logging_mixin.py:190} INFO - [2025-03-28T00:22:04.803+0000] {dag.py:3229} INFO - Sync 1 DAGs
[2025-03-28T00:22:04.825+0000] {logging_mixin.py:190} INFO - [2025-03-28T00:22:04.825+0000] {dag.py:4156} INFO - Setting next_dagrun for hw5 to 2025-03-26 02:30:00+00:00, run_after=2025-03-27 02:30:00+00:00
[2025-03-28T00:22:04.841+0000] {processor.py:208} INFO - Processing /opt/airflow/dags/hw5.py took 0.091 seconds
[2025-03-28T00:22:35.463+0000] {processor.py:186} INFO - Started process (PID=19144) to work on /opt/airflow/dags/hw5.py
[2025-03-28T00:22:35.464+0000] {processor.py:914} INFO - Processing file /opt/airflow/dags/hw5.py for tasks to queue
[2025-03-28T00:22:35.465+0000] {logging_mixin.py:190} INFO - [2025-03-28T00:22:35.465+0000] {dagbag.py:587} INFO - Filling up the DagBag from /opt/airflow/dags/hw5.py
[2025-03-28T00:22:35.485+0000] {processor.py:925} INFO - DAG(s) 'hw5' retrieved from /opt/airflow/dags/hw5.py
[2025-03-28T00:22:35.507+0000] {logging_mixin.py:190} INFO - [2025-03-28T00:22:35.506+0000] {dag.py:3229} INFO - Sync 1 DAGs
[2025-03-28T00:22:35.529+0000] {logging_mixin.py:190} INFO - [2025-03-28T00:22:35.528+0000] {dag.py:4156} INFO - Setting next_dagrun for hw5 to 2025-03-26 02:30:00+00:00, run_after=2025-03-27 02:30:00+00:00
[2025-03-28T00:22:35.546+0000] {processor.py:208} INFO - Processing /opt/airflow/dags/hw5.py took 0.088 seconds
[2025-03-28T00:23:06.189+0000] {processor.py:186} INFO - Started process (PID=19181) to work on /opt/airflow/dags/hw5.py
[2025-03-28T00:23:06.190+0000] {processor.py:914} INFO - Processing file /opt/airflow/dags/hw5.py for tasks to queue
[2025-03-28T00:23:06.191+0000] {logging_mixin.py:190} INFO - [2025-03-28T00:23:06.191+0000] {dagbag.py:587} INFO - Filling up the DagBag from /opt/airflow/dags/hw5.py
[2025-03-28T00:23:06.208+0000] {processor.py:925} INFO - DAG(s) 'hw5' retrieved from /opt/airflow/dags/hw5.py
[2025-03-28T00:23:06.232+0000] {logging_mixin.py:190} INFO - [2025-03-28T00:23:06.231+0000] {dag.py:3229} INFO - Sync 1 DAGs
[2025-03-28T00:23:06.253+0000] {logging_mixin.py:190} INFO - [2025-03-28T00:23:06.252+0000] {dag.py:4156} INFO - Setting next_dagrun for hw5 to 2025-03-26 02:30:00+00:00, run_after=2025-03-27 02:30:00+00:00
[2025-03-28T00:23:06.267+0000] {processor.py:208} INFO - Processing /opt/airflow/dags/hw5.py took 0.083 seconds
[2025-03-28T00:23:36.896+0000] {processor.py:186} INFO - Started process (PID=19217) to work on /opt/airflow/dags/hw5.py
[2025-03-28T00:23:36.897+0000] {processor.py:914} INFO - Processing file /opt/airflow/dags/hw5.py for tasks to queue
[2025-03-28T00:23:36.898+0000] {logging_mixin.py:190} INFO - [2025-03-28T00:23:36.898+0000] {dagbag.py:587} INFO - Filling up the DagBag from /opt/airflow/dags/hw5.py
[2025-03-28T00:23:36.915+0000] {processor.py:925} INFO - DAG(s) 'hw5' retrieved from /opt/airflow/dags/hw5.py
[2025-03-28T00:23:36.937+0000] {logging_mixin.py:190} INFO - [2025-03-28T00:23:36.936+0000] {dag.py:3229} INFO - Sync 1 DAGs
[2025-03-28T00:23:36.956+0000] {logging_mixin.py:190} INFO - [2025-03-28T00:23:36.956+0000] {dag.py:4156} INFO - Setting next_dagrun for hw5 to 2025-03-26 02:30:00+00:00, run_after=2025-03-27 02:30:00+00:00
[2025-03-28T00:23:36.973+0000] {processor.py:208} INFO - Processing /opt/airflow/dags/hw5.py took 0.081 seconds
[2025-03-28T00:24:07.558+0000] {processor.py:186} INFO - Started process (PID=19251) to work on /opt/airflow/dags/hw5.py
[2025-03-28T00:24:07.559+0000] {processor.py:914} INFO - Processing file /opt/airflow/dags/hw5.py for tasks to queue
[2025-03-28T00:24:07.560+0000] {logging_mixin.py:190} INFO - [2025-03-28T00:24:07.560+0000] {dagbag.py:587} INFO - Filling up the DagBag from /opt/airflow/dags/hw5.py
[2025-03-28T00:24:07.580+0000] {processor.py:925} INFO - DAG(s) 'hw5' retrieved from /opt/airflow/dags/hw5.py
[2025-03-28T00:24:07.601+0000] {logging_mixin.py:190} INFO - [2025-03-28T00:24:07.600+0000] {dag.py:3229} INFO - Sync 1 DAGs
[2025-03-28T00:24:07.620+0000] {logging_mixin.py:190} INFO - [2025-03-28T00:24:07.620+0000] {dag.py:4156} INFO - Setting next_dagrun for hw5 to 2025-03-26 02:30:00+00:00, run_after=2025-03-27 02:30:00+00:00
[2025-03-28T00:24:07.635+0000] {processor.py:208} INFO - Processing /opt/airflow/dags/hw5.py took 0.081 seconds
[2025-03-28T00:24:38.375+0000] {processor.py:186} INFO - Started process (PID=19295) to work on /opt/airflow/dags/hw5.py
[2025-03-28T00:24:38.376+0000] {processor.py:914} INFO - Processing file /opt/airflow/dags/hw5.py for tasks to queue
[2025-03-28T00:24:38.377+0000] {logging_mixin.py:190} INFO - [2025-03-28T00:24:38.377+0000] {dagbag.py:587} INFO - Filling up the DagBag from /opt/airflow/dags/hw5.py
[2025-03-28T00:24:38.393+0000] {processor.py:925} INFO - DAG(s) 'hw5' retrieved from /opt/airflow/dags/hw5.py
[2025-03-28T00:24:38.416+0000] {logging_mixin.py:190} INFO - [2025-03-28T00:24:38.415+0000] {dag.py:3229} INFO - Sync 1 DAGs
[2025-03-28T00:24:38.435+0000] {logging_mixin.py:190} INFO - [2025-03-28T00:24:38.435+0000] {dag.py:4156} INFO - Setting next_dagrun for hw5 to 2025-03-26 02:30:00+00:00, run_after=2025-03-27 02:30:00+00:00
[2025-03-28T00:24:38.450+0000] {processor.py:208} INFO - Processing /opt/airflow/dags/hw5.py took 0.080 seconds
[2025-03-28T00:25:09.151+0000] {processor.py:186} INFO - Started process (PID=19331) to work on /opt/airflow/dags/hw5.py
[2025-03-28T00:25:09.152+0000] {processor.py:914} INFO - Processing file /opt/airflow/dags/hw5.py for tasks to queue
[2025-03-28T00:25:09.154+0000] {logging_mixin.py:190} INFO - [2025-03-28T00:25:09.154+0000] {dagbag.py:587} INFO - Filling up the DagBag from /opt/airflow/dags/hw5.py
[2025-03-28T00:25:09.176+0000] {processor.py:925} INFO - DAG(s) 'hw5' retrieved from /opt/airflow/dags/hw5.py
[2025-03-28T00:25:09.198+0000] {logging_mixin.py:190} INFO - [2025-03-28T00:25:09.197+0000] {dag.py:3229} INFO - Sync 1 DAGs
[2025-03-28T00:25:09.217+0000] {logging_mixin.py:190} INFO - [2025-03-28T00:25:09.217+0000] {dag.py:4156} INFO - Setting next_dagrun for hw5 to 2025-03-26 02:30:00+00:00, run_after=2025-03-27 02:30:00+00:00
[2025-03-28T00:25:09.232+0000] {processor.py:208} INFO - Processing /opt/airflow/dags/hw5.py took 0.086 seconds
[2025-03-28T00:25:39.947+0000] {processor.py:186} INFO - Started process (PID=19367) to work on /opt/airflow/dags/hw5.py
[2025-03-28T00:25:39.948+0000] {processor.py:914} INFO - Processing file /opt/airflow/dags/hw5.py for tasks to queue
[2025-03-28T00:25:39.949+0000] {logging_mixin.py:190} INFO - [2025-03-28T00:25:39.949+0000] {dagbag.py:587} INFO - Filling up the DagBag from /opt/airflow/dags/hw5.py
[2025-03-28T00:25:39.966+0000] {processor.py:925} INFO - DAG(s) 'hw5' retrieved from /opt/airflow/dags/hw5.py
[2025-03-28T00:25:39.988+0000] {logging_mixin.py:190} INFO - [2025-03-28T00:25:39.987+0000] {dag.py:3229} INFO - Sync 1 DAGs
[2025-03-28T00:25:40.008+0000] {logging_mixin.py:190} INFO - [2025-03-28T00:25:40.008+0000] {dag.py:4156} INFO - Setting next_dagrun for hw5 to 2025-03-26 02:30:00+00:00, run_after=2025-03-27 02:30:00+00:00
[2025-03-28T00:25:40.022+0000] {processor.py:208} INFO - Processing /opt/airflow/dags/hw5.py took 0.080 seconds
[2025-03-28T00:26:10.294+0000] {processor.py:186} INFO - Started process (PID=19403) to work on /opt/airflow/dags/hw5.py
[2025-03-28T00:26:10.295+0000] {processor.py:914} INFO - Processing file /opt/airflow/dags/hw5.py for tasks to queue
[2025-03-28T00:26:10.296+0000] {logging_mixin.py:190} INFO - [2025-03-28T00:26:10.296+0000] {dagbag.py:587} INFO - Filling up the DagBag from /opt/airflow/dags/hw5.py
[2025-03-28T00:26:10.312+0000] {processor.py:925} INFO - DAG(s) 'hw5' retrieved from /opt/airflow/dags/hw5.py
[2025-03-28T00:26:10.335+0000] {logging_mixin.py:190} INFO - [2025-03-28T00:26:10.334+0000] {dag.py:3229} INFO - Sync 1 DAGs
[2025-03-28T00:26:10.356+0000] {logging_mixin.py:190} INFO - [2025-03-28T00:26:10.355+0000] {dag.py:4156} INFO - Setting next_dagrun for hw5 to 2025-03-26 02:30:00+00:00, run_after=2025-03-27 02:30:00+00:00
[2025-03-28T00:26:10.373+0000] {processor.py:208} INFO - Processing /opt/airflow/dags/hw5.py took 0.084 seconds
[2025-03-28T00:26:41.023+0000] {processor.py:186} INFO - Started process (PID=19439) to work on /opt/airflow/dags/hw5.py
[2025-03-28T00:26:41.024+0000] {processor.py:914} INFO - Processing file /opt/airflow/dags/hw5.py for tasks to queue
[2025-03-28T00:26:41.025+0000] {logging_mixin.py:190} INFO - [2025-03-28T00:26:41.025+0000] {dagbag.py:587} INFO - Filling up the DagBag from /opt/airflow/dags/hw5.py
[2025-03-28T00:26:41.048+0000] {processor.py:925} INFO - DAG(s) 'hw5' retrieved from /opt/airflow/dags/hw5.py
[2025-03-28T00:26:41.071+0000] {logging_mixin.py:190} INFO - [2025-03-28T00:26:41.069+0000] {dag.py:3229} INFO - Sync 1 DAGs
[2025-03-28T00:26:41.089+0000] {logging_mixin.py:190} INFO - [2025-03-28T00:26:41.089+0000] {dag.py:4156} INFO - Setting next_dagrun for hw5 to 2025-03-26 02:30:00+00:00, run_after=2025-03-27 02:30:00+00:00
[2025-03-28T00:26:41.105+0000] {processor.py:208} INFO - Processing /opt/airflow/dags/hw5.py took 0.087 seconds
[2025-03-28T00:27:11.761+0000] {processor.py:186} INFO - Started process (PID=19475) to work on /opt/airflow/dags/hw5.py
[2025-03-28T00:27:11.762+0000] {processor.py:914} INFO - Processing file /opt/airflow/dags/hw5.py for tasks to queue
[2025-03-28T00:27:11.763+0000] {logging_mixin.py:190} INFO - [2025-03-28T00:27:11.763+0000] {dagbag.py:587} INFO - Filling up the DagBag from /opt/airflow/dags/hw5.py
[2025-03-28T00:27:11.780+0000] {processor.py:925} INFO - DAG(s) 'hw5' retrieved from /opt/airflow/dags/hw5.py
[2025-03-28T00:27:11.803+0000] {logging_mixin.py:190} INFO - [2025-03-28T00:27:11.802+0000] {dag.py:3229} INFO - Sync 1 DAGs
[2025-03-28T00:27:11.821+0000] {logging_mixin.py:190} INFO - [2025-03-28T00:27:11.820+0000] {dag.py:4156} INFO - Setting next_dagrun for hw5 to 2025-03-26 02:30:00+00:00, run_after=2025-03-27 02:30:00+00:00
[2025-03-28T00:27:11.836+0000] {processor.py:208} INFO - Processing /opt/airflow/dags/hw5.py took 0.079 seconds
[2025-03-28T00:27:42.499+0000] {processor.py:186} INFO - Started process (PID=19511) to work on /opt/airflow/dags/hw5.py
[2025-03-28T00:27:42.500+0000] {processor.py:914} INFO - Processing file /opt/airflow/dags/hw5.py for tasks to queue
[2025-03-28T00:27:42.501+0000] {logging_mixin.py:190} INFO - [2025-03-28T00:27:42.501+0000] {dagbag.py:587} INFO - Filling up the DagBag from /opt/airflow/dags/hw5.py
[2025-03-28T00:27:42.518+0000] {processor.py:925} INFO - DAG(s) 'hw5' retrieved from /opt/airflow/dags/hw5.py
[2025-03-28T00:27:42.542+0000] {logging_mixin.py:190} INFO - [2025-03-28T00:27:42.540+0000] {dag.py:3229} INFO - Sync 1 DAGs
[2025-03-28T00:27:42.561+0000] {logging_mixin.py:190} INFO - [2025-03-28T00:27:42.561+0000] {dag.py:4156} INFO - Setting next_dagrun for hw5 to 2025-03-26 02:30:00+00:00, run_after=2025-03-27 02:30:00+00:00
[2025-03-28T00:27:42.578+0000] {processor.py:208} INFO - Processing /opt/airflow/dags/hw5.py took 0.083 seconds
[2025-03-28T00:28:13.291+0000] {processor.py:186} INFO - Started process (PID=19545) to work on /opt/airflow/dags/hw5.py
[2025-03-28T00:28:13.292+0000] {processor.py:914} INFO - Processing file /opt/airflow/dags/hw5.py for tasks to queue
[2025-03-28T00:28:13.293+0000] {logging_mixin.py:190} INFO - [2025-03-28T00:28:13.293+0000] {dagbag.py:587} INFO - Filling up the DagBag from /opt/airflow/dags/hw5.py
[2025-03-28T00:28:13.311+0000] {processor.py:925} INFO - DAG(s) 'hw5' retrieved from /opt/airflow/dags/hw5.py
[2025-03-28T00:28:13.335+0000] {logging_mixin.py:190} INFO - [2025-03-28T00:28:13.334+0000] {dag.py:3229} INFO - Sync 1 DAGs
[2025-03-28T00:28:13.359+0000] {logging_mixin.py:190} INFO - [2025-03-28T00:28:13.359+0000] {dag.py:4156} INFO - Setting next_dagrun for hw5 to 2025-03-26 02:30:00+00:00, run_after=2025-03-27 02:30:00+00:00
[2025-03-28T00:28:13.379+0000] {processor.py:208} INFO - Processing /opt/airflow/dags/hw5.py took 0.094 seconds
[2025-03-28T00:28:44.013+0000] {processor.py:186} INFO - Started process (PID=19576) to work on /opt/airflow/dags/hw5.py
[2025-03-28T00:28:44.014+0000] {processor.py:914} INFO - Processing file /opt/airflow/dags/hw5.py for tasks to queue
[2025-03-28T00:28:44.015+0000] {logging_mixin.py:190} INFO - [2025-03-28T00:28:44.015+0000] {dagbag.py:587} INFO - Filling up the DagBag from /opt/airflow/dags/hw5.py
[2025-03-28T00:28:44.034+0000] {processor.py:925} INFO - DAG(s) 'hw5' retrieved from /opt/airflow/dags/hw5.py
[2025-03-28T00:28:44.056+0000] {logging_mixin.py:190} INFO - [2025-03-28T00:28:44.055+0000] {dag.py:3229} INFO - Sync 1 DAGs
[2025-03-28T00:28:44.076+0000] {logging_mixin.py:190} INFO - [2025-03-28T00:28:44.076+0000] {dag.py:4156} INFO - Setting next_dagrun for hw5 to 2025-03-26 02:30:00+00:00, run_after=2025-03-27 02:30:00+00:00
[2025-03-28T00:28:44.091+0000] {processor.py:208} INFO - Processing /opt/airflow/dags/hw5.py took 0.083 seconds
[2025-03-28T00:29:14.836+0000] {processor.py:186} INFO - Started process (PID=19612) to work on /opt/airflow/dags/hw5.py
[2025-03-28T00:29:14.837+0000] {processor.py:914} INFO - Processing file /opt/airflow/dags/hw5.py for tasks to queue
[2025-03-28T00:29:14.838+0000] {logging_mixin.py:190} INFO - [2025-03-28T00:29:14.838+0000] {dagbag.py:587} INFO - Filling up the DagBag from /opt/airflow/dags/hw5.py
[2025-03-28T00:29:14.854+0000] {processor.py:925} INFO - DAG(s) 'hw5' retrieved from /opt/airflow/dags/hw5.py
[2025-03-28T00:29:14.877+0000] {logging_mixin.py:190} INFO - [2025-03-28T00:29:14.876+0000] {dag.py:3229} INFO - Sync 1 DAGs
[2025-03-28T00:29:14.894+0000] {logging_mixin.py:190} INFO - [2025-03-28T00:29:14.894+0000] {dag.py:4156} INFO - Setting next_dagrun for hw5 to 2025-03-26 02:30:00+00:00, run_after=2025-03-27 02:30:00+00:00
[2025-03-28T00:29:14.910+0000] {processor.py:208} INFO - Processing /opt/airflow/dags/hw5.py took 0.079 seconds
[2025-03-28T00:29:45.598+0000] {processor.py:186} INFO - Started process (PID=19648) to work on /opt/airflow/dags/hw5.py
[2025-03-28T00:29:45.599+0000] {processor.py:914} INFO - Processing file /opt/airflow/dags/hw5.py for tasks to queue
[2025-03-28T00:29:45.601+0000] {logging_mixin.py:190} INFO - [2025-03-28T00:29:45.601+0000] {dagbag.py:587} INFO - Filling up the DagBag from /opt/airflow/dags/hw5.py
[2025-03-28T00:29:45.622+0000] {processor.py:925} INFO - DAG(s) 'hw5' retrieved from /opt/airflow/dags/hw5.py
[2025-03-28T00:29:45.645+0000] {logging_mixin.py:190} INFO - [2025-03-28T00:29:45.644+0000] {dag.py:3229} INFO - Sync 1 DAGs
[2025-03-28T00:29:45.663+0000] {logging_mixin.py:190} INFO - [2025-03-28T00:29:45.663+0000] {dag.py:4156} INFO - Setting next_dagrun for hw5 to 2025-03-26 02:30:00+00:00, run_after=2025-03-27 02:30:00+00:00
[2025-03-28T00:29:45.679+0000] {processor.py:208} INFO - Processing /opt/airflow/dags/hw5.py took 0.086 seconds
[2025-03-28T00:30:16.334+0000] {processor.py:186} INFO - Started process (PID=19684) to work on /opt/airflow/dags/hw5.py
[2025-03-28T00:30:16.335+0000] {processor.py:914} INFO - Processing file /opt/airflow/dags/hw5.py for tasks to queue
[2025-03-28T00:30:16.336+0000] {logging_mixin.py:190} INFO - [2025-03-28T00:30:16.336+0000] {dagbag.py:587} INFO - Filling up the DagBag from /opt/airflow/dags/hw5.py
[2025-03-28T00:30:16.352+0000] {processor.py:925} INFO - DAG(s) 'hw5' retrieved from /opt/airflow/dags/hw5.py
[2025-03-28T00:30:16.375+0000] {logging_mixin.py:190} INFO - [2025-03-28T00:30:16.374+0000] {dag.py:3229} INFO - Sync 1 DAGs
[2025-03-28T00:30:16.395+0000] {logging_mixin.py:190} INFO - [2025-03-28T00:30:16.395+0000] {dag.py:4156} INFO - Setting next_dagrun for hw5 to 2025-03-26 02:30:00+00:00, run_after=2025-03-27 02:30:00+00:00
[2025-03-28T00:30:16.599+0000] {processor.py:208} INFO - Processing /opt/airflow/dags/hw5.py took 0.269 seconds
[2025-03-28T00:30:46.992+0000] {processor.py:186} INFO - Started process (PID=19720) to work on /opt/airflow/dags/hw5.py
[2025-03-28T00:30:46.992+0000] {processor.py:914} INFO - Processing file /opt/airflow/dags/hw5.py for tasks to queue
[2025-03-28T00:30:46.994+0000] {logging_mixin.py:190} INFO - [2025-03-28T00:30:46.993+0000] {dagbag.py:587} INFO - Filling up the DagBag from /opt/airflow/dags/hw5.py
[2025-03-28T00:30:47.011+0000] {processor.py:925} INFO - DAG(s) 'hw5' retrieved from /opt/airflow/dags/hw5.py
[2025-03-28T00:30:47.032+0000] {logging_mixin.py:190} INFO - [2025-03-28T00:30:47.031+0000] {dag.py:3229} INFO - Sync 1 DAGs
[2025-03-28T00:30:47.051+0000] {logging_mixin.py:190} INFO - [2025-03-28T00:30:47.050+0000] {dag.py:4156} INFO - Setting next_dagrun for hw5 to 2025-03-26 02:30:00+00:00, run_after=2025-03-27 02:30:00+00:00
[2025-03-28T00:30:47.065+0000] {processor.py:208} INFO - Processing /opt/airflow/dags/hw5.py took 0.078 seconds
[2025-03-28T00:31:18.381+0000] {processor.py:186} INFO - Started process (PID=19761) to work on /opt/airflow/dags/hw5.py
[2025-03-28T00:31:18.381+0000] {processor.py:914} INFO - Processing file /opt/airflow/dags/hw5.py for tasks to queue
[2025-03-28T00:31:18.383+0000] {logging_mixin.py:190} INFO - [2025-03-28T00:31:18.382+0000] {dagbag.py:587} INFO - Filling up the DagBag from /opt/airflow/dags/hw5.py
[2025-03-28T00:31:18.399+0000] {processor.py:925} INFO - DAG(s) 'hw5' retrieved from /opt/airflow/dags/hw5.py
[2025-03-28T00:31:18.420+0000] {logging_mixin.py:190} INFO - [2025-03-28T00:31:18.419+0000] {dag.py:3229} INFO - Sync 1 DAGs
[2025-03-28T00:31:18.437+0000] {logging_mixin.py:190} INFO - [2025-03-28T00:31:18.437+0000] {dag.py:4156} INFO - Setting next_dagrun for hw5 to 2025-03-26 02:30:00+00:00, run_after=2025-03-27 02:30:00+00:00
[2025-03-28T00:31:18.453+0000] {processor.py:208} INFO - Processing /opt/airflow/dags/hw5.py took 0.077 seconds
[2025-03-28T00:31:49.153+0000] {processor.py:186} INFO - Started process (PID=19797) to work on /opt/airflow/dags/hw5.py
[2025-03-28T00:31:49.153+0000] {processor.py:914} INFO - Processing file /opt/airflow/dags/hw5.py for tasks to queue
[2025-03-28T00:31:49.154+0000] {logging_mixin.py:190} INFO - [2025-03-28T00:31:49.154+0000] {dagbag.py:587} INFO - Filling up the DagBag from /opt/airflow/dags/hw5.py
[2025-03-28T00:31:49.177+0000] {processor.py:925} INFO - DAG(s) 'hw5' retrieved from /opt/airflow/dags/hw5.py
[2025-03-28T00:31:49.199+0000] {logging_mixin.py:190} INFO - [2025-03-28T00:31:49.198+0000] {dag.py:3229} INFO - Sync 1 DAGs
[2025-03-28T00:31:49.216+0000] {logging_mixin.py:190} INFO - [2025-03-28T00:31:49.216+0000] {dag.py:4156} INFO - Setting next_dagrun for hw5 to 2025-03-26 02:30:00+00:00, run_after=2025-03-27 02:30:00+00:00
[2025-03-28T00:31:49.231+0000] {processor.py:208} INFO - Processing /opt/airflow/dags/hw5.py took 0.083 seconds
[2025-03-28T00:32:19.909+0000] {processor.py:186} INFO - Started process (PID=19832) to work on /opt/airflow/dags/hw5.py
[2025-03-28T00:32:19.910+0000] {processor.py:914} INFO - Processing file /opt/airflow/dags/hw5.py for tasks to queue
[2025-03-28T00:32:19.911+0000] {logging_mixin.py:190} INFO - [2025-03-28T00:32:19.911+0000] {dagbag.py:587} INFO - Filling up the DagBag from /opt/airflow/dags/hw5.py
[2025-03-28T00:32:19.930+0000] {processor.py:925} INFO - DAG(s) 'hw5' retrieved from /opt/airflow/dags/hw5.py
[2025-03-28T00:32:19.953+0000] {logging_mixin.py:190} INFO - [2025-03-28T00:32:19.952+0000] {dag.py:3229} INFO - Sync 1 DAGs
[2025-03-28T00:32:19.971+0000] {logging_mixin.py:190} INFO - [2025-03-28T00:32:19.971+0000] {dag.py:4156} INFO - Setting next_dagrun for hw5 to 2025-03-26 02:30:00+00:00, run_after=2025-03-27 02:30:00+00:00
[2025-03-28T00:32:20.180+0000] {processor.py:208} INFO - Processing /opt/airflow/dags/hw5.py took 0.276 seconds
[2025-03-28T00:32:50.849+0000] {processor.py:186} INFO - Started process (PID=19868) to work on /opt/airflow/dags/hw5.py
[2025-03-28T00:32:50.850+0000] {processor.py:914} INFO - Processing file /opt/airflow/dags/hw5.py for tasks to queue
[2025-03-28T00:32:50.852+0000] {logging_mixin.py:190} INFO - [2025-03-28T00:32:50.852+0000] {dagbag.py:587} INFO - Filling up the DagBag from /opt/airflow/dags/hw5.py
[2025-03-28T00:32:50.876+0000] {processor.py:925} INFO - DAG(s) 'hw5' retrieved from /opt/airflow/dags/hw5.py
[2025-03-28T00:32:50.896+0000] {logging_mixin.py:190} INFO - [2025-03-28T00:32:50.895+0000] {dag.py:3229} INFO - Sync 1 DAGs
[2025-03-28T00:32:50.914+0000] {logging_mixin.py:190} INFO - [2025-03-28T00:32:50.914+0000] {dag.py:4156} INFO - Setting next_dagrun for hw5 to 2025-03-26 02:30:00+00:00, run_after=2025-03-27 02:30:00+00:00
[2025-03-28T00:32:50.929+0000] {processor.py:208} INFO - Processing /opt/airflow/dags/hw5.py took 0.085 seconds
[2025-03-28T00:33:21.536+0000] {processor.py:186} INFO - Started process (PID=19904) to work on /opt/airflow/dags/hw5.py
[2025-03-28T00:33:21.537+0000] {processor.py:914} INFO - Processing file /opt/airflow/dags/hw5.py for tasks to queue
[2025-03-28T00:33:21.538+0000] {logging_mixin.py:190} INFO - [2025-03-28T00:33:21.538+0000] {dagbag.py:587} INFO - Filling up the DagBag from /opt/airflow/dags/hw5.py
[2025-03-28T00:33:21.556+0000] {processor.py:925} INFO - DAG(s) 'hw5' retrieved from /opt/airflow/dags/hw5.py
[2025-03-28T00:33:21.578+0000] {logging_mixin.py:190} INFO - [2025-03-28T00:33:21.577+0000] {dag.py:3229} INFO - Sync 1 DAGs
[2025-03-28T00:33:21.600+0000] {logging_mixin.py:190} INFO - [2025-03-28T00:33:21.600+0000] {dag.py:4156} INFO - Setting next_dagrun for hw5 to 2025-03-26 02:30:00+00:00, run_after=2025-03-27 02:30:00+00:00
[2025-03-28T00:33:21.619+0000] {processor.py:208} INFO - Processing /opt/airflow/dags/hw5.py took 0.088 seconds
[2025-03-28T00:33:52.265+0000] {processor.py:186} INFO - Started process (PID=19940) to work on /opt/airflow/dags/hw5.py
[2025-03-28T00:33:52.266+0000] {processor.py:914} INFO - Processing file /opt/airflow/dags/hw5.py for tasks to queue
[2025-03-28T00:33:52.267+0000] {logging_mixin.py:190} INFO - [2025-03-28T00:33:52.267+0000] {dagbag.py:587} INFO - Filling up the DagBag from /opt/airflow/dags/hw5.py
[2025-03-28T00:33:52.287+0000] {processor.py:925} INFO - DAG(s) 'hw5' retrieved from /opt/airflow/dags/hw5.py
[2025-03-28T00:33:52.308+0000] {logging_mixin.py:190} INFO - [2025-03-28T00:33:52.307+0000] {dag.py:3229} INFO - Sync 1 DAGs
[2025-03-28T00:33:52.326+0000] {logging_mixin.py:190} INFO - [2025-03-28T00:33:52.326+0000] {dag.py:4156} INFO - Setting next_dagrun for hw5 to 2025-03-26 02:30:00+00:00, run_after=2025-03-27 02:30:00+00:00
[2025-03-28T00:33:52.344+0000] {processor.py:208} INFO - Processing /opt/airflow/dags/hw5.py took 0.083 seconds
[2025-03-28T00:34:23.012+0000] {processor.py:186} INFO - Started process (PID=19976) to work on /opt/airflow/dags/hw5.py
[2025-03-28T00:34:23.013+0000] {processor.py:914} INFO - Processing file /opt/airflow/dags/hw5.py for tasks to queue
[2025-03-28T00:34:23.014+0000] {logging_mixin.py:190} INFO - [2025-03-28T00:34:23.014+0000] {dagbag.py:587} INFO - Filling up the DagBag from /opt/airflow/dags/hw5.py
[2025-03-28T00:34:23.031+0000] {processor.py:925} INFO - DAG(s) 'hw5' retrieved from /opt/airflow/dags/hw5.py
[2025-03-28T00:34:23.051+0000] {logging_mixin.py:190} INFO - [2025-03-28T00:34:23.050+0000] {dag.py:3229} INFO - Sync 1 DAGs
[2025-03-28T00:34:23.069+0000] {logging_mixin.py:190} INFO - [2025-03-28T00:34:23.069+0000] {dag.py:4156} INFO - Setting next_dagrun for hw5 to 2025-03-26 02:30:00+00:00, run_after=2025-03-27 02:30:00+00:00
[2025-03-28T00:34:23.251+0000] {processor.py:208} INFO - Processing /opt/airflow/dags/hw5.py took 0.244 seconds
[2025-03-28T00:34:53.653+0000] {processor.py:186} INFO - Started process (PID=20012) to work on /opt/airflow/dags/hw5.py
[2025-03-28T00:34:53.654+0000] {processor.py:914} INFO - Processing file /opt/airflow/dags/hw5.py for tasks to queue
[2025-03-28T00:34:53.655+0000] {logging_mixin.py:190} INFO - [2025-03-28T00:34:53.655+0000] {dagbag.py:587} INFO - Filling up the DagBag from /opt/airflow/dags/hw5.py
[2025-03-28T00:34:53.671+0000] {processor.py:925} INFO - DAG(s) 'hw5' retrieved from /opt/airflow/dags/hw5.py
[2025-03-28T00:34:53.692+0000] {logging_mixin.py:190} INFO - [2025-03-28T00:34:53.691+0000] {dag.py:3229} INFO - Sync 1 DAGs
[2025-03-28T00:34:53.710+0000] {logging_mixin.py:190} INFO - [2025-03-28T00:34:53.710+0000] {dag.py:4156} INFO - Setting next_dagrun for hw5 to 2025-03-26 02:30:00+00:00, run_after=2025-03-27 02:30:00+00:00
[2025-03-28T00:34:53.725+0000] {processor.py:208} INFO - Processing /opt/airflow/dags/hw5.py took 0.076 seconds
[2025-03-28T00:35:24.378+0000] {processor.py:186} INFO - Started process (PID=20048) to work on /opt/airflow/dags/hw5.py
[2025-03-28T00:35:24.379+0000] {processor.py:914} INFO - Processing file /opt/airflow/dags/hw5.py for tasks to queue
[2025-03-28T00:35:24.380+0000] {logging_mixin.py:190} INFO - [2025-03-28T00:35:24.379+0000] {dagbag.py:587} INFO - Filling up the DagBag from /opt/airflow/dags/hw5.py
[2025-03-28T00:35:24.396+0000] {processor.py:925} INFO - DAG(s) 'hw5' retrieved from /opt/airflow/dags/hw5.py
[2025-03-28T00:35:24.418+0000] {logging_mixin.py:190} INFO - [2025-03-28T00:35:24.417+0000] {dag.py:3229} INFO - Sync 1 DAGs
[2025-03-28T00:35:24.438+0000] {logging_mixin.py:190} INFO - [2025-03-28T00:35:24.438+0000] {dag.py:4156} INFO - Setting next_dagrun for hw5 to 2025-03-26 02:30:00+00:00, run_after=2025-03-27 02:30:00+00:00
[2025-03-28T00:35:24.456+0000] {processor.py:208} INFO - Processing /opt/airflow/dags/hw5.py took 0.083 seconds
[2025-03-28T00:35:54.716+0000] {processor.py:186} INFO - Started process (PID=20083) to work on /opt/airflow/dags/hw5.py
[2025-03-28T00:35:54.717+0000] {processor.py:914} INFO - Processing file /opt/airflow/dags/hw5.py for tasks to queue
[2025-03-28T00:35:54.718+0000] {logging_mixin.py:190} INFO - [2025-03-28T00:35:54.718+0000] {dagbag.py:587} INFO - Filling up the DagBag from /opt/airflow/dags/hw5.py
[2025-03-28T00:35:54.738+0000] {processor.py:925} INFO - DAG(s) 'hw5' retrieved from /opt/airflow/dags/hw5.py
[2025-03-28T00:35:54.760+0000] {logging_mixin.py:190} INFO - [2025-03-28T00:35:54.758+0000] {dag.py:3229} INFO - Sync 1 DAGs
[2025-03-28T00:35:54.781+0000] {logging_mixin.py:190} INFO - [2025-03-28T00:35:54.780+0000] {dag.py:4156} INFO - Setting next_dagrun for hw5 to 2025-03-26 02:30:00+00:00, run_after=2025-03-27 02:30:00+00:00
[2025-03-28T00:35:54.796+0000] {processor.py:208} INFO - Processing /opt/airflow/dags/hw5.py took 0.085 seconds
[2025-03-28T00:36:25.472+0000] {processor.py:186} INFO - Started process (PID=20119) to work on /opt/airflow/dags/hw5.py
[2025-03-28T00:36:25.475+0000] {processor.py:914} INFO - Processing file /opt/airflow/dags/hw5.py for tasks to queue
[2025-03-28T00:36:25.477+0000] {logging_mixin.py:190} INFO - [2025-03-28T00:36:25.476+0000] {dagbag.py:587} INFO - Filling up the DagBag from /opt/airflow/dags/hw5.py
[2025-03-28T00:36:25.495+0000] {processor.py:925} INFO - DAG(s) 'hw5' retrieved from /opt/airflow/dags/hw5.py
[2025-03-28T00:36:25.515+0000] {logging_mixin.py:190} INFO - [2025-03-28T00:36:25.515+0000] {dag.py:3229} INFO - Sync 1 DAGs
[2025-03-28T00:36:25.536+0000] {logging_mixin.py:190} INFO - [2025-03-28T00:36:25.536+0000] {dag.py:4156} INFO - Setting next_dagrun for hw5 to 2025-03-26 02:30:00+00:00, run_after=2025-03-27 02:30:00+00:00
[2025-03-28T00:36:25.728+0000] {processor.py:208} INFO - Processing /opt/airflow/dags/hw5.py took 0.261 seconds
[2025-03-28T00:36:56.391+0000] {processor.py:186} INFO - Started process (PID=20155) to work on /opt/airflow/dags/hw5.py
[2025-03-28T00:36:56.392+0000] {processor.py:914} INFO - Processing file /opt/airflow/dags/hw5.py for tasks to queue
[2025-03-28T00:36:56.393+0000] {logging_mixin.py:190} INFO - [2025-03-28T00:36:56.393+0000] {dagbag.py:587} INFO - Filling up the DagBag from /opt/airflow/dags/hw5.py
[2025-03-28T00:36:56.410+0000] {processor.py:925} INFO - DAG(s) 'hw5' retrieved from /opt/airflow/dags/hw5.py
[2025-03-28T00:36:56.431+0000] {logging_mixin.py:190} INFO - [2025-03-28T00:36:56.430+0000] {dag.py:3229} INFO - Sync 1 DAGs
[2025-03-28T00:36:56.450+0000] {logging_mixin.py:190} INFO - [2025-03-28T00:36:56.450+0000] {dag.py:4156} INFO - Setting next_dagrun for hw5 to 2025-03-26 02:30:00+00:00, run_after=2025-03-27 02:30:00+00:00
[2025-03-28T00:36:56.465+0000] {processor.py:208} INFO - Processing /opt/airflow/dags/hw5.py took 0.078 seconds
[2025-03-28T00:37:27.041+0000] {processor.py:186} INFO - Started process (PID=20191) to work on /opt/airflow/dags/hw5.py
[2025-03-28T00:37:27.042+0000] {processor.py:914} INFO - Processing file /opt/airflow/dags/hw5.py for tasks to queue
[2025-03-28T00:37:27.043+0000] {logging_mixin.py:190} INFO - [2025-03-28T00:37:27.043+0000] {dagbag.py:587} INFO - Filling up the DagBag from /opt/airflow/dags/hw5.py
[2025-03-28T00:37:27.058+0000] {processor.py:925} INFO - DAG(s) 'hw5' retrieved from /opt/airflow/dags/hw5.py
[2025-03-28T00:37:27.080+0000] {logging_mixin.py:190} INFO - [2025-03-28T00:37:27.079+0000] {dag.py:3229} INFO - Sync 1 DAGs
[2025-03-28T00:37:27.098+0000] {logging_mixin.py:190} INFO - [2025-03-28T00:37:27.098+0000] {dag.py:4156} INFO - Setting next_dagrun for hw5 to 2025-03-26 02:30:00+00:00, run_after=2025-03-27 02:30:00+00:00
[2025-03-28T00:37:27.114+0000] {processor.py:208} INFO - Processing /opt/airflow/dags/hw5.py took 0.079 seconds
[2025-03-28T00:37:57.372+0000] {processor.py:186} INFO - Started process (PID=20227) to work on /opt/airflow/dags/hw5.py
[2025-03-28T00:37:57.374+0000] {processor.py:914} INFO - Processing file /opt/airflow/dags/hw5.py for tasks to queue
[2025-03-28T00:37:57.376+0000] {logging_mixin.py:190} INFO - [2025-03-28T00:37:57.376+0000] {dagbag.py:587} INFO - Filling up the DagBag from /opt/airflow/dags/hw5.py
[2025-03-28T00:37:57.416+0000] {processor.py:925} INFO - DAG(s) 'hw5' retrieved from /opt/airflow/dags/hw5.py
[2025-03-28T00:37:57.447+0000] {logging_mixin.py:190} INFO - [2025-03-28T00:37:57.446+0000] {dag.py:3229} INFO - Sync 1 DAGs
[2025-03-28T00:37:57.469+0000] {logging_mixin.py:190} INFO - [2025-03-28T00:37:57.468+0000] {dag.py:4156} INFO - Setting next_dagrun for hw5 to 2025-03-26 02:30:00+00:00, run_after=2025-03-27 02:30:00+00:00
[2025-03-28T00:37:57.488+0000] {processor.py:208} INFO - Processing /opt/airflow/dags/hw5.py took 0.123 seconds
[2025-03-28T04:28:05.146+0000] {processor.py:186} INFO - Started process (PID=20269) to work on /opt/airflow/dags/hw5.py
[2025-03-28T04:28:05.147+0000] {processor.py:914} INFO - Processing file /opt/airflow/dags/hw5.py for tasks to queue
[2025-03-28T04:28:05.149+0000] {logging_mixin.py:190} INFO - [2025-03-28T04:28:05.149+0000] {dagbag.py:587} INFO - Filling up the DagBag from /opt/airflow/dags/hw5.py
[2025-03-28T04:28:05.180+0000] {processor.py:925} INFO - DAG(s) 'hw5' retrieved from /opt/airflow/dags/hw5.py
[2025-03-28T04:28:05.228+0000] {logging_mixin.py:190} INFO - [2025-03-28T04:28:05.226+0000] {dag.py:3229} INFO - Sync 1 DAGs
[2025-03-28T04:28:05.273+0000] {logging_mixin.py:190} INFO - [2025-03-28T04:28:05.273+0000] {dag.py:4156} INFO - Setting next_dagrun for hw5 to 2025-03-27 02:30:00+00:00, run_after=2025-03-28 02:30:00+00:00
[2025-03-28T04:28:05.297+0000] {processor.py:208} INFO - Processing /opt/airflow/dags/hw5.py took 0.158 seconds
[2025-03-28T04:28:36.357+0000] {processor.py:186} INFO - Started process (PID=20305) to work on /opt/airflow/dags/hw5.py
[2025-03-28T04:28:36.360+0000] {processor.py:914} INFO - Processing file /opt/airflow/dags/hw5.py for tasks to queue
[2025-03-28T04:28:36.362+0000] {logging_mixin.py:190} INFO - [2025-03-28T04:28:36.362+0000] {dagbag.py:587} INFO - Filling up the DagBag from /opt/airflow/dags/hw5.py
[2025-03-28T04:28:36.381+0000] {processor.py:925} INFO - DAG(s) 'hw5' retrieved from /opt/airflow/dags/hw5.py
[2025-03-28T04:28:36.415+0000] {logging_mixin.py:190} INFO - [2025-03-28T04:28:36.413+0000] {dag.py:3229} INFO - Sync 1 DAGs
[2025-03-28T04:28:36.441+0000] {logging_mixin.py:190} INFO - [2025-03-28T04:28:36.441+0000] {dag.py:4156} INFO - Setting next_dagrun for hw5 to 2025-03-27 02:30:00+00:00, run_after=2025-03-28 02:30:00+00:00
[2025-03-28T04:28:36.462+0000] {processor.py:208} INFO - Processing /opt/airflow/dags/hw5.py took 0.110 seconds
[2025-03-28T04:29:07.079+0000] {processor.py:186} INFO - Started process (PID=20345) to work on /opt/airflow/dags/hw5.py
[2025-03-28T04:29:07.081+0000] {processor.py:914} INFO - Processing file /opt/airflow/dags/hw5.py for tasks to queue
[2025-03-28T04:29:07.082+0000] {logging_mixin.py:190} INFO - [2025-03-28T04:29:07.082+0000] {dagbag.py:587} INFO - Filling up the DagBag from /opt/airflow/dags/hw5.py
[2025-03-28T04:29:07.135+0000] {processor.py:925} INFO - DAG(s) 'hw5' retrieved from /opt/airflow/dags/hw5.py
[2025-03-28T04:29:07.162+0000] {logging_mixin.py:190} INFO - [2025-03-28T04:29:07.161+0000] {dag.py:3229} INFO - Sync 1 DAGs
[2025-03-28T04:29:07.186+0000] {logging_mixin.py:190} INFO - [2025-03-28T04:29:07.186+0000] {dag.py:4156} INFO - Setting next_dagrun for hw5 to 2025-03-27 02:30:00+00:00, run_after=2025-03-28 02:30:00+00:00
[2025-03-28T04:29:07.208+0000] {processor.py:208} INFO - Processing /opt/airflow/dags/hw5.py took 0.135 seconds
[2025-03-28T04:29:38.366+0000] {processor.py:186} INFO - Started process (PID=20383) to work on /opt/airflow/dags/hw5.py
[2025-03-28T04:29:38.384+0000] {processor.py:914} INFO - Processing file /opt/airflow/dags/hw5.py for tasks to queue
[2025-03-28T04:29:38.389+0000] {logging_mixin.py:190} INFO - [2025-03-28T04:29:38.388+0000] {dagbag.py:587} INFO - Filling up the DagBag from /opt/airflow/dags/hw5.py
[2025-03-28T04:29:38.438+0000] {processor.py:925} INFO - DAG(s) 'hw5' retrieved from /opt/airflow/dags/hw5.py
[2025-03-28T04:29:38.485+0000] {logging_mixin.py:190} INFO - [2025-03-28T04:29:38.484+0000] {dag.py:3229} INFO - Sync 1 DAGs
[2025-03-28T04:29:38.524+0000] {logging_mixin.py:190} INFO - [2025-03-28T04:29:38.524+0000] {dag.py:4156} INFO - Setting next_dagrun for hw5 to 2025-03-27 02:30:00+00:00, run_after=2025-03-28 02:30:00+00:00
[2025-03-28T04:29:38.551+0000] {processor.py:208} INFO - Processing /opt/airflow/dags/hw5.py took 0.196 seconds
