[2025-03-28T00:00:03.915+0000] {processor.py:186} INFO - Started process (PID=17538) to work on /opt/airflow/dags/hw6.py
[2025-03-28T00:00:03.916+0000] {processor.py:914} INFO - Processing file /opt/airflow/dags/hw6.py for tasks to queue
[2025-03-28T00:00:03.917+0000] {logging_mixin.py:190} INFO - [2025-03-28T00:00:03.917+0000] {dagbag.py:587} INFO - Filling up the DagBag from /opt/airflow/dags/hw6.py
[2025-03-28T00:00:03.937+0000] {processor.py:925} INFO - DAG(s) 'elt_snowflake_optimized' retrieved from /opt/airflow/dags/hw6.py
[2025-03-28T00:00:03.958+0000] {logging_mixin.py:190} INFO - [2025-03-28T00:00:03.957+0000] {dag.py:3229} INFO - Sync 1 DAGs
[2025-03-28T00:00:03.978+0000] {logging_mixin.py:190} INFO - [2025-03-28T00:00:03.978+0000] {dag.py:4156} INFO - Setting next_dagrun for elt_snowflake_optimized to 2025-03-27 02:45:00+00:00, run_after=2025-03-28 02:45:00+00:00
[2025-03-28T00:00:03.992+0000] {processor.py:208} INFO - Processing /opt/airflow/dags/hw6.py took 0.083 seconds
[2025-03-28T00:00:34.661+0000] {processor.py:186} INFO - Started process (PID=17574) to work on /opt/airflow/dags/hw6.py
[2025-03-28T00:00:34.662+0000] {processor.py:914} INFO - Processing file /opt/airflow/dags/hw6.py for tasks to queue
[2025-03-28T00:00:34.663+0000] {logging_mixin.py:190} INFO - [2025-03-28T00:00:34.663+0000] {dagbag.py:587} INFO - Filling up the DagBag from /opt/airflow/dags/hw6.py
[2025-03-28T00:00:34.681+0000] {processor.py:925} INFO - DAG(s) 'elt_snowflake_optimized' retrieved from /opt/airflow/dags/hw6.py
[2025-03-28T00:00:34.702+0000] {logging_mixin.py:190} INFO - [2025-03-28T00:00:34.701+0000] {dag.py:3229} INFO - Sync 1 DAGs
[2025-03-28T00:00:34.721+0000] {logging_mixin.py:190} INFO - [2025-03-28T00:00:34.721+0000] {dag.py:4156} INFO - Setting next_dagrun for elt_snowflake_optimized to 2025-03-27 02:45:00+00:00, run_after=2025-03-28 02:45:00+00:00
[2025-03-28T00:00:34.736+0000] {processor.py:208} INFO - Processing /opt/airflow/dags/hw6.py took 0.080 seconds
[2025-03-28T00:01:05.063+0000] {processor.py:186} INFO - Started process (PID=17611) to work on /opt/airflow/dags/hw6.py
[2025-03-28T00:01:05.064+0000] {processor.py:914} INFO - Processing file /opt/airflow/dags/hw6.py for tasks to queue
[2025-03-28T00:01:05.065+0000] {logging_mixin.py:190} INFO - [2025-03-28T00:01:05.065+0000] {dagbag.py:587} INFO - Filling up the DagBag from /opt/airflow/dags/hw6.py
[2025-03-28T00:01:05.083+0000] {processor.py:925} INFO - DAG(s) 'elt_snowflake_optimized' retrieved from /opt/airflow/dags/hw6.py
[2025-03-28T00:01:05.103+0000] {logging_mixin.py:190} INFO - [2025-03-28T00:01:05.102+0000] {dag.py:3229} INFO - Sync 1 DAGs
[2025-03-28T00:01:05.121+0000] {logging_mixin.py:190} INFO - [2025-03-28T00:01:05.121+0000] {dag.py:4156} INFO - Setting next_dagrun for elt_snowflake_optimized to 2025-03-27 02:45:00+00:00, run_after=2025-03-28 02:45:00+00:00
[2025-03-28T00:01:05.136+0000] {processor.py:208} INFO - Processing /opt/airflow/dags/hw6.py took 0.077 seconds
[2025-03-28T00:01:35.853+0000] {processor.py:186} INFO - Started process (PID=17647) to work on /opt/airflow/dags/hw6.py
[2025-03-28T00:01:35.854+0000] {processor.py:914} INFO - Processing file /opt/airflow/dags/hw6.py for tasks to queue
[2025-03-28T00:01:35.855+0000] {logging_mixin.py:190} INFO - [2025-03-28T00:01:35.855+0000] {dagbag.py:587} INFO - Filling up the DagBag from /opt/airflow/dags/hw6.py
[2025-03-28T00:01:35.873+0000] {processor.py:925} INFO - DAG(s) 'elt_snowflake_optimized' retrieved from /opt/airflow/dags/hw6.py
[2025-03-28T00:01:35.895+0000] {logging_mixin.py:190} INFO - [2025-03-28T00:01:35.894+0000] {dag.py:3229} INFO - Sync 1 DAGs
[2025-03-28T00:01:35.915+0000] {logging_mixin.py:190} INFO - [2025-03-28T00:01:35.915+0000] {dag.py:4156} INFO - Setting next_dagrun for elt_snowflake_optimized to 2025-03-27 02:45:00+00:00, run_after=2025-03-28 02:45:00+00:00
[2025-03-28T00:01:35.932+0000] {processor.py:208} INFO - Processing /opt/airflow/dags/hw6.py took 0.083 seconds
[2025-03-28T00:02:06.563+0000] {processor.py:186} INFO - Started process (PID=17683) to work on /opt/airflow/dags/hw6.py
[2025-03-28T00:02:06.565+0000] {processor.py:914} INFO - Processing file /opt/airflow/dags/hw6.py for tasks to queue
[2025-03-28T00:02:06.566+0000] {logging_mixin.py:190} INFO - [2025-03-28T00:02:06.566+0000] {dagbag.py:587} INFO - Filling up the DagBag from /opt/airflow/dags/hw6.py
[2025-03-28T00:02:06.589+0000] {processor.py:925} INFO - DAG(s) 'elt_snowflake_optimized' retrieved from /opt/airflow/dags/hw6.py
[2025-03-28T00:02:06.611+0000] {logging_mixin.py:190} INFO - [2025-03-28T00:02:06.610+0000] {dag.py:3229} INFO - Sync 1 DAGs
[2025-03-28T00:02:06.631+0000] {logging_mixin.py:190} INFO - [2025-03-28T00:02:06.631+0000] {dag.py:4156} INFO - Setting next_dagrun for elt_snowflake_optimized to 2025-03-27 02:45:00+00:00, run_after=2025-03-28 02:45:00+00:00
[2025-03-28T00:02:06.645+0000] {processor.py:208} INFO - Processing /opt/airflow/dags/hw6.py took 0.087 seconds
[2025-03-28T00:02:37.331+0000] {processor.py:186} INFO - Started process (PID=17725) to work on /opt/airflow/dags/hw6.py
[2025-03-28T00:02:37.332+0000] {processor.py:914} INFO - Processing file /opt/airflow/dags/hw6.py for tasks to queue
[2025-03-28T00:02:37.334+0000] {logging_mixin.py:190} INFO - [2025-03-28T00:02:37.333+0000] {dagbag.py:587} INFO - Filling up the DagBag from /opt/airflow/dags/hw6.py
[2025-03-28T00:02:37.356+0000] {processor.py:925} INFO - DAG(s) 'elt_snowflake_optimized' retrieved from /opt/airflow/dags/hw6.py
[2025-03-28T00:02:37.378+0000] {logging_mixin.py:190} INFO - [2025-03-28T00:02:37.377+0000] {dag.py:3229} INFO - Sync 1 DAGs
[2025-03-28T00:02:37.399+0000] {logging_mixin.py:190} INFO - [2025-03-28T00:02:37.399+0000] {dag.py:4156} INFO - Setting next_dagrun for elt_snowflake_optimized to 2025-03-27 02:45:00+00:00, run_after=2025-03-28 02:45:00+00:00
[2025-03-28T00:02:37.415+0000] {processor.py:208} INFO - Processing /opt/airflow/dags/hw6.py took 0.089 seconds
[2025-03-28T00:03:08.055+0000] {processor.py:186} INFO - Started process (PID=17761) to work on /opt/airflow/dags/hw6.py
[2025-03-28T00:03:08.056+0000] {processor.py:914} INFO - Processing file /opt/airflow/dags/hw6.py for tasks to queue
[2025-03-28T00:03:08.057+0000] {logging_mixin.py:190} INFO - [2025-03-28T00:03:08.057+0000] {dagbag.py:587} INFO - Filling up the DagBag from /opt/airflow/dags/hw6.py
[2025-03-28T00:03:08.074+0000] {processor.py:925} INFO - DAG(s) 'elt_snowflake_optimized' retrieved from /opt/airflow/dags/hw6.py
[2025-03-28T00:03:08.098+0000] {logging_mixin.py:190} INFO - [2025-03-28T00:03:08.096+0000] {dag.py:3229} INFO - Sync 1 DAGs
[2025-03-28T00:03:08.117+0000] {logging_mixin.py:190} INFO - [2025-03-28T00:03:08.117+0000] {dag.py:4156} INFO - Setting next_dagrun for elt_snowflake_optimized to 2025-03-27 02:45:00+00:00, run_after=2025-03-28 02:45:00+00:00
[2025-03-28T00:03:08.132+0000] {processor.py:208} INFO - Processing /opt/airflow/dags/hw6.py took 0.081 seconds
[2025-03-28T00:03:38.775+0000] {processor.py:186} INFO - Started process (PID=17797) to work on /opt/airflow/dags/hw6.py
[2025-03-28T00:03:38.776+0000] {processor.py:914} INFO - Processing file /opt/airflow/dags/hw6.py for tasks to queue
[2025-03-28T00:03:38.777+0000] {logging_mixin.py:190} INFO - [2025-03-28T00:03:38.777+0000] {dagbag.py:587} INFO - Filling up the DagBag from /opt/airflow/dags/hw6.py
[2025-03-28T00:03:38.795+0000] {processor.py:925} INFO - DAG(s) 'elt_snowflake_optimized' retrieved from /opt/airflow/dags/hw6.py
[2025-03-28T00:03:38.817+0000] {logging_mixin.py:190} INFO - [2025-03-28T00:03:38.816+0000] {dag.py:3229} INFO - Sync 1 DAGs
[2025-03-28T00:03:38.836+0000] {logging_mixin.py:190} INFO - [2025-03-28T00:03:38.836+0000] {dag.py:4156} INFO - Setting next_dagrun for elt_snowflake_optimized to 2025-03-27 02:45:00+00:00, run_after=2025-03-28 02:45:00+00:00
[2025-03-28T00:03:38.854+0000] {processor.py:208} INFO - Processing /opt/airflow/dags/hw6.py took 0.084 seconds
[2025-03-28T00:04:09.486+0000] {processor.py:186} INFO - Started process (PID=17833) to work on /opt/airflow/dags/hw6.py
[2025-03-28T00:04:09.487+0000] {processor.py:914} INFO - Processing file /opt/airflow/dags/hw6.py for tasks to queue
[2025-03-28T00:04:09.489+0000] {logging_mixin.py:190} INFO - [2025-03-28T00:04:09.488+0000] {dagbag.py:587} INFO - Filling up the DagBag from /opt/airflow/dags/hw6.py
[2025-03-28T00:04:09.506+0000] {processor.py:925} INFO - DAG(s) 'elt_snowflake_optimized' retrieved from /opt/airflow/dags/hw6.py
[2025-03-28T00:04:09.528+0000] {logging_mixin.py:190} INFO - [2025-03-28T00:04:09.527+0000] {dag.py:3229} INFO - Sync 1 DAGs
[2025-03-28T00:04:09.548+0000] {logging_mixin.py:190} INFO - [2025-03-28T00:04:09.547+0000] {dag.py:4156} INFO - Setting next_dagrun for elt_snowflake_optimized to 2025-03-27 02:45:00+00:00, run_after=2025-03-28 02:45:00+00:00
[2025-03-28T00:04:09.562+0000] {processor.py:208} INFO - Processing /opt/airflow/dags/hw6.py took 0.081 seconds
[2025-03-28T00:04:40.224+0000] {processor.py:186} INFO - Started process (PID=17868) to work on /opt/airflow/dags/hw6.py
[2025-03-28T00:04:40.225+0000] {processor.py:914} INFO - Processing file /opt/airflow/dags/hw6.py for tasks to queue
[2025-03-28T00:04:40.226+0000] {logging_mixin.py:190} INFO - [2025-03-28T00:04:40.226+0000] {dagbag.py:587} INFO - Filling up the DagBag from /opt/airflow/dags/hw6.py
[2025-03-28T00:04:40.244+0000] {processor.py:925} INFO - DAG(s) 'elt_snowflake_optimized' retrieved from /opt/airflow/dags/hw6.py
[2025-03-28T00:04:40.266+0000] {logging_mixin.py:190} INFO - [2025-03-28T00:04:40.265+0000] {dag.py:3229} INFO - Sync 1 DAGs
[2025-03-28T00:04:40.284+0000] {logging_mixin.py:190} INFO - [2025-03-28T00:04:40.284+0000] {dag.py:4156} INFO - Setting next_dagrun for elt_snowflake_optimized to 2025-03-27 02:45:00+00:00, run_after=2025-03-28 02:45:00+00:00
[2025-03-28T00:04:40.300+0000] {processor.py:208} INFO - Processing /opt/airflow/dags/hw6.py took 0.081 seconds
[2025-03-28T00:05:11.018+0000] {processor.py:186} INFO - Started process (PID=17904) to work on /opt/airflow/dags/hw6.py
[2025-03-28T00:05:11.019+0000] {processor.py:914} INFO - Processing file /opt/airflow/dags/hw6.py for tasks to queue
[2025-03-28T00:05:11.020+0000] {logging_mixin.py:190} INFO - [2025-03-28T00:05:11.020+0000] {dagbag.py:587} INFO - Filling up the DagBag from /opt/airflow/dags/hw6.py
[2025-03-28T00:05:11.037+0000] {processor.py:925} INFO - DAG(s) 'elt_snowflake_optimized' retrieved from /opt/airflow/dags/hw6.py
[2025-03-28T00:05:11.058+0000] {logging_mixin.py:190} INFO - [2025-03-28T00:05:11.057+0000] {dag.py:3229} INFO - Sync 1 DAGs
[2025-03-28T00:05:11.076+0000] {logging_mixin.py:190} INFO - [2025-03-28T00:05:11.075+0000] {dag.py:4156} INFO - Setting next_dagrun for elt_snowflake_optimized to 2025-03-27 02:45:00+00:00, run_after=2025-03-28 02:45:00+00:00
[2025-03-28T00:05:11.090+0000] {processor.py:208} INFO - Processing /opt/airflow/dags/hw6.py took 0.076 seconds
[2025-03-28T00:05:41.792+0000] {processor.py:186} INFO - Started process (PID=17940) to work on /opt/airflow/dags/hw6.py
[2025-03-28T00:05:41.793+0000] {processor.py:914} INFO - Processing file /opt/airflow/dags/hw6.py for tasks to queue
[2025-03-28T00:05:41.794+0000] {logging_mixin.py:190} INFO - [2025-03-28T00:05:41.794+0000] {dagbag.py:587} INFO - Filling up the DagBag from /opt/airflow/dags/hw6.py
[2025-03-28T00:05:41.811+0000] {processor.py:925} INFO - DAG(s) 'elt_snowflake_optimized' retrieved from /opt/airflow/dags/hw6.py
[2025-03-28T00:05:41.832+0000] {logging_mixin.py:190} INFO - [2025-03-28T00:05:41.831+0000] {dag.py:3229} INFO - Sync 1 DAGs
[2025-03-28T00:05:41.849+0000] {logging_mixin.py:190} INFO - [2025-03-28T00:05:41.849+0000] {dag.py:4156} INFO - Setting next_dagrun for elt_snowflake_optimized to 2025-03-27 02:45:00+00:00, run_after=2025-03-28 02:45:00+00:00
[2025-03-28T00:05:41.865+0000] {processor.py:208} INFO - Processing /opt/airflow/dags/hw6.py took 0.078 seconds
[2025-03-28T00:06:12.127+0000] {processor.py:186} INFO - Started process (PID=17976) to work on /opt/airflow/dags/hw6.py
[2025-03-28T00:06:12.128+0000] {processor.py:914} INFO - Processing file /opt/airflow/dags/hw6.py for tasks to queue
[2025-03-28T00:06:12.129+0000] {logging_mixin.py:190} INFO - [2025-03-28T00:06:12.129+0000] {dagbag.py:587} INFO - Filling up the DagBag from /opt/airflow/dags/hw6.py
[2025-03-28T00:06:12.147+0000] {processor.py:925} INFO - DAG(s) 'elt_snowflake_optimized' retrieved from /opt/airflow/dags/hw6.py
[2025-03-28T00:06:12.169+0000] {logging_mixin.py:190} INFO - [2025-03-28T00:06:12.168+0000] {dag.py:3229} INFO - Sync 1 DAGs
[2025-03-28T00:06:12.190+0000] {logging_mixin.py:190} INFO - [2025-03-28T00:06:12.189+0000] {dag.py:4156} INFO - Setting next_dagrun for elt_snowflake_optimized to 2025-03-27 02:45:00+00:00, run_after=2025-03-28 02:45:00+00:00
[2025-03-28T00:06:12.204+0000] {processor.py:208} INFO - Processing /opt/airflow/dags/hw6.py took 0.083 seconds
[2025-03-28T00:06:42.864+0000] {processor.py:186} INFO - Started process (PID=18012) to work on /opt/airflow/dags/hw6.py
[2025-03-28T00:06:42.864+0000] {processor.py:914} INFO - Processing file /opt/airflow/dags/hw6.py for tasks to queue
[2025-03-28T00:06:42.866+0000] {logging_mixin.py:190} INFO - [2025-03-28T00:06:42.865+0000] {dagbag.py:587} INFO - Filling up the DagBag from /opt/airflow/dags/hw6.py
[2025-03-28T00:06:42.883+0000] {processor.py:925} INFO - DAG(s) 'elt_snowflake_optimized' retrieved from /opt/airflow/dags/hw6.py
[2025-03-28T00:06:42.905+0000] {logging_mixin.py:190} INFO - [2025-03-28T00:06:42.904+0000] {dag.py:3229} INFO - Sync 1 DAGs
[2025-03-28T00:06:42.924+0000] {logging_mixin.py:190} INFO - [2025-03-28T00:06:42.924+0000] {dag.py:4156} INFO - Setting next_dagrun for elt_snowflake_optimized to 2025-03-27 02:45:00+00:00, run_after=2025-03-28 02:45:00+00:00
[2025-03-28T00:06:42.948+0000] {processor.py:208} INFO - Processing /opt/airflow/dags/hw6.py took 0.089 seconds
[2025-03-28T00:07:13.587+0000] {processor.py:186} INFO - Started process (PID=18048) to work on /opt/airflow/dags/hw6.py
[2025-03-28T00:07:13.589+0000] {processor.py:914} INFO - Processing file /opt/airflow/dags/hw6.py for tasks to queue
[2025-03-28T00:07:13.590+0000] {logging_mixin.py:190} INFO - [2025-03-28T00:07:13.590+0000] {dagbag.py:587} INFO - Filling up the DagBag from /opt/airflow/dags/hw6.py
[2025-03-28T00:07:13.612+0000] {processor.py:925} INFO - DAG(s) 'elt_snowflake_optimized' retrieved from /opt/airflow/dags/hw6.py
[2025-03-28T00:07:13.638+0000] {logging_mixin.py:190} INFO - [2025-03-28T00:07:13.637+0000] {dag.py:3229} INFO - Sync 1 DAGs
[2025-03-28T00:07:13.657+0000] {logging_mixin.py:190} INFO - [2025-03-28T00:07:13.657+0000] {dag.py:4156} INFO - Setting next_dagrun for elt_snowflake_optimized to 2025-03-27 02:45:00+00:00, run_after=2025-03-28 02:45:00+00:00
[2025-03-28T00:07:13.674+0000] {processor.py:208} INFO - Processing /opt/airflow/dags/hw6.py took 0.091 seconds
[2025-03-28T00:07:44.340+0000] {processor.py:186} INFO - Started process (PID=18084) to work on /opt/airflow/dags/hw6.py
[2025-03-28T00:07:44.341+0000] {processor.py:914} INFO - Processing file /opt/airflow/dags/hw6.py for tasks to queue
[2025-03-28T00:07:44.342+0000] {logging_mixin.py:190} INFO - [2025-03-28T00:07:44.342+0000] {dagbag.py:587} INFO - Filling up the DagBag from /opt/airflow/dags/hw6.py
[2025-03-28T00:07:44.361+0000] {processor.py:925} INFO - DAG(s) 'elt_snowflake_optimized' retrieved from /opt/airflow/dags/hw6.py
[2025-03-28T00:07:44.382+0000] {logging_mixin.py:190} INFO - [2025-03-28T00:07:44.381+0000] {dag.py:3229} INFO - Sync 1 DAGs
[2025-03-28T00:07:44.402+0000] {logging_mixin.py:190} INFO - [2025-03-28T00:07:44.402+0000] {dag.py:4156} INFO - Setting next_dagrun for elt_snowflake_optimized to 2025-03-27 02:45:00+00:00, run_after=2025-03-28 02:45:00+00:00
[2025-03-28T00:07:44.420+0000] {processor.py:208} INFO - Processing /opt/airflow/dags/hw6.py took 0.085 seconds
[2025-03-28T00:08:15.112+0000] {processor.py:186} INFO - Started process (PID=18120) to work on /opt/airflow/dags/hw6.py
[2025-03-28T00:08:15.113+0000] {processor.py:914} INFO - Processing file /opt/airflow/dags/hw6.py for tasks to queue
[2025-03-28T00:08:15.114+0000] {logging_mixin.py:190} INFO - [2025-03-28T00:08:15.114+0000] {dagbag.py:587} INFO - Filling up the DagBag from /opt/airflow/dags/hw6.py
[2025-03-28T00:08:15.133+0000] {processor.py:925} INFO - DAG(s) 'elt_snowflake_optimized' retrieved from /opt/airflow/dags/hw6.py
[2025-03-28T00:08:15.154+0000] {logging_mixin.py:190} INFO - [2025-03-28T00:08:15.153+0000] {dag.py:3229} INFO - Sync 1 DAGs
[2025-03-28T00:08:15.177+0000] {logging_mixin.py:190} INFO - [2025-03-28T00:08:15.177+0000] {dag.py:4156} INFO - Setting next_dagrun for elt_snowflake_optimized to 2025-03-27 02:45:00+00:00, run_after=2025-03-28 02:45:00+00:00
[2025-03-28T00:08:15.194+0000] {processor.py:208} INFO - Processing /opt/airflow/dags/hw6.py took 0.087 seconds
[2025-03-28T00:08:45.875+0000] {processor.py:186} INFO - Started process (PID=18156) to work on /opt/airflow/dags/hw6.py
[2025-03-28T00:08:45.876+0000] {processor.py:914} INFO - Processing file /opt/airflow/dags/hw6.py for tasks to queue
[2025-03-28T00:08:45.877+0000] {logging_mixin.py:190} INFO - [2025-03-28T00:08:45.877+0000] {dagbag.py:587} INFO - Filling up the DagBag from /opt/airflow/dags/hw6.py
[2025-03-28T00:08:45.898+0000] {processor.py:925} INFO - DAG(s) 'elt_snowflake_optimized' retrieved from /opt/airflow/dags/hw6.py
[2025-03-28T00:08:45.920+0000] {logging_mixin.py:190} INFO - [2025-03-28T00:08:45.919+0000] {dag.py:3229} INFO - Sync 1 DAGs
[2025-03-28T00:08:45.942+0000] {logging_mixin.py:190} INFO - [2025-03-28T00:08:45.941+0000] {dag.py:4156} INFO - Setting next_dagrun for elt_snowflake_optimized to 2025-03-27 02:45:00+00:00, run_after=2025-03-28 02:45:00+00:00
[2025-03-28T00:08:45.958+0000] {processor.py:208} INFO - Processing /opt/airflow/dags/hw6.py took 0.088 seconds
[2025-03-28T00:09:16.657+0000] {processor.py:186} INFO - Started process (PID=18192) to work on /opt/airflow/dags/hw6.py
[2025-03-28T00:09:16.658+0000] {processor.py:914} INFO - Processing file /opt/airflow/dags/hw6.py for tasks to queue
[2025-03-28T00:09:16.660+0000] {logging_mixin.py:190} INFO - [2025-03-28T00:09:16.659+0000] {dagbag.py:587} INFO - Filling up the DagBag from /opt/airflow/dags/hw6.py
[2025-03-28T00:09:16.677+0000] {processor.py:925} INFO - DAG(s) 'elt_snowflake_optimized' retrieved from /opt/airflow/dags/hw6.py
[2025-03-28T00:09:16.700+0000] {logging_mixin.py:190} INFO - [2025-03-28T00:09:16.699+0000] {dag.py:3229} INFO - Sync 1 DAGs
[2025-03-28T00:09:16.721+0000] {logging_mixin.py:190} INFO - [2025-03-28T00:09:16.721+0000] {dag.py:4156} INFO - Setting next_dagrun for elt_snowflake_optimized to 2025-03-27 02:45:00+00:00, run_after=2025-03-28 02:45:00+00:00
[2025-03-28T00:09:16.737+0000] {processor.py:208} INFO - Processing /opt/airflow/dags/hw6.py took 0.085 seconds
[2025-03-28T00:09:47.473+0000] {processor.py:186} INFO - Started process (PID=18228) to work on /opt/airflow/dags/hw6.py
[2025-03-28T00:09:47.474+0000] {processor.py:914} INFO - Processing file /opt/airflow/dags/hw6.py for tasks to queue
[2025-03-28T00:09:47.475+0000] {logging_mixin.py:190} INFO - [2025-03-28T00:09:47.475+0000] {dagbag.py:587} INFO - Filling up the DagBag from /opt/airflow/dags/hw6.py
[2025-03-28T00:09:47.492+0000] {processor.py:925} INFO - DAG(s) 'elt_snowflake_optimized' retrieved from /opt/airflow/dags/hw6.py
[2025-03-28T00:09:47.517+0000] {logging_mixin.py:190} INFO - [2025-03-28T00:09:47.516+0000] {dag.py:3229} INFO - Sync 1 DAGs
[2025-03-28T00:09:47.538+0000] {logging_mixin.py:190} INFO - [2025-03-28T00:09:47.537+0000] {dag.py:4156} INFO - Setting next_dagrun for elt_snowflake_optimized to 2025-03-27 02:45:00+00:00, run_after=2025-03-28 02:45:00+00:00
[2025-03-28T00:09:47.554+0000] {processor.py:208} INFO - Processing /opt/airflow/dags/hw6.py took 0.085 seconds
[2025-03-28T00:10:18.210+0000] {processor.py:186} INFO - Started process (PID=18264) to work on /opt/airflow/dags/hw6.py
[2025-03-28T00:10:18.211+0000] {processor.py:914} INFO - Processing file /opt/airflow/dags/hw6.py for tasks to queue
[2025-03-28T00:10:18.213+0000] {logging_mixin.py:190} INFO - [2025-03-28T00:10:18.213+0000] {dagbag.py:587} INFO - Filling up the DagBag from /opt/airflow/dags/hw6.py
[2025-03-28T00:10:18.229+0000] {processor.py:925} INFO - DAG(s) 'elt_snowflake_optimized' retrieved from /opt/airflow/dags/hw6.py
[2025-03-28T00:10:18.251+0000] {logging_mixin.py:190} INFO - [2025-03-28T00:10:18.250+0000] {dag.py:3229} INFO - Sync 1 DAGs
[2025-03-28T00:10:18.272+0000] {logging_mixin.py:190} INFO - [2025-03-28T00:10:18.272+0000] {dag.py:4156} INFO - Setting next_dagrun for elt_snowflake_optimized to 2025-03-27 02:45:00+00:00, run_after=2025-03-28 02:45:00+00:00
[2025-03-28T00:10:18.290+0000] {processor.py:208} INFO - Processing /opt/airflow/dags/hw6.py took 0.085 seconds
[2025-03-28T00:10:48.602+0000] {processor.py:186} INFO - Started process (PID=18300) to work on /opt/airflow/dags/hw6.py
[2025-03-28T00:10:48.603+0000] {processor.py:914} INFO - Processing file /opt/airflow/dags/hw6.py for tasks to queue
[2025-03-28T00:10:48.604+0000] {logging_mixin.py:190} INFO - [2025-03-28T00:10:48.603+0000] {dagbag.py:587} INFO - Filling up the DagBag from /opt/airflow/dags/hw6.py
[2025-03-28T00:10:48.619+0000] {processor.py:925} INFO - DAG(s) 'elt_snowflake_optimized' retrieved from /opt/airflow/dags/hw6.py
[2025-03-28T00:10:48.640+0000] {logging_mixin.py:190} INFO - [2025-03-28T00:10:48.639+0000] {dag.py:3229} INFO - Sync 1 DAGs
[2025-03-28T00:10:48.660+0000] {logging_mixin.py:190} INFO - [2025-03-28T00:10:48.659+0000] {dag.py:4156} INFO - Setting next_dagrun for elt_snowflake_optimized to 2025-03-27 02:45:00+00:00, run_after=2025-03-28 02:45:00+00:00
[2025-03-28T00:10:48.676+0000] {processor.py:208} INFO - Processing /opt/airflow/dags/hw6.py took 0.079 seconds
[2025-03-28T00:11:19.334+0000] {processor.py:186} INFO - Started process (PID=18336) to work on /opt/airflow/dags/hw6.py
[2025-03-28T00:11:19.335+0000] {processor.py:914} INFO - Processing file /opt/airflow/dags/hw6.py for tasks to queue
[2025-03-28T00:11:19.336+0000] {logging_mixin.py:190} INFO - [2025-03-28T00:11:19.336+0000] {dagbag.py:587} INFO - Filling up the DagBag from /opt/airflow/dags/hw6.py
[2025-03-28T00:11:19.355+0000] {processor.py:925} INFO - DAG(s) 'elt_snowflake_optimized' retrieved from /opt/airflow/dags/hw6.py
[2025-03-28T00:11:19.376+0000] {logging_mixin.py:190} INFO - [2025-03-28T00:11:19.375+0000] {dag.py:3229} INFO - Sync 1 DAGs
[2025-03-28T00:11:19.396+0000] {logging_mixin.py:190} INFO - [2025-03-28T00:11:19.396+0000] {dag.py:4156} INFO - Setting next_dagrun for elt_snowflake_optimized to 2025-03-27 02:45:00+00:00, run_after=2025-03-28 02:45:00+00:00
[2025-03-28T00:11:19.411+0000] {processor.py:208} INFO - Processing /opt/airflow/dags/hw6.py took 0.081 seconds
[2025-03-28T00:11:50.076+0000] {processor.py:186} INFO - Started process (PID=18372) to work on /opt/airflow/dags/hw6.py
[2025-03-28T00:11:50.077+0000] {processor.py:914} INFO - Processing file /opt/airflow/dags/hw6.py for tasks to queue
[2025-03-28T00:11:50.079+0000] {logging_mixin.py:190} INFO - [2025-03-28T00:11:50.078+0000] {dagbag.py:587} INFO - Filling up the DagBag from /opt/airflow/dags/hw6.py
[2025-03-28T00:11:50.097+0000] {processor.py:925} INFO - DAG(s) 'elt_snowflake_optimized' retrieved from /opt/airflow/dags/hw6.py
[2025-03-28T00:11:50.119+0000] {logging_mixin.py:190} INFO - [2025-03-28T00:11:50.117+0000] {dag.py:3229} INFO - Sync 1 DAGs
[2025-03-28T00:11:50.138+0000] {logging_mixin.py:190} INFO - [2025-03-28T00:11:50.138+0000] {dag.py:4156} INFO - Setting next_dagrun for elt_snowflake_optimized to 2025-03-27 02:45:00+00:00, run_after=2025-03-28 02:45:00+00:00
[2025-03-28T00:11:50.153+0000] {processor.py:208} INFO - Processing /opt/airflow/dags/hw6.py took 0.082 seconds
[2025-03-28T00:12:20.833+0000] {processor.py:186} INFO - Started process (PID=18408) to work on /opt/airflow/dags/hw6.py
[2025-03-28T00:12:20.834+0000] {processor.py:914} INFO - Processing file /opt/airflow/dags/hw6.py for tasks to queue
[2025-03-28T00:12:20.835+0000] {logging_mixin.py:190} INFO - [2025-03-28T00:12:20.835+0000] {dagbag.py:587} INFO - Filling up the DagBag from /opt/airflow/dags/hw6.py
[2025-03-28T00:12:20.853+0000] {processor.py:925} INFO - DAG(s) 'elt_snowflake_optimized' retrieved from /opt/airflow/dags/hw6.py
[2025-03-28T00:12:20.875+0000] {logging_mixin.py:190} INFO - [2025-03-28T00:12:20.874+0000] {dag.py:3229} INFO - Sync 1 DAGs
[2025-03-28T00:12:20.894+0000] {logging_mixin.py:190} INFO - [2025-03-28T00:12:20.894+0000] {dag.py:4156} INFO - Setting next_dagrun for elt_snowflake_optimized to 2025-03-27 02:45:00+00:00, run_after=2025-03-28 02:45:00+00:00
[2025-03-28T00:12:20.910+0000] {processor.py:208} INFO - Processing /opt/airflow/dags/hw6.py took 0.083 seconds
[2025-03-28T00:12:51.588+0000] {processor.py:186} INFO - Started process (PID=18444) to work on /opt/airflow/dags/hw6.py
[2025-03-28T00:12:51.590+0000] {processor.py:914} INFO - Processing file /opt/airflow/dags/hw6.py for tasks to queue
[2025-03-28T00:12:51.591+0000] {logging_mixin.py:190} INFO - [2025-03-28T00:12:51.591+0000] {dagbag.py:587} INFO - Filling up the DagBag from /opt/airflow/dags/hw6.py
[2025-03-28T00:12:51.611+0000] {processor.py:925} INFO - DAG(s) 'elt_snowflake_optimized' retrieved from /opt/airflow/dags/hw6.py
[2025-03-28T00:12:51.633+0000] {logging_mixin.py:190} INFO - [2025-03-28T00:12:51.632+0000] {dag.py:3229} INFO - Sync 1 DAGs
[2025-03-28T00:12:51.657+0000] {logging_mixin.py:190} INFO - [2025-03-28T00:12:51.657+0000] {dag.py:4156} INFO - Setting next_dagrun for elt_snowflake_optimized to 2025-03-27 02:45:00+00:00, run_after=2025-03-28 02:45:00+00:00
[2025-03-28T00:12:51.672+0000] {processor.py:208} INFO - Processing /opt/airflow/dags/hw6.py took 0.089 seconds
[2025-03-28T00:13:22.403+0000] {processor.py:186} INFO - Started process (PID=18480) to work on /opt/airflow/dags/hw6.py
[2025-03-28T00:13:22.405+0000] {processor.py:914} INFO - Processing file /opt/airflow/dags/hw6.py for tasks to queue
[2025-03-28T00:13:22.406+0000] {logging_mixin.py:190} INFO - [2025-03-28T00:13:22.406+0000] {dagbag.py:587} INFO - Filling up the DagBag from /opt/airflow/dags/hw6.py
[2025-03-28T00:13:22.425+0000] {processor.py:925} INFO - DAG(s) 'elt_snowflake_optimized' retrieved from /opt/airflow/dags/hw6.py
[2025-03-28T00:13:22.452+0000] {logging_mixin.py:190} INFO - [2025-03-28T00:13:22.450+0000] {dag.py:3229} INFO - Sync 1 DAGs
[2025-03-28T00:13:22.475+0000] {logging_mixin.py:190} INFO - [2025-03-28T00:13:22.474+0000] {dag.py:4156} INFO - Setting next_dagrun for elt_snowflake_optimized to 2025-03-27 02:45:00+00:00, run_after=2025-03-28 02:45:00+00:00
[2025-03-28T00:13:22.492+0000] {processor.py:208} INFO - Processing /opt/airflow/dags/hw6.py took 0.095 seconds
[2025-03-28T00:13:53.211+0000] {processor.py:186} INFO - Started process (PID=18516) to work on /opt/airflow/dags/hw6.py
[2025-03-28T00:13:53.212+0000] {processor.py:914} INFO - Processing file /opt/airflow/dags/hw6.py for tasks to queue
[2025-03-28T00:13:53.214+0000] {logging_mixin.py:190} INFO - [2025-03-28T00:13:53.213+0000] {dagbag.py:587} INFO - Filling up the DagBag from /opt/airflow/dags/hw6.py
[2025-03-28T00:13:53.232+0000] {processor.py:925} INFO - DAG(s) 'elt_snowflake_optimized' retrieved from /opt/airflow/dags/hw6.py
[2025-03-28T00:13:53.253+0000] {logging_mixin.py:190} INFO - [2025-03-28T00:13:53.252+0000] {dag.py:3229} INFO - Sync 1 DAGs
[2025-03-28T00:13:53.271+0000] {logging_mixin.py:190} INFO - [2025-03-28T00:13:53.271+0000] {dag.py:4156} INFO - Setting next_dagrun for elt_snowflake_optimized to 2025-03-27 02:45:00+00:00, run_after=2025-03-28 02:45:00+00:00
[2025-03-28T00:13:53.287+0000] {processor.py:208} INFO - Processing /opt/airflow/dags/hw6.py took 0.080 seconds
[2025-03-28T00:14:23.908+0000] {processor.py:186} INFO - Started process (PID=18552) to work on /opt/airflow/dags/hw6.py
[2025-03-28T00:14:23.909+0000] {processor.py:914} INFO - Processing file /opt/airflow/dags/hw6.py for tasks to queue
[2025-03-28T00:14:23.910+0000] {logging_mixin.py:190} INFO - [2025-03-28T00:14:23.910+0000] {dagbag.py:587} INFO - Filling up the DagBag from /opt/airflow/dags/hw6.py
[2025-03-28T00:14:23.927+0000] {processor.py:925} INFO - DAG(s) 'elt_snowflake_optimized' retrieved from /opt/airflow/dags/hw6.py
[2025-03-28T00:14:23.948+0000] {logging_mixin.py:190} INFO - [2025-03-28T00:14:23.947+0000] {dag.py:3229} INFO - Sync 1 DAGs
[2025-03-28T00:14:23.967+0000] {logging_mixin.py:190} INFO - [2025-03-28T00:14:23.966+0000] {dag.py:4156} INFO - Setting next_dagrun for elt_snowflake_optimized to 2025-03-27 02:45:00+00:00, run_after=2025-03-28 02:45:00+00:00
[2025-03-28T00:14:23.981+0000] {processor.py:208} INFO - Processing /opt/airflow/dags/hw6.py took 0.077 seconds
[2025-03-28T00:14:54.668+0000] {processor.py:186} INFO - Started process (PID=18588) to work on /opt/airflow/dags/hw6.py
[2025-03-28T00:14:54.669+0000] {processor.py:914} INFO - Processing file /opt/airflow/dags/hw6.py for tasks to queue
[2025-03-28T00:14:54.670+0000] {logging_mixin.py:190} INFO - [2025-03-28T00:14:54.670+0000] {dagbag.py:587} INFO - Filling up the DagBag from /opt/airflow/dags/hw6.py
[2025-03-28T00:14:54.691+0000] {processor.py:925} INFO - DAG(s) 'elt_snowflake_optimized' retrieved from /opt/airflow/dags/hw6.py
[2025-03-28T00:14:54.712+0000] {logging_mixin.py:190} INFO - [2025-03-28T00:14:54.711+0000] {dag.py:3229} INFO - Sync 1 DAGs
[2025-03-28T00:14:54.731+0000] {logging_mixin.py:190} INFO - [2025-03-28T00:14:54.731+0000] {dag.py:4156} INFO - Setting next_dagrun for elt_snowflake_optimized to 2025-03-27 02:45:00+00:00, run_after=2025-03-28 02:45:00+00:00
[2025-03-28T00:14:54.748+0000] {processor.py:208} INFO - Processing /opt/airflow/dags/hw6.py took 0.084 seconds
[2025-03-28T00:15:25.394+0000] {processor.py:186} INFO - Started process (PID=18624) to work on /opt/airflow/dags/hw6.py
[2025-03-28T00:15:25.395+0000] {processor.py:914} INFO - Processing file /opt/airflow/dags/hw6.py for tasks to queue
[2025-03-28T00:15:25.396+0000] {logging_mixin.py:190} INFO - [2025-03-28T00:15:25.395+0000] {dagbag.py:587} INFO - Filling up the DagBag from /opt/airflow/dags/hw6.py
[2025-03-28T00:15:25.414+0000] {processor.py:925} INFO - DAG(s) 'elt_snowflake_optimized' retrieved from /opt/airflow/dags/hw6.py
[2025-03-28T00:15:25.435+0000] {logging_mixin.py:190} INFO - [2025-03-28T00:15:25.434+0000] {dag.py:3229} INFO - Sync 1 DAGs
[2025-03-28T00:15:25.455+0000] {logging_mixin.py:190} INFO - [2025-03-28T00:15:25.455+0000] {dag.py:4156} INFO - Setting next_dagrun for elt_snowflake_optimized to 2025-03-27 02:45:00+00:00, run_after=2025-03-28 02:45:00+00:00
[2025-03-28T00:15:25.470+0000] {processor.py:208} INFO - Processing /opt/airflow/dags/hw6.py took 0.081 seconds
[2025-03-28T00:15:55.844+0000] {processor.py:186} INFO - Started process (PID=18660) to work on /opt/airflow/dags/hw6.py
[2025-03-28T00:15:55.845+0000] {processor.py:914} INFO - Processing file /opt/airflow/dags/hw6.py for tasks to queue
[2025-03-28T00:15:55.846+0000] {logging_mixin.py:190} INFO - [2025-03-28T00:15:55.845+0000] {dagbag.py:587} INFO - Filling up the DagBag from /opt/airflow/dags/hw6.py
[2025-03-28T00:15:55.862+0000] {processor.py:925} INFO - DAG(s) 'elt_snowflake_optimized' retrieved from /opt/airflow/dags/hw6.py
[2025-03-28T00:15:55.884+0000] {logging_mixin.py:190} INFO - [2025-03-28T00:15:55.882+0000] {dag.py:3229} INFO - Sync 1 DAGs
[2025-03-28T00:15:55.902+0000] {logging_mixin.py:190} INFO - [2025-03-28T00:15:55.902+0000] {dag.py:4156} INFO - Setting next_dagrun for elt_snowflake_optimized to 2025-03-27 02:45:00+00:00, run_after=2025-03-28 02:45:00+00:00
[2025-03-28T00:15:55.917+0000] {processor.py:208} INFO - Processing /opt/airflow/dags/hw6.py took 0.078 seconds
[2025-03-28T00:16:26.586+0000] {processor.py:186} INFO - Started process (PID=18696) to work on /opt/airflow/dags/hw6.py
[2025-03-28T00:16:26.587+0000] {processor.py:914} INFO - Processing file /opt/airflow/dags/hw6.py for tasks to queue
[2025-03-28T00:16:26.588+0000] {logging_mixin.py:190} INFO - [2025-03-28T00:16:26.588+0000] {dagbag.py:587} INFO - Filling up the DagBag from /opt/airflow/dags/hw6.py
[2025-03-28T00:16:26.606+0000] {processor.py:925} INFO - DAG(s) 'elt_snowflake_optimized' retrieved from /opt/airflow/dags/hw6.py
[2025-03-28T00:16:26.627+0000] {logging_mixin.py:190} INFO - [2025-03-28T00:16:26.625+0000] {dag.py:3229} INFO - Sync 1 DAGs
[2025-03-28T00:16:26.646+0000] {logging_mixin.py:190} INFO - [2025-03-28T00:16:26.646+0000] {dag.py:4156} INFO - Setting next_dagrun for elt_snowflake_optimized to 2025-03-27 02:45:00+00:00, run_after=2025-03-28 02:45:00+00:00
[2025-03-28T00:16:26.664+0000] {processor.py:208} INFO - Processing /opt/airflow/dags/hw6.py took 0.083 seconds
[2025-03-28T00:16:57.331+0000] {processor.py:186} INFO - Started process (PID=18733) to work on /opt/airflow/dags/hw6.py
[2025-03-28T00:16:57.332+0000] {processor.py:914} INFO - Processing file /opt/airflow/dags/hw6.py for tasks to queue
[2025-03-28T00:16:57.333+0000] {logging_mixin.py:190} INFO - [2025-03-28T00:16:57.333+0000] {dagbag.py:587} INFO - Filling up the DagBag from /opt/airflow/dags/hw6.py
[2025-03-28T00:16:57.353+0000] {processor.py:925} INFO - DAG(s) 'elt_snowflake_optimized' retrieved from /opt/airflow/dags/hw6.py
[2025-03-28T00:16:57.378+0000] {logging_mixin.py:190} INFO - [2025-03-28T00:16:57.376+0000] {dag.py:3229} INFO - Sync 1 DAGs
[2025-03-28T00:16:57.400+0000] {logging_mixin.py:190} INFO - [2025-03-28T00:16:57.400+0000] {dag.py:4156} INFO - Setting next_dagrun for elt_snowflake_optimized to 2025-03-27 02:45:00+00:00, run_after=2025-03-28 02:45:00+00:00
[2025-03-28T00:16:57.416+0000] {processor.py:208} INFO - Processing /opt/airflow/dags/hw6.py took 0.090 seconds
[2025-03-28T00:17:28.118+0000] {processor.py:186} INFO - Started process (PID=18769) to work on /opt/airflow/dags/hw6.py
[2025-03-28T00:17:28.119+0000] {processor.py:914} INFO - Processing file /opt/airflow/dags/hw6.py for tasks to queue
[2025-03-28T00:17:28.120+0000] {logging_mixin.py:190} INFO - [2025-03-28T00:17:28.120+0000] {dagbag.py:587} INFO - Filling up the DagBag from /opt/airflow/dags/hw6.py
[2025-03-28T00:17:28.137+0000] {processor.py:925} INFO - DAG(s) 'elt_snowflake_optimized' retrieved from /opt/airflow/dags/hw6.py
[2025-03-28T00:17:28.158+0000] {logging_mixin.py:190} INFO - [2025-03-28T00:17:28.157+0000] {dag.py:3229} INFO - Sync 1 DAGs
[2025-03-28T00:17:28.180+0000] {logging_mixin.py:190} INFO - [2025-03-28T00:17:28.180+0000] {dag.py:4156} INFO - Setting next_dagrun for elt_snowflake_optimized to 2025-03-27 02:45:00+00:00, run_after=2025-03-28 02:45:00+00:00
[2025-03-28T00:17:28.195+0000] {processor.py:208} INFO - Processing /opt/airflow/dags/hw6.py took 0.082 seconds
[2025-03-28T00:17:58.870+0000] {processor.py:186} INFO - Started process (PID=18805) to work on /opt/airflow/dags/hw6.py
[2025-03-28T00:17:58.871+0000] {processor.py:914} INFO - Processing file /opt/airflow/dags/hw6.py for tasks to queue
[2025-03-28T00:17:58.872+0000] {logging_mixin.py:190} INFO - [2025-03-28T00:17:58.872+0000] {dagbag.py:587} INFO - Filling up the DagBag from /opt/airflow/dags/hw6.py
[2025-03-28T00:17:58.888+0000] {processor.py:925} INFO - DAG(s) 'elt_snowflake_optimized' retrieved from /opt/airflow/dags/hw6.py
[2025-03-28T00:17:58.910+0000] {logging_mixin.py:190} INFO - [2025-03-28T00:17:58.909+0000] {dag.py:3229} INFO - Sync 1 DAGs
[2025-03-28T00:17:58.930+0000] {logging_mixin.py:190} INFO - [2025-03-28T00:17:58.929+0000] {dag.py:4156} INFO - Setting next_dagrun for elt_snowflake_optimized to 2025-03-27 02:45:00+00:00, run_after=2025-03-28 02:45:00+00:00
[2025-03-28T00:17:58.946+0000] {processor.py:208} INFO - Processing /opt/airflow/dags/hw6.py took 0.082 seconds
[2025-03-28T00:18:29.598+0000] {processor.py:186} INFO - Started process (PID=18841) to work on /opt/airflow/dags/hw6.py
[2025-03-28T00:18:29.599+0000] {processor.py:914} INFO - Processing file /opt/airflow/dags/hw6.py for tasks to queue
[2025-03-28T00:18:29.600+0000] {logging_mixin.py:190} INFO - [2025-03-28T00:18:29.600+0000] {dagbag.py:587} INFO - Filling up the DagBag from /opt/airflow/dags/hw6.py
[2025-03-28T00:18:29.618+0000] {processor.py:925} INFO - DAG(s) 'elt_snowflake_optimized' retrieved from /opt/airflow/dags/hw6.py
[2025-03-28T00:18:29.639+0000] {logging_mixin.py:190} INFO - [2025-03-28T00:18:29.638+0000] {dag.py:3229} INFO - Sync 1 DAGs
[2025-03-28T00:18:29.661+0000] {logging_mixin.py:190} INFO - [2025-03-28T00:18:29.660+0000] {dag.py:4156} INFO - Setting next_dagrun for elt_snowflake_optimized to 2025-03-27 02:45:00+00:00, run_after=2025-03-28 02:45:00+00:00
[2025-03-28T00:18:29.676+0000] {processor.py:208} INFO - Processing /opt/airflow/dags/hw6.py took 0.083 seconds
[2025-03-28T00:19:00.341+0000] {processor.py:186} INFO - Started process (PID=18877) to work on /opt/airflow/dags/hw6.py
[2025-03-28T00:19:00.342+0000] {processor.py:914} INFO - Processing file /opt/airflow/dags/hw6.py for tasks to queue
[2025-03-28T00:19:00.344+0000] {logging_mixin.py:190} INFO - [2025-03-28T00:19:00.344+0000] {dagbag.py:587} INFO - Filling up the DagBag from /opt/airflow/dags/hw6.py
[2025-03-28T00:19:00.368+0000] {processor.py:925} INFO - DAG(s) 'elt_snowflake_optimized' retrieved from /opt/airflow/dags/hw6.py
[2025-03-28T00:19:00.390+0000] {logging_mixin.py:190} INFO - [2025-03-28T00:19:00.389+0000] {dag.py:3229} INFO - Sync 1 DAGs
[2025-03-28T00:19:00.411+0000] {logging_mixin.py:190} INFO - [2025-03-28T00:19:00.411+0000] {dag.py:4156} INFO - Setting next_dagrun for elt_snowflake_optimized to 2025-03-27 02:45:00+00:00, run_after=2025-03-28 02:45:00+00:00
[2025-03-28T00:19:00.428+0000] {processor.py:208} INFO - Processing /opt/airflow/dags/hw6.py took 0.091 seconds
[2025-03-28T00:19:31.092+0000] {processor.py:186} INFO - Started process (PID=18913) to work on /opt/airflow/dags/hw6.py
[2025-03-28T00:19:31.093+0000] {processor.py:914} INFO - Processing file /opt/airflow/dags/hw6.py for tasks to queue
[2025-03-28T00:19:31.094+0000] {logging_mixin.py:190} INFO - [2025-03-28T00:19:31.094+0000] {dagbag.py:587} INFO - Filling up the DagBag from /opt/airflow/dags/hw6.py
[2025-03-28T00:19:31.114+0000] {processor.py:925} INFO - DAG(s) 'elt_snowflake_optimized' retrieved from /opt/airflow/dags/hw6.py
[2025-03-28T00:19:31.137+0000] {logging_mixin.py:190} INFO - [2025-03-28T00:19:31.136+0000] {dag.py:3229} INFO - Sync 1 DAGs
[2025-03-28T00:19:31.157+0000] {logging_mixin.py:190} INFO - [2025-03-28T00:19:31.157+0000] {dag.py:4156} INFO - Setting next_dagrun for elt_snowflake_optimized to 2025-03-27 02:45:00+00:00, run_after=2025-03-28 02:45:00+00:00
[2025-03-28T00:19:31.173+0000] {processor.py:208} INFO - Processing /opt/airflow/dags/hw6.py took 0.087 seconds
[2025-03-28T00:20:01.877+0000] {processor.py:186} INFO - Started process (PID=18949) to work on /opt/airflow/dags/hw6.py
[2025-03-28T00:20:01.878+0000] {processor.py:914} INFO - Processing file /opt/airflow/dags/hw6.py for tasks to queue
[2025-03-28T00:20:01.880+0000] {logging_mixin.py:190} INFO - [2025-03-28T00:20:01.879+0000] {dagbag.py:587} INFO - Filling up the DagBag from /opt/airflow/dags/hw6.py
[2025-03-28T00:20:01.900+0000] {processor.py:925} INFO - DAG(s) 'elt_snowflake_optimized' retrieved from /opt/airflow/dags/hw6.py
[2025-03-28T00:20:01.923+0000] {logging_mixin.py:190} INFO - [2025-03-28T00:20:01.922+0000] {dag.py:3229} INFO - Sync 1 DAGs
[2025-03-28T00:20:01.945+0000] {logging_mixin.py:190} INFO - [2025-03-28T00:20:01.945+0000] {dag.py:4156} INFO - Setting next_dagrun for elt_snowflake_optimized to 2025-03-27 02:45:00+00:00, run_after=2025-03-28 02:45:00+00:00
[2025-03-28T00:20:01.963+0000] {processor.py:208} INFO - Processing /opt/airflow/dags/hw6.py took 0.090 seconds
[2025-03-28T00:20:32.615+0000] {processor.py:186} INFO - Started process (PID=18985) to work on /opt/airflow/dags/hw6.py
[2025-03-28T00:20:32.616+0000] {processor.py:914} INFO - Processing file /opt/airflow/dags/hw6.py for tasks to queue
[2025-03-28T00:20:32.617+0000] {logging_mixin.py:190} INFO - [2025-03-28T00:20:32.616+0000] {dagbag.py:587} INFO - Filling up the DagBag from /opt/airflow/dags/hw6.py
[2025-03-28T00:20:32.635+0000] {processor.py:925} INFO - DAG(s) 'elt_snowflake_optimized' retrieved from /opt/airflow/dags/hw6.py
[2025-03-28T00:20:32.656+0000] {logging_mixin.py:190} INFO - [2025-03-28T00:20:32.655+0000] {dag.py:3229} INFO - Sync 1 DAGs
[2025-03-28T00:20:32.676+0000] {logging_mixin.py:190} INFO - [2025-03-28T00:20:32.675+0000] {dag.py:4156} INFO - Setting next_dagrun for elt_snowflake_optimized to 2025-03-27 02:45:00+00:00, run_after=2025-03-28 02:45:00+00:00
[2025-03-28T00:20:32.690+0000] {processor.py:208} INFO - Processing /opt/airflow/dags/hw6.py took 0.081 seconds
[2025-03-28T00:21:02.999+0000] {processor.py:186} INFO - Started process (PID=19021) to work on /opt/airflow/dags/hw6.py
[2025-03-28T00:21:03.000+0000] {processor.py:914} INFO - Processing file /opt/airflow/dags/hw6.py for tasks to queue
[2025-03-28T00:21:03.001+0000] {logging_mixin.py:190} INFO - [2025-03-28T00:21:03.001+0000] {dagbag.py:587} INFO - Filling up the DagBag from /opt/airflow/dags/hw6.py
[2025-03-28T00:21:03.021+0000] {processor.py:925} INFO - DAG(s) 'elt_snowflake_optimized' retrieved from /opt/airflow/dags/hw6.py
[2025-03-28T00:21:03.042+0000] {logging_mixin.py:190} INFO - [2025-03-28T00:21:03.041+0000] {dag.py:3229} INFO - Sync 1 DAGs
[2025-03-28T00:21:03.061+0000] {logging_mixin.py:190} INFO - [2025-03-28T00:21:03.061+0000] {dag.py:4156} INFO - Setting next_dagrun for elt_snowflake_optimized to 2025-03-27 02:45:00+00:00, run_after=2025-03-28 02:45:00+00:00
[2025-03-28T00:21:03.079+0000] {processor.py:208} INFO - Processing /opt/airflow/dags/hw6.py took 0.085 seconds
[2025-03-28T00:21:33.788+0000] {processor.py:186} INFO - Started process (PID=19057) to work on /opt/airflow/dags/hw6.py
[2025-03-28T00:21:33.789+0000] {processor.py:914} INFO - Processing file /opt/airflow/dags/hw6.py for tasks to queue
[2025-03-28T00:21:33.791+0000] {logging_mixin.py:190} INFO - [2025-03-28T00:21:33.790+0000] {dagbag.py:587} INFO - Filling up the DagBag from /opt/airflow/dags/hw6.py
[2025-03-28T00:21:33.809+0000] {processor.py:925} INFO - DAG(s) 'elt_snowflake_optimized' retrieved from /opt/airflow/dags/hw6.py
[2025-03-28T00:21:33.830+0000] {logging_mixin.py:190} INFO - [2025-03-28T00:21:33.829+0000] {dag.py:3229} INFO - Sync 1 DAGs
[2025-03-28T00:21:33.850+0000] {logging_mixin.py:190} INFO - [2025-03-28T00:21:33.850+0000] {dag.py:4156} INFO - Setting next_dagrun for elt_snowflake_optimized to 2025-03-27 02:45:00+00:00, run_after=2025-03-28 02:45:00+00:00
[2025-03-28T00:21:33.864+0000] {processor.py:208} INFO - Processing /opt/airflow/dags/hw6.py took 0.081 seconds
[2025-03-28T00:22:04.519+0000] {processor.py:186} INFO - Started process (PID=19093) to work on /opt/airflow/dags/hw6.py
[2025-03-28T00:22:04.520+0000] {processor.py:914} INFO - Processing file /opt/airflow/dags/hw6.py for tasks to queue
[2025-03-28T00:22:04.522+0000] {logging_mixin.py:190} INFO - [2025-03-28T00:22:04.522+0000] {dagbag.py:587} INFO - Filling up the DagBag from /opt/airflow/dags/hw6.py
[2025-03-28T00:22:04.541+0000] {processor.py:925} INFO - DAG(s) 'elt_snowflake_optimized' retrieved from /opt/airflow/dags/hw6.py
[2025-03-28T00:22:04.562+0000] {logging_mixin.py:190} INFO - [2025-03-28T00:22:04.561+0000] {dag.py:3229} INFO - Sync 1 DAGs
[2025-03-28T00:22:04.582+0000] {logging_mixin.py:190} INFO - [2025-03-28T00:22:04.582+0000] {dag.py:4156} INFO - Setting next_dagrun for elt_snowflake_optimized to 2025-03-27 02:45:00+00:00, run_after=2025-03-28 02:45:00+00:00
[2025-03-28T00:22:04.598+0000] {processor.py:208} INFO - Processing /opt/airflow/dags/hw6.py took 0.083 seconds
[2025-03-28T00:22:35.238+0000] {processor.py:186} INFO - Started process (PID=19129) to work on /opt/airflow/dags/hw6.py
[2025-03-28T00:22:35.239+0000] {processor.py:914} INFO - Processing file /opt/airflow/dags/hw6.py for tasks to queue
[2025-03-28T00:22:35.240+0000] {logging_mixin.py:190} INFO - [2025-03-28T00:22:35.240+0000] {dagbag.py:587} INFO - Filling up the DagBag from /opt/airflow/dags/hw6.py
[2025-03-28T00:22:35.256+0000] {processor.py:925} INFO - DAG(s) 'elt_snowflake_optimized' retrieved from /opt/airflow/dags/hw6.py
[2025-03-28T00:22:35.279+0000] {logging_mixin.py:190} INFO - [2025-03-28T00:22:35.278+0000] {dag.py:3229} INFO - Sync 1 DAGs
[2025-03-28T00:22:35.298+0000] {logging_mixin.py:190} INFO - [2025-03-28T00:22:35.297+0000] {dag.py:4156} INFO - Setting next_dagrun for elt_snowflake_optimized to 2025-03-27 02:45:00+00:00, run_after=2025-03-28 02:45:00+00:00
[2025-03-28T00:22:35.312+0000] {processor.py:208} INFO - Processing /opt/airflow/dags/hw6.py took 0.078 seconds
[2025-03-28T00:23:05.951+0000] {processor.py:186} INFO - Started process (PID=19166) to work on /opt/airflow/dags/hw6.py
[2025-03-28T00:23:05.952+0000] {processor.py:914} INFO - Processing file /opt/airflow/dags/hw6.py for tasks to queue
[2025-03-28T00:23:05.953+0000] {logging_mixin.py:190} INFO - [2025-03-28T00:23:05.953+0000] {dagbag.py:587} INFO - Filling up the DagBag from /opt/airflow/dags/hw6.py
[2025-03-28T00:23:05.971+0000] {processor.py:925} INFO - DAG(s) 'elt_snowflake_optimized' retrieved from /opt/airflow/dags/hw6.py
[2025-03-28T00:23:05.992+0000] {logging_mixin.py:190} INFO - [2025-03-28T00:23:05.991+0000] {dag.py:3229} INFO - Sync 1 DAGs
[2025-03-28T00:23:06.012+0000] {logging_mixin.py:190} INFO - [2025-03-28T00:23:06.012+0000] {dag.py:4156} INFO - Setting next_dagrun for elt_snowflake_optimized to 2025-03-27 02:45:00+00:00, run_after=2025-03-28 02:45:00+00:00
[2025-03-28T00:23:06.028+0000] {processor.py:208} INFO - Processing /opt/airflow/dags/hw6.py took 0.082 seconds
[2025-03-28T00:23:36.673+0000] {processor.py:186} INFO - Started process (PID=19202) to work on /opt/airflow/dags/hw6.py
[2025-03-28T00:23:36.674+0000] {processor.py:914} INFO - Processing file /opt/airflow/dags/hw6.py for tasks to queue
[2025-03-28T00:23:36.676+0000] {logging_mixin.py:190} INFO - [2025-03-28T00:23:36.676+0000] {dagbag.py:587} INFO - Filling up the DagBag from /opt/airflow/dags/hw6.py
[2025-03-28T00:23:36.693+0000] {processor.py:925} INFO - DAG(s) 'elt_snowflake_optimized' retrieved from /opt/airflow/dags/hw6.py
[2025-03-28T00:23:36.715+0000] {logging_mixin.py:190} INFO - [2025-03-28T00:23:36.714+0000] {dag.py:3229} INFO - Sync 1 DAGs
[2025-03-28T00:23:36.734+0000] {logging_mixin.py:190} INFO - [2025-03-28T00:23:36.733+0000] {dag.py:4156} INFO - Setting next_dagrun for elt_snowflake_optimized to 2025-03-27 02:45:00+00:00, run_after=2025-03-28 02:45:00+00:00
[2025-03-28T00:23:36.748+0000] {processor.py:208} INFO - Processing /opt/airflow/dags/hw6.py took 0.079 seconds
[2025-03-28T00:24:07.406+0000] {processor.py:186} INFO - Started process (PID=19236) to work on /opt/airflow/dags/hw6.py
[2025-03-28T00:24:07.407+0000] {processor.py:914} INFO - Processing file /opt/airflow/dags/hw6.py for tasks to queue
[2025-03-28T00:24:07.408+0000] {logging_mixin.py:190} INFO - [2025-03-28T00:24:07.408+0000] {dagbag.py:587} INFO - Filling up the DagBag from /opt/airflow/dags/hw6.py
[2025-03-28T00:24:07.423+0000] {processor.py:925} INFO - DAG(s) 'elt_snowflake_optimized' retrieved from /opt/airflow/dags/hw6.py
[2025-03-28T00:24:07.443+0000] {logging_mixin.py:190} INFO - [2025-03-28T00:24:07.443+0000] {dag.py:3229} INFO - Sync 1 DAGs
[2025-03-28T00:24:07.462+0000] {logging_mixin.py:190} INFO - [2025-03-28T00:24:07.462+0000] {dag.py:4156} INFO - Setting next_dagrun for elt_snowflake_optimized to 2025-03-27 02:45:00+00:00, run_after=2025-03-28 02:45:00+00:00
[2025-03-28T00:24:07.477+0000] {processor.py:208} INFO - Processing /opt/airflow/dags/hw6.py took 0.075 seconds
[2025-03-28T00:24:38.121+0000] {processor.py:186} INFO - Started process (PID=19274) to work on /opt/airflow/dags/hw6.py
[2025-03-28T00:24:38.122+0000] {processor.py:914} INFO - Processing file /opt/airflow/dags/hw6.py for tasks to queue
[2025-03-28T00:24:38.123+0000] {logging_mixin.py:190} INFO - [2025-03-28T00:24:38.123+0000] {dagbag.py:587} INFO - Filling up the DagBag from /opt/airflow/dags/hw6.py
[2025-03-28T00:24:38.139+0000] {processor.py:925} INFO - DAG(s) 'elt_snowflake_optimized' retrieved from /opt/airflow/dags/hw6.py
[2025-03-28T00:24:38.160+0000] {logging_mixin.py:190} INFO - [2025-03-28T00:24:38.159+0000] {dag.py:3229} INFO - Sync 1 DAGs
[2025-03-28T00:24:38.179+0000] {logging_mixin.py:190} INFO - [2025-03-28T00:24:38.179+0000] {dag.py:4156} INFO - Setting next_dagrun for elt_snowflake_optimized to 2025-03-27 02:45:00+00:00, run_after=2025-03-28 02:45:00+00:00
[2025-03-28T00:24:38.196+0000] {processor.py:208} INFO - Processing /opt/airflow/dags/hw6.py took 0.080 seconds
[2025-03-28T00:25:08.907+0000] {processor.py:186} INFO - Started process (PID=19316) to work on /opt/airflow/dags/hw6.py
[2025-03-28T00:25:08.908+0000] {processor.py:914} INFO - Processing file /opt/airflow/dags/hw6.py for tasks to queue
[2025-03-28T00:25:08.909+0000] {logging_mixin.py:190} INFO - [2025-03-28T00:25:08.909+0000] {dagbag.py:587} INFO - Filling up the DagBag from /opt/airflow/dags/hw6.py
[2025-03-28T00:25:08.924+0000] {processor.py:925} INFO - DAG(s) 'elt_snowflake_optimized' retrieved from /opt/airflow/dags/hw6.py
[2025-03-28T00:25:08.946+0000] {logging_mixin.py:190} INFO - [2025-03-28T00:25:08.945+0000] {dag.py:3229} INFO - Sync 1 DAGs
[2025-03-28T00:25:08.965+0000] {logging_mixin.py:190} INFO - [2025-03-28T00:25:08.965+0000] {dag.py:4156} INFO - Setting next_dagrun for elt_snowflake_optimized to 2025-03-27 02:45:00+00:00, run_after=2025-03-28 02:45:00+00:00
[2025-03-28T00:25:08.983+0000] {processor.py:208} INFO - Processing /opt/airflow/dags/hw6.py took 0.081 seconds
[2025-03-28T00:25:39.682+0000] {processor.py:186} INFO - Started process (PID=19352) to work on /opt/airflow/dags/hw6.py
[2025-03-28T00:25:39.684+0000] {processor.py:914} INFO - Processing file /opt/airflow/dags/hw6.py for tasks to queue
[2025-03-28T00:25:39.685+0000] {logging_mixin.py:190} INFO - [2025-03-28T00:25:39.685+0000] {dagbag.py:587} INFO - Filling up the DagBag from /opt/airflow/dags/hw6.py
[2025-03-28T00:25:39.702+0000] {processor.py:925} INFO - DAG(s) 'elt_snowflake_optimized' retrieved from /opt/airflow/dags/hw6.py
[2025-03-28T00:25:39.725+0000] {logging_mixin.py:190} INFO - [2025-03-28T00:25:39.724+0000] {dag.py:3229} INFO - Sync 1 DAGs
[2025-03-28T00:25:39.743+0000] {logging_mixin.py:190} INFO - [2025-03-28T00:25:39.742+0000] {dag.py:4156} INFO - Setting next_dagrun for elt_snowflake_optimized to 2025-03-27 02:45:00+00:00, run_after=2025-03-28 02:45:00+00:00
[2025-03-28T00:25:39.757+0000] {processor.py:208} INFO - Processing /opt/airflow/dags/hw6.py took 0.080 seconds
[2025-03-28T00:26:10.066+0000] {processor.py:186} INFO - Started process (PID=19388) to work on /opt/airflow/dags/hw6.py
[2025-03-28T00:26:10.067+0000] {processor.py:914} INFO - Processing file /opt/airflow/dags/hw6.py for tasks to queue
[2025-03-28T00:26:10.068+0000] {logging_mixin.py:190} INFO - [2025-03-28T00:26:10.068+0000] {dagbag.py:587} INFO - Filling up the DagBag from /opt/airflow/dags/hw6.py
[2025-03-28T00:26:10.084+0000] {processor.py:925} INFO - DAG(s) 'elt_snowflake_optimized' retrieved from /opt/airflow/dags/hw6.py
[2025-03-28T00:26:10.104+0000] {logging_mixin.py:190} INFO - [2025-03-28T00:26:10.103+0000] {dag.py:3229} INFO - Sync 1 DAGs
[2025-03-28T00:26:10.125+0000] {logging_mixin.py:190} INFO - [2025-03-28T00:26:10.125+0000] {dag.py:4156} INFO - Setting next_dagrun for elt_snowflake_optimized to 2025-03-27 02:45:00+00:00, run_after=2025-03-28 02:45:00+00:00
[2025-03-28T00:26:10.140+0000] {processor.py:208} INFO - Processing /opt/airflow/dags/hw6.py took 0.079 seconds
[2025-03-28T00:26:40.805+0000] {processor.py:186} INFO - Started process (PID=19424) to work on /opt/airflow/dags/hw6.py
[2025-03-28T00:26:40.806+0000] {processor.py:914} INFO - Processing file /opt/airflow/dags/hw6.py for tasks to queue
[2025-03-28T00:26:40.807+0000] {logging_mixin.py:190} INFO - [2025-03-28T00:26:40.807+0000] {dagbag.py:587} INFO - Filling up the DagBag from /opt/airflow/dags/hw6.py
[2025-03-28T00:26:40.822+0000] {processor.py:925} INFO - DAG(s) 'elt_snowflake_optimized' retrieved from /opt/airflow/dags/hw6.py
[2025-03-28T00:26:40.842+0000] {logging_mixin.py:190} INFO - [2025-03-28T00:26:40.841+0000] {dag.py:3229} INFO - Sync 1 DAGs
[2025-03-28T00:26:40.861+0000] {logging_mixin.py:190} INFO - [2025-03-28T00:26:40.861+0000] {dag.py:4156} INFO - Setting next_dagrun for elt_snowflake_optimized to 2025-03-27 02:45:00+00:00, run_after=2025-03-28 02:45:00+00:00
[2025-03-28T00:26:40.878+0000] {processor.py:208} INFO - Processing /opt/airflow/dags/hw6.py took 0.078 seconds
[2025-03-28T00:27:11.536+0000] {processor.py:186} INFO - Started process (PID=19460) to work on /opt/airflow/dags/hw6.py
[2025-03-28T00:27:11.538+0000] {processor.py:914} INFO - Processing file /opt/airflow/dags/hw6.py for tasks to queue
[2025-03-28T00:27:11.539+0000] {logging_mixin.py:190} INFO - [2025-03-28T00:27:11.539+0000] {dagbag.py:587} INFO - Filling up the DagBag from /opt/airflow/dags/hw6.py
[2025-03-28T00:27:11.556+0000] {processor.py:925} INFO - DAG(s) 'elt_snowflake_optimized' retrieved from /opt/airflow/dags/hw6.py
[2025-03-28T00:27:11.578+0000] {logging_mixin.py:190} INFO - [2025-03-28T00:27:11.577+0000] {dag.py:3229} INFO - Sync 1 DAGs
[2025-03-28T00:27:11.597+0000] {logging_mixin.py:190} INFO - [2025-03-28T00:27:11.597+0000] {dag.py:4156} INFO - Setting next_dagrun for elt_snowflake_optimized to 2025-03-27 02:45:00+00:00, run_after=2025-03-28 02:45:00+00:00
[2025-03-28T00:27:11.611+0000] {processor.py:208} INFO - Processing /opt/airflow/dags/hw6.py took 0.080 seconds
[2025-03-28T00:27:42.261+0000] {processor.py:186} INFO - Started process (PID=19496) to work on /opt/airflow/dags/hw6.py
[2025-03-28T00:27:42.262+0000] {processor.py:914} INFO - Processing file /opt/airflow/dags/hw6.py for tasks to queue
[2025-03-28T00:27:42.264+0000] {logging_mixin.py:190} INFO - [2025-03-28T00:27:42.263+0000] {dagbag.py:587} INFO - Filling up the DagBag from /opt/airflow/dags/hw6.py
[2025-03-28T00:27:42.283+0000] {processor.py:925} INFO - DAG(s) 'elt_snowflake_optimized' retrieved from /opt/airflow/dags/hw6.py
[2025-03-28T00:27:42.306+0000] {logging_mixin.py:190} INFO - [2025-03-28T00:27:42.305+0000] {dag.py:3229} INFO - Sync 1 DAGs
[2025-03-28T00:27:42.328+0000] {logging_mixin.py:190} INFO - [2025-03-28T00:27:42.328+0000] {dag.py:4156} INFO - Setting next_dagrun for elt_snowflake_optimized to 2025-03-27 02:45:00+00:00, run_after=2025-03-28 02:45:00+00:00
[2025-03-28T00:27:42.345+0000] {processor.py:208} INFO - Processing /opt/airflow/dags/hw6.py took 0.089 seconds
[2025-03-28T00:28:13.042+0000] {processor.py:186} INFO - Started process (PID=19532) to work on /opt/airflow/dags/hw6.py
[2025-03-28T00:28:13.043+0000] {processor.py:914} INFO - Processing file /opt/airflow/dags/hw6.py for tasks to queue
[2025-03-28T00:28:13.044+0000] {logging_mixin.py:190} INFO - [2025-03-28T00:28:13.044+0000] {dagbag.py:587} INFO - Filling up the DagBag from /opt/airflow/dags/hw6.py
[2025-03-28T00:28:13.063+0000] {processor.py:925} INFO - DAG(s) 'elt_snowflake_optimized' retrieved from /opt/airflow/dags/hw6.py
[2025-03-28T00:28:13.087+0000] {logging_mixin.py:190} INFO - [2025-03-28T00:28:13.086+0000] {dag.py:3229} INFO - Sync 1 DAGs
[2025-03-28T00:28:13.107+0000] {logging_mixin.py:190} INFO - [2025-03-28T00:28:13.107+0000] {dag.py:4156} INFO - Setting next_dagrun for elt_snowflake_optimized to 2025-03-27 02:45:00+00:00, run_after=2025-03-28 02:45:00+00:00
[2025-03-28T00:28:13.125+0000] {processor.py:208} INFO - Processing /opt/airflow/dags/hw6.py took 0.089 seconds
[2025-03-28T00:28:43.891+0000] {processor.py:186} INFO - Started process (PID=19566) to work on /opt/airflow/dags/hw6.py
[2025-03-28T00:28:43.892+0000] {processor.py:914} INFO - Processing file /opt/airflow/dags/hw6.py for tasks to queue
[2025-03-28T00:28:43.893+0000] {logging_mixin.py:190} INFO - [2025-03-28T00:28:43.893+0000] {dagbag.py:587} INFO - Filling up the DagBag from /opt/airflow/dags/hw6.py
[2025-03-28T00:28:43.911+0000] {processor.py:925} INFO - DAG(s) 'elt_snowflake_optimized' retrieved from /opt/airflow/dags/hw6.py
[2025-03-28T00:28:43.933+0000] {logging_mixin.py:190} INFO - [2025-03-28T00:28:43.932+0000] {dag.py:3229} INFO - Sync 1 DAGs
[2025-03-28T00:28:43.952+0000] {logging_mixin.py:190} INFO - [2025-03-28T00:28:43.952+0000] {dag.py:4156} INFO - Setting next_dagrun for elt_snowflake_optimized to 2025-03-27 02:45:00+00:00, run_after=2025-03-28 02:45:00+00:00
[2025-03-28T00:28:43.970+0000] {processor.py:208} INFO - Processing /opt/airflow/dags/hw6.py took 0.084 seconds
[2025-03-28T00:29:14.712+0000] {processor.py:186} INFO - Started process (PID=19604) to work on /opt/airflow/dags/hw6.py
[2025-03-28T00:29:14.713+0000] {processor.py:914} INFO - Processing file /opt/airflow/dags/hw6.py for tasks to queue
[2025-03-28T00:29:14.714+0000] {logging_mixin.py:190} INFO - [2025-03-28T00:29:14.714+0000] {dagbag.py:587} INFO - Filling up the DagBag from /opt/airflow/dags/hw6.py
[2025-03-28T00:29:14.731+0000] {processor.py:925} INFO - DAG(s) 'elt_snowflake_optimized' retrieved from /opt/airflow/dags/hw6.py
[2025-03-28T00:29:14.754+0000] {logging_mixin.py:190} INFO - [2025-03-28T00:29:14.753+0000] {dag.py:3229} INFO - Sync 1 DAGs
[2025-03-28T00:29:14.772+0000] {logging_mixin.py:190} INFO - [2025-03-28T00:29:14.772+0000] {dag.py:4156} INFO - Setting next_dagrun for elt_snowflake_optimized to 2025-03-27 02:45:00+00:00, run_after=2025-03-28 02:45:00+00:00
[2025-03-28T00:29:14.789+0000] {processor.py:208} INFO - Processing /opt/airflow/dags/hw6.py took 0.082 seconds
[2025-03-28T00:29:45.470+0000] {processor.py:186} INFO - Started process (PID=19640) to work on /opt/airflow/dags/hw6.py
[2025-03-28T00:29:45.471+0000] {processor.py:914} INFO - Processing file /opt/airflow/dags/hw6.py for tasks to queue
[2025-03-28T00:29:45.472+0000] {logging_mixin.py:190} INFO - [2025-03-28T00:29:45.472+0000] {dagbag.py:587} INFO - Filling up the DagBag from /opt/airflow/dags/hw6.py
[2025-03-28T00:29:45.494+0000] {processor.py:925} INFO - DAG(s) 'elt_snowflake_optimized' retrieved from /opt/airflow/dags/hw6.py
[2025-03-28T00:29:45.516+0000] {logging_mixin.py:190} INFO - [2025-03-28T00:29:45.515+0000] {dag.py:3229} INFO - Sync 1 DAGs
[2025-03-28T00:29:45.536+0000] {logging_mixin.py:190} INFO - [2025-03-28T00:29:45.536+0000] {dag.py:4156} INFO - Setting next_dagrun for elt_snowflake_optimized to 2025-03-27 02:45:00+00:00, run_after=2025-03-28 02:45:00+00:00
[2025-03-28T00:29:45.553+0000] {processor.py:208} INFO - Processing /opt/airflow/dags/hw6.py took 0.088 seconds
[2025-03-28T00:30:16.209+0000] {processor.py:186} INFO - Started process (PID=19676) to work on /opt/airflow/dags/hw6.py
[2025-03-28T00:30:16.210+0000] {processor.py:914} INFO - Processing file /opt/airflow/dags/hw6.py for tasks to queue
[2025-03-28T00:30:16.211+0000] {logging_mixin.py:190} INFO - [2025-03-28T00:30:16.211+0000] {dagbag.py:587} INFO - Filling up the DagBag from /opt/airflow/dags/hw6.py
[2025-03-28T00:30:16.229+0000] {processor.py:925} INFO - DAG(s) 'elt_snowflake_optimized' retrieved from /opt/airflow/dags/hw6.py
[2025-03-28T00:30:16.252+0000] {logging_mixin.py:190} INFO - [2025-03-28T00:30:16.251+0000] {dag.py:3229} INFO - Sync 1 DAGs
[2025-03-28T00:30:16.272+0000] {logging_mixin.py:190} INFO - [2025-03-28T00:30:16.272+0000] {dag.py:4156} INFO - Setting next_dagrun for elt_snowflake_optimized to 2025-03-27 02:45:00+00:00, run_after=2025-03-28 02:45:00+00:00
[2025-03-28T00:30:16.287+0000] {processor.py:208} INFO - Processing /opt/airflow/dags/hw6.py took 0.083 seconds
[2025-03-28T00:30:46.845+0000] {processor.py:186} INFO - Started process (PID=19712) to work on /opt/airflow/dags/hw6.py
[2025-03-28T00:30:46.846+0000] {processor.py:914} INFO - Processing file /opt/airflow/dags/hw6.py for tasks to queue
[2025-03-28T00:30:46.847+0000] {logging_mixin.py:190} INFO - [2025-03-28T00:30:46.847+0000] {dagbag.py:587} INFO - Filling up the DagBag from /opt/airflow/dags/hw6.py
[2025-03-28T00:30:46.867+0000] {processor.py:925} INFO - DAG(s) 'elt_snowflake_optimized' retrieved from /opt/airflow/dags/hw6.py
[2025-03-28T00:30:46.892+0000] {logging_mixin.py:190} INFO - [2025-03-28T00:30:46.890+0000] {dag.py:3229} INFO - Sync 1 DAGs
[2025-03-28T00:30:46.913+0000] {logging_mixin.py:190} INFO - [2025-03-28T00:30:46.912+0000] {dag.py:4156} INFO - Setting next_dagrun for elt_snowflake_optimized to 2025-03-27 02:45:00+00:00, run_after=2025-03-28 02:45:00+00:00
[2025-03-28T00:30:46.930+0000] {processor.py:208} INFO - Processing /opt/airflow/dags/hw6.py took 0.090 seconds
[2025-03-28T00:31:17.230+0000] {processor.py:186} INFO - Started process (PID=19748) to work on /opt/airflow/dags/hw6.py
[2025-03-28T00:31:17.231+0000] {processor.py:914} INFO - Processing file /opt/airflow/dags/hw6.py for tasks to queue
[2025-03-28T00:31:17.232+0000] {logging_mixin.py:190} INFO - [2025-03-28T00:31:17.232+0000] {dagbag.py:587} INFO - Filling up the DagBag from /opt/airflow/dags/hw6.py
[2025-03-28T00:31:17.253+0000] {processor.py:925} INFO - DAG(s) 'elt_snowflake_optimized' retrieved from /opt/airflow/dags/hw6.py
[2025-03-28T00:31:17.275+0000] {logging_mixin.py:190} INFO - [2025-03-28T00:31:17.274+0000] {dag.py:3229} INFO - Sync 1 DAGs
[2025-03-28T00:31:17.294+0000] {logging_mixin.py:190} INFO - [2025-03-28T00:31:17.294+0000] {dag.py:4156} INFO - Setting next_dagrun for elt_snowflake_optimized to 2025-03-27 02:45:00+00:00, run_after=2025-03-28 02:45:00+00:00
[2025-03-28T00:31:17.310+0000] {processor.py:208} INFO - Processing /opt/airflow/dags/hw6.py took 0.085 seconds
[2025-03-28T00:31:47.982+0000] {processor.py:186} INFO - Started process (PID=19784) to work on /opt/airflow/dags/hw6.py
[2025-03-28T00:31:47.983+0000] {processor.py:914} INFO - Processing file /opt/airflow/dags/hw6.py for tasks to queue
[2025-03-28T00:31:47.984+0000] {logging_mixin.py:190} INFO - [2025-03-28T00:31:47.984+0000] {dagbag.py:587} INFO - Filling up the DagBag from /opt/airflow/dags/hw6.py
[2025-03-28T00:31:48.004+0000] {processor.py:925} INFO - DAG(s) 'elt_snowflake_optimized' retrieved from /opt/airflow/dags/hw6.py
[2025-03-28T00:31:48.026+0000] {logging_mixin.py:190} INFO - [2025-03-28T00:31:48.025+0000] {dag.py:3229} INFO - Sync 1 DAGs
[2025-03-28T00:31:48.045+0000] {logging_mixin.py:190} INFO - [2025-03-28T00:31:48.045+0000] {dag.py:4156} INFO - Setting next_dagrun for elt_snowflake_optimized to 2025-03-27 02:45:00+00:00, run_after=2025-03-28 02:45:00+00:00
[2025-03-28T00:31:48.062+0000] {processor.py:208} INFO - Processing /opt/airflow/dags/hw6.py took 0.086 seconds
[2025-03-28T00:32:18.752+0000] {processor.py:186} INFO - Started process (PID=19819) to work on /opt/airflow/dags/hw6.py
[2025-03-28T00:32:18.753+0000] {processor.py:914} INFO - Processing file /opt/airflow/dags/hw6.py for tasks to queue
[2025-03-28T00:32:18.755+0000] {logging_mixin.py:190} INFO - [2025-03-28T00:32:18.754+0000] {dagbag.py:587} INFO - Filling up the DagBag from /opt/airflow/dags/hw6.py
[2025-03-28T00:32:18.773+0000] {processor.py:925} INFO - DAG(s) 'elt_snowflake_optimized' retrieved from /opt/airflow/dags/hw6.py
[2025-03-28T00:32:18.795+0000] {logging_mixin.py:190} INFO - [2025-03-28T00:32:18.794+0000] {dag.py:3229} INFO - Sync 1 DAGs
[2025-03-28T00:32:18.817+0000] {logging_mixin.py:190} INFO - [2025-03-28T00:32:18.817+0000] {dag.py:4156} INFO - Setting next_dagrun for elt_snowflake_optimized to 2025-03-27 02:45:00+00:00, run_after=2025-03-28 02:45:00+00:00
[2025-03-28T00:32:18.836+0000] {processor.py:208} INFO - Processing /opt/airflow/dags/hw6.py took 0.089 seconds
[2025-03-28T00:32:49.706+0000] {processor.py:186} INFO - Started process (PID=19855) to work on /opt/airflow/dags/hw6.py
[2025-03-28T00:32:49.707+0000] {processor.py:914} INFO - Processing file /opt/airflow/dags/hw6.py for tasks to queue
[2025-03-28T00:32:49.708+0000] {logging_mixin.py:190} INFO - [2025-03-28T00:32:49.708+0000] {dagbag.py:587} INFO - Filling up the DagBag from /opt/airflow/dags/hw6.py
[2025-03-28T00:32:49.726+0000] {processor.py:925} INFO - DAG(s) 'elt_snowflake_optimized' retrieved from /opt/airflow/dags/hw6.py
[2025-03-28T00:32:49.748+0000] {logging_mixin.py:190} INFO - [2025-03-28T00:32:49.747+0000] {dag.py:3229} INFO - Sync 1 DAGs
[2025-03-28T00:32:49.766+0000] {logging_mixin.py:190} INFO - [2025-03-28T00:32:49.766+0000] {dag.py:4156} INFO - Setting next_dagrun for elt_snowflake_optimized to 2025-03-27 02:45:00+00:00, run_after=2025-03-28 02:45:00+00:00
[2025-03-28T00:32:49.781+0000] {processor.py:208} INFO - Processing /opt/airflow/dags/hw6.py took 0.079 seconds
[2025-03-28T00:33:20.492+0000] {processor.py:186} INFO - Started process (PID=19891) to work on /opt/airflow/dags/hw6.py
[2025-03-28T00:33:20.493+0000] {processor.py:914} INFO - Processing file /opt/airflow/dags/hw6.py for tasks to queue
[2025-03-28T00:33:20.494+0000] {logging_mixin.py:190} INFO - [2025-03-28T00:33:20.494+0000] {dagbag.py:587} INFO - Filling up the DagBag from /opt/airflow/dags/hw6.py
[2025-03-28T00:33:20.511+0000] {processor.py:925} INFO - DAG(s) 'elt_snowflake_optimized' retrieved from /opt/airflow/dags/hw6.py
[2025-03-28T00:33:20.533+0000] {logging_mixin.py:190} INFO - [2025-03-28T00:33:20.532+0000] {dag.py:3229} INFO - Sync 1 DAGs
[2025-03-28T00:33:20.554+0000] {logging_mixin.py:190} INFO - [2025-03-28T00:33:20.553+0000] {dag.py:4156} INFO - Setting next_dagrun for elt_snowflake_optimized to 2025-03-27 02:45:00+00:00, run_after=2025-03-28 02:45:00+00:00
[2025-03-28T00:33:20.570+0000] {processor.py:208} INFO - Processing /opt/airflow/dags/hw6.py took 0.083 seconds
[2025-03-28T00:33:51.114+0000] {processor.py:186} INFO - Started process (PID=19927) to work on /opt/airflow/dags/hw6.py
[2025-03-28T00:33:51.115+0000] {processor.py:914} INFO - Processing file /opt/airflow/dags/hw6.py for tasks to queue
[2025-03-28T00:33:51.116+0000] {logging_mixin.py:190} INFO - [2025-03-28T00:33:51.116+0000] {dagbag.py:587} INFO - Filling up the DagBag from /opt/airflow/dags/hw6.py
[2025-03-28T00:33:51.134+0000] {processor.py:925} INFO - DAG(s) 'elt_snowflake_optimized' retrieved from /opt/airflow/dags/hw6.py
[2025-03-28T00:33:51.156+0000] {logging_mixin.py:190} INFO - [2025-03-28T00:33:51.155+0000] {dag.py:3229} INFO - Sync 1 DAGs
[2025-03-28T00:33:51.177+0000] {logging_mixin.py:190} INFO - [2025-03-28T00:33:51.177+0000] {dag.py:4156} INFO - Setting next_dagrun for elt_snowflake_optimized to 2025-03-27 02:45:00+00:00, run_after=2025-03-28 02:45:00+00:00
[2025-03-28T00:33:51.193+0000] {processor.py:208} INFO - Processing /opt/airflow/dags/hw6.py took 0.084 seconds
[2025-03-28T00:34:21.861+0000] {processor.py:186} INFO - Started process (PID=19963) to work on /opt/airflow/dags/hw6.py
[2025-03-28T00:34:21.862+0000] {processor.py:914} INFO - Processing file /opt/airflow/dags/hw6.py for tasks to queue
[2025-03-28T00:34:21.863+0000] {logging_mixin.py:190} INFO - [2025-03-28T00:34:21.863+0000] {dagbag.py:587} INFO - Filling up the DagBag from /opt/airflow/dags/hw6.py
[2025-03-28T00:34:21.882+0000] {processor.py:925} INFO - DAG(s) 'elt_snowflake_optimized' retrieved from /opt/airflow/dags/hw6.py
[2025-03-28T00:34:21.908+0000] {logging_mixin.py:190} INFO - [2025-03-28T00:34:21.906+0000] {dag.py:3229} INFO - Sync 1 DAGs
[2025-03-28T00:34:21.930+0000] {logging_mixin.py:190} INFO - [2025-03-28T00:34:21.930+0000] {dag.py:4156} INFO - Setting next_dagrun for elt_snowflake_optimized to 2025-03-27 02:45:00+00:00, run_after=2025-03-28 02:45:00+00:00
[2025-03-28T00:34:21.948+0000] {processor.py:208} INFO - Processing /opt/airflow/dags/hw6.py took 0.093 seconds
[2025-03-28T00:34:52.489+0000] {processor.py:186} INFO - Started process (PID=19999) to work on /opt/airflow/dags/hw6.py
[2025-03-28T00:34:52.490+0000] {processor.py:914} INFO - Processing file /opt/airflow/dags/hw6.py for tasks to queue
[2025-03-28T00:34:52.492+0000] {logging_mixin.py:190} INFO - [2025-03-28T00:34:52.491+0000] {dagbag.py:587} INFO - Filling up the DagBag from /opt/airflow/dags/hw6.py
[2025-03-28T00:34:52.513+0000] {processor.py:925} INFO - DAG(s) 'elt_snowflake_optimized' retrieved from /opt/airflow/dags/hw6.py
[2025-03-28T00:34:52.539+0000] {logging_mixin.py:190} INFO - [2025-03-28T00:34:52.538+0000] {dag.py:3229} INFO - Sync 1 DAGs
[2025-03-28T00:34:52.562+0000] {logging_mixin.py:190} INFO - [2025-03-28T00:34:52.561+0000] {dag.py:4156} INFO - Setting next_dagrun for elt_snowflake_optimized to 2025-03-27 02:45:00+00:00, run_after=2025-03-28 02:45:00+00:00
[2025-03-28T00:34:52.581+0000] {processor.py:208} INFO - Processing /opt/airflow/dags/hw6.py took 0.097 seconds
[2025-03-28T00:35:23.215+0000] {processor.py:186} INFO - Started process (PID=20035) to work on /opt/airflow/dags/hw6.py
[2025-03-28T00:35:23.216+0000] {processor.py:914} INFO - Processing file /opt/airflow/dags/hw6.py for tasks to queue
[2025-03-28T00:35:23.218+0000] {logging_mixin.py:190} INFO - [2025-03-28T00:35:23.217+0000] {dagbag.py:587} INFO - Filling up the DagBag from /opt/airflow/dags/hw6.py
[2025-03-28T00:35:23.239+0000] {processor.py:925} INFO - DAG(s) 'elt_snowflake_optimized' retrieved from /opt/airflow/dags/hw6.py
[2025-03-28T00:35:23.266+0000] {logging_mixin.py:190} INFO - [2025-03-28T00:35:23.264+0000] {dag.py:3229} INFO - Sync 1 DAGs
[2025-03-28T00:35:23.290+0000] {logging_mixin.py:190} INFO - [2025-03-28T00:35:23.290+0000] {dag.py:4156} INFO - Setting next_dagrun for elt_snowflake_optimized to 2025-03-27 02:45:00+00:00, run_after=2025-03-28 02:45:00+00:00
[2025-03-28T00:35:23.307+0000] {processor.py:208} INFO - Processing /opt/airflow/dags/hw6.py took 0.097 seconds
[2025-03-28T00:35:53.571+0000] {processor.py:186} INFO - Started process (PID=20070) to work on /opt/airflow/dags/hw6.py
[2025-03-28T00:35:53.572+0000] {processor.py:914} INFO - Processing file /opt/airflow/dags/hw6.py for tasks to queue
[2025-03-28T00:35:53.573+0000] {logging_mixin.py:190} INFO - [2025-03-28T00:35:53.573+0000] {dagbag.py:587} INFO - Filling up the DagBag from /opt/airflow/dags/hw6.py
[2025-03-28T00:35:53.590+0000] {processor.py:925} INFO - DAG(s) 'elt_snowflake_optimized' retrieved from /opt/airflow/dags/hw6.py
[2025-03-28T00:35:53.611+0000] {logging_mixin.py:190} INFO - [2025-03-28T00:35:53.610+0000] {dag.py:3229} INFO - Sync 1 DAGs
[2025-03-28T00:35:53.630+0000] {logging_mixin.py:190} INFO - [2025-03-28T00:35:53.629+0000] {dag.py:4156} INFO - Setting next_dagrun for elt_snowflake_optimized to 2025-03-27 02:45:00+00:00, run_after=2025-03-28 02:45:00+00:00
[2025-03-28T00:35:53.645+0000] {processor.py:208} INFO - Processing /opt/airflow/dags/hw6.py took 0.079 seconds
[2025-03-28T00:36:24.317+0000] {processor.py:186} INFO - Started process (PID=20106) to work on /opt/airflow/dags/hw6.py
[2025-03-28T00:36:24.318+0000] {processor.py:914} INFO - Processing file /opt/airflow/dags/hw6.py for tasks to queue
[2025-03-28T00:36:24.319+0000] {logging_mixin.py:190} INFO - [2025-03-28T00:36:24.319+0000] {dagbag.py:587} INFO - Filling up the DagBag from /opt/airflow/dags/hw6.py
[2025-03-28T00:36:24.338+0000] {processor.py:925} INFO - DAG(s) 'elt_snowflake_optimized' retrieved from /opt/airflow/dags/hw6.py
[2025-03-28T00:36:24.361+0000] {logging_mixin.py:190} INFO - [2025-03-28T00:36:24.360+0000] {dag.py:3229} INFO - Sync 1 DAGs
[2025-03-28T00:36:24.378+0000] {logging_mixin.py:190} INFO - [2025-03-28T00:36:24.378+0000] {dag.py:4156} INFO - Setting next_dagrun for elt_snowflake_optimized to 2025-03-27 02:45:00+00:00, run_after=2025-03-28 02:45:00+00:00
[2025-03-28T00:36:24.395+0000] {processor.py:208} INFO - Processing /opt/airflow/dags/hw6.py took 0.083 seconds
[2025-03-28T00:36:55.239+0000] {processor.py:186} INFO - Started process (PID=20142) to work on /opt/airflow/dags/hw6.py
[2025-03-28T00:36:55.240+0000] {processor.py:914} INFO - Processing file /opt/airflow/dags/hw6.py for tasks to queue
[2025-03-28T00:36:55.241+0000] {logging_mixin.py:190} INFO - [2025-03-28T00:36:55.241+0000] {dagbag.py:587} INFO - Filling up the DagBag from /opt/airflow/dags/hw6.py
[2025-03-28T00:36:55.262+0000] {processor.py:925} INFO - DAG(s) 'elt_snowflake_optimized' retrieved from /opt/airflow/dags/hw6.py
[2025-03-28T00:36:55.283+0000] {logging_mixin.py:190} INFO - [2025-03-28T00:36:55.282+0000] {dag.py:3229} INFO - Sync 1 DAGs
[2025-03-28T00:36:55.306+0000] {logging_mixin.py:190} INFO - [2025-03-28T00:36:55.306+0000] {dag.py:4156} INFO - Setting next_dagrun for elt_snowflake_optimized to 2025-03-27 02:45:00+00:00, run_after=2025-03-28 02:45:00+00:00
[2025-03-28T00:36:55.322+0000] {processor.py:208} INFO - Processing /opt/airflow/dags/hw6.py took 0.088 seconds
[2025-03-28T00:37:25.889+0000] {processor.py:186} INFO - Started process (PID=20178) to work on /opt/airflow/dags/hw6.py
[2025-03-28T00:37:25.890+0000] {processor.py:914} INFO - Processing file /opt/airflow/dags/hw6.py for tasks to queue
[2025-03-28T00:37:25.891+0000] {logging_mixin.py:190} INFO - [2025-03-28T00:37:25.891+0000] {dagbag.py:587} INFO - Filling up the DagBag from /opt/airflow/dags/hw6.py
[2025-03-28T00:37:25.908+0000] {processor.py:925} INFO - DAG(s) 'elt_snowflake_optimized' retrieved from /opt/airflow/dags/hw6.py
[2025-03-28T00:37:25.932+0000] {logging_mixin.py:190} INFO - [2025-03-28T00:37:25.931+0000] {dag.py:3229} INFO - Sync 1 DAGs
[2025-03-28T00:37:25.950+0000] {logging_mixin.py:190} INFO - [2025-03-28T00:37:25.950+0000] {dag.py:4156} INFO - Setting next_dagrun for elt_snowflake_optimized to 2025-03-27 02:45:00+00:00, run_after=2025-03-28 02:45:00+00:00
[2025-03-28T00:37:25.965+0000] {processor.py:208} INFO - Processing /opt/airflow/dags/hw6.py took 0.080 seconds
[2025-03-28T00:37:56.794+0000] {processor.py:186} INFO - Started process (PID=20214) to work on /opt/airflow/dags/hw6.py
[2025-03-28T00:37:56.795+0000] {processor.py:914} INFO - Processing file /opt/airflow/dags/hw6.py for tasks to queue
[2025-03-28T00:37:56.796+0000] {logging_mixin.py:190} INFO - [2025-03-28T00:37:56.796+0000] {dagbag.py:587} INFO - Filling up the DagBag from /opt/airflow/dags/hw6.py
[2025-03-28T00:37:56.836+0000] {processor.py:925} INFO - DAG(s) 'elt_snowflake_optimized' retrieved from /opt/airflow/dags/hw6.py
[2025-03-28T00:37:56.868+0000] {logging_mixin.py:190} INFO - [2025-03-28T00:37:56.867+0000] {dag.py:3229} INFO - Sync 1 DAGs
[2025-03-28T00:37:56.890+0000] {logging_mixin.py:190} INFO - [2025-03-28T00:37:56.889+0000] {dag.py:4156} INFO - Setting next_dagrun for elt_snowflake_optimized to 2025-03-27 02:45:00+00:00, run_after=2025-03-28 02:45:00+00:00
[2025-03-28T00:37:56.924+0000] {processor.py:208} INFO - Processing /opt/airflow/dags/hw6.py took 0.135 seconds
[2025-03-28T04:28:04.730+0000] {processor.py:186} INFO - Started process (PID=20254) to work on /opt/airflow/dags/hw6.py
[2025-03-28T04:28:04.732+0000] {processor.py:914} INFO - Processing file /opt/airflow/dags/hw6.py for tasks to queue
[2025-03-28T04:28:04.736+0000] {logging_mixin.py:190} INFO - [2025-03-28T04:28:04.735+0000] {dagbag.py:587} INFO - Filling up the DagBag from /opt/airflow/dags/hw6.py
[2025-03-28T04:28:04.773+0000] {processor.py:925} INFO - DAG(s) 'elt_snowflake_optimized' retrieved from /opt/airflow/dags/hw6.py
[2025-03-28T04:28:04.822+0000] {logging_mixin.py:190} INFO - [2025-03-28T04:28:04.820+0000] {dag.py:3229} INFO - Sync 1 DAGs
[2025-03-28T04:28:04.862+0000] {logging_mixin.py:190} INFO - [2025-03-28T04:28:04.862+0000] {dag.py:4156} INFO - Setting next_dagrun for elt_snowflake_optimized to 2025-03-27 02:45:00+00:00, run_after=2025-03-28 02:45:00+00:00
[2025-03-28T04:28:04.898+0000] {processor.py:208} INFO - Processing /opt/airflow/dags/hw6.py took 0.179 seconds
[2025-03-28T04:28:35.827+0000] {processor.py:186} INFO - Started process (PID=20290) to work on /opt/airflow/dags/hw6.py
[2025-03-28T04:28:35.829+0000] {processor.py:914} INFO - Processing file /opt/airflow/dags/hw6.py for tasks to queue
[2025-03-28T04:28:35.831+0000] {logging_mixin.py:190} INFO - [2025-03-28T04:28:35.831+0000] {dagbag.py:587} INFO - Filling up the DagBag from /opt/airflow/dags/hw6.py
[2025-03-28T04:28:35.852+0000] {processor.py:925} INFO - DAG(s) 'elt_snowflake_optimized' retrieved from /opt/airflow/dags/hw6.py
[2025-03-28T04:28:35.878+0000] {logging_mixin.py:190} INFO - [2025-03-28T04:28:35.876+0000] {dag.py:3229} INFO - Sync 1 DAGs
[2025-03-28T04:28:35.904+0000] {logging_mixin.py:190} INFO - [2025-03-28T04:28:35.904+0000] {dag.py:4156} INFO - Setting next_dagrun for elt_snowflake_optimized to 2025-03-27 02:45:00+00:00, run_after=2025-03-28 02:45:00+00:00
[2025-03-28T04:28:36.114+0000] {processor.py:208} INFO - Processing /opt/airflow/dags/hw6.py took 0.297 seconds
[2025-03-28T04:29:06.660+0000] {processor.py:186} INFO - Started process (PID=20326) to work on /opt/airflow/dags/hw6.py
[2025-03-28T04:29:06.661+0000] {processor.py:914} INFO - Processing file /opt/airflow/dags/hw6.py for tasks to queue
[2025-03-28T04:29:06.663+0000] {logging_mixin.py:190} INFO - [2025-03-28T04:29:06.663+0000] {dagbag.py:587} INFO - Filling up the DagBag from /opt/airflow/dags/hw6.py
[2025-03-28T04:29:06.688+0000] {processor.py:925} INFO - DAG(s) 'elt_snowflake_optimized' retrieved from /opt/airflow/dags/hw6.py
[2025-03-28T04:29:06.716+0000] {logging_mixin.py:190} INFO - [2025-03-28T04:29:06.715+0000] {dag.py:3229} INFO - Sync 1 DAGs
[2025-03-28T04:29:06.743+0000] {logging_mixin.py:190} INFO - [2025-03-28T04:29:06.742+0000] {dag.py:4156} INFO - Setting next_dagrun for elt_snowflake_optimized to 2025-03-27 02:45:00+00:00, run_after=2025-03-28 02:45:00+00:00
[2025-03-28T04:29:06.775+0000] {processor.py:208} INFO - Processing /opt/airflow/dags/hw6.py took 0.121 seconds
[2025-03-28T04:29:37.547+0000] {processor.py:186} INFO - Started process (PID=20368) to work on /opt/airflow/dags/hw6.py
[2025-03-28T04:29:37.548+0000] {processor.py:914} INFO - Processing file /opt/airflow/dags/hw6.py for tasks to queue
[2025-03-28T04:29:37.557+0000] {logging_mixin.py:190} INFO - [2025-03-28T04:29:37.557+0000] {dagbag.py:587} INFO - Filling up the DagBag from /opt/airflow/dags/hw6.py
[2025-03-28T04:29:37.595+0000] {processor.py:925} INFO - DAG(s) 'elt_snowflake_optimized' retrieved from /opt/airflow/dags/hw6.py
[2025-03-28T04:29:37.627+0000] {logging_mixin.py:190} INFO - [2025-03-28T04:29:37.626+0000] {dag.py:3229} INFO - Sync 1 DAGs
[2025-03-28T04:29:37.732+0000] {logging_mixin.py:190} INFO - [2025-03-28T04:29:37.732+0000] {dag.py:4156} INFO - Setting next_dagrun for elt_snowflake_optimized to 2025-03-27 02:45:00+00:00, run_after=2025-03-28 02:45:00+00:00
[2025-03-28T04:29:37.773+0000] {processor.py:208} INFO - Processing /opt/airflow/dags/hw6.py took 0.230 seconds
