[2025-03-28T00:00:03.788+0000] {processor.py:186} INFO - Started process (PID=17528) to work on /opt/airflow/dags/import_dag.py
[2025-03-28T00:00:03.790+0000] {processor.py:914} INFO - Processing file /opt/airflow/dags/import_dag.py for tasks to queue
[2025-03-28T00:00:03.791+0000] {logging_mixin.py:190} INFO - [2025-03-28T00:00:03.791+0000] {dagbag.py:587} INFO - Filling up the DagBag from /opt/airflow/dags/import_dag.py
[2025-03-28T00:00:03.815+0000] {processor.py:925} INFO - DAG(s) 'import_snowflake' retrieved from /opt/airflow/dags/import_dag.py
[2025-03-28T00:00:03.840+0000] {logging_mixin.py:190} INFO - [2025-03-28T00:00:03.839+0000] {dag.py:3229} INFO - Sync 1 DAGs
[2025-03-28T00:00:03.860+0000] {logging_mixin.py:190} INFO - [2025-03-28T00:00:03.860+0000] {dag.py:4156} INFO - Setting next_dagrun for import_snowflake to 2025-03-27 02:30:00+00:00, run_after=2025-03-28 02:30:00+00:00
[2025-03-28T00:00:03.878+0000] {processor.py:208} INFO - Processing /opt/airflow/dags/import_dag.py took 0.096 seconds
[2025-03-28T00:00:34.532+0000] {processor.py:186} INFO - Started process (PID=17564) to work on /opt/airflow/dags/import_dag.py
[2025-03-28T00:00:34.535+0000] {processor.py:914} INFO - Processing file /opt/airflow/dags/import_dag.py for tasks to queue
[2025-03-28T00:00:34.537+0000] {logging_mixin.py:190} INFO - [2025-03-28T00:00:34.536+0000] {dagbag.py:587} INFO - Filling up the DagBag from /opt/airflow/dags/import_dag.py
[2025-03-28T00:00:34.554+0000] {processor.py:925} INFO - DAG(s) 'import_snowflake' retrieved from /opt/airflow/dags/import_dag.py
[2025-03-28T00:00:34.578+0000] {logging_mixin.py:190} INFO - [2025-03-28T00:00:34.577+0000] {dag.py:3229} INFO - Sync 1 DAGs
[2025-03-28T00:00:34.598+0000] {logging_mixin.py:190} INFO - [2025-03-28T00:00:34.598+0000] {dag.py:4156} INFO - Setting next_dagrun for import_snowflake to 2025-03-27 02:30:00+00:00, run_after=2025-03-28 02:30:00+00:00
[2025-03-28T00:00:34.616+0000] {processor.py:208} INFO - Processing /opt/airflow/dags/import_dag.py took 0.089 seconds
[2025-03-28T00:01:04.918+0000] {processor.py:186} INFO - Started process (PID=17601) to work on /opt/airflow/dags/import_dag.py
[2025-03-28T00:01:04.919+0000] {processor.py:914} INFO - Processing file /opt/airflow/dags/import_dag.py for tasks to queue
[2025-03-28T00:01:04.922+0000] {logging_mixin.py:190} INFO - [2025-03-28T00:01:04.921+0000] {dagbag.py:587} INFO - Filling up the DagBag from /opt/airflow/dags/import_dag.py
[2025-03-28T00:01:04.938+0000] {processor.py:925} INFO - DAG(s) 'import_snowflake' retrieved from /opt/airflow/dags/import_dag.py
[2025-03-28T00:01:04.960+0000] {logging_mixin.py:190} INFO - [2025-03-28T00:01:04.959+0000] {dag.py:3229} INFO - Sync 1 DAGs
[2025-03-28T00:01:04.990+0000] {logging_mixin.py:190} INFO - [2025-03-28T00:01:04.990+0000] {dag.py:4156} INFO - Setting next_dagrun for import_snowflake to 2025-03-27 02:30:00+00:00, run_after=2025-03-28 02:30:00+00:00
[2025-03-28T00:01:05.008+0000] {processor.py:208} INFO - Processing /opt/airflow/dags/import_dag.py took 0.095 seconds
[2025-03-28T00:01:35.727+0000] {processor.py:186} INFO - Started process (PID=17637) to work on /opt/airflow/dags/import_dag.py
[2025-03-28T00:01:35.728+0000] {processor.py:914} INFO - Processing file /opt/airflow/dags/import_dag.py for tasks to queue
[2025-03-28T00:01:35.729+0000] {logging_mixin.py:190} INFO - [2025-03-28T00:01:35.729+0000] {dagbag.py:587} INFO - Filling up the DagBag from /opt/airflow/dags/import_dag.py
[2025-03-28T00:01:35.743+0000] {processor.py:925} INFO - DAG(s) 'import_snowflake' retrieved from /opt/airflow/dags/import_dag.py
[2025-03-28T00:01:35.766+0000] {logging_mixin.py:190} INFO - [2025-03-28T00:01:35.765+0000] {dag.py:3229} INFO - Sync 1 DAGs
[2025-03-28T00:01:35.784+0000] {logging_mixin.py:190} INFO - [2025-03-28T00:01:35.784+0000] {dag.py:4156} INFO - Setting next_dagrun for import_snowflake to 2025-03-27 02:30:00+00:00, run_after=2025-03-28 02:30:00+00:00
[2025-03-28T00:01:35.810+0000] {processor.py:208} INFO - Processing /opt/airflow/dags/import_dag.py took 0.087 seconds
[2025-03-28T00:02:06.444+0000] {processor.py:186} INFO - Started process (PID=17673) to work on /opt/airflow/dags/import_dag.py
[2025-03-28T00:02:06.445+0000] {processor.py:914} INFO - Processing file /opt/airflow/dags/import_dag.py for tasks to queue
[2025-03-28T00:02:06.446+0000] {logging_mixin.py:190} INFO - [2025-03-28T00:02:06.446+0000] {dagbag.py:587} INFO - Filling up the DagBag from /opt/airflow/dags/import_dag.py
[2025-03-28T00:02:06.460+0000] {processor.py:925} INFO - DAG(s) 'import_snowflake' retrieved from /opt/airflow/dags/import_dag.py
[2025-03-28T00:02:06.482+0000] {logging_mixin.py:190} INFO - [2025-03-28T00:02:06.481+0000] {dag.py:3229} INFO - Sync 1 DAGs
[2025-03-28T00:02:06.502+0000] {logging_mixin.py:190} INFO - [2025-03-28T00:02:06.502+0000] {dag.py:4156} INFO - Setting next_dagrun for import_snowflake to 2025-03-27 02:30:00+00:00, run_after=2025-03-28 02:30:00+00:00
[2025-03-28T00:02:06.518+0000] {processor.py:208} INFO - Processing /opt/airflow/dags/import_dag.py took 0.080 seconds
[2025-03-28T00:02:37.202+0000] {processor.py:186} INFO - Started process (PID=17715) to work on /opt/airflow/dags/import_dag.py
[2025-03-28T00:02:37.203+0000] {processor.py:914} INFO - Processing file /opt/airflow/dags/import_dag.py for tasks to queue
[2025-03-28T00:02:37.205+0000] {logging_mixin.py:190} INFO - [2025-03-28T00:02:37.204+0000] {dagbag.py:587} INFO - Filling up the DagBag from /opt/airflow/dags/import_dag.py
[2025-03-28T00:02:37.224+0000] {processor.py:925} INFO - DAG(s) 'import_snowflake' retrieved from /opt/airflow/dags/import_dag.py
[2025-03-28T00:02:37.248+0000] {logging_mixin.py:190} INFO - [2025-03-28T00:02:37.246+0000] {dag.py:3229} INFO - Sync 1 DAGs
[2025-03-28T00:02:37.270+0000] {logging_mixin.py:190} INFO - [2025-03-28T00:02:37.270+0000] {dag.py:4156} INFO - Setting next_dagrun for import_snowflake to 2025-03-27 02:30:00+00:00, run_after=2025-03-28 02:30:00+00:00
[2025-03-28T00:02:37.287+0000] {processor.py:208} INFO - Processing /opt/airflow/dags/import_dag.py took 0.089 seconds
[2025-03-28T00:03:07.939+0000] {processor.py:186} INFO - Started process (PID=17751) to work on /opt/airflow/dags/import_dag.py
[2025-03-28T00:03:07.939+0000] {processor.py:914} INFO - Processing file /opt/airflow/dags/import_dag.py for tasks to queue
[2025-03-28T00:03:07.940+0000] {logging_mixin.py:190} INFO - [2025-03-28T00:03:07.940+0000] {dagbag.py:587} INFO - Filling up the DagBag from /opt/airflow/dags/import_dag.py
[2025-03-28T00:03:07.954+0000] {processor.py:925} INFO - DAG(s) 'import_snowflake' retrieved from /opt/airflow/dags/import_dag.py
[2025-03-28T00:03:07.975+0000] {logging_mixin.py:190} INFO - [2025-03-28T00:03:07.974+0000] {dag.py:3229} INFO - Sync 1 DAGs
[2025-03-28T00:03:07.996+0000] {logging_mixin.py:190} INFO - [2025-03-28T00:03:07.996+0000] {dag.py:4156} INFO - Setting next_dagrun for import_snowflake to 2025-03-27 02:30:00+00:00, run_after=2025-03-28 02:30:00+00:00
[2025-03-28T00:03:08.015+0000] {processor.py:208} INFO - Processing /opt/airflow/dags/import_dag.py took 0.081 seconds
[2025-03-28T00:03:38.646+0000] {processor.py:186} INFO - Started process (PID=17787) to work on /opt/airflow/dags/import_dag.py
[2025-03-28T00:03:38.647+0000] {processor.py:914} INFO - Processing file /opt/airflow/dags/import_dag.py for tasks to queue
[2025-03-28T00:03:38.648+0000] {logging_mixin.py:190} INFO - [2025-03-28T00:03:38.648+0000] {dagbag.py:587} INFO - Filling up the DagBag from /opt/airflow/dags/import_dag.py
[2025-03-28T00:03:38.667+0000] {processor.py:925} INFO - DAG(s) 'import_snowflake' retrieved from /opt/airflow/dags/import_dag.py
[2025-03-28T00:03:38.689+0000] {logging_mixin.py:190} INFO - [2025-03-28T00:03:38.688+0000] {dag.py:3229} INFO - Sync 1 DAGs
[2025-03-28T00:03:38.711+0000] {logging_mixin.py:190} INFO - [2025-03-28T00:03:38.710+0000] {dag.py:4156} INFO - Setting next_dagrun for import_snowflake to 2025-03-27 02:30:00+00:00, run_after=2025-03-28 02:30:00+00:00
[2025-03-28T00:03:38.730+0000] {processor.py:208} INFO - Processing /opt/airflow/dags/import_dag.py took 0.089 seconds
[2025-03-28T00:04:09.352+0000] {processor.py:186} INFO - Started process (PID=17823) to work on /opt/airflow/dags/import_dag.py
[2025-03-28T00:04:09.353+0000] {processor.py:914} INFO - Processing file /opt/airflow/dags/import_dag.py for tasks to queue
[2025-03-28T00:04:09.355+0000] {logging_mixin.py:190} INFO - [2025-03-28T00:04:09.355+0000] {dagbag.py:587} INFO - Filling up the DagBag from /opt/airflow/dags/import_dag.py
[2025-03-28T00:04:09.375+0000] {processor.py:925} INFO - DAG(s) 'import_snowflake' retrieved from /opt/airflow/dags/import_dag.py
[2025-03-28T00:04:09.398+0000] {logging_mixin.py:190} INFO - [2025-03-28T00:04:09.397+0000] {dag.py:3229} INFO - Sync 1 DAGs
[2025-03-28T00:04:09.420+0000] {logging_mixin.py:190} INFO - [2025-03-28T00:04:09.420+0000] {dag.py:4156} INFO - Setting next_dagrun for import_snowflake to 2025-03-27 02:30:00+00:00, run_after=2025-03-28 02:30:00+00:00
[2025-03-28T00:04:09.438+0000] {processor.py:208} INFO - Processing /opt/airflow/dags/import_dag.py took 0.090 seconds
[2025-03-28T00:04:40.096+0000] {processor.py:186} INFO - Started process (PID=17858) to work on /opt/airflow/dags/import_dag.py
[2025-03-28T00:04:40.097+0000] {processor.py:914} INFO - Processing file /opt/airflow/dags/import_dag.py for tasks to queue
[2025-03-28T00:04:40.099+0000] {logging_mixin.py:190} INFO - [2025-03-28T00:04:40.098+0000] {dagbag.py:587} INFO - Filling up the DagBag from /opt/airflow/dags/import_dag.py
[2025-03-28T00:04:40.118+0000] {processor.py:925} INFO - DAG(s) 'import_snowflake' retrieved from /opt/airflow/dags/import_dag.py
[2025-03-28T00:04:40.144+0000] {logging_mixin.py:190} INFO - [2025-03-28T00:04:40.143+0000] {dag.py:3229} INFO - Sync 1 DAGs
[2025-03-28T00:04:40.165+0000] {logging_mixin.py:190} INFO - [2025-03-28T00:04:40.165+0000] {dag.py:4156} INFO - Setting next_dagrun for import_snowflake to 2025-03-27 02:30:00+00:00, run_after=2025-03-28 02:30:00+00:00
[2025-03-28T00:04:40.184+0000] {processor.py:208} INFO - Processing /opt/airflow/dags/import_dag.py took 0.093 seconds
[2025-03-28T00:05:10.894+0000] {processor.py:186} INFO - Started process (PID=17894) to work on /opt/airflow/dags/import_dag.py
[2025-03-28T00:05:10.895+0000] {processor.py:914} INFO - Processing file /opt/airflow/dags/import_dag.py for tasks to queue
[2025-03-28T00:05:10.896+0000] {logging_mixin.py:190} INFO - [2025-03-28T00:05:10.896+0000] {dagbag.py:587} INFO - Filling up the DagBag from /opt/airflow/dags/import_dag.py
[2025-03-28T00:05:10.917+0000] {processor.py:925} INFO - DAG(s) 'import_snowflake' retrieved from /opt/airflow/dags/import_dag.py
[2025-03-28T00:05:10.940+0000] {logging_mixin.py:190} INFO - [2025-03-28T00:05:10.939+0000] {dag.py:3229} INFO - Sync 1 DAGs
[2025-03-28T00:05:10.961+0000] {logging_mixin.py:190} INFO - [2025-03-28T00:05:10.960+0000] {dag.py:4156} INFO - Setting next_dagrun for import_snowflake to 2025-03-27 02:30:00+00:00, run_after=2025-03-28 02:30:00+00:00
[2025-03-28T00:05:10.978+0000] {processor.py:208} INFO - Processing /opt/airflow/dags/import_dag.py took 0.089 seconds
[2025-03-28T00:05:41.667+0000] {processor.py:186} INFO - Started process (PID=17930) to work on /opt/airflow/dags/import_dag.py
[2025-03-28T00:05:41.668+0000] {processor.py:914} INFO - Processing file /opt/airflow/dags/import_dag.py for tasks to queue
[2025-03-28T00:05:41.669+0000] {logging_mixin.py:190} INFO - [2025-03-28T00:05:41.669+0000] {dagbag.py:587} INFO - Filling up the DagBag from /opt/airflow/dags/import_dag.py
[2025-03-28T00:05:41.687+0000] {processor.py:925} INFO - DAG(s) 'import_snowflake' retrieved from /opt/airflow/dags/import_dag.py
[2025-03-28T00:05:41.712+0000] {logging_mixin.py:190} INFO - [2025-03-28T00:05:41.711+0000] {dag.py:3229} INFO - Sync 1 DAGs
[2025-03-28T00:05:41.732+0000] {logging_mixin.py:190} INFO - [2025-03-28T00:05:41.732+0000] {dag.py:4156} INFO - Setting next_dagrun for import_snowflake to 2025-03-27 02:30:00+00:00, run_after=2025-03-28 02:30:00+00:00
[2025-03-28T00:05:41.750+0000] {processor.py:208} INFO - Processing /opt/airflow/dags/import_dag.py took 0.088 seconds
[2025-03-28T00:06:11.983+0000] {processor.py:186} INFO - Started process (PID=17966) to work on /opt/airflow/dags/import_dag.py
[2025-03-28T00:06:11.984+0000] {processor.py:914} INFO - Processing file /opt/airflow/dags/import_dag.py for tasks to queue
[2025-03-28T00:06:11.986+0000] {logging_mixin.py:190} INFO - [2025-03-28T00:06:11.985+0000] {dagbag.py:587} INFO - Filling up the DagBag from /opt/airflow/dags/import_dag.py
[2025-03-28T00:06:12.003+0000] {processor.py:925} INFO - DAG(s) 'import_snowflake' retrieved from /opt/airflow/dags/import_dag.py
[2025-03-28T00:06:12.031+0000] {logging_mixin.py:190} INFO - [2025-03-28T00:06:12.030+0000] {dag.py:3229} INFO - Sync 1 DAGs
[2025-03-28T00:06:12.056+0000] {logging_mixin.py:190} INFO - [2025-03-28T00:06:12.056+0000] {dag.py:4156} INFO - Setting next_dagrun for import_snowflake to 2025-03-27 02:30:00+00:00, run_after=2025-03-28 02:30:00+00:00
[2025-03-28T00:06:12.073+0000] {processor.py:208} INFO - Processing /opt/airflow/dags/import_dag.py took 0.096 seconds
[2025-03-28T00:06:42.737+0000] {processor.py:186} INFO - Started process (PID=18002) to work on /opt/airflow/dags/import_dag.py
[2025-03-28T00:06:42.738+0000] {processor.py:914} INFO - Processing file /opt/airflow/dags/import_dag.py for tasks to queue
[2025-03-28T00:06:42.739+0000] {logging_mixin.py:190} INFO - [2025-03-28T00:06:42.739+0000] {dagbag.py:587} INFO - Filling up the DagBag from /opt/airflow/dags/import_dag.py
[2025-03-28T00:06:42.753+0000] {processor.py:925} INFO - DAG(s) 'import_snowflake' retrieved from /opt/airflow/dags/import_dag.py
[2025-03-28T00:06:42.775+0000] {logging_mixin.py:190} INFO - [2025-03-28T00:06:42.774+0000] {dag.py:3229} INFO - Sync 1 DAGs
[2025-03-28T00:06:42.796+0000] {logging_mixin.py:190} INFO - [2025-03-28T00:06:42.796+0000] {dag.py:4156} INFO - Setting next_dagrun for import_snowflake to 2025-03-27 02:30:00+00:00, run_after=2025-03-28 02:30:00+00:00
[2025-03-28T00:06:42.818+0000] {processor.py:208} INFO - Processing /opt/airflow/dags/import_dag.py took 0.086 seconds
[2025-03-28T00:07:13.454+0000] {processor.py:186} INFO - Started process (PID=18038) to work on /opt/airflow/dags/import_dag.py
[2025-03-28T00:07:13.455+0000] {processor.py:914} INFO - Processing file /opt/airflow/dags/import_dag.py for tasks to queue
[2025-03-28T00:07:13.456+0000] {logging_mixin.py:190} INFO - [2025-03-28T00:07:13.456+0000] {dagbag.py:587} INFO - Filling up the DagBag from /opt/airflow/dags/import_dag.py
[2025-03-28T00:07:13.471+0000] {processor.py:925} INFO - DAG(s) 'import_snowflake' retrieved from /opt/airflow/dags/import_dag.py
[2025-03-28T00:07:13.497+0000] {logging_mixin.py:190} INFO - [2025-03-28T00:07:13.496+0000] {dag.py:3229} INFO - Sync 1 DAGs
[2025-03-28T00:07:13.518+0000] {logging_mixin.py:190} INFO - [2025-03-28T00:07:13.518+0000] {dag.py:4156} INFO - Setting next_dagrun for import_snowflake to 2025-03-27 02:30:00+00:00, run_after=2025-03-28 02:30:00+00:00
[2025-03-28T00:07:13.536+0000] {processor.py:208} INFO - Processing /opt/airflow/dags/import_dag.py took 0.087 seconds
[2025-03-28T00:07:44.204+0000] {processor.py:186} INFO - Started process (PID=18074) to work on /opt/airflow/dags/import_dag.py
[2025-03-28T00:07:44.205+0000] {processor.py:914} INFO - Processing file /opt/airflow/dags/import_dag.py for tasks to queue
[2025-03-28T00:07:44.206+0000] {logging_mixin.py:190} INFO - [2025-03-28T00:07:44.206+0000] {dagbag.py:587} INFO - Filling up the DagBag from /opt/airflow/dags/import_dag.py
[2025-03-28T00:07:44.223+0000] {processor.py:925} INFO - DAG(s) 'import_snowflake' retrieved from /opt/airflow/dags/import_dag.py
[2025-03-28T00:07:44.249+0000] {logging_mixin.py:190} INFO - [2025-03-28T00:07:44.248+0000] {dag.py:3229} INFO - Sync 1 DAGs
[2025-03-28T00:07:44.272+0000] {logging_mixin.py:190} INFO - [2025-03-28T00:07:44.271+0000] {dag.py:4156} INFO - Setting next_dagrun for import_snowflake to 2025-03-27 02:30:00+00:00, run_after=2025-03-28 02:30:00+00:00
[2025-03-28T00:07:44.294+0000] {processor.py:208} INFO - Processing /opt/airflow/dags/import_dag.py took 0.095 seconds
[2025-03-28T00:08:14.978+0000] {processor.py:186} INFO - Started process (PID=18110) to work on /opt/airflow/dags/import_dag.py
[2025-03-28T00:08:14.982+0000] {processor.py:914} INFO - Processing file /opt/airflow/dags/import_dag.py for tasks to queue
[2025-03-28T00:08:14.984+0000] {logging_mixin.py:190} INFO - [2025-03-28T00:08:14.983+0000] {dagbag.py:587} INFO - Filling up the DagBag from /opt/airflow/dags/import_dag.py
[2025-03-28T00:08:15.001+0000] {processor.py:925} INFO - DAG(s) 'import_snowflake' retrieved from /opt/airflow/dags/import_dag.py
[2025-03-28T00:08:15.024+0000] {logging_mixin.py:190} INFO - [2025-03-28T00:08:15.023+0000] {dag.py:3229} INFO - Sync 1 DAGs
[2025-03-28T00:08:15.044+0000] {logging_mixin.py:190} INFO - [2025-03-28T00:08:15.044+0000] {dag.py:4156} INFO - Setting next_dagrun for import_snowflake to 2025-03-27 02:30:00+00:00, run_after=2025-03-28 02:30:00+00:00
[2025-03-28T00:08:15.063+0000] {processor.py:208} INFO - Processing /opt/airflow/dags/import_dag.py took 0.090 seconds
[2025-03-28T00:08:45.754+0000] {processor.py:186} INFO - Started process (PID=18146) to work on /opt/airflow/dags/import_dag.py
[2025-03-28T00:08:45.755+0000] {processor.py:914} INFO - Processing file /opt/airflow/dags/import_dag.py for tasks to queue
[2025-03-28T00:08:45.756+0000] {logging_mixin.py:190} INFO - [2025-03-28T00:08:45.755+0000] {dagbag.py:587} INFO - Filling up the DagBag from /opt/airflow/dags/import_dag.py
[2025-03-28T00:08:45.775+0000] {processor.py:925} INFO - DAG(s) 'import_snowflake' retrieved from /opt/airflow/dags/import_dag.py
[2025-03-28T00:08:45.797+0000] {logging_mixin.py:190} INFO - [2025-03-28T00:08:45.796+0000] {dag.py:3229} INFO - Sync 1 DAGs
[2025-03-28T00:08:45.817+0000] {logging_mixin.py:190} INFO - [2025-03-28T00:08:45.817+0000] {dag.py:4156} INFO - Setting next_dagrun for import_snowflake to 2025-03-27 02:30:00+00:00, run_after=2025-03-28 02:30:00+00:00
[2025-03-28T00:08:45.832+0000] {processor.py:208} INFO - Processing /opt/airflow/dags/import_dag.py took 0.083 seconds
[2025-03-28T00:09:16.537+0000] {processor.py:186} INFO - Started process (PID=18182) to work on /opt/airflow/dags/import_dag.py
[2025-03-28T00:09:16.538+0000] {processor.py:914} INFO - Processing file /opt/airflow/dags/import_dag.py for tasks to queue
[2025-03-28T00:09:16.539+0000] {logging_mixin.py:190} INFO - [2025-03-28T00:09:16.539+0000] {dagbag.py:587} INFO - Filling up the DagBag from /opt/airflow/dags/import_dag.py
[2025-03-28T00:09:16.557+0000] {processor.py:925} INFO - DAG(s) 'import_snowflake' retrieved from /opt/airflow/dags/import_dag.py
[2025-03-28T00:09:16.578+0000] {logging_mixin.py:190} INFO - [2025-03-28T00:09:16.577+0000] {dag.py:3229} INFO - Sync 1 DAGs
[2025-03-28T00:09:16.599+0000] {logging_mixin.py:190} INFO - [2025-03-28T00:09:16.599+0000] {dag.py:4156} INFO - Setting next_dagrun for import_snowflake to 2025-03-27 02:30:00+00:00, run_after=2025-03-28 02:30:00+00:00
[2025-03-28T00:09:16.616+0000] {processor.py:208} INFO - Processing /opt/airflow/dags/import_dag.py took 0.085 seconds
[2025-03-28T00:09:47.335+0000] {processor.py:186} INFO - Started process (PID=18218) to work on /opt/airflow/dags/import_dag.py
[2025-03-28T00:09:47.337+0000] {processor.py:914} INFO - Processing file /opt/airflow/dags/import_dag.py for tasks to queue
[2025-03-28T00:09:47.338+0000] {logging_mixin.py:190} INFO - [2025-03-28T00:09:47.337+0000] {dagbag.py:587} INFO - Filling up the DagBag from /opt/airflow/dags/import_dag.py
[2025-03-28T00:09:47.353+0000] {processor.py:925} INFO - DAG(s) 'import_snowflake' retrieved from /opt/airflow/dags/import_dag.py
[2025-03-28T00:09:47.382+0000] {logging_mixin.py:190} INFO - [2025-03-28T00:09:47.381+0000] {dag.py:3229} INFO - Sync 1 DAGs
[2025-03-28T00:09:47.407+0000] {logging_mixin.py:190} INFO - [2025-03-28T00:09:47.406+0000] {dag.py:4156} INFO - Setting next_dagrun for import_snowflake to 2025-03-27 02:30:00+00:00, run_after=2025-03-28 02:30:00+00:00
[2025-03-28T00:09:47.426+0000] {processor.py:208} INFO - Processing /opt/airflow/dags/import_dag.py took 0.097 seconds
[2025-03-28T00:10:18.070+0000] {processor.py:186} INFO - Started process (PID=18254) to work on /opt/airflow/dags/import_dag.py
[2025-03-28T00:10:18.071+0000] {processor.py:914} INFO - Processing file /opt/airflow/dags/import_dag.py for tasks to queue
[2025-03-28T00:10:18.072+0000] {logging_mixin.py:190} INFO - [2025-03-28T00:10:18.072+0000] {dagbag.py:587} INFO - Filling up the DagBag from /opt/airflow/dags/import_dag.py
[2025-03-28T00:10:18.090+0000] {processor.py:925} INFO - DAG(s) 'import_snowflake' retrieved from /opt/airflow/dags/import_dag.py
[2025-03-28T00:10:18.118+0000] {logging_mixin.py:190} INFO - [2025-03-28T00:10:18.117+0000] {dag.py:3229} INFO - Sync 1 DAGs
[2025-03-28T00:10:18.144+0000] {logging_mixin.py:190} INFO - [2025-03-28T00:10:18.144+0000] {dag.py:4156} INFO - Setting next_dagrun for import_snowflake to 2025-03-27 02:30:00+00:00, run_after=2025-03-28 02:30:00+00:00
[2025-03-28T00:10:18.166+0000] {processor.py:208} INFO - Processing /opt/airflow/dags/import_dag.py took 0.101 seconds
[2025-03-28T00:10:48.480+0000] {processor.py:186} INFO - Started process (PID=18290) to work on /opt/airflow/dags/import_dag.py
[2025-03-28T00:10:48.481+0000] {processor.py:914} INFO - Processing file /opt/airflow/dags/import_dag.py for tasks to queue
[2025-03-28T00:10:48.483+0000] {logging_mixin.py:190} INFO - [2025-03-28T00:10:48.483+0000] {dagbag.py:587} INFO - Filling up the DagBag from /opt/airflow/dags/import_dag.py
[2025-03-28T00:10:48.498+0000] {processor.py:925} INFO - DAG(s) 'import_snowflake' retrieved from /opt/airflow/dags/import_dag.py
[2025-03-28T00:10:48.526+0000] {logging_mixin.py:190} INFO - [2025-03-28T00:10:48.525+0000] {dag.py:3229} INFO - Sync 1 DAGs
[2025-03-28T00:10:48.547+0000] {logging_mixin.py:190} INFO - [2025-03-28T00:10:48.547+0000] {dag.py:4156} INFO - Setting next_dagrun for import_snowflake to 2025-03-27 02:30:00+00:00, run_after=2025-03-28 02:30:00+00:00
[2025-03-28T00:10:48.565+0000] {processor.py:208} INFO - Processing /opt/airflow/dags/import_dag.py took 0.090 seconds
[2025-03-28T00:11:19.201+0000] {processor.py:186} INFO - Started process (PID=18326) to work on /opt/airflow/dags/import_dag.py
[2025-03-28T00:11:19.203+0000] {processor.py:914} INFO - Processing file /opt/airflow/dags/import_dag.py for tasks to queue
[2025-03-28T00:11:19.204+0000] {logging_mixin.py:190} INFO - [2025-03-28T00:11:19.204+0000] {dagbag.py:587} INFO - Filling up the DagBag from /opt/airflow/dags/import_dag.py
[2025-03-28T00:11:19.220+0000] {processor.py:925} INFO - DAG(s) 'import_snowflake' retrieved from /opt/airflow/dags/import_dag.py
[2025-03-28T00:11:19.248+0000] {logging_mixin.py:190} INFO - [2025-03-28T00:11:19.247+0000] {dag.py:3229} INFO - Sync 1 DAGs
[2025-03-28T00:11:19.268+0000] {logging_mixin.py:190} INFO - [2025-03-28T00:11:19.268+0000] {dag.py:4156} INFO - Setting next_dagrun for import_snowflake to 2025-03-27 02:30:00+00:00, run_after=2025-03-28 02:30:00+00:00
[2025-03-28T00:11:19.287+0000] {processor.py:208} INFO - Processing /opt/airflow/dags/import_dag.py took 0.090 seconds
[2025-03-28T00:11:49.938+0000] {processor.py:186} INFO - Started process (PID=18362) to work on /opt/airflow/dags/import_dag.py
[2025-03-28T00:11:49.944+0000] {processor.py:914} INFO - Processing file /opt/airflow/dags/import_dag.py for tasks to queue
[2025-03-28T00:11:49.945+0000] {logging_mixin.py:190} INFO - [2025-03-28T00:11:49.945+0000] {dagbag.py:587} INFO - Filling up the DagBag from /opt/airflow/dags/import_dag.py
[2025-03-28T00:11:49.972+0000] {processor.py:925} INFO - DAG(s) 'import_snowflake' retrieved from /opt/airflow/dags/import_dag.py
[2025-03-28T00:11:49.997+0000] {logging_mixin.py:190} INFO - [2025-03-28T00:11:49.995+0000] {dag.py:3229} INFO - Sync 1 DAGs
[2025-03-28T00:11:50.017+0000] {logging_mixin.py:190} INFO - [2025-03-28T00:11:50.017+0000] {dag.py:4156} INFO - Setting next_dagrun for import_snowflake to 2025-03-27 02:30:00+00:00, run_after=2025-03-28 02:30:00+00:00
[2025-03-28T00:11:50.036+0000] {processor.py:208} INFO - Processing /opt/airflow/dags/import_dag.py took 0.102 seconds
[2025-03-28T00:12:20.697+0000] {processor.py:186} INFO - Started process (PID=18398) to work on /opt/airflow/dags/import_dag.py
[2025-03-28T00:12:20.698+0000] {processor.py:914} INFO - Processing file /opt/airflow/dags/import_dag.py for tasks to queue
[2025-03-28T00:12:20.700+0000] {logging_mixin.py:190} INFO - [2025-03-28T00:12:20.700+0000] {dagbag.py:587} INFO - Filling up the DagBag from /opt/airflow/dags/import_dag.py
[2025-03-28T00:12:20.717+0000] {processor.py:925} INFO - DAG(s) 'import_snowflake' retrieved from /opt/airflow/dags/import_dag.py
[2025-03-28T00:12:20.744+0000] {logging_mixin.py:190} INFO - [2025-03-28T00:12:20.743+0000] {dag.py:3229} INFO - Sync 1 DAGs
[2025-03-28T00:12:20.771+0000] {logging_mixin.py:190} INFO - [2025-03-28T00:12:20.771+0000] {dag.py:4156} INFO - Setting next_dagrun for import_snowflake to 2025-03-27 02:30:00+00:00, run_after=2025-03-28 02:30:00+00:00
[2025-03-28T00:12:20.791+0000] {processor.py:208} INFO - Processing /opt/airflow/dags/import_dag.py took 0.099 seconds
[2025-03-28T00:12:51.469+0000] {processor.py:186} INFO - Started process (PID=18434) to work on /opt/airflow/dags/import_dag.py
[2025-03-28T00:12:51.470+0000] {processor.py:914} INFO - Processing file /opt/airflow/dags/import_dag.py for tasks to queue
[2025-03-28T00:12:51.471+0000] {logging_mixin.py:190} INFO - [2025-03-28T00:12:51.471+0000] {dagbag.py:587} INFO - Filling up the DagBag from /opt/airflow/dags/import_dag.py
[2025-03-28T00:12:51.488+0000] {processor.py:925} INFO - DAG(s) 'import_snowflake' retrieved from /opt/airflow/dags/import_dag.py
[2025-03-28T00:12:51.514+0000] {logging_mixin.py:190} INFO - [2025-03-28T00:12:51.513+0000] {dag.py:3229} INFO - Sync 1 DAGs
[2025-03-28T00:12:51.535+0000] {logging_mixin.py:190} INFO - [2025-03-28T00:12:51.534+0000] {dag.py:4156} INFO - Setting next_dagrun for import_snowflake to 2025-03-27 02:30:00+00:00, run_after=2025-03-28 02:30:00+00:00
[2025-03-28T00:12:51.552+0000] {processor.py:208} INFO - Processing /opt/airflow/dags/import_dag.py took 0.088 seconds
[2025-03-28T00:13:22.277+0000] {processor.py:186} INFO - Started process (PID=18470) to work on /opt/airflow/dags/import_dag.py
[2025-03-28T00:13:22.278+0000] {processor.py:914} INFO - Processing file /opt/airflow/dags/import_dag.py for tasks to queue
[2025-03-28T00:13:22.280+0000] {logging_mixin.py:190} INFO - [2025-03-28T00:13:22.279+0000] {dagbag.py:587} INFO - Filling up the DagBag from /opt/airflow/dags/import_dag.py
[2025-03-28T00:13:22.298+0000] {processor.py:925} INFO - DAG(s) 'import_snowflake' retrieved from /opt/airflow/dags/import_dag.py
[2025-03-28T00:13:22.324+0000] {logging_mixin.py:190} INFO - [2025-03-28T00:13:22.322+0000] {dag.py:3229} INFO - Sync 1 DAGs
[2025-03-28T00:13:22.345+0000] {logging_mixin.py:190} INFO - [2025-03-28T00:13:22.345+0000] {dag.py:4156} INFO - Setting next_dagrun for import_snowflake to 2025-03-27 02:30:00+00:00, run_after=2025-03-28 02:30:00+00:00
[2025-03-28T00:13:22.362+0000] {processor.py:208} INFO - Processing /opt/airflow/dags/import_dag.py took 0.091 seconds
[2025-03-28T00:13:53.066+0000] {processor.py:186} INFO - Started process (PID=18506) to work on /opt/airflow/dags/import_dag.py
[2025-03-28T00:13:53.070+0000] {processor.py:914} INFO - Processing file /opt/airflow/dags/import_dag.py for tasks to queue
[2025-03-28T00:13:53.072+0000] {logging_mixin.py:190} INFO - [2025-03-28T00:13:53.072+0000] {dagbag.py:587} INFO - Filling up the DagBag from /opt/airflow/dags/import_dag.py
[2025-03-28T00:13:53.093+0000] {processor.py:925} INFO - DAG(s) 'import_snowflake' retrieved from /opt/airflow/dags/import_dag.py
[2025-03-28T00:13:53.120+0000] {logging_mixin.py:190} INFO - [2025-03-28T00:13:53.119+0000] {dag.py:3229} INFO - Sync 1 DAGs
[2025-03-28T00:13:53.144+0000] {logging_mixin.py:190} INFO - [2025-03-28T00:13:53.144+0000] {dag.py:4156} INFO - Setting next_dagrun for import_snowflake to 2025-03-27 02:30:00+00:00, run_after=2025-03-28 02:30:00+00:00
[2025-03-28T00:13:53.165+0000] {processor.py:208} INFO - Processing /opt/airflow/dags/import_dag.py took 0.106 seconds
[2025-03-28T00:14:23.783+0000] {processor.py:186} INFO - Started process (PID=18542) to work on /opt/airflow/dags/import_dag.py
[2025-03-28T00:14:23.784+0000] {processor.py:914} INFO - Processing file /opt/airflow/dags/import_dag.py for tasks to queue
[2025-03-28T00:14:23.785+0000] {logging_mixin.py:190} INFO - [2025-03-28T00:14:23.785+0000] {dagbag.py:587} INFO - Filling up the DagBag from /opt/airflow/dags/import_dag.py
[2025-03-28T00:14:23.800+0000] {processor.py:925} INFO - DAG(s) 'import_snowflake' retrieved from /opt/airflow/dags/import_dag.py
[2025-03-28T00:14:23.827+0000] {logging_mixin.py:190} INFO - [2025-03-28T00:14:23.826+0000] {dag.py:3229} INFO - Sync 1 DAGs
[2025-03-28T00:14:23.849+0000] {logging_mixin.py:190} INFO - [2025-03-28T00:14:23.849+0000] {dag.py:4156} INFO - Setting next_dagrun for import_snowflake to 2025-03-27 02:30:00+00:00, run_after=2025-03-28 02:30:00+00:00
[2025-03-28T00:14:23.867+0000] {processor.py:208} INFO - Processing /opt/airflow/dags/import_dag.py took 0.089 seconds
[2025-03-28T00:14:54.545+0000] {processor.py:186} INFO - Started process (PID=18578) to work on /opt/airflow/dags/import_dag.py
[2025-03-28T00:14:54.546+0000] {processor.py:914} INFO - Processing file /opt/airflow/dags/import_dag.py for tasks to queue
[2025-03-28T00:14:54.547+0000] {logging_mixin.py:190} INFO - [2025-03-28T00:14:54.547+0000] {dagbag.py:587} INFO - Filling up the DagBag from /opt/airflow/dags/import_dag.py
[2025-03-28T00:14:54.561+0000] {processor.py:925} INFO - DAG(s) 'import_snowflake' retrieved from /opt/airflow/dags/import_dag.py
[2025-03-28T00:14:54.590+0000] {logging_mixin.py:190} INFO - [2025-03-28T00:14:54.589+0000] {dag.py:3229} INFO - Sync 1 DAGs
[2025-03-28T00:14:54.610+0000] {logging_mixin.py:190} INFO - [2025-03-28T00:14:54.610+0000] {dag.py:4156} INFO - Setting next_dagrun for import_snowflake to 2025-03-27 02:30:00+00:00, run_after=2025-03-28 02:30:00+00:00
[2025-03-28T00:14:54.626+0000] {processor.py:208} INFO - Processing /opt/airflow/dags/import_dag.py took 0.086 seconds
[2025-03-28T00:15:25.262+0000] {processor.py:186} INFO - Started process (PID=18614) to work on /opt/airflow/dags/import_dag.py
[2025-03-28T00:15:25.263+0000] {processor.py:914} INFO - Processing file /opt/airflow/dags/import_dag.py for tasks to queue
[2025-03-28T00:15:25.264+0000] {logging_mixin.py:190} INFO - [2025-03-28T00:15:25.264+0000] {dagbag.py:587} INFO - Filling up the DagBag from /opt/airflow/dags/import_dag.py
[2025-03-28T00:15:25.279+0000] {processor.py:925} INFO - DAG(s) 'import_snowflake' retrieved from /opt/airflow/dags/import_dag.py
[2025-03-28T00:15:25.309+0000] {logging_mixin.py:190} INFO - [2025-03-28T00:15:25.307+0000] {dag.py:3229} INFO - Sync 1 DAGs
[2025-03-28T00:15:25.333+0000] {logging_mixin.py:190} INFO - [2025-03-28T00:15:25.333+0000] {dag.py:4156} INFO - Setting next_dagrun for import_snowflake to 2025-03-27 02:30:00+00:00, run_after=2025-03-28 02:30:00+00:00
[2025-03-28T00:15:25.351+0000] {processor.py:208} INFO - Processing /opt/airflow/dags/import_dag.py took 0.094 seconds
[2025-03-28T00:15:55.721+0000] {processor.py:186} INFO - Started process (PID=18650) to work on /opt/airflow/dags/import_dag.py
[2025-03-28T00:15:55.722+0000] {processor.py:914} INFO - Processing file /opt/airflow/dags/import_dag.py for tasks to queue
[2025-03-28T00:15:55.723+0000] {logging_mixin.py:190} INFO - [2025-03-28T00:15:55.723+0000] {dagbag.py:587} INFO - Filling up the DagBag from /opt/airflow/dags/import_dag.py
[2025-03-28T00:15:55.740+0000] {processor.py:925} INFO - DAG(s) 'import_snowflake' retrieved from /opt/airflow/dags/import_dag.py
[2025-03-28T00:15:55.764+0000] {logging_mixin.py:190} INFO - [2025-03-28T00:15:55.763+0000] {dag.py:3229} INFO - Sync 1 DAGs
[2025-03-28T00:15:55.786+0000] {logging_mixin.py:190} INFO - [2025-03-28T00:15:55.785+0000] {dag.py:4156} INFO - Setting next_dagrun for import_snowflake to 2025-03-27 02:30:00+00:00, run_after=2025-03-28 02:30:00+00:00
[2025-03-28T00:15:55.802+0000] {processor.py:208} INFO - Processing /opt/airflow/dags/import_dag.py took 0.086 seconds
[2025-03-28T00:16:26.472+0000] {processor.py:186} INFO - Started process (PID=18686) to work on /opt/airflow/dags/import_dag.py
[2025-03-28T00:16:26.473+0000] {processor.py:914} INFO - Processing file /opt/airflow/dags/import_dag.py for tasks to queue
[2025-03-28T00:16:26.474+0000] {logging_mixin.py:190} INFO - [2025-03-28T00:16:26.474+0000] {dagbag.py:587} INFO - Filling up the DagBag from /opt/airflow/dags/import_dag.py
[2025-03-28T00:16:26.489+0000] {processor.py:925} INFO - DAG(s) 'import_snowflake' retrieved from /opt/airflow/dags/import_dag.py
[2025-03-28T00:16:26.512+0000] {logging_mixin.py:190} INFO - [2025-03-28T00:16:26.511+0000] {dag.py:3229} INFO - Sync 1 DAGs
[2025-03-28T00:16:26.534+0000] {logging_mixin.py:190} INFO - [2025-03-28T00:16:26.534+0000] {dag.py:4156} INFO - Setting next_dagrun for import_snowflake to 2025-03-27 02:30:00+00:00, run_after=2025-03-28 02:30:00+00:00
[2025-03-28T00:16:26.550+0000] {processor.py:208} INFO - Processing /opt/airflow/dags/import_dag.py took 0.083 seconds
[2025-03-28T00:16:57.213+0000] {processor.py:186} INFO - Started process (PID=18723) to work on /opt/airflow/dags/import_dag.py
[2025-03-28T00:16:57.214+0000] {processor.py:914} INFO - Processing file /opt/airflow/dags/import_dag.py for tasks to queue
[2025-03-28T00:16:57.216+0000] {logging_mixin.py:190} INFO - [2025-03-28T00:16:57.216+0000] {dagbag.py:587} INFO - Filling up the DagBag from /opt/airflow/dags/import_dag.py
[2025-03-28T00:16:57.232+0000] {processor.py:925} INFO - DAG(s) 'import_snowflake' retrieved from /opt/airflow/dags/import_dag.py
[2025-03-28T00:16:57.256+0000] {logging_mixin.py:190} INFO - [2025-03-28T00:16:57.255+0000] {dag.py:3229} INFO - Sync 1 DAGs
[2025-03-28T00:16:57.276+0000] {logging_mixin.py:190} INFO - [2025-03-28T00:16:57.276+0000] {dag.py:4156} INFO - Setting next_dagrun for import_snowflake to 2025-03-27 02:30:00+00:00, run_after=2025-03-28 02:30:00+00:00
[2025-03-28T00:16:57.293+0000] {processor.py:208} INFO - Processing /opt/airflow/dags/import_dag.py took 0.084 seconds
[2025-03-28T00:17:27.999+0000] {processor.py:186} INFO - Started process (PID=18759) to work on /opt/airflow/dags/import_dag.py
[2025-03-28T00:17:28.000+0000] {processor.py:914} INFO - Processing file /opt/airflow/dags/import_dag.py for tasks to queue
[2025-03-28T00:17:28.002+0000] {logging_mixin.py:190} INFO - [2025-03-28T00:17:28.002+0000] {dagbag.py:587} INFO - Filling up the DagBag from /opt/airflow/dags/import_dag.py
[2025-03-28T00:17:28.019+0000] {processor.py:925} INFO - DAG(s) 'import_snowflake' retrieved from /opt/airflow/dags/import_dag.py
[2025-03-28T00:17:28.042+0000] {logging_mixin.py:190} INFO - [2025-03-28T00:17:28.041+0000] {dag.py:3229} INFO - Sync 1 DAGs
[2025-03-28T00:17:28.062+0000] {logging_mixin.py:190} INFO - [2025-03-28T00:17:28.061+0000] {dag.py:4156} INFO - Setting next_dagrun for import_snowflake to 2025-03-27 02:30:00+00:00, run_after=2025-03-28 02:30:00+00:00
[2025-03-28T00:17:28.079+0000] {processor.py:208} INFO - Processing /opt/airflow/dags/import_dag.py took 0.085 seconds
[2025-03-28T00:17:58.739+0000] {processor.py:186} INFO - Started process (PID=18795) to work on /opt/airflow/dags/import_dag.py
[2025-03-28T00:17:58.740+0000] {processor.py:914} INFO - Processing file /opt/airflow/dags/import_dag.py for tasks to queue
[2025-03-28T00:17:58.741+0000] {logging_mixin.py:190} INFO - [2025-03-28T00:17:58.741+0000] {dagbag.py:587} INFO - Filling up the DagBag from /opt/airflow/dags/import_dag.py
[2025-03-28T00:17:58.755+0000] {processor.py:925} INFO - DAG(s) 'import_snowflake' retrieved from /opt/airflow/dags/import_dag.py
[2025-03-28T00:17:58.781+0000] {logging_mixin.py:190} INFO - [2025-03-28T00:17:58.779+0000] {dag.py:3229} INFO - Sync 1 DAGs
[2025-03-28T00:17:58.805+0000] {logging_mixin.py:190} INFO - [2025-03-28T00:17:58.805+0000] {dag.py:4156} INFO - Setting next_dagrun for import_snowflake to 2025-03-27 02:30:00+00:00, run_after=2025-03-28 02:30:00+00:00
[2025-03-28T00:17:58.825+0000] {processor.py:208} INFO - Processing /opt/airflow/dags/import_dag.py took 0.091 seconds
[2025-03-28T00:18:29.477+0000] {processor.py:186} INFO - Started process (PID=18831) to work on /opt/airflow/dags/import_dag.py
[2025-03-28T00:18:29.478+0000] {processor.py:914} INFO - Processing file /opt/airflow/dags/import_dag.py for tasks to queue
[2025-03-28T00:18:29.479+0000] {logging_mixin.py:190} INFO - [2025-03-28T00:18:29.479+0000] {dagbag.py:587} INFO - Filling up the DagBag from /opt/airflow/dags/import_dag.py
[2025-03-28T00:18:29.494+0000] {processor.py:925} INFO - DAG(s) 'import_snowflake' retrieved from /opt/airflow/dags/import_dag.py
[2025-03-28T00:18:29.515+0000] {logging_mixin.py:190} INFO - [2025-03-28T00:18:29.514+0000] {dag.py:3229} INFO - Sync 1 DAGs
[2025-03-28T00:18:29.538+0000] {logging_mixin.py:190} INFO - [2025-03-28T00:18:29.538+0000] {dag.py:4156} INFO - Setting next_dagrun for import_snowflake to 2025-03-27 02:30:00+00:00, run_after=2025-03-28 02:30:00+00:00
[2025-03-28T00:18:29.557+0000] {processor.py:208} INFO - Processing /opt/airflow/dags/import_dag.py took 0.085 seconds
[2025-03-28T00:19:00.221+0000] {processor.py:186} INFO - Started process (PID=18867) to work on /opt/airflow/dags/import_dag.py
[2025-03-28T00:19:00.222+0000] {processor.py:914} INFO - Processing file /opt/airflow/dags/import_dag.py for tasks to queue
[2025-03-28T00:19:00.223+0000] {logging_mixin.py:190} INFO - [2025-03-28T00:19:00.223+0000] {dagbag.py:587} INFO - Filling up the DagBag from /opt/airflow/dags/import_dag.py
[2025-03-28T00:19:00.238+0000] {processor.py:925} INFO - DAG(s) 'import_snowflake' retrieved from /opt/airflow/dags/import_dag.py
[2025-03-28T00:19:00.261+0000] {logging_mixin.py:190} INFO - [2025-03-28T00:19:00.259+0000] {dag.py:3229} INFO - Sync 1 DAGs
[2025-03-28T00:19:00.282+0000] {logging_mixin.py:190} INFO - [2025-03-28T00:19:00.281+0000] {dag.py:4156} INFO - Setting next_dagrun for import_snowflake to 2025-03-27 02:30:00+00:00, run_after=2025-03-28 02:30:00+00:00
[2025-03-28T00:19:00.299+0000] {processor.py:208} INFO - Processing /opt/airflow/dags/import_dag.py took 0.086 seconds
[2025-03-28T00:19:30.975+0000] {processor.py:186} INFO - Started process (PID=18903) to work on /opt/airflow/dags/import_dag.py
[2025-03-28T00:19:30.976+0000] {processor.py:914} INFO - Processing file /opt/airflow/dags/import_dag.py for tasks to queue
[2025-03-28T00:19:30.977+0000] {logging_mixin.py:190} INFO - [2025-03-28T00:19:30.977+0000] {dagbag.py:587} INFO - Filling up the DagBag from /opt/airflow/dags/import_dag.py
[2025-03-28T00:19:30.991+0000] {processor.py:925} INFO - DAG(s) 'import_snowflake' retrieved from /opt/airflow/dags/import_dag.py
[2025-03-28T00:19:31.016+0000] {logging_mixin.py:190} INFO - [2025-03-28T00:19:31.015+0000] {dag.py:3229} INFO - Sync 1 DAGs
[2025-03-28T00:19:31.035+0000] {logging_mixin.py:190} INFO - [2025-03-28T00:19:31.035+0000] {dag.py:4156} INFO - Setting next_dagrun for import_snowflake to 2025-03-27 02:30:00+00:00, run_after=2025-03-28 02:30:00+00:00
[2025-03-28T00:19:31.052+0000] {processor.py:208} INFO - Processing /opt/airflow/dags/import_dag.py took 0.081 seconds
[2025-03-28T00:20:01.745+0000] {processor.py:186} INFO - Started process (PID=18939) to work on /opt/airflow/dags/import_dag.py
[2025-03-28T00:20:01.746+0000] {processor.py:914} INFO - Processing file /opt/airflow/dags/import_dag.py for tasks to queue
[2025-03-28T00:20:01.748+0000] {logging_mixin.py:190} INFO - [2025-03-28T00:20:01.747+0000] {dagbag.py:587} INFO - Filling up the DagBag from /opt/airflow/dags/import_dag.py
[2025-03-28T00:20:01.767+0000] {processor.py:925} INFO - DAG(s) 'import_snowflake' retrieved from /opt/airflow/dags/import_dag.py
[2025-03-28T00:20:01.791+0000] {logging_mixin.py:190} INFO - [2025-03-28T00:20:01.790+0000] {dag.py:3229} INFO - Sync 1 DAGs
[2025-03-28T00:20:01.812+0000] {logging_mixin.py:190} INFO - [2025-03-28T00:20:01.811+0000] {dag.py:4156} INFO - Setting next_dagrun for import_snowflake to 2025-03-27 02:30:00+00:00, run_after=2025-03-28 02:30:00+00:00
[2025-03-28T00:20:01.828+0000] {processor.py:208} INFO - Processing /opt/airflow/dags/import_dag.py took 0.087 seconds
[2025-03-28T00:20:32.492+0000] {processor.py:186} INFO - Started process (PID=18975) to work on /opt/airflow/dags/import_dag.py
[2025-03-28T00:20:32.494+0000] {processor.py:914} INFO - Processing file /opt/airflow/dags/import_dag.py for tasks to queue
[2025-03-28T00:20:32.496+0000] {logging_mixin.py:190} INFO - [2025-03-28T00:20:32.495+0000] {dagbag.py:587} INFO - Filling up the DagBag from /opt/airflow/dags/import_dag.py
[2025-03-28T00:20:32.512+0000] {processor.py:925} INFO - DAG(s) 'import_snowflake' retrieved from /opt/airflow/dags/import_dag.py
[2025-03-28T00:20:32.536+0000] {logging_mixin.py:190} INFO - [2025-03-28T00:20:32.535+0000] {dag.py:3229} INFO - Sync 1 DAGs
[2025-03-28T00:20:32.556+0000] {logging_mixin.py:190} INFO - [2025-03-28T00:20:32.556+0000] {dag.py:4156} INFO - Setting next_dagrun for import_snowflake to 2025-03-27 02:30:00+00:00, run_after=2025-03-28 02:30:00+00:00
[2025-03-28T00:20:32.573+0000] {processor.py:208} INFO - Processing /opt/airflow/dags/import_dag.py took 0.087 seconds
[2025-03-28T00:21:02.871+0000] {processor.py:186} INFO - Started process (PID=19011) to work on /opt/airflow/dags/import_dag.py
[2025-03-28T00:21:02.872+0000] {processor.py:914} INFO - Processing file /opt/airflow/dags/import_dag.py for tasks to queue
[2025-03-28T00:21:02.873+0000] {logging_mixin.py:190} INFO - [2025-03-28T00:21:02.873+0000] {dagbag.py:587} INFO - Filling up the DagBag from /opt/airflow/dags/import_dag.py
[2025-03-28T00:21:02.891+0000] {processor.py:925} INFO - DAG(s) 'import_snowflake' retrieved from /opt/airflow/dags/import_dag.py
[2025-03-28T00:21:02.914+0000] {logging_mixin.py:190} INFO - [2025-03-28T00:21:02.913+0000] {dag.py:3229} INFO - Sync 1 DAGs
[2025-03-28T00:21:02.934+0000] {logging_mixin.py:190} INFO - [2025-03-28T00:21:02.934+0000] {dag.py:4156} INFO - Setting next_dagrun for import_snowflake to 2025-03-27 02:30:00+00:00, run_after=2025-03-28 02:30:00+00:00
[2025-03-28T00:21:02.953+0000] {processor.py:208} INFO - Processing /opt/airflow/dags/import_dag.py took 0.087 seconds
[2025-03-28T00:21:33.668+0000] {processor.py:186} INFO - Started process (PID=19047) to work on /opt/airflow/dags/import_dag.py
[2025-03-28T00:21:33.669+0000] {processor.py:914} INFO - Processing file /opt/airflow/dags/import_dag.py for tasks to queue
[2025-03-28T00:21:33.670+0000] {logging_mixin.py:190} INFO - [2025-03-28T00:21:33.669+0000] {dagbag.py:587} INFO - Filling up the DagBag from /opt/airflow/dags/import_dag.py
[2025-03-28T00:21:33.685+0000] {processor.py:925} INFO - DAG(s) 'import_snowflake' retrieved from /opt/airflow/dags/import_dag.py
[2025-03-28T00:21:33.708+0000] {logging_mixin.py:190} INFO - [2025-03-28T00:21:33.707+0000] {dag.py:3229} INFO - Sync 1 DAGs
[2025-03-28T00:21:33.730+0000] {logging_mixin.py:190} INFO - [2025-03-28T00:21:33.730+0000] {dag.py:4156} INFO - Setting next_dagrun for import_snowflake to 2025-03-27 02:30:00+00:00, run_after=2025-03-28 02:30:00+00:00
[2025-03-28T00:21:33.749+0000] {processor.py:208} INFO - Processing /opt/airflow/dags/import_dag.py took 0.087 seconds
[2025-03-28T00:22:04.402+0000] {processor.py:186} INFO - Started process (PID=19083) to work on /opt/airflow/dags/import_dag.py
[2025-03-28T00:22:04.403+0000] {processor.py:914} INFO - Processing file /opt/airflow/dags/import_dag.py for tasks to queue
[2025-03-28T00:22:04.404+0000] {logging_mixin.py:190} INFO - [2025-03-28T00:22:04.403+0000] {dagbag.py:587} INFO - Filling up the DagBag from /opt/airflow/dags/import_dag.py
[2025-03-28T00:22:04.418+0000] {processor.py:925} INFO - DAG(s) 'import_snowflake' retrieved from /opt/airflow/dags/import_dag.py
[2025-03-28T00:22:04.442+0000] {logging_mixin.py:190} INFO - [2025-03-28T00:22:04.440+0000] {dag.py:3229} INFO - Sync 1 DAGs
[2025-03-28T00:22:04.464+0000] {logging_mixin.py:190} INFO - [2025-03-28T00:22:04.463+0000] {dag.py:4156} INFO - Setting next_dagrun for import_snowflake to 2025-03-27 02:30:00+00:00, run_after=2025-03-28 02:30:00+00:00
[2025-03-28T00:22:04.484+0000] {processor.py:208} INFO - Processing /opt/airflow/dags/import_dag.py took 0.087 seconds
[2025-03-28T00:22:35.112+0000] {processor.py:186} INFO - Started process (PID=19119) to work on /opt/airflow/dags/import_dag.py
[2025-03-28T00:22:35.113+0000] {processor.py:914} INFO - Processing file /opt/airflow/dags/import_dag.py for tasks to queue
[2025-03-28T00:22:35.114+0000] {logging_mixin.py:190} INFO - [2025-03-28T00:22:35.114+0000] {dagbag.py:587} INFO - Filling up the DagBag from /opt/airflow/dags/import_dag.py
[2025-03-28T00:22:35.129+0000] {processor.py:925} INFO - DAG(s) 'import_snowflake' retrieved from /opt/airflow/dags/import_dag.py
[2025-03-28T00:22:35.157+0000] {logging_mixin.py:190} INFO - [2025-03-28T00:22:35.156+0000] {dag.py:3229} INFO - Sync 1 DAGs
[2025-03-28T00:22:35.181+0000] {logging_mixin.py:190} INFO - [2025-03-28T00:22:35.181+0000] {dag.py:4156} INFO - Setting next_dagrun for import_snowflake to 2025-03-27 02:30:00+00:00, run_after=2025-03-28 02:30:00+00:00
[2025-03-28T00:22:35.198+0000] {processor.py:208} INFO - Processing /opt/airflow/dags/import_dag.py took 0.090 seconds
[2025-03-28T00:23:05.829+0000] {processor.py:186} INFO - Started process (PID=19156) to work on /opt/airflow/dags/import_dag.py
[2025-03-28T00:23:05.830+0000] {processor.py:914} INFO - Processing file /opt/airflow/dags/import_dag.py for tasks to queue
[2025-03-28T00:23:05.831+0000] {logging_mixin.py:190} INFO - [2025-03-28T00:23:05.830+0000] {dagbag.py:587} INFO - Filling up the DagBag from /opt/airflow/dags/import_dag.py
[2025-03-28T00:23:05.848+0000] {processor.py:925} INFO - DAG(s) 'import_snowflake' retrieved from /opt/airflow/dags/import_dag.py
[2025-03-28T00:23:05.872+0000] {logging_mixin.py:190} INFO - [2025-03-28T00:23:05.871+0000] {dag.py:3229} INFO - Sync 1 DAGs
[2025-03-28T00:23:05.892+0000] {logging_mixin.py:190} INFO - [2025-03-28T00:23:05.892+0000] {dag.py:4156} INFO - Setting next_dagrun for import_snowflake to 2025-03-27 02:30:00+00:00, run_after=2025-03-28 02:30:00+00:00
[2025-03-28T00:23:05.909+0000] {processor.py:208} INFO - Processing /opt/airflow/dags/import_dag.py took 0.087 seconds
[2025-03-28T00:23:36.545+0000] {processor.py:186} INFO - Started process (PID=19192) to work on /opt/airflow/dags/import_dag.py
[2025-03-28T00:23:36.546+0000] {processor.py:914} INFO - Processing file /opt/airflow/dags/import_dag.py for tasks to queue
[2025-03-28T00:23:36.547+0000] {logging_mixin.py:190} INFO - [2025-03-28T00:23:36.547+0000] {dagbag.py:587} INFO - Filling up the DagBag from /opt/airflow/dags/import_dag.py
[2025-03-28T00:23:36.563+0000] {processor.py:925} INFO - DAG(s) 'import_snowflake' retrieved from /opt/airflow/dags/import_dag.py
[2025-03-28T00:23:36.589+0000] {logging_mixin.py:190} INFO - [2025-03-28T00:23:36.588+0000] {dag.py:3229} INFO - Sync 1 DAGs
[2025-03-28T00:23:36.610+0000] {logging_mixin.py:190} INFO - [2025-03-28T00:23:36.610+0000] {dag.py:4156} INFO - Setting next_dagrun for import_snowflake to 2025-03-27 02:30:00+00:00, run_after=2025-03-28 02:30:00+00:00
[2025-03-28T00:23:36.627+0000] {processor.py:208} INFO - Processing /opt/airflow/dags/import_dag.py took 0.086 seconds
[2025-03-28T00:24:07.299+0000] {processor.py:186} INFO - Started process (PID=19228) to work on /opt/airflow/dags/import_dag.py
[2025-03-28T00:24:07.299+0000] {processor.py:914} INFO - Processing file /opt/airflow/dags/import_dag.py for tasks to queue
[2025-03-28T00:24:07.300+0000] {logging_mixin.py:190} INFO - [2025-03-28T00:24:07.300+0000] {dagbag.py:587} INFO - Filling up the DagBag from /opt/airflow/dags/import_dag.py
[2025-03-28T00:24:07.314+0000] {processor.py:925} INFO - DAG(s) 'import_snowflake' retrieved from /opt/airflow/dags/import_dag.py
[2025-03-28T00:24:07.338+0000] {logging_mixin.py:190} INFO - [2025-03-28T00:24:07.337+0000] {dag.py:3229} INFO - Sync 1 DAGs
[2025-03-28T00:24:07.358+0000] {logging_mixin.py:190} INFO - [2025-03-28T00:24:07.358+0000] {dag.py:4156} INFO - Setting next_dagrun for import_snowflake to 2025-03-27 02:30:00+00:00, run_after=2025-03-28 02:30:00+00:00
[2025-03-28T00:24:07.375+0000] {processor.py:208} INFO - Processing /opt/airflow/dags/import_dag.py took 0.081 seconds
[2025-03-28T00:24:37.994+0000] {processor.py:186} INFO - Started process (PID=19264) to work on /opt/airflow/dags/import_dag.py
[2025-03-28T00:24:37.995+0000] {processor.py:914} INFO - Processing file /opt/airflow/dags/import_dag.py for tasks to queue
[2025-03-28T00:24:37.996+0000] {logging_mixin.py:190} INFO - [2025-03-28T00:24:37.996+0000] {dagbag.py:587} INFO - Filling up the DagBag from /opt/airflow/dags/import_dag.py
[2025-03-28T00:24:38.011+0000] {processor.py:925} INFO - DAG(s) 'import_snowflake' retrieved from /opt/airflow/dags/import_dag.py
[2025-03-28T00:24:38.033+0000] {logging_mixin.py:190} INFO - [2025-03-28T00:24:38.032+0000] {dag.py:3229} INFO - Sync 1 DAGs
[2025-03-28T00:24:38.054+0000] {logging_mixin.py:190} INFO - [2025-03-28T00:24:38.054+0000] {dag.py:4156} INFO - Setting next_dagrun for import_snowflake to 2025-03-27 02:30:00+00:00, run_after=2025-03-28 02:30:00+00:00
[2025-03-28T00:24:38.070+0000] {processor.py:208} INFO - Processing /opt/airflow/dags/import_dag.py took 0.081 seconds
[2025-03-28T00:25:08.779+0000] {processor.py:186} INFO - Started process (PID=19306) to work on /opt/airflow/dags/import_dag.py
[2025-03-28T00:25:08.780+0000] {processor.py:914} INFO - Processing file /opt/airflow/dags/import_dag.py for tasks to queue
[2025-03-28T00:25:08.781+0000] {logging_mixin.py:190} INFO - [2025-03-28T00:25:08.781+0000] {dagbag.py:587} INFO - Filling up the DagBag from /opt/airflow/dags/import_dag.py
[2025-03-28T00:25:08.803+0000] {processor.py:925} INFO - DAG(s) 'import_snowflake' retrieved from /opt/airflow/dags/import_dag.py
[2025-03-28T00:25:08.826+0000] {logging_mixin.py:190} INFO - [2025-03-28T00:25:08.824+0000] {dag.py:3229} INFO - Sync 1 DAGs
[2025-03-28T00:25:08.848+0000] {logging_mixin.py:190} INFO - [2025-03-28T00:25:08.848+0000] {dag.py:4156} INFO - Setting next_dagrun for import_snowflake to 2025-03-27 02:30:00+00:00, run_after=2025-03-28 02:30:00+00:00
[2025-03-28T00:25:08.864+0000] {processor.py:208} INFO - Processing /opt/airflow/dags/import_dag.py took 0.089 seconds
[2025-03-28T00:25:39.560+0000] {processor.py:186} INFO - Started process (PID=19342) to work on /opt/airflow/dags/import_dag.py
[2025-03-28T00:25:39.561+0000] {processor.py:914} INFO - Processing file /opt/airflow/dags/import_dag.py for tasks to queue
[2025-03-28T00:25:39.562+0000] {logging_mixin.py:190} INFO - [2025-03-28T00:25:39.562+0000] {dagbag.py:587} INFO - Filling up the DagBag from /opt/airflow/dags/import_dag.py
[2025-03-28T00:25:39.578+0000] {processor.py:925} INFO - DAG(s) 'import_snowflake' retrieved from /opt/airflow/dags/import_dag.py
[2025-03-28T00:25:39.602+0000] {logging_mixin.py:190} INFO - [2025-03-28T00:25:39.601+0000] {dag.py:3229} INFO - Sync 1 DAGs
[2025-03-28T00:25:39.622+0000] {logging_mixin.py:190} INFO - [2025-03-28T00:25:39.622+0000] {dag.py:4156} INFO - Setting next_dagrun for import_snowflake to 2025-03-27 02:30:00+00:00, run_after=2025-03-28 02:30:00+00:00
[2025-03-28T00:25:39.639+0000] {processor.py:208} INFO - Processing /opt/airflow/dags/import_dag.py took 0.085 seconds
[2025-03-28T00:26:09.942+0000] {processor.py:186} INFO - Started process (PID=19378) to work on /opt/airflow/dags/import_dag.py
[2025-03-28T00:26:09.942+0000] {processor.py:914} INFO - Processing file /opt/airflow/dags/import_dag.py for tasks to queue
[2025-03-28T00:26:09.944+0000] {logging_mixin.py:190} INFO - [2025-03-28T00:26:09.943+0000] {dagbag.py:587} INFO - Filling up the DagBag from /opt/airflow/dags/import_dag.py
[2025-03-28T00:26:09.959+0000] {processor.py:925} INFO - DAG(s) 'import_snowflake' retrieved from /opt/airflow/dags/import_dag.py
[2025-03-28T00:26:09.982+0000] {logging_mixin.py:190} INFO - [2025-03-28T00:26:09.981+0000] {dag.py:3229} INFO - Sync 1 DAGs
[2025-03-28T00:26:10.003+0000] {logging_mixin.py:190} INFO - [2025-03-28T00:26:10.003+0000] {dag.py:4156} INFO - Setting next_dagrun for import_snowflake to 2025-03-27 02:30:00+00:00, run_after=2025-03-28 02:30:00+00:00
[2025-03-28T00:26:10.019+0000] {processor.py:208} INFO - Processing /opt/airflow/dags/import_dag.py took 0.083 seconds
[2025-03-28T00:26:40.670+0000] {processor.py:186} INFO - Started process (PID=19414) to work on /opt/airflow/dags/import_dag.py
[2025-03-28T00:26:40.671+0000] {processor.py:914} INFO - Processing file /opt/airflow/dags/import_dag.py for tasks to queue
[2025-03-28T00:26:40.672+0000] {logging_mixin.py:190} INFO - [2025-03-28T00:26:40.672+0000] {dagbag.py:587} INFO - Filling up the DagBag from /opt/airflow/dags/import_dag.py
[2025-03-28T00:26:40.687+0000] {processor.py:925} INFO - DAG(s) 'import_snowflake' retrieved from /opt/airflow/dags/import_dag.py
[2025-03-28T00:26:40.711+0000] {logging_mixin.py:190} INFO - [2025-03-28T00:26:40.708+0000] {dag.py:3229} INFO - Sync 1 DAGs
[2025-03-28T00:26:40.734+0000] {logging_mixin.py:190} INFO - [2025-03-28T00:26:40.734+0000] {dag.py:4156} INFO - Setting next_dagrun for import_snowflake to 2025-03-27 02:30:00+00:00, run_after=2025-03-28 02:30:00+00:00
[2025-03-28T00:26:40.753+0000] {processor.py:208} INFO - Processing /opt/airflow/dags/import_dag.py took 0.088 seconds
[2025-03-28T00:27:11.410+0000] {processor.py:186} INFO - Started process (PID=19450) to work on /opt/airflow/dags/import_dag.py
[2025-03-28T00:27:11.411+0000] {processor.py:914} INFO - Processing file /opt/airflow/dags/import_dag.py for tasks to queue
[2025-03-28T00:27:11.412+0000] {logging_mixin.py:190} INFO - [2025-03-28T00:27:11.412+0000] {dagbag.py:587} INFO - Filling up the DagBag from /opt/airflow/dags/import_dag.py
[2025-03-28T00:27:11.431+0000] {processor.py:925} INFO - DAG(s) 'import_snowflake' retrieved from /opt/airflow/dags/import_dag.py
[2025-03-28T00:27:11.455+0000] {logging_mixin.py:190} INFO - [2025-03-28T00:27:11.454+0000] {dag.py:3229} INFO - Sync 1 DAGs
[2025-03-28T00:27:11.475+0000] {logging_mixin.py:190} INFO - [2025-03-28T00:27:11.475+0000] {dag.py:4156} INFO - Setting next_dagrun for import_snowflake to 2025-03-27 02:30:00+00:00, run_after=2025-03-28 02:30:00+00:00
[2025-03-28T00:27:11.493+0000] {processor.py:208} INFO - Processing /opt/airflow/dags/import_dag.py took 0.087 seconds
[2025-03-28T00:27:42.135+0000] {processor.py:186} INFO - Started process (PID=19486) to work on /opt/airflow/dags/import_dag.py
[2025-03-28T00:27:42.136+0000] {processor.py:914} INFO - Processing file /opt/airflow/dags/import_dag.py for tasks to queue
[2025-03-28T00:27:42.137+0000] {logging_mixin.py:190} INFO - [2025-03-28T00:27:42.137+0000] {dagbag.py:587} INFO - Filling up the DagBag from /opt/airflow/dags/import_dag.py
[2025-03-28T00:27:42.153+0000] {processor.py:925} INFO - DAG(s) 'import_snowflake' retrieved from /opt/airflow/dags/import_dag.py
[2025-03-28T00:27:42.181+0000] {logging_mixin.py:190} INFO - [2025-03-28T00:27:42.179+0000] {dag.py:3229} INFO - Sync 1 DAGs
[2025-03-28T00:27:42.202+0000] {logging_mixin.py:190} INFO - [2025-03-28T00:27:42.202+0000] {dag.py:4156} INFO - Setting next_dagrun for import_snowflake to 2025-03-27 02:30:00+00:00, run_after=2025-03-28 02:30:00+00:00
[2025-03-28T00:27:42.220+0000] {processor.py:208} INFO - Processing /opt/airflow/dags/import_dag.py took 0.090 seconds
[2025-03-28T00:28:12.910+0000] {processor.py:186} INFO - Started process (PID=19522) to work on /opt/airflow/dags/import_dag.py
[2025-03-28T00:28:12.912+0000] {processor.py:914} INFO - Processing file /opt/airflow/dags/import_dag.py for tasks to queue
[2025-03-28T00:28:12.913+0000] {logging_mixin.py:190} INFO - [2025-03-28T00:28:12.913+0000] {dagbag.py:587} INFO - Filling up the DagBag from /opt/airflow/dags/import_dag.py
[2025-03-28T00:28:12.933+0000] {processor.py:925} INFO - DAG(s) 'import_snowflake' retrieved from /opt/airflow/dags/import_dag.py
[2025-03-28T00:28:12.958+0000] {logging_mixin.py:190} INFO - [2025-03-28T00:28:12.957+0000] {dag.py:3229} INFO - Sync 1 DAGs
[2025-03-28T00:28:12.981+0000] {logging_mixin.py:190} INFO - [2025-03-28T00:28:12.980+0000] {dag.py:4156} INFO - Setting next_dagrun for import_snowflake to 2025-03-27 02:30:00+00:00, run_after=2025-03-28 02:30:00+00:00
[2025-03-28T00:28:12.999+0000] {processor.py:208} INFO - Processing /opt/airflow/dags/import_dag.py took 0.094 seconds
[2025-03-28T00:28:43.776+0000] {processor.py:186} INFO - Started process (PID=19558) to work on /opt/airflow/dags/import_dag.py
[2025-03-28T00:28:43.777+0000] {processor.py:914} INFO - Processing file /opt/airflow/dags/import_dag.py for tasks to queue
[2025-03-28T00:28:43.778+0000] {logging_mixin.py:190} INFO - [2025-03-28T00:28:43.778+0000] {dagbag.py:587} INFO - Filling up the DagBag from /opt/airflow/dags/import_dag.py
[2025-03-28T00:28:43.792+0000] {processor.py:925} INFO - DAG(s) 'import_snowflake' retrieved from /opt/airflow/dags/import_dag.py
[2025-03-28T00:28:43.815+0000] {logging_mixin.py:190} INFO - [2025-03-28T00:28:43.814+0000] {dag.py:3229} INFO - Sync 1 DAGs
[2025-03-28T00:28:43.836+0000] {logging_mixin.py:190} INFO - [2025-03-28T00:28:43.836+0000] {dag.py:4156} INFO - Setting next_dagrun for import_snowflake to 2025-03-27 02:30:00+00:00, run_after=2025-03-28 02:30:00+00:00
[2025-03-28T00:28:43.853+0000] {processor.py:208} INFO - Processing /opt/airflow/dags/import_dag.py took 0.082 seconds
[2025-03-28T00:29:14.590+0000] {processor.py:186} INFO - Started process (PID=19594) to work on /opt/airflow/dags/import_dag.py
[2025-03-28T00:29:14.591+0000] {processor.py:914} INFO - Processing file /opt/airflow/dags/import_dag.py for tasks to queue
[2025-03-28T00:29:14.593+0000] {logging_mixin.py:190} INFO - [2025-03-28T00:29:14.592+0000] {dagbag.py:587} INFO - Filling up the DagBag from /opt/airflow/dags/import_dag.py
[2025-03-28T00:29:14.613+0000] {processor.py:925} INFO - DAG(s) 'import_snowflake' retrieved from /opt/airflow/dags/import_dag.py
[2025-03-28T00:29:14.637+0000] {logging_mixin.py:190} INFO - [2025-03-28T00:29:14.635+0000] {dag.py:3229} INFO - Sync 1 DAGs
[2025-03-28T00:29:14.657+0000] {logging_mixin.py:190} INFO - [2025-03-28T00:29:14.656+0000] {dag.py:4156} INFO - Setting next_dagrun for import_snowflake to 2025-03-27 02:30:00+00:00, run_after=2025-03-28 02:30:00+00:00
[2025-03-28T00:29:14.672+0000] {processor.py:208} INFO - Processing /opt/airflow/dags/import_dag.py took 0.087 seconds
[2025-03-28T00:29:45.343+0000] {processor.py:186} INFO - Started process (PID=19630) to work on /opt/airflow/dags/import_dag.py
[2025-03-28T00:29:45.344+0000] {processor.py:914} INFO - Processing file /opt/airflow/dags/import_dag.py for tasks to queue
[2025-03-28T00:29:45.345+0000] {logging_mixin.py:190} INFO - [2025-03-28T00:29:45.345+0000] {dagbag.py:587} INFO - Filling up the DagBag from /opt/airflow/dags/import_dag.py
[2025-03-28T00:29:45.360+0000] {processor.py:925} INFO - DAG(s) 'import_snowflake' retrieved from /opt/airflow/dags/import_dag.py
[2025-03-28T00:29:45.383+0000] {logging_mixin.py:190} INFO - [2025-03-28T00:29:45.382+0000] {dag.py:3229} INFO - Sync 1 DAGs
[2025-03-28T00:29:45.405+0000] {logging_mixin.py:190} INFO - [2025-03-28T00:29:45.405+0000] {dag.py:4156} INFO - Setting next_dagrun for import_snowflake to 2025-03-27 02:30:00+00:00, run_after=2025-03-28 02:30:00+00:00
[2025-03-28T00:29:45.421+0000] {processor.py:208} INFO - Processing /opt/airflow/dags/import_dag.py took 0.083 seconds
[2025-03-28T00:30:16.079+0000] {processor.py:186} INFO - Started process (PID=19666) to work on /opt/airflow/dags/import_dag.py
[2025-03-28T00:30:16.080+0000] {processor.py:914} INFO - Processing file /opt/airflow/dags/import_dag.py for tasks to queue
[2025-03-28T00:30:16.081+0000] {logging_mixin.py:190} INFO - [2025-03-28T00:30:16.080+0000] {dagbag.py:587} INFO - Filling up the DagBag from /opt/airflow/dags/import_dag.py
[2025-03-28T00:30:16.094+0000] {processor.py:925} INFO - DAG(s) 'import_snowflake' retrieved from /opt/airflow/dags/import_dag.py
[2025-03-28T00:30:16.119+0000] {logging_mixin.py:190} INFO - [2025-03-28T00:30:16.118+0000] {dag.py:3229} INFO - Sync 1 DAGs
[2025-03-28T00:30:16.139+0000] {logging_mixin.py:190} INFO - [2025-03-28T00:30:16.139+0000] {dag.py:4156} INFO - Setting next_dagrun for import_snowflake to 2025-03-27 02:30:00+00:00, run_after=2025-03-28 02:30:00+00:00
[2025-03-28T00:30:16.158+0000] {processor.py:208} INFO - Processing /opt/airflow/dags/import_dag.py took 0.085 seconds
[2025-03-28T00:30:46.708+0000] {processor.py:186} INFO - Started process (PID=19702) to work on /opt/airflow/dags/import_dag.py
[2025-03-28T00:30:46.709+0000] {processor.py:914} INFO - Processing file /opt/airflow/dags/import_dag.py for tasks to queue
[2025-03-28T00:30:46.710+0000] {logging_mixin.py:190} INFO - [2025-03-28T00:30:46.710+0000] {dagbag.py:587} INFO - Filling up the DagBag from /opt/airflow/dags/import_dag.py
[2025-03-28T00:30:46.730+0000] {processor.py:925} INFO - DAG(s) 'import_snowflake' retrieved from /opt/airflow/dags/import_dag.py
[2025-03-28T00:30:46.753+0000] {logging_mixin.py:190} INFO - [2025-03-28T00:30:46.752+0000] {dag.py:3229} INFO - Sync 1 DAGs
[2025-03-28T00:30:46.777+0000] {logging_mixin.py:190} INFO - [2025-03-28T00:30:46.777+0000] {dag.py:4156} INFO - Setting next_dagrun for import_snowflake to 2025-03-27 02:30:00+00:00, run_after=2025-03-28 02:30:00+00:00
[2025-03-28T00:30:46.797+0000] {processor.py:208} INFO - Processing /opt/airflow/dags/import_dag.py took 0.094 seconds
[2025-03-28T00:31:17.107+0000] {processor.py:186} INFO - Started process (PID=19738) to work on /opt/airflow/dags/import_dag.py
[2025-03-28T00:31:17.108+0000] {processor.py:914} INFO - Processing file /opt/airflow/dags/import_dag.py for tasks to queue
[2025-03-28T00:31:17.109+0000] {logging_mixin.py:190} INFO - [2025-03-28T00:31:17.109+0000] {dagbag.py:587} INFO - Filling up the DagBag from /opt/airflow/dags/import_dag.py
[2025-03-28T00:31:17.125+0000] {processor.py:925} INFO - DAG(s) 'import_snowflake' retrieved from /opt/airflow/dags/import_dag.py
[2025-03-28T00:31:17.149+0000] {logging_mixin.py:190} INFO - [2025-03-28T00:31:17.148+0000] {dag.py:3229} INFO - Sync 1 DAGs
[2025-03-28T00:31:17.171+0000] {logging_mixin.py:190} INFO - [2025-03-28T00:31:17.171+0000] {dag.py:4156} INFO - Setting next_dagrun for import_snowflake to 2025-03-27 02:30:00+00:00, run_after=2025-03-28 02:30:00+00:00
[2025-03-28T00:31:17.189+0000] {processor.py:208} INFO - Processing /opt/airflow/dags/import_dag.py took 0.087 seconds
[2025-03-28T00:31:47.857+0000] {processor.py:186} INFO - Started process (PID=19774) to work on /opt/airflow/dags/import_dag.py
[2025-03-28T00:31:47.859+0000] {processor.py:914} INFO - Processing file /opt/airflow/dags/import_dag.py for tasks to queue
[2025-03-28T00:31:47.860+0000] {logging_mixin.py:190} INFO - [2025-03-28T00:31:47.860+0000] {dagbag.py:587} INFO - Filling up the DagBag from /opt/airflow/dags/import_dag.py
[2025-03-28T00:31:47.882+0000] {processor.py:925} INFO - DAG(s) 'import_snowflake' retrieved from /opt/airflow/dags/import_dag.py
[2025-03-28T00:31:47.903+0000] {logging_mixin.py:190} INFO - [2025-03-28T00:31:47.902+0000] {dag.py:3229} INFO - Sync 1 DAGs
[2025-03-28T00:31:47.925+0000] {logging_mixin.py:190} INFO - [2025-03-28T00:31:47.925+0000] {dag.py:4156} INFO - Setting next_dagrun for import_snowflake to 2025-03-27 02:30:00+00:00, run_after=2025-03-28 02:30:00+00:00
[2025-03-28T00:31:47.942+0000] {processor.py:208} INFO - Processing /opt/airflow/dags/import_dag.py took 0.090 seconds
[2025-03-28T00:32:18.620+0000] {processor.py:186} INFO - Started process (PID=19809) to work on /opt/airflow/dags/import_dag.py
[2025-03-28T00:32:18.620+0000] {processor.py:914} INFO - Processing file /opt/airflow/dags/import_dag.py for tasks to queue
[2025-03-28T00:32:18.622+0000] {logging_mixin.py:190} INFO - [2025-03-28T00:32:18.622+0000] {dagbag.py:587} INFO - Filling up the DagBag from /opt/airflow/dags/import_dag.py
[2025-03-28T00:32:18.640+0000] {processor.py:925} INFO - DAG(s) 'import_snowflake' retrieved from /opt/airflow/dags/import_dag.py
[2025-03-28T00:32:18.663+0000] {logging_mixin.py:190} INFO - [2025-03-28T00:32:18.662+0000] {dag.py:3229} INFO - Sync 1 DAGs
[2025-03-28T00:32:18.683+0000] {logging_mixin.py:190} INFO - [2025-03-28T00:32:18.683+0000] {dag.py:4156} INFO - Setting next_dagrun for import_snowflake to 2025-03-27 02:30:00+00:00, run_after=2025-03-28 02:30:00+00:00
[2025-03-28T00:32:18.702+0000] {processor.py:208} INFO - Processing /opt/airflow/dags/import_dag.py took 0.088 seconds
[2025-03-28T00:32:49.576+0000] {processor.py:186} INFO - Started process (PID=19845) to work on /opt/airflow/dags/import_dag.py
[2025-03-28T00:32:49.577+0000] {processor.py:914} INFO - Processing file /opt/airflow/dags/import_dag.py for tasks to queue
[2025-03-28T00:32:49.578+0000] {logging_mixin.py:190} INFO - [2025-03-28T00:32:49.578+0000] {dagbag.py:587} INFO - Filling up the DagBag from /opt/airflow/dags/import_dag.py
[2025-03-28T00:32:49.595+0000] {processor.py:925} INFO - DAG(s) 'import_snowflake' retrieved from /opt/airflow/dags/import_dag.py
[2025-03-28T00:32:49.622+0000] {logging_mixin.py:190} INFO - [2025-03-28T00:32:49.621+0000] {dag.py:3229} INFO - Sync 1 DAGs
[2025-03-28T00:32:49.643+0000] {logging_mixin.py:190} INFO - [2025-03-28T00:32:49.643+0000] {dag.py:4156} INFO - Setting next_dagrun for import_snowflake to 2025-03-27 02:30:00+00:00, run_after=2025-03-28 02:30:00+00:00
[2025-03-28T00:32:49.659+0000] {processor.py:208} INFO - Processing /opt/airflow/dags/import_dag.py took 0.088 seconds
[2025-03-28T00:33:20.357+0000] {processor.py:186} INFO - Started process (PID=19881) to work on /opt/airflow/dags/import_dag.py
[2025-03-28T00:33:20.358+0000] {processor.py:914} INFO - Processing file /opt/airflow/dags/import_dag.py for tasks to queue
[2025-03-28T00:33:20.359+0000] {logging_mixin.py:190} INFO - [2025-03-28T00:33:20.359+0000] {dagbag.py:587} INFO - Filling up the DagBag from /opt/airflow/dags/import_dag.py
[2025-03-28T00:33:20.381+0000] {processor.py:925} INFO - DAG(s) 'import_snowflake' retrieved from /opt/airflow/dags/import_dag.py
[2025-03-28T00:33:20.407+0000] {logging_mixin.py:190} INFO - [2025-03-28T00:33:20.406+0000] {dag.py:3229} INFO - Sync 1 DAGs
[2025-03-28T00:33:20.431+0000] {logging_mixin.py:190} INFO - [2025-03-28T00:33:20.430+0000] {dag.py:4156} INFO - Setting next_dagrun for import_snowflake to 2025-03-27 02:30:00+00:00, run_after=2025-03-28 02:30:00+00:00
[2025-03-28T00:33:20.449+0000] {processor.py:208} INFO - Processing /opt/airflow/dags/import_dag.py took 0.096 seconds
[2025-03-28T00:33:50.990+0000] {processor.py:186} INFO - Started process (PID=19917) to work on /opt/airflow/dags/import_dag.py
[2025-03-28T00:33:50.990+0000] {processor.py:914} INFO - Processing file /opt/airflow/dags/import_dag.py for tasks to queue
[2025-03-28T00:33:50.992+0000] {logging_mixin.py:190} INFO - [2025-03-28T00:33:50.991+0000] {dagbag.py:587} INFO - Filling up the DagBag from /opt/airflow/dags/import_dag.py
[2025-03-28T00:33:51.009+0000] {processor.py:925} INFO - DAG(s) 'import_snowflake' retrieved from /opt/airflow/dags/import_dag.py
[2025-03-28T00:33:51.032+0000] {logging_mixin.py:190} INFO - [2025-03-28T00:33:51.031+0000] {dag.py:3229} INFO - Sync 1 DAGs
[2025-03-28T00:33:51.056+0000] {logging_mixin.py:190} INFO - [2025-03-28T00:33:51.056+0000] {dag.py:4156} INFO - Setting next_dagrun for import_snowflake to 2025-03-27 02:30:00+00:00, run_after=2025-03-28 02:30:00+00:00
[2025-03-28T00:33:51.076+0000] {processor.py:208} INFO - Processing /opt/airflow/dags/import_dag.py took 0.091 seconds
[2025-03-28T00:34:21.728+0000] {processor.py:186} INFO - Started process (PID=19953) to work on /opt/airflow/dags/import_dag.py
[2025-03-28T00:34:21.729+0000] {processor.py:914} INFO - Processing file /opt/airflow/dags/import_dag.py for tasks to queue
[2025-03-28T00:34:21.730+0000] {logging_mixin.py:190} INFO - [2025-03-28T00:34:21.730+0000] {dagbag.py:587} INFO - Filling up the DagBag from /opt/airflow/dags/import_dag.py
[2025-03-28T00:34:21.750+0000] {processor.py:925} INFO - DAG(s) 'import_snowflake' retrieved from /opt/airflow/dags/import_dag.py
[2025-03-28T00:34:21.777+0000] {logging_mixin.py:190} INFO - [2025-03-28T00:34:21.775+0000] {dag.py:3229} INFO - Sync 1 DAGs
[2025-03-28T00:34:21.798+0000] {logging_mixin.py:190} INFO - [2025-03-28T00:34:21.798+0000] {dag.py:4156} INFO - Setting next_dagrun for import_snowflake to 2025-03-27 02:30:00+00:00, run_after=2025-03-28 02:30:00+00:00
[2025-03-28T00:34:21.817+0000] {processor.py:208} INFO - Processing /opt/airflow/dags/import_dag.py took 0.096 seconds
[2025-03-28T00:34:52.364+0000] {processor.py:186} INFO - Started process (PID=19989) to work on /opt/airflow/dags/import_dag.py
[2025-03-28T00:34:52.365+0000] {processor.py:914} INFO - Processing file /opt/airflow/dags/import_dag.py for tasks to queue
[2025-03-28T00:34:52.366+0000] {logging_mixin.py:190} INFO - [2025-03-28T00:34:52.366+0000] {dagbag.py:587} INFO - Filling up the DagBag from /opt/airflow/dags/import_dag.py
[2025-03-28T00:34:52.384+0000] {processor.py:925} INFO - DAG(s) 'import_snowflake' retrieved from /opt/airflow/dags/import_dag.py
[2025-03-28T00:34:52.407+0000] {logging_mixin.py:190} INFO - [2025-03-28T00:34:52.406+0000] {dag.py:3229} INFO - Sync 1 DAGs
[2025-03-28T00:34:52.429+0000] {logging_mixin.py:190} INFO - [2025-03-28T00:34:52.429+0000] {dag.py:4156} INFO - Setting next_dagrun for import_snowflake to 2025-03-27 02:30:00+00:00, run_after=2025-03-28 02:30:00+00:00
[2025-03-28T00:34:52.445+0000] {processor.py:208} INFO - Processing /opt/airflow/dags/import_dag.py took 0.087 seconds
[2025-03-28T00:35:23.092+0000] {processor.py:186} INFO - Started process (PID=20025) to work on /opt/airflow/dags/import_dag.py
[2025-03-28T00:35:23.094+0000] {processor.py:914} INFO - Processing file /opt/airflow/dags/import_dag.py for tasks to queue
[2025-03-28T00:35:23.095+0000] {logging_mixin.py:190} INFO - [2025-03-28T00:35:23.095+0000] {dagbag.py:587} INFO - Filling up the DagBag from /opt/airflow/dags/import_dag.py
[2025-03-28T00:35:23.109+0000] {processor.py:925} INFO - DAG(s) 'import_snowflake' retrieved from /opt/airflow/dags/import_dag.py
[2025-03-28T00:35:23.132+0000] {logging_mixin.py:190} INFO - [2025-03-28T00:35:23.131+0000] {dag.py:3229} INFO - Sync 1 DAGs
[2025-03-28T00:35:23.152+0000] {logging_mixin.py:190} INFO - [2025-03-28T00:35:23.152+0000] {dag.py:4156} INFO - Setting next_dagrun for import_snowflake to 2025-03-27 02:30:00+00:00, run_after=2025-03-28 02:30:00+00:00
[2025-03-28T00:35:23.170+0000] {processor.py:208} INFO - Processing /opt/airflow/dags/import_dag.py took 0.082 seconds
[2025-03-28T00:35:53.452+0000] {processor.py:186} INFO - Started process (PID=20060) to work on /opt/airflow/dags/import_dag.py
[2025-03-28T00:35:53.453+0000] {processor.py:914} INFO - Processing file /opt/airflow/dags/import_dag.py for tasks to queue
[2025-03-28T00:35:53.455+0000] {logging_mixin.py:190} INFO - [2025-03-28T00:35:53.454+0000] {dagbag.py:587} INFO - Filling up the DagBag from /opt/airflow/dags/import_dag.py
[2025-03-28T00:35:53.474+0000] {processor.py:925} INFO - DAG(s) 'import_snowflake' retrieved from /opt/airflow/dags/import_dag.py
[2025-03-28T00:35:53.496+0000] {logging_mixin.py:190} INFO - [2025-03-28T00:35:53.495+0000] {dag.py:3229} INFO - Sync 1 DAGs
[2025-03-28T00:35:53.516+0000] {logging_mixin.py:190} INFO - [2025-03-28T00:35:53.516+0000] {dag.py:4156} INFO - Setting next_dagrun for import_snowflake to 2025-03-27 02:30:00+00:00, run_after=2025-03-28 02:30:00+00:00
[2025-03-28T00:35:53.532+0000] {processor.py:208} INFO - Processing /opt/airflow/dags/import_dag.py took 0.084 seconds
[2025-03-28T00:36:24.186+0000] {processor.py:186} INFO - Started process (PID=20096) to work on /opt/airflow/dags/import_dag.py
[2025-03-28T00:36:24.186+0000] {processor.py:914} INFO - Processing file /opt/airflow/dags/import_dag.py for tasks to queue
[2025-03-28T00:36:24.188+0000] {logging_mixin.py:190} INFO - [2025-03-28T00:36:24.188+0000] {dagbag.py:587} INFO - Filling up the DagBag from /opt/airflow/dags/import_dag.py
[2025-03-28T00:36:24.210+0000] {processor.py:925} INFO - DAG(s) 'import_snowflake' retrieved from /opt/airflow/dags/import_dag.py
[2025-03-28T00:36:24.234+0000] {logging_mixin.py:190} INFO - [2025-03-28T00:36:24.233+0000] {dag.py:3229} INFO - Sync 1 DAGs
[2025-03-28T00:36:24.253+0000] {logging_mixin.py:190} INFO - [2025-03-28T00:36:24.253+0000] {dag.py:4156} INFO - Setting next_dagrun for import_snowflake to 2025-03-27 02:30:00+00:00, run_after=2025-03-28 02:30:00+00:00
[2025-03-28T00:36:24.274+0000] {processor.py:208} INFO - Processing /opt/airflow/dags/import_dag.py took 0.093 seconds
[2025-03-28T00:36:55.127+0000] {processor.py:186} INFO - Started process (PID=20132) to work on /opt/airflow/dags/import_dag.py
[2025-03-28T00:36:55.128+0000] {processor.py:914} INFO - Processing file /opt/airflow/dags/import_dag.py for tasks to queue
[2025-03-28T00:36:55.129+0000] {logging_mixin.py:190} INFO - [2025-03-28T00:36:55.129+0000] {dagbag.py:587} INFO - Filling up the DagBag from /opt/airflow/dags/import_dag.py
[2025-03-28T00:36:55.144+0000] {processor.py:925} INFO - DAG(s) 'import_snowflake' retrieved from /opt/airflow/dags/import_dag.py
[2025-03-28T00:36:55.165+0000] {logging_mixin.py:190} INFO - [2025-03-28T00:36:55.164+0000] {dag.py:3229} INFO - Sync 1 DAGs
[2025-03-28T00:36:55.186+0000] {logging_mixin.py:190} INFO - [2025-03-28T00:36:55.186+0000] {dag.py:4156} INFO - Setting next_dagrun for import_snowflake to 2025-03-27 02:30:00+00:00, run_after=2025-03-28 02:30:00+00:00
[2025-03-28T00:36:55.202+0000] {processor.py:208} INFO - Processing /opt/airflow/dags/import_dag.py took 0.080 seconds
[2025-03-28T00:37:25.767+0000] {processor.py:186} INFO - Started process (PID=20168) to work on /opt/airflow/dags/import_dag.py
[2025-03-28T00:37:25.768+0000] {processor.py:914} INFO - Processing file /opt/airflow/dags/import_dag.py for tasks to queue
[2025-03-28T00:37:25.769+0000] {logging_mixin.py:190} INFO - [2025-03-28T00:37:25.769+0000] {dagbag.py:587} INFO - Filling up the DagBag from /opt/airflow/dags/import_dag.py
[2025-03-28T00:37:25.786+0000] {processor.py:925} INFO - DAG(s) 'import_snowflake' retrieved from /opt/airflow/dags/import_dag.py
[2025-03-28T00:37:25.808+0000] {logging_mixin.py:190} INFO - [2025-03-28T00:37:25.807+0000] {dag.py:3229} INFO - Sync 1 DAGs
[2025-03-28T00:37:25.831+0000] {logging_mixin.py:190} INFO - [2025-03-28T00:37:25.831+0000] {dag.py:4156} INFO - Setting next_dagrun for import_snowflake to 2025-03-27 02:30:00+00:00, run_after=2025-03-28 02:30:00+00:00
[2025-03-28T00:37:25.849+0000] {processor.py:208} INFO - Processing /opt/airflow/dags/import_dag.py took 0.088 seconds
[2025-03-28T00:37:56.626+0000] {processor.py:186} INFO - Started process (PID=20204) to work on /opt/airflow/dags/import_dag.py
[2025-03-28T00:37:56.628+0000] {processor.py:914} INFO - Processing file /opt/airflow/dags/import_dag.py for tasks to queue
[2025-03-28T00:37:56.632+0000] {logging_mixin.py:190} INFO - [2025-03-28T00:37:56.631+0000] {dagbag.py:587} INFO - Filling up the DagBag from /opt/airflow/dags/import_dag.py
[2025-03-28T00:37:56.680+0000] {processor.py:925} INFO - DAG(s) 'import_snowflake' retrieved from /opt/airflow/dags/import_dag.py
[2025-03-28T00:37:56.708+0000] {logging_mixin.py:190} INFO - [2025-03-28T00:37:56.706+0000] {dag.py:3229} INFO - Sync 1 DAGs
[2025-03-28T00:37:56.738+0000] {logging_mixin.py:190} INFO - [2025-03-28T00:37:56.738+0000] {dag.py:4156} INFO - Setting next_dagrun for import_snowflake to 2025-03-27 02:30:00+00:00, run_after=2025-03-28 02:30:00+00:00
[2025-03-28T00:37:56.755+0000] {processor.py:208} INFO - Processing /opt/airflow/dags/import_dag.py took 0.134 seconds
[2025-03-28T04:28:03.113+0000] {processor.py:186} INFO - Started process (PID=20238) to work on /opt/airflow/dags/import_dag.py
[2025-03-28T04:28:03.121+0000] {processor.py:914} INFO - Processing file /opt/airflow/dags/import_dag.py for tasks to queue
[2025-03-28T04:28:03.130+0000] {logging_mixin.py:190} INFO - [2025-03-28T04:28:03.127+0000] {dagbag.py:587} INFO - Filling up the DagBag from /opt/airflow/dags/import_dag.py
[2025-03-28T04:28:03.179+0000] {processor.py:925} INFO - DAG(s) 'import_snowflake' retrieved from /opt/airflow/dags/import_dag.py
[2025-03-28T04:28:03.260+0000] {logging_mixin.py:190} INFO - [2025-03-28T04:28:03.256+0000] {dag.py:3229} INFO - Sync 1 DAGs
[2025-03-28T04:28:03.323+0000] {logging_mixin.py:190} INFO - [2025-03-28T04:28:03.322+0000] {dag.py:4156} INFO - Setting next_dagrun for import_snowflake to 2025-03-28 02:30:00+00:00, run_after=2025-03-29 02:30:00+00:00
[2025-03-28T04:28:03.369+0000] {processor.py:208} INFO - Processing /opt/airflow/dags/import_dag.py took 0.273 seconds
[2025-03-28T04:28:35.303+0000] {processor.py:186} INFO - Started process (PID=20280) to work on /opt/airflow/dags/import_dag.py
[2025-03-28T04:28:35.307+0000] {processor.py:914} INFO - Processing file /opt/airflow/dags/import_dag.py for tasks to queue
[2025-03-28T04:28:35.312+0000] {logging_mixin.py:190} INFO - [2025-03-28T04:28:35.311+0000] {dagbag.py:587} INFO - Filling up the DagBag from /opt/airflow/dags/import_dag.py
[2025-03-28T04:28:35.443+0000] {processor.py:925} INFO - DAG(s) 'import_snowflake' retrieved from /opt/airflow/dags/import_dag.py
[2025-03-28T04:28:35.477+0000] {logging_mixin.py:190} INFO - [2025-03-28T04:28:35.476+0000] {dag.py:3229} INFO - Sync 1 DAGs
[2025-03-28T04:28:35.497+0000] {logging_mixin.py:190} INFO - [2025-03-28T04:28:35.497+0000] {dag.py:4156} INFO - Setting next_dagrun for import_snowflake to 2025-03-28 02:30:00+00:00, run_after=2025-03-29 02:30:00+00:00
[2025-03-28T04:28:35.747+0000] {processor.py:208} INFO - Processing /opt/airflow/dags/import_dag.py took 0.450 seconds
[2025-03-28T04:29:06.427+0000] {processor.py:186} INFO - Started process (PID=20316) to work on /opt/airflow/dags/import_dag.py
[2025-03-28T04:29:06.431+0000] {processor.py:914} INFO - Processing file /opt/airflow/dags/import_dag.py for tasks to queue
[2025-03-28T04:29:06.435+0000] {logging_mixin.py:190} INFO - [2025-03-28T04:29:06.434+0000] {dagbag.py:587} INFO - Filling up the DagBag from /opt/airflow/dags/import_dag.py
[2025-03-28T04:29:06.481+0000] {processor.py:925} INFO - DAG(s) 'import_snowflake' retrieved from /opt/airflow/dags/import_dag.py
[2025-03-28T04:29:06.527+0000] {logging_mixin.py:190} INFO - [2025-03-28T04:29:06.525+0000] {dag.py:3229} INFO - Sync 1 DAGs
[2025-03-28T04:29:06.562+0000] {logging_mixin.py:190} INFO - [2025-03-28T04:29:06.561+0000] {dag.py:4156} INFO - Setting next_dagrun for import_snowflake to 2025-03-28 02:30:00+00:00, run_after=2025-03-29 02:30:00+00:00
[2025-03-28T04:29:06.584+0000] {processor.py:208} INFO - Processing /opt/airflow/dags/import_dag.py took 0.169 seconds
[2025-03-28T04:29:37.187+0000] {processor.py:186} INFO - Started process (PID=20358) to work on /opt/airflow/dags/import_dag.py
[2025-03-28T04:29:37.194+0000] {processor.py:914} INFO - Processing file /opt/airflow/dags/import_dag.py for tasks to queue
[2025-03-28T04:29:37.201+0000] {logging_mixin.py:190} INFO - [2025-03-28T04:29:37.201+0000] {dagbag.py:587} INFO - Filling up the DagBag from /opt/airflow/dags/import_dag.py
[2025-03-28T04:29:37.282+0000] {processor.py:925} INFO - DAG(s) 'import_snowflake' retrieved from /opt/airflow/dags/import_dag.py
[2025-03-28T04:29:37.345+0000] {logging_mixin.py:190} INFO - [2025-03-28T04:29:37.333+0000] {dag.py:3229} INFO - Sync 1 DAGs
[2025-03-28T04:29:37.380+0000] {logging_mixin.py:190} INFO - [2025-03-28T04:29:37.380+0000] {dag.py:4156} INFO - Setting next_dagrun for import_snowflake to 2025-03-28 02:30:00+00:00, run_after=2025-03-29 02:30:00+00:00
[2025-03-28T04:29:37.421+0000] {processor.py:208} INFO - Processing /opt/airflow/dags/import_dag.py took 0.239 seconds
