[2025-03-28T00:00:03.787+0000] {processor.py:186} INFO - Started process (PID=17531) to work on /opt/airflow/dags/join_dag.py
[2025-03-28T00:00:03.789+0000] {processor.py:914} INFO - Processing file /opt/airflow/dags/join_dag.py for tasks to queue
[2025-03-28T00:00:03.790+0000] {logging_mixin.py:190} INFO - [2025-03-28T00:00:03.790+0000] {dagbag.py:587} INFO - Filling up the DagBag from /opt/airflow/dags/join_dag.py
[2025-03-28T00:00:03.808+0000] {processor.py:925} INFO - DAG(s) 'join_snowflake' retrieved from /opt/airflow/dags/join_dag.py
[2025-03-28T00:00:03.830+0000] {logging_mixin.py:190} INFO - [2025-03-28T00:00:03.829+0000] {dag.py:3229} INFO - Sync 1 DAGs
[2025-03-28T00:00:03.853+0000] {logging_mixin.py:190} INFO - [2025-03-28T00:00:03.853+0000] {dag.py:4156} INFO - Setting next_dagrun for join_snowflake to 2025-03-27 02:45:00+00:00, run_after=2025-03-28 02:45:00+00:00
[2025-03-28T00:00:03.870+0000] {processor.py:208} INFO - Processing /opt/airflow/dags/join_dag.py took 0.087 seconds
[2025-03-28T00:00:34.536+0000] {processor.py:186} INFO - Started process (PID=17567) to work on /opt/airflow/dags/join_dag.py
[2025-03-28T00:00:34.538+0000] {processor.py:914} INFO - Processing file /opt/airflow/dags/join_dag.py for tasks to queue
[2025-03-28T00:00:34.539+0000] {logging_mixin.py:190} INFO - [2025-03-28T00:00:34.539+0000] {dagbag.py:587} INFO - Filling up the DagBag from /opt/airflow/dags/join_dag.py
[2025-03-28T00:00:34.554+0000] {processor.py:925} INFO - DAG(s) 'join_snowflake' retrieved from /opt/airflow/dags/join_dag.py
[2025-03-28T00:00:34.578+0000] {logging_mixin.py:190} INFO - [2025-03-28T00:00:34.577+0000] {dag.py:3229} INFO - Sync 1 DAGs
[2025-03-28T00:00:34.599+0000] {logging_mixin.py:190} INFO - [2025-03-28T00:00:34.598+0000] {dag.py:4156} INFO - Setting next_dagrun for join_snowflake to 2025-03-27 02:45:00+00:00, run_after=2025-03-28 02:45:00+00:00
[2025-03-28T00:00:34.616+0000] {processor.py:208} INFO - Processing /opt/airflow/dags/join_dag.py took 0.085 seconds
[2025-03-28T00:01:04.928+0000] {processor.py:186} INFO - Started process (PID=17604) to work on /opt/airflow/dags/join_dag.py
[2025-03-28T00:01:04.929+0000] {processor.py:914} INFO - Processing file /opt/airflow/dags/join_dag.py for tasks to queue
[2025-03-28T00:01:04.930+0000] {logging_mixin.py:190} INFO - [2025-03-28T00:01:04.930+0000] {dagbag.py:587} INFO - Filling up the DagBag from /opt/airflow/dags/join_dag.py
[2025-03-28T00:01:04.949+0000] {processor.py:925} INFO - DAG(s) 'join_snowflake' retrieved from /opt/airflow/dags/join_dag.py
[2025-03-28T00:01:04.971+0000] {logging_mixin.py:190} INFO - [2025-03-28T00:01:04.970+0000] {dag.py:3229} INFO - Sync 1 DAGs
[2025-03-28T00:01:04.990+0000] {logging_mixin.py:190} INFO - [2025-03-28T00:01:04.990+0000] {dag.py:4156} INFO - Setting next_dagrun for join_snowflake to 2025-03-27 02:45:00+00:00, run_after=2025-03-28 02:45:00+00:00
[2025-03-28T00:01:05.007+0000] {processor.py:208} INFO - Processing /opt/airflow/dags/join_dag.py took 0.083 seconds
[2025-03-28T00:01:35.737+0000] {processor.py:186} INFO - Started process (PID=17640) to work on /opt/airflow/dags/join_dag.py
[2025-03-28T00:01:35.741+0000] {processor.py:914} INFO - Processing file /opt/airflow/dags/join_dag.py for tasks to queue
[2025-03-28T00:01:35.744+0000] {logging_mixin.py:190} INFO - [2025-03-28T00:01:35.744+0000] {dagbag.py:587} INFO - Filling up the DagBag from /opt/airflow/dags/join_dag.py
[2025-03-28T00:01:35.762+0000] {processor.py:925} INFO - DAG(s) 'join_snowflake' retrieved from /opt/airflow/dags/join_dag.py
[2025-03-28T00:01:35.785+0000] {logging_mixin.py:190} INFO - [2025-03-28T00:01:35.783+0000] {dag.py:3229} INFO - Sync 1 DAGs
[2025-03-28T00:01:35.809+0000] {logging_mixin.py:190} INFO - [2025-03-28T00:01:35.809+0000] {dag.py:4156} INFO - Setting next_dagrun for join_snowflake to 2025-03-27 02:45:00+00:00, run_after=2025-03-28 02:45:00+00:00
[2025-03-28T00:01:35.825+0000] {processor.py:208} INFO - Processing /opt/airflow/dags/join_dag.py took 0.093 seconds
[2025-03-28T00:02:06.453+0000] {processor.py:186} INFO - Started process (PID=17676) to work on /opt/airflow/dags/join_dag.py
[2025-03-28T00:02:06.454+0000] {processor.py:914} INFO - Processing file /opt/airflow/dags/join_dag.py for tasks to queue
[2025-03-28T00:02:06.455+0000] {logging_mixin.py:190} INFO - [2025-03-28T00:02:06.454+0000] {dagbag.py:587} INFO - Filling up the DagBag from /opt/airflow/dags/join_dag.py
[2025-03-28T00:02:06.470+0000] {processor.py:925} INFO - DAG(s) 'join_snowflake' retrieved from /opt/airflow/dags/join_dag.py
[2025-03-28T00:02:06.493+0000] {logging_mixin.py:190} INFO - [2025-03-28T00:02:06.491+0000] {dag.py:3229} INFO - Sync 1 DAGs
[2025-03-28T00:02:06.514+0000] {logging_mixin.py:190} INFO - [2025-03-28T00:02:06.514+0000] {dag.py:4156} INFO - Setting next_dagrun for join_snowflake to 2025-03-27 02:45:00+00:00, run_after=2025-03-28 02:45:00+00:00
[2025-03-28T00:02:06.530+0000] {processor.py:208} INFO - Processing /opt/airflow/dags/join_dag.py took 0.082 seconds
[2025-03-28T00:02:37.209+0000] {processor.py:186} INFO - Started process (PID=17718) to work on /opt/airflow/dags/join_dag.py
[2025-03-28T00:02:37.210+0000] {processor.py:914} INFO - Processing file /opt/airflow/dags/join_dag.py for tasks to queue
[2025-03-28T00:02:37.211+0000] {logging_mixin.py:190} INFO - [2025-03-28T00:02:37.211+0000] {dagbag.py:587} INFO - Filling up the DagBag from /opt/airflow/dags/join_dag.py
[2025-03-28T00:02:37.230+0000] {processor.py:925} INFO - DAG(s) 'join_snowflake' retrieved from /opt/airflow/dags/join_dag.py
[2025-03-28T00:02:37.254+0000] {logging_mixin.py:190} INFO - [2025-03-28T00:02:37.253+0000] {dag.py:3229} INFO - Sync 1 DAGs
[2025-03-28T00:02:37.275+0000] {logging_mixin.py:190} INFO - [2025-03-28T00:02:37.275+0000] {dag.py:4156} INFO - Setting next_dagrun for join_snowflake to 2025-03-27 02:45:00+00:00, run_after=2025-03-28 02:45:00+00:00
[2025-03-28T00:02:37.292+0000] {processor.py:208} INFO - Processing /opt/airflow/dags/join_dag.py took 0.088 seconds
[2025-03-28T00:03:07.946+0000] {processor.py:186} INFO - Started process (PID=17754) to work on /opt/airflow/dags/join_dag.py
[2025-03-28T00:03:07.947+0000] {processor.py:914} INFO - Processing file /opt/airflow/dags/join_dag.py for tasks to queue
[2025-03-28T00:03:07.948+0000] {logging_mixin.py:190} INFO - [2025-03-28T00:03:07.947+0000] {dagbag.py:587} INFO - Filling up the DagBag from /opt/airflow/dags/join_dag.py
[2025-03-28T00:03:07.963+0000] {processor.py:925} INFO - DAG(s) 'join_snowflake' retrieved from /opt/airflow/dags/join_dag.py
[2025-03-28T00:03:07.985+0000] {logging_mixin.py:190} INFO - [2025-03-28T00:03:07.984+0000] {dag.py:3229} INFO - Sync 1 DAGs
[2025-03-28T00:03:08.006+0000] {logging_mixin.py:190} INFO - [2025-03-28T00:03:08.006+0000] {dag.py:4156} INFO - Setting next_dagrun for join_snowflake to 2025-03-27 02:45:00+00:00, run_after=2025-03-28 02:45:00+00:00
[2025-03-28T00:03:08.021+0000] {processor.py:208} INFO - Processing /opt/airflow/dags/join_dag.py took 0.080 seconds
[2025-03-28T00:03:38.660+0000] {processor.py:186} INFO - Started process (PID=17790) to work on /opt/airflow/dags/join_dag.py
[2025-03-28T00:03:38.661+0000] {processor.py:914} INFO - Processing file /opt/airflow/dags/join_dag.py for tasks to queue
[2025-03-28T00:03:38.662+0000] {logging_mixin.py:190} INFO - [2025-03-28T00:03:38.662+0000] {dagbag.py:587} INFO - Filling up the DagBag from /opt/airflow/dags/join_dag.py
[2025-03-28T00:03:38.677+0000] {processor.py:925} INFO - DAG(s) 'join_snowflake' retrieved from /opt/airflow/dags/join_dag.py
[2025-03-28T00:03:38.700+0000] {logging_mixin.py:190} INFO - [2025-03-28T00:03:38.699+0000] {dag.py:3229} INFO - Sync 1 DAGs
[2025-03-28T00:03:38.721+0000] {logging_mixin.py:190} INFO - [2025-03-28T00:03:38.721+0000] {dag.py:4156} INFO - Setting next_dagrun for join_snowflake to 2025-03-27 02:45:00+00:00, run_after=2025-03-28 02:45:00+00:00
[2025-03-28T00:03:38.738+0000] {processor.py:208} INFO - Processing /opt/airflow/dags/join_dag.py took 0.083 seconds
[2025-03-28T00:04:09.362+0000] {processor.py:186} INFO - Started process (PID=17826) to work on /opt/airflow/dags/join_dag.py
[2025-03-28T00:04:09.363+0000] {processor.py:914} INFO - Processing file /opt/airflow/dags/join_dag.py for tasks to queue
[2025-03-28T00:04:09.364+0000] {logging_mixin.py:190} INFO - [2025-03-28T00:04:09.364+0000] {dagbag.py:587} INFO - Filling up the DagBag from /opt/airflow/dags/join_dag.py
[2025-03-28T00:04:09.378+0000] {processor.py:925} INFO - DAG(s) 'join_snowflake' retrieved from /opt/airflow/dags/join_dag.py
[2025-03-28T00:04:09.401+0000] {logging_mixin.py:190} INFO - [2025-03-28T00:04:09.399+0000] {dag.py:3229} INFO - Sync 1 DAGs
[2025-03-28T00:04:09.423+0000] {logging_mixin.py:190} INFO - [2025-03-28T00:04:09.423+0000] {dag.py:4156} INFO - Setting next_dagrun for join_snowflake to 2025-03-27 02:45:00+00:00, run_after=2025-03-28 02:45:00+00:00
[2025-03-28T00:04:09.439+0000] {processor.py:208} INFO - Processing /opt/airflow/dags/join_dag.py took 0.081 seconds
[2025-03-28T00:04:40.108+0000] {processor.py:186} INFO - Started process (PID=17861) to work on /opt/airflow/dags/join_dag.py
[2025-03-28T00:04:40.109+0000] {processor.py:914} INFO - Processing file /opt/airflow/dags/join_dag.py for tasks to queue
[2025-03-28T00:04:40.111+0000] {logging_mixin.py:190} INFO - [2025-03-28T00:04:40.110+0000] {dagbag.py:587} INFO - Filling up the DagBag from /opt/airflow/dags/join_dag.py
[2025-03-28T00:04:40.134+0000] {processor.py:925} INFO - DAG(s) 'join_snowflake' retrieved from /opt/airflow/dags/join_dag.py
[2025-03-28T00:04:40.162+0000] {logging_mixin.py:190} INFO - [2025-03-28T00:04:40.161+0000] {dag.py:3229} INFO - Sync 1 DAGs
[2025-03-28T00:04:40.184+0000] {logging_mixin.py:190} INFO - [2025-03-28T00:04:40.183+0000] {dag.py:4156} INFO - Setting next_dagrun for join_snowflake to 2025-03-27 02:45:00+00:00, run_after=2025-03-28 02:45:00+00:00
[2025-03-28T00:04:40.200+0000] {processor.py:208} INFO - Processing /opt/airflow/dags/join_dag.py took 0.099 seconds
[2025-03-28T00:05:10.900+0000] {processor.py:186} INFO - Started process (PID=17897) to work on /opt/airflow/dags/join_dag.py
[2025-03-28T00:05:10.901+0000] {processor.py:914} INFO - Processing file /opt/airflow/dags/join_dag.py for tasks to queue
[2025-03-28T00:05:10.902+0000] {logging_mixin.py:190} INFO - [2025-03-28T00:05:10.902+0000] {dagbag.py:587} INFO - Filling up the DagBag from /opt/airflow/dags/join_dag.py
[2025-03-28T00:05:10.922+0000] {processor.py:925} INFO - DAG(s) 'join_snowflake' retrieved from /opt/airflow/dags/join_dag.py
[2025-03-28T00:05:10.946+0000] {logging_mixin.py:190} INFO - [2025-03-28T00:05:10.944+0000] {dag.py:3229} INFO - Sync 1 DAGs
[2025-03-28T00:05:10.965+0000] {logging_mixin.py:190} INFO - [2025-03-28T00:05:10.965+0000] {dag.py:4156} INFO - Setting next_dagrun for join_snowflake to 2025-03-27 02:45:00+00:00, run_after=2025-03-28 02:45:00+00:00
[2025-03-28T00:05:10.980+0000] {processor.py:208} INFO - Processing /opt/airflow/dags/join_dag.py took 0.084 seconds
[2025-03-28T00:05:41.677+0000] {processor.py:186} INFO - Started process (PID=17933) to work on /opt/airflow/dags/join_dag.py
[2025-03-28T00:05:41.678+0000] {processor.py:914} INFO - Processing file /opt/airflow/dags/join_dag.py for tasks to queue
[2025-03-28T00:05:41.679+0000] {logging_mixin.py:190} INFO - [2025-03-28T00:05:41.679+0000] {dagbag.py:587} INFO - Filling up the DagBag from /opt/airflow/dags/join_dag.py
[2025-03-28T00:05:41.697+0000] {processor.py:925} INFO - DAG(s) 'join_snowflake' retrieved from /opt/airflow/dags/join_dag.py
[2025-03-28T00:05:41.722+0000] {logging_mixin.py:190} INFO - [2025-03-28T00:05:41.720+0000] {dag.py:3229} INFO - Sync 1 DAGs
[2025-03-28T00:05:41.741+0000] {logging_mixin.py:190} INFO - [2025-03-28T00:05:41.741+0000] {dag.py:4156} INFO - Setting next_dagrun for join_snowflake to 2025-03-27 02:45:00+00:00, run_after=2025-03-28 02:45:00+00:00
[2025-03-28T00:05:41.758+0000] {processor.py:208} INFO - Processing /opt/airflow/dags/join_dag.py took 0.086 seconds
[2025-03-28T00:06:11.993+0000] {processor.py:186} INFO - Started process (PID=17969) to work on /opt/airflow/dags/join_dag.py
[2025-03-28T00:06:11.994+0000] {processor.py:914} INFO - Processing file /opt/airflow/dags/join_dag.py for tasks to queue
[2025-03-28T00:06:11.995+0000] {logging_mixin.py:190} INFO - [2025-03-28T00:06:11.995+0000] {dagbag.py:587} INFO - Filling up the DagBag from /opt/airflow/dags/join_dag.py
[2025-03-28T00:06:12.010+0000] {processor.py:925} INFO - DAG(s) 'join_snowflake' retrieved from /opt/airflow/dags/join_dag.py
[2025-03-28T00:06:12.039+0000] {logging_mixin.py:190} INFO - [2025-03-28T00:06:12.037+0000] {dag.py:3229} INFO - Sync 1 DAGs
[2025-03-28T00:06:12.061+0000] {logging_mixin.py:190} INFO - [2025-03-28T00:06:12.061+0000] {dag.py:4156} INFO - Setting next_dagrun for join_snowflake to 2025-03-27 02:45:00+00:00, run_after=2025-03-28 02:45:00+00:00
[2025-03-28T00:06:12.076+0000] {processor.py:208} INFO - Processing /opt/airflow/dags/join_dag.py took 0.088 seconds
[2025-03-28T00:06:42.746+0000] {processor.py:186} INFO - Started process (PID=18005) to work on /opt/airflow/dags/join_dag.py
[2025-03-28T00:06:42.747+0000] {processor.py:914} INFO - Processing file /opt/airflow/dags/join_dag.py for tasks to queue
[2025-03-28T00:06:42.748+0000] {logging_mixin.py:190} INFO - [2025-03-28T00:06:42.748+0000] {dagbag.py:587} INFO - Filling up the DagBag from /opt/airflow/dags/join_dag.py
[2025-03-28T00:06:42.762+0000] {processor.py:925} INFO - DAG(s) 'join_snowflake' retrieved from /opt/airflow/dags/join_dag.py
[2025-03-28T00:06:42.786+0000] {logging_mixin.py:190} INFO - [2025-03-28T00:06:42.785+0000] {dag.py:3229} INFO - Sync 1 DAGs
[2025-03-28T00:06:42.809+0000] {logging_mixin.py:190} INFO - [2025-03-28T00:06:42.809+0000] {dag.py:4156} INFO - Setting next_dagrun for join_snowflake to 2025-03-27 02:45:00+00:00, run_after=2025-03-28 02:45:00+00:00
[2025-03-28T00:06:42.829+0000] {processor.py:208} INFO - Processing /opt/airflow/dags/join_dag.py took 0.088 seconds
[2025-03-28T00:07:13.463+0000] {processor.py:186} INFO - Started process (PID=18041) to work on /opt/airflow/dags/join_dag.py
[2025-03-28T00:07:13.463+0000] {processor.py:914} INFO - Processing file /opt/airflow/dags/join_dag.py for tasks to queue
[2025-03-28T00:07:13.465+0000] {logging_mixin.py:190} INFO - [2025-03-28T00:07:13.465+0000] {dagbag.py:587} INFO - Filling up the DagBag from /opt/airflow/dags/join_dag.py
[2025-03-28T00:07:13.480+0000] {processor.py:925} INFO - DAG(s) 'join_snowflake' retrieved from /opt/airflow/dags/join_dag.py
[2025-03-28T00:07:13.503+0000] {logging_mixin.py:190} INFO - [2025-03-28T00:07:13.502+0000] {dag.py:3229} INFO - Sync 1 DAGs
[2025-03-28T00:07:13.526+0000] {logging_mixin.py:190} INFO - [2025-03-28T00:07:13.526+0000] {dag.py:4156} INFO - Setting next_dagrun for join_snowflake to 2025-03-27 02:45:00+00:00, run_after=2025-03-28 02:45:00+00:00
[2025-03-28T00:07:13.541+0000] {processor.py:208} INFO - Processing /opt/airflow/dags/join_dag.py took 0.084 seconds
[2025-03-28T00:07:44.214+0000] {processor.py:186} INFO - Started process (PID=18077) to work on /opt/airflow/dags/join_dag.py
[2025-03-28T00:07:44.215+0000] {processor.py:914} INFO - Processing file /opt/airflow/dags/join_dag.py for tasks to queue
[2025-03-28T00:07:44.216+0000] {logging_mixin.py:190} INFO - [2025-03-28T00:07:44.216+0000] {dagbag.py:587} INFO - Filling up the DagBag from /opt/airflow/dags/join_dag.py
[2025-03-28T00:07:44.234+0000] {processor.py:925} INFO - DAG(s) 'join_snowflake' retrieved from /opt/airflow/dags/join_dag.py
[2025-03-28T00:07:44.257+0000] {logging_mixin.py:190} INFO - [2025-03-28T00:07:44.256+0000] {dag.py:3229} INFO - Sync 1 DAGs
[2025-03-28T00:07:44.282+0000] {logging_mixin.py:190} INFO - [2025-03-28T00:07:44.282+0000] {dag.py:4156} INFO - Setting next_dagrun for join_snowflake to 2025-03-27 02:45:00+00:00, run_after=2025-03-28 02:45:00+00:00
[2025-03-28T00:07:44.300+0000] {processor.py:208} INFO - Processing /opt/airflow/dags/join_dag.py took 0.091 seconds
[2025-03-28T00:08:14.982+0000] {processor.py:186} INFO - Started process (PID=18113) to work on /opt/airflow/dags/join_dag.py
[2025-03-28T00:08:14.984+0000] {processor.py:914} INFO - Processing file /opt/airflow/dags/join_dag.py for tasks to queue
[2025-03-28T00:08:14.986+0000] {logging_mixin.py:190} INFO - [2025-03-28T00:08:14.985+0000] {dagbag.py:587} INFO - Filling up the DagBag from /opt/airflow/dags/join_dag.py
[2025-03-28T00:08:15.002+0000] {processor.py:925} INFO - DAG(s) 'join_snowflake' retrieved from /opt/airflow/dags/join_dag.py
[2025-03-28T00:08:15.025+0000] {logging_mixin.py:190} INFO - [2025-03-28T00:08:15.023+0000] {dag.py:3229} INFO - Sync 1 DAGs
[2025-03-28T00:08:15.049+0000] {logging_mixin.py:190} INFO - [2025-03-28T00:08:15.049+0000] {dag.py:4156} INFO - Setting next_dagrun for join_snowflake to 2025-03-27 02:45:00+00:00, run_after=2025-03-28 02:45:00+00:00
[2025-03-28T00:08:15.069+0000] {processor.py:208} INFO - Processing /opt/airflow/dags/join_dag.py took 0.092 seconds
[2025-03-28T00:08:45.761+0000] {processor.py:186} INFO - Started process (PID=18149) to work on /opt/airflow/dags/join_dag.py
[2025-03-28T00:08:45.761+0000] {processor.py:914} INFO - Processing file /opt/airflow/dags/join_dag.py for tasks to queue
[2025-03-28T00:08:45.763+0000] {logging_mixin.py:190} INFO - [2025-03-28T00:08:45.762+0000] {dagbag.py:587} INFO - Filling up the DagBag from /opt/airflow/dags/join_dag.py
[2025-03-28T00:08:45.778+0000] {processor.py:925} INFO - DAG(s) 'join_snowflake' retrieved from /opt/airflow/dags/join_dag.py
[2025-03-28T00:08:45.798+0000] {logging_mixin.py:190} INFO - [2025-03-28T00:08:45.797+0000] {dag.py:3229} INFO - Sync 1 DAGs
[2025-03-28T00:08:45.817+0000] {logging_mixin.py:190} INFO - [2025-03-28T00:08:45.817+0000] {dag.py:4156} INFO - Setting next_dagrun for join_snowflake to 2025-03-27 02:45:00+00:00, run_after=2025-03-28 02:45:00+00:00
[2025-03-28T00:08:45.832+0000] {processor.py:208} INFO - Processing /opt/airflow/dags/join_dag.py took 0.077 seconds
[2025-03-28T00:09:16.546+0000] {processor.py:186} INFO - Started process (PID=18185) to work on /opt/airflow/dags/join_dag.py
[2025-03-28T00:09:16.547+0000] {processor.py:914} INFO - Processing file /opt/airflow/dags/join_dag.py for tasks to queue
[2025-03-28T00:09:16.548+0000] {logging_mixin.py:190} INFO - [2025-03-28T00:09:16.548+0000] {dagbag.py:587} INFO - Filling up the DagBag from /opt/airflow/dags/join_dag.py
[2025-03-28T00:09:16.565+0000] {processor.py:925} INFO - DAG(s) 'join_snowflake' retrieved from /opt/airflow/dags/join_dag.py
[2025-03-28T00:09:16.588+0000] {logging_mixin.py:190} INFO - [2025-03-28T00:09:16.587+0000] {dag.py:3229} INFO - Sync 1 DAGs
[2025-03-28T00:09:16.609+0000] {logging_mixin.py:190} INFO - [2025-03-28T00:09:16.608+0000] {dag.py:4156} INFO - Setting next_dagrun for join_snowflake to 2025-03-27 02:45:00+00:00, run_after=2025-03-28 02:45:00+00:00
[2025-03-28T00:09:16.625+0000] {processor.py:208} INFO - Processing /opt/airflow/dags/join_dag.py took 0.085 seconds
[2025-03-28T00:09:47.343+0000] {processor.py:186} INFO - Started process (PID=18221) to work on /opt/airflow/dags/join_dag.py
[2025-03-28T00:09:47.344+0000] {processor.py:914} INFO - Processing file /opt/airflow/dags/join_dag.py for tasks to queue
[2025-03-28T00:09:47.345+0000] {logging_mixin.py:190} INFO - [2025-03-28T00:09:47.345+0000] {dagbag.py:587} INFO - Filling up the DagBag from /opt/airflow/dags/join_dag.py
[2025-03-28T00:09:47.359+0000] {processor.py:925} INFO - DAG(s) 'join_snowflake' retrieved from /opt/airflow/dags/join_dag.py
[2025-03-28T00:09:47.384+0000] {logging_mixin.py:190} INFO - [2025-03-28T00:09:47.383+0000] {dag.py:3229} INFO - Sync 1 DAGs
[2025-03-28T00:09:47.408+0000] {logging_mixin.py:190} INFO - [2025-03-28T00:09:47.408+0000] {dag.py:4156} INFO - Setting next_dagrun for join_snowflake to 2025-03-27 02:45:00+00:00, run_after=2025-03-28 02:45:00+00:00
[2025-03-28T00:09:47.428+0000] {processor.py:208} INFO - Processing /opt/airflow/dags/join_dag.py took 0.089 seconds
[2025-03-28T00:10:18.079+0000] {processor.py:186} INFO - Started process (PID=18257) to work on /opt/airflow/dags/join_dag.py
[2025-03-28T00:10:18.080+0000] {processor.py:914} INFO - Processing file /opt/airflow/dags/join_dag.py for tasks to queue
[2025-03-28T00:10:18.082+0000] {logging_mixin.py:190} INFO - [2025-03-28T00:10:18.081+0000] {dagbag.py:587} INFO - Filling up the DagBag from /opt/airflow/dags/join_dag.py
[2025-03-28T00:10:18.100+0000] {processor.py:925} INFO - DAG(s) 'join_snowflake' retrieved from /opt/airflow/dags/join_dag.py
[2025-03-28T00:10:18.129+0000] {logging_mixin.py:190} INFO - [2025-03-28T00:10:18.127+0000] {dag.py:3229} INFO - Sync 1 DAGs
[2025-03-28T00:10:18.156+0000] {logging_mixin.py:190} INFO - [2025-03-28T00:10:18.156+0000] {dag.py:4156} INFO - Setting next_dagrun for join_snowflake to 2025-03-27 02:45:00+00:00, run_after=2025-03-28 02:45:00+00:00
[2025-03-28T00:10:18.176+0000] {processor.py:208} INFO - Processing /opt/airflow/dags/join_dag.py took 0.101 seconds
[2025-03-28T00:10:48.490+0000] {processor.py:186} INFO - Started process (PID=18293) to work on /opt/airflow/dags/join_dag.py
[2025-03-28T00:10:48.491+0000] {processor.py:914} INFO - Processing file /opt/airflow/dags/join_dag.py for tasks to queue
[2025-03-28T00:10:48.492+0000] {logging_mixin.py:190} INFO - [2025-03-28T00:10:48.492+0000] {dagbag.py:587} INFO - Filling up the DagBag from /opt/airflow/dags/join_dag.py
[2025-03-28T00:10:48.510+0000] {processor.py:925} INFO - DAG(s) 'join_snowflake' retrieved from /opt/airflow/dags/join_dag.py
[2025-03-28T00:10:48.535+0000] {logging_mixin.py:190} INFO - [2025-03-28T00:10:48.534+0000] {dag.py:3229} INFO - Sync 1 DAGs
[2025-03-28T00:10:48.555+0000] {logging_mixin.py:190} INFO - [2025-03-28T00:10:48.555+0000] {dag.py:4156} INFO - Setting next_dagrun for join_snowflake to 2025-03-27 02:45:00+00:00, run_after=2025-03-28 02:45:00+00:00
[2025-03-28T00:10:48.571+0000] {processor.py:208} INFO - Processing /opt/airflow/dags/join_dag.py took 0.086 seconds
[2025-03-28T00:11:19.209+0000] {processor.py:186} INFO - Started process (PID=18329) to work on /opt/airflow/dags/join_dag.py
[2025-03-28T00:11:19.210+0000] {processor.py:914} INFO - Processing file /opt/airflow/dags/join_dag.py for tasks to queue
[2025-03-28T00:11:19.211+0000] {logging_mixin.py:190} INFO - [2025-03-28T00:11:19.211+0000] {dagbag.py:587} INFO - Filling up the DagBag from /opt/airflow/dags/join_dag.py
[2025-03-28T00:11:19.226+0000] {processor.py:925} INFO - DAG(s) 'join_snowflake' retrieved from /opt/airflow/dags/join_dag.py
[2025-03-28T00:11:19.247+0000] {logging_mixin.py:190} INFO - [2025-03-28T00:11:19.246+0000] {dag.py:3229} INFO - Sync 1 DAGs
[2025-03-28T00:11:19.268+0000] {logging_mixin.py:190} INFO - [2025-03-28T00:11:19.268+0000] {dag.py:4156} INFO - Setting next_dagrun for join_snowflake to 2025-03-27 02:45:00+00:00, run_after=2025-03-28 02:45:00+00:00
[2025-03-28T00:11:19.287+0000] {processor.py:208} INFO - Processing /opt/airflow/dags/join_dag.py took 0.083 seconds
[2025-03-28T00:11:49.943+0000] {processor.py:186} INFO - Started process (PID=18365) to work on /opt/airflow/dags/join_dag.py
[2025-03-28T00:11:49.944+0000] {processor.py:914} INFO - Processing file /opt/airflow/dags/join_dag.py for tasks to queue
[2025-03-28T00:11:49.945+0000] {logging_mixin.py:190} INFO - [2025-03-28T00:11:49.945+0000] {dagbag.py:587} INFO - Filling up the DagBag from /opt/airflow/dags/join_dag.py
[2025-03-28T00:11:49.967+0000] {processor.py:925} INFO - DAG(s) 'join_snowflake' retrieved from /opt/airflow/dags/join_dag.py
[2025-03-28T00:11:49.990+0000] {logging_mixin.py:190} INFO - [2025-03-28T00:11:49.989+0000] {dag.py:3229} INFO - Sync 1 DAGs
[2025-03-28T00:11:50.014+0000] {logging_mixin.py:190} INFO - [2025-03-28T00:11:50.014+0000] {dag.py:4156} INFO - Setting next_dagrun for join_snowflake to 2025-03-27 02:45:00+00:00, run_after=2025-03-28 02:45:00+00:00
[2025-03-28T00:11:50.032+0000] {processor.py:208} INFO - Processing /opt/airflow/dags/join_dag.py took 0.093 seconds
[2025-03-28T00:12:20.709+0000] {processor.py:186} INFO - Started process (PID=18401) to work on /opt/airflow/dags/join_dag.py
[2025-03-28T00:12:20.710+0000] {processor.py:914} INFO - Processing file /opt/airflow/dags/join_dag.py for tasks to queue
[2025-03-28T00:12:20.712+0000] {logging_mixin.py:190} INFO - [2025-03-28T00:12:20.711+0000] {dagbag.py:587} INFO - Filling up the DagBag from /opt/airflow/dags/join_dag.py
[2025-03-28T00:12:20.729+0000] {processor.py:925} INFO - DAG(s) 'join_snowflake' retrieved from /opt/airflow/dags/join_dag.py
[2025-03-28T00:12:20.760+0000] {logging_mixin.py:190} INFO - [2025-03-28T00:12:20.758+0000] {dag.py:3229} INFO - Sync 1 DAGs
[2025-03-28T00:12:20.781+0000] {logging_mixin.py:190} INFO - [2025-03-28T00:12:20.781+0000] {dag.py:4156} INFO - Setting next_dagrun for join_snowflake to 2025-03-27 02:45:00+00:00, run_after=2025-03-28 02:45:00+00:00
[2025-03-28T00:12:20.798+0000] {processor.py:208} INFO - Processing /opt/airflow/dags/join_dag.py took 0.095 seconds
[2025-03-28T00:12:51.478+0000] {processor.py:186} INFO - Started process (PID=18437) to work on /opt/airflow/dags/join_dag.py
[2025-03-28T00:12:51.479+0000] {processor.py:914} INFO - Processing file /opt/airflow/dags/join_dag.py for tasks to queue
[2025-03-28T00:12:51.480+0000] {logging_mixin.py:190} INFO - [2025-03-28T00:12:51.480+0000] {dagbag.py:587} INFO - Filling up the DagBag from /opt/airflow/dags/join_dag.py
[2025-03-28T00:12:51.498+0000] {processor.py:925} INFO - DAG(s) 'join_snowflake' retrieved from /opt/airflow/dags/join_dag.py
[2025-03-28T00:12:51.522+0000] {logging_mixin.py:190} INFO - [2025-03-28T00:12:51.521+0000] {dag.py:3229} INFO - Sync 1 DAGs
[2025-03-28T00:12:51.542+0000] {logging_mixin.py:190} INFO - [2025-03-28T00:12:51.542+0000] {dag.py:4156} INFO - Setting next_dagrun for join_snowflake to 2025-03-27 02:45:00+00:00, run_after=2025-03-28 02:45:00+00:00
[2025-03-28T00:12:51.556+0000] {processor.py:208} INFO - Processing /opt/airflow/dags/join_dag.py took 0.084 seconds
[2025-03-28T00:13:22.285+0000] {processor.py:186} INFO - Started process (PID=18473) to work on /opt/airflow/dags/join_dag.py
[2025-03-28T00:13:22.286+0000] {processor.py:914} INFO - Processing file /opt/airflow/dags/join_dag.py for tasks to queue
[2025-03-28T00:13:22.287+0000] {logging_mixin.py:190} INFO - [2025-03-28T00:13:22.287+0000] {dagbag.py:587} INFO - Filling up the DagBag from /opt/airflow/dags/join_dag.py
[2025-03-28T00:13:22.305+0000] {processor.py:925} INFO - DAG(s) 'join_snowflake' retrieved from /opt/airflow/dags/join_dag.py
[2025-03-28T00:13:22.329+0000] {logging_mixin.py:190} INFO - [2025-03-28T00:13:22.328+0000] {dag.py:3229} INFO - Sync 1 DAGs
[2025-03-28T00:13:22.351+0000] {logging_mixin.py:190} INFO - [2025-03-28T00:13:22.351+0000] {dag.py:4156} INFO - Setting next_dagrun for join_snowflake to 2025-03-27 02:45:00+00:00, run_after=2025-03-28 02:45:00+00:00
[2025-03-28T00:13:22.368+0000] {processor.py:208} INFO - Processing /opt/airflow/dags/join_dag.py took 0.088 seconds
[2025-03-28T00:13:53.070+0000] {processor.py:186} INFO - Started process (PID=18509) to work on /opt/airflow/dags/join_dag.py
[2025-03-28T00:13:53.071+0000] {processor.py:914} INFO - Processing file /opt/airflow/dags/join_dag.py for tasks to queue
[2025-03-28T00:13:53.073+0000] {logging_mixin.py:190} INFO - [2025-03-28T00:13:53.072+0000] {dagbag.py:587} INFO - Filling up the DagBag from /opt/airflow/dags/join_dag.py
[2025-03-28T00:13:53.092+0000] {processor.py:925} INFO - DAG(s) 'join_snowflake' retrieved from /opt/airflow/dags/join_dag.py
[2025-03-28T00:13:53.120+0000] {logging_mixin.py:190} INFO - [2025-03-28T00:13:53.119+0000] {dag.py:3229} INFO - Sync 1 DAGs
[2025-03-28T00:13:53.144+0000] {logging_mixin.py:190} INFO - [2025-03-28T00:13:53.144+0000] {dag.py:4156} INFO - Setting next_dagrun for join_snowflake to 2025-03-27 02:45:00+00:00, run_after=2025-03-28 02:45:00+00:00
[2025-03-28T00:13:53.164+0000] {processor.py:208} INFO - Processing /opt/airflow/dags/join_dag.py took 0.099 seconds
[2025-03-28T00:14:23.788+0000] {processor.py:186} INFO - Started process (PID=18545) to work on /opt/airflow/dags/join_dag.py
[2025-03-28T00:14:23.789+0000] {processor.py:914} INFO - Processing file /opt/airflow/dags/join_dag.py for tasks to queue
[2025-03-28T00:14:23.790+0000] {logging_mixin.py:190} INFO - [2025-03-28T00:14:23.790+0000] {dagbag.py:587} INFO - Filling up the DagBag from /opt/airflow/dags/join_dag.py
[2025-03-28T00:14:23.804+0000] {processor.py:925} INFO - DAG(s) 'join_snowflake' retrieved from /opt/airflow/dags/join_dag.py
[2025-03-28T00:14:23.828+0000] {logging_mixin.py:190} INFO - [2025-03-28T00:14:23.826+0000] {dag.py:3229} INFO - Sync 1 DAGs
[2025-03-28T00:14:23.849+0000] {logging_mixin.py:190} INFO - [2025-03-28T00:14:23.848+0000] {dag.py:4156} INFO - Setting next_dagrun for join_snowflake to 2025-03-27 02:45:00+00:00, run_after=2025-03-28 02:45:00+00:00
[2025-03-28T00:14:23.866+0000] {processor.py:208} INFO - Processing /opt/airflow/dags/join_dag.py took 0.083 seconds
[2025-03-28T00:14:54.555+0000] {processor.py:186} INFO - Started process (PID=18581) to work on /opt/airflow/dags/join_dag.py
[2025-03-28T00:14:54.556+0000] {processor.py:914} INFO - Processing file /opt/airflow/dags/join_dag.py for tasks to queue
[2025-03-28T00:14:54.558+0000] {logging_mixin.py:190} INFO - [2025-03-28T00:14:54.557+0000] {dagbag.py:587} INFO - Filling up the DagBag from /opt/airflow/dags/join_dag.py
[2025-03-28T00:14:54.576+0000] {processor.py:925} INFO - DAG(s) 'join_snowflake' retrieved from /opt/airflow/dags/join_dag.py
[2025-03-28T00:14:54.601+0000] {logging_mixin.py:190} INFO - [2025-03-28T00:14:54.600+0000] {dag.py:3229} INFO - Sync 1 DAGs
[2025-03-28T00:14:54.621+0000] {logging_mixin.py:190} INFO - [2025-03-28T00:14:54.621+0000] {dag.py:4156} INFO - Setting next_dagrun for join_snowflake to 2025-03-27 02:45:00+00:00, run_after=2025-03-28 02:45:00+00:00
[2025-03-28T00:14:54.635+0000] {processor.py:208} INFO - Processing /opt/airflow/dags/join_dag.py took 0.086 seconds
[2025-03-28T00:15:25.269+0000] {processor.py:186} INFO - Started process (PID=18617) to work on /opt/airflow/dags/join_dag.py
[2025-03-28T00:15:25.270+0000] {processor.py:914} INFO - Processing file /opt/airflow/dags/join_dag.py for tasks to queue
[2025-03-28T00:15:25.271+0000] {logging_mixin.py:190} INFO - [2025-03-28T00:15:25.270+0000] {dagbag.py:587} INFO - Filling up the DagBag from /opt/airflow/dags/join_dag.py
[2025-03-28T00:15:25.284+0000] {processor.py:925} INFO - DAG(s) 'join_snowflake' retrieved from /opt/airflow/dags/join_dag.py
[2025-03-28T00:15:25.309+0000] {logging_mixin.py:190} INFO - [2025-03-28T00:15:25.307+0000] {dag.py:3229} INFO - Sync 1 DAGs
[2025-03-28T00:15:25.336+0000] {logging_mixin.py:190} INFO - [2025-03-28T00:15:25.335+0000] {dag.py:4156} INFO - Setting next_dagrun for join_snowflake to 2025-03-27 02:45:00+00:00, run_after=2025-03-28 02:45:00+00:00
[2025-03-28T00:15:25.352+0000] {processor.py:208} INFO - Processing /opt/airflow/dags/join_dag.py took 0.088 seconds
[2025-03-28T00:15:55.729+0000] {processor.py:186} INFO - Started process (PID=18653) to work on /opt/airflow/dags/join_dag.py
[2025-03-28T00:15:55.730+0000] {processor.py:914} INFO - Processing file /opt/airflow/dags/join_dag.py for tasks to queue
[2025-03-28T00:15:55.731+0000] {logging_mixin.py:190} INFO - [2025-03-28T00:15:55.731+0000] {dagbag.py:587} INFO - Filling up the DagBag from /opt/airflow/dags/join_dag.py
[2025-03-28T00:15:55.748+0000] {processor.py:925} INFO - DAG(s) 'join_snowflake' retrieved from /opt/airflow/dags/join_dag.py
[2025-03-28T00:15:55.770+0000] {logging_mixin.py:190} INFO - [2025-03-28T00:15:55.769+0000] {dag.py:3229} INFO - Sync 1 DAGs
[2025-03-28T00:15:55.791+0000] {logging_mixin.py:190} INFO - [2025-03-28T00:15:55.791+0000] {dag.py:4156} INFO - Setting next_dagrun for join_snowflake to 2025-03-27 02:45:00+00:00, run_after=2025-03-28 02:45:00+00:00
[2025-03-28T00:15:55.807+0000] {processor.py:208} INFO - Processing /opt/airflow/dags/join_dag.py took 0.083 seconds
[2025-03-28T00:16:26.478+0000] {processor.py:186} INFO - Started process (PID=18689) to work on /opt/airflow/dags/join_dag.py
[2025-03-28T00:16:26.479+0000] {processor.py:914} INFO - Processing file /opt/airflow/dags/join_dag.py for tasks to queue
[2025-03-28T00:16:26.480+0000] {logging_mixin.py:190} INFO - [2025-03-28T00:16:26.480+0000] {dagbag.py:587} INFO - Filling up the DagBag from /opt/airflow/dags/join_dag.py
[2025-03-28T00:16:26.496+0000] {processor.py:925} INFO - DAG(s) 'join_snowflake' retrieved from /opt/airflow/dags/join_dag.py
[2025-03-28T00:16:26.517+0000] {logging_mixin.py:190} INFO - [2025-03-28T00:16:26.516+0000] {dag.py:3229} INFO - Sync 1 DAGs
[2025-03-28T00:16:26.539+0000] {logging_mixin.py:190} INFO - [2025-03-28T00:16:26.539+0000] {dag.py:4156} INFO - Setting next_dagrun for join_snowflake to 2025-03-27 02:45:00+00:00, run_after=2025-03-28 02:45:00+00:00
[2025-03-28T00:16:26.553+0000] {processor.py:208} INFO - Processing /opt/airflow/dags/join_dag.py took 0.081 seconds
[2025-03-28T00:16:57.224+0000] {processor.py:186} INFO - Started process (PID=18726) to work on /opt/airflow/dags/join_dag.py
[2025-03-28T00:16:57.225+0000] {processor.py:914} INFO - Processing file /opt/airflow/dags/join_dag.py for tasks to queue
[2025-03-28T00:16:57.226+0000] {logging_mixin.py:190} INFO - [2025-03-28T00:16:57.226+0000] {dagbag.py:587} INFO - Filling up the DagBag from /opt/airflow/dags/join_dag.py
[2025-03-28T00:16:57.241+0000] {processor.py:925} INFO - DAG(s) 'join_snowflake' retrieved from /opt/airflow/dags/join_dag.py
[2025-03-28T00:16:57.264+0000] {logging_mixin.py:190} INFO - [2025-03-28T00:16:57.263+0000] {dag.py:3229} INFO - Sync 1 DAGs
[2025-03-28T00:16:57.285+0000] {logging_mixin.py:190} INFO - [2025-03-28T00:16:57.285+0000] {dag.py:4156} INFO - Setting next_dagrun for join_snowflake to 2025-03-27 02:45:00+00:00, run_after=2025-03-28 02:45:00+00:00
[2025-03-28T00:16:57.300+0000] {processor.py:208} INFO - Processing /opt/airflow/dags/join_dag.py took 0.080 seconds
[2025-03-28T00:17:28.012+0000] {processor.py:186} INFO - Started process (PID=18762) to work on /opt/airflow/dags/join_dag.py
[2025-03-28T00:17:28.013+0000] {processor.py:914} INFO - Processing file /opt/airflow/dags/join_dag.py for tasks to queue
[2025-03-28T00:17:28.014+0000] {logging_mixin.py:190} INFO - [2025-03-28T00:17:28.014+0000] {dagbag.py:587} INFO - Filling up the DagBag from /opt/airflow/dags/join_dag.py
[2025-03-28T00:17:28.030+0000] {processor.py:925} INFO - DAG(s) 'join_snowflake' retrieved from /opt/airflow/dags/join_dag.py
[2025-03-28T00:17:28.052+0000] {logging_mixin.py:190} INFO - [2025-03-28T00:17:28.051+0000] {dag.py:3229} INFO - Sync 1 DAGs
[2025-03-28T00:17:28.072+0000] {logging_mixin.py:190} INFO - [2025-03-28T00:17:28.072+0000] {dag.py:4156} INFO - Setting next_dagrun for join_snowflake to 2025-03-27 02:45:00+00:00, run_after=2025-03-28 02:45:00+00:00
[2025-03-28T00:17:28.089+0000] {processor.py:208} INFO - Processing /opt/airflow/dags/join_dag.py took 0.081 seconds
[2025-03-28T00:17:58.747+0000] {processor.py:186} INFO - Started process (PID=18798) to work on /opt/airflow/dags/join_dag.py
[2025-03-28T00:17:58.748+0000] {processor.py:914} INFO - Processing file /opt/airflow/dags/join_dag.py for tasks to queue
[2025-03-28T00:17:58.749+0000] {logging_mixin.py:190} INFO - [2025-03-28T00:17:58.749+0000] {dagbag.py:587} INFO - Filling up the DagBag from /opt/airflow/dags/join_dag.py
[2025-03-28T00:17:58.764+0000] {processor.py:925} INFO - DAG(s) 'join_snowflake' retrieved from /opt/airflow/dags/join_dag.py
[2025-03-28T00:17:58.792+0000] {logging_mixin.py:190} INFO - [2025-03-28T00:17:58.790+0000] {dag.py:3229} INFO - Sync 1 DAGs
[2025-03-28T00:17:58.818+0000] {logging_mixin.py:190} INFO - [2025-03-28T00:17:58.818+0000] {dag.py:4156} INFO - Setting next_dagrun for join_snowflake to 2025-03-27 02:45:00+00:00, run_after=2025-03-28 02:45:00+00:00
[2025-03-28T00:17:58.835+0000] {processor.py:208} INFO - Processing /opt/airflow/dags/join_dag.py took 0.093 seconds
[2025-03-28T00:18:29.484+0000] {processor.py:186} INFO - Started process (PID=18834) to work on /opt/airflow/dags/join_dag.py
[2025-03-28T00:18:29.485+0000] {processor.py:914} INFO - Processing file /opt/airflow/dags/join_dag.py for tasks to queue
[2025-03-28T00:18:29.486+0000] {logging_mixin.py:190} INFO - [2025-03-28T00:18:29.486+0000] {dagbag.py:587} INFO - Filling up the DagBag from /opt/airflow/dags/join_dag.py
[2025-03-28T00:18:29.500+0000] {processor.py:925} INFO - DAG(s) 'join_snowflake' retrieved from /opt/airflow/dags/join_dag.py
[2025-03-28T00:18:29.523+0000] {logging_mixin.py:190} INFO - [2025-03-28T00:18:29.521+0000] {dag.py:3229} INFO - Sync 1 DAGs
[2025-03-28T00:18:29.544+0000] {logging_mixin.py:190} INFO - [2025-03-28T00:18:29.544+0000] {dag.py:4156} INFO - Setting next_dagrun for join_snowflake to 2025-03-27 02:45:00+00:00, run_after=2025-03-28 02:45:00+00:00
[2025-03-28T00:18:29.561+0000] {processor.py:208} INFO - Processing /opt/airflow/dags/join_dag.py took 0.081 seconds
[2025-03-28T00:19:00.227+0000] {processor.py:186} INFO - Started process (PID=18870) to work on /opt/airflow/dags/join_dag.py
[2025-03-28T00:19:00.228+0000] {processor.py:914} INFO - Processing file /opt/airflow/dags/join_dag.py for tasks to queue
[2025-03-28T00:19:00.229+0000] {logging_mixin.py:190} INFO - [2025-03-28T00:19:00.229+0000] {dagbag.py:587} INFO - Filling up the DagBag from /opt/airflow/dags/join_dag.py
[2025-03-28T00:19:00.244+0000] {processor.py:925} INFO - DAG(s) 'join_snowflake' retrieved from /opt/airflow/dags/join_dag.py
[2025-03-28T00:19:00.265+0000] {logging_mixin.py:190} INFO - [2025-03-28T00:19:00.264+0000] {dag.py:3229} INFO - Sync 1 DAGs
[2025-03-28T00:19:00.286+0000] {logging_mixin.py:190} INFO - [2025-03-28T00:19:00.286+0000] {dag.py:4156} INFO - Setting next_dagrun for join_snowflake to 2025-03-27 02:45:00+00:00, run_after=2025-03-28 02:45:00+00:00
[2025-03-28T00:19:00.303+0000] {processor.py:208} INFO - Processing /opt/airflow/dags/join_dag.py took 0.081 seconds
[2025-03-28T00:19:30.984+0000] {processor.py:186} INFO - Started process (PID=18906) to work on /opt/airflow/dags/join_dag.py
[2025-03-28T00:19:30.984+0000] {processor.py:914} INFO - Processing file /opt/airflow/dags/join_dag.py for tasks to queue
[2025-03-28T00:19:30.986+0000] {logging_mixin.py:190} INFO - [2025-03-28T00:19:30.985+0000] {dagbag.py:587} INFO - Filling up the DagBag from /opt/airflow/dags/join_dag.py
[2025-03-28T00:19:31.003+0000] {processor.py:925} INFO - DAG(s) 'join_snowflake' retrieved from /opt/airflow/dags/join_dag.py
[2025-03-28T00:19:31.028+0000] {logging_mixin.py:190} INFO - [2025-03-28T00:19:31.027+0000] {dag.py:3229} INFO - Sync 1 DAGs
[2025-03-28T00:19:31.049+0000] {logging_mixin.py:190} INFO - [2025-03-28T00:19:31.049+0000] {dag.py:4156} INFO - Setting next_dagrun for join_snowflake to 2025-03-27 02:45:00+00:00, run_after=2025-03-28 02:45:00+00:00
[2025-03-28T00:19:31.064+0000] {processor.py:208} INFO - Processing /opt/airflow/dags/join_dag.py took 0.085 seconds
[2025-03-28T00:20:01.755+0000] {processor.py:186} INFO - Started process (PID=18942) to work on /opt/airflow/dags/join_dag.py
[2025-03-28T00:20:01.756+0000] {processor.py:914} INFO - Processing file /opt/airflow/dags/join_dag.py for tasks to queue
[2025-03-28T00:20:01.757+0000] {logging_mixin.py:190} INFO - [2025-03-28T00:20:01.757+0000] {dagbag.py:587} INFO - Filling up the DagBag from /opt/airflow/dags/join_dag.py
[2025-03-28T00:20:01.781+0000] {processor.py:925} INFO - DAG(s) 'join_snowflake' retrieved from /opt/airflow/dags/join_dag.py
[2025-03-28T00:20:01.803+0000] {logging_mixin.py:190} INFO - [2025-03-28T00:20:01.802+0000] {dag.py:3229} INFO - Sync 1 DAGs
[2025-03-28T00:20:01.824+0000] {logging_mixin.py:190} INFO - [2025-03-28T00:20:01.824+0000] {dag.py:4156} INFO - Setting next_dagrun for join_snowflake to 2025-03-27 02:45:00+00:00, run_after=2025-03-28 02:45:00+00:00
[2025-03-28T00:20:01.841+0000] {processor.py:208} INFO - Processing /opt/airflow/dags/join_dag.py took 0.091 seconds
[2025-03-28T00:20:32.498+0000] {processor.py:186} INFO - Started process (PID=18978) to work on /opt/airflow/dags/join_dag.py
[2025-03-28T00:20:32.499+0000] {processor.py:914} INFO - Processing file /opt/airflow/dags/join_dag.py for tasks to queue
[2025-03-28T00:20:32.500+0000] {logging_mixin.py:190} INFO - [2025-03-28T00:20:32.500+0000] {dagbag.py:587} INFO - Filling up the DagBag from /opt/airflow/dags/join_dag.py
[2025-03-28T00:20:32.516+0000] {processor.py:925} INFO - DAG(s) 'join_snowflake' retrieved from /opt/airflow/dags/join_dag.py
[2025-03-28T00:20:32.542+0000] {logging_mixin.py:190} INFO - [2025-03-28T00:20:32.541+0000] {dag.py:3229} INFO - Sync 1 DAGs
[2025-03-28T00:20:32.563+0000] {logging_mixin.py:190} INFO - [2025-03-28T00:20:32.563+0000] {dag.py:4156} INFO - Setting next_dagrun for join_snowflake to 2025-03-27 02:45:00+00:00, run_after=2025-03-28 02:45:00+00:00
[2025-03-28T00:20:32.580+0000] {processor.py:208} INFO - Processing /opt/airflow/dags/join_dag.py took 0.087 seconds
[2025-03-28T00:21:02.876+0000] {processor.py:186} INFO - Started process (PID=19014) to work on /opt/airflow/dags/join_dag.py
[2025-03-28T00:21:02.877+0000] {processor.py:914} INFO - Processing file /opt/airflow/dags/join_dag.py for tasks to queue
[2025-03-28T00:21:02.878+0000] {logging_mixin.py:190} INFO - [2025-03-28T00:21:02.878+0000] {dagbag.py:587} INFO - Filling up the DagBag from /opt/airflow/dags/join_dag.py
[2025-03-28T00:21:02.896+0000] {processor.py:925} INFO - DAG(s) 'join_snowflake' retrieved from /opt/airflow/dags/join_dag.py
[2025-03-28T00:21:02.918+0000] {logging_mixin.py:190} INFO - [2025-03-28T00:21:02.917+0000] {dag.py:3229} INFO - Sync 1 DAGs
[2025-03-28T00:21:02.938+0000] {logging_mixin.py:190} INFO - [2025-03-28T00:21:02.938+0000] {dag.py:4156} INFO - Setting next_dagrun for join_snowflake to 2025-03-27 02:45:00+00:00, run_after=2025-03-28 02:45:00+00:00
[2025-03-28T00:21:02.955+0000] {processor.py:208} INFO - Processing /opt/airflow/dags/join_dag.py took 0.084 seconds
[2025-03-28T00:21:33.675+0000] {processor.py:186} INFO - Started process (PID=19050) to work on /opt/airflow/dags/join_dag.py
[2025-03-28T00:21:33.676+0000] {processor.py:914} INFO - Processing file /opt/airflow/dags/join_dag.py for tasks to queue
[2025-03-28T00:21:33.677+0000] {logging_mixin.py:190} INFO - [2025-03-28T00:21:33.677+0000] {dagbag.py:587} INFO - Filling up the DagBag from /opt/airflow/dags/join_dag.py
[2025-03-28T00:21:33.692+0000] {processor.py:925} INFO - DAG(s) 'join_snowflake' retrieved from /opt/airflow/dags/join_dag.py
[2025-03-28T00:21:33.716+0000] {logging_mixin.py:190} INFO - [2025-03-28T00:21:33.715+0000] {dag.py:3229} INFO - Sync 1 DAGs
[2025-03-28T00:21:33.739+0000] {logging_mixin.py:190} INFO - [2025-03-28T00:21:33.739+0000] {dag.py:4156} INFO - Setting next_dagrun for join_snowflake to 2025-03-27 02:45:00+00:00, run_after=2025-03-28 02:45:00+00:00
[2025-03-28T00:21:33.756+0000] {processor.py:208} INFO - Processing /opt/airflow/dags/join_dag.py took 0.086 seconds
[2025-03-28T00:22:04.410+0000] {processor.py:186} INFO - Started process (PID=19086) to work on /opt/airflow/dags/join_dag.py
[2025-03-28T00:22:04.411+0000] {processor.py:914} INFO - Processing file /opt/airflow/dags/join_dag.py for tasks to queue
[2025-03-28T00:22:04.413+0000] {logging_mixin.py:190} INFO - [2025-03-28T00:22:04.413+0000] {dagbag.py:587} INFO - Filling up the DagBag from /opt/airflow/dags/join_dag.py
[2025-03-28T00:22:04.426+0000] {processor.py:925} INFO - DAG(s) 'join_snowflake' retrieved from /opt/airflow/dags/join_dag.py
[2025-03-28T00:22:04.452+0000] {logging_mixin.py:190} INFO - [2025-03-28T00:22:04.451+0000] {dag.py:3229} INFO - Sync 1 DAGs
[2025-03-28T00:22:04.471+0000] {logging_mixin.py:190} INFO - [2025-03-28T00:22:04.471+0000] {dag.py:4156} INFO - Setting next_dagrun for join_snowflake to 2025-03-27 02:45:00+00:00, run_after=2025-03-28 02:45:00+00:00
[2025-03-28T00:22:04.489+0000] {processor.py:208} INFO - Processing /opt/airflow/dags/join_dag.py took 0.083 seconds
[2025-03-28T00:22:35.120+0000] {processor.py:186} INFO - Started process (PID=19122) to work on /opt/airflow/dags/join_dag.py
[2025-03-28T00:22:35.120+0000] {processor.py:914} INFO - Processing file /opt/airflow/dags/join_dag.py for tasks to queue
[2025-03-28T00:22:35.122+0000] {logging_mixin.py:190} INFO - [2025-03-28T00:22:35.121+0000] {dagbag.py:587} INFO - Filling up the DagBag from /opt/airflow/dags/join_dag.py
[2025-03-28T00:22:35.136+0000] {processor.py:925} INFO - DAG(s) 'join_snowflake' retrieved from /opt/airflow/dags/join_dag.py
[2025-03-28T00:22:35.161+0000] {logging_mixin.py:190} INFO - [2025-03-28T00:22:35.160+0000] {dag.py:3229} INFO - Sync 1 DAGs
[2025-03-28T00:22:35.184+0000] {logging_mixin.py:190} INFO - [2025-03-28T00:22:35.184+0000] {dag.py:4156} INFO - Setting next_dagrun for join_snowflake to 2025-03-27 02:45:00+00:00, run_after=2025-03-28 02:45:00+00:00
[2025-03-28T00:22:35.199+0000] {processor.py:208} INFO - Processing /opt/airflow/dags/join_dag.py took 0.084 seconds
[2025-03-28T00:23:05.838+0000] {processor.py:186} INFO - Started process (PID=19159) to work on /opt/airflow/dags/join_dag.py
[2025-03-28T00:23:05.839+0000] {processor.py:914} INFO - Processing file /opt/airflow/dags/join_dag.py for tasks to queue
[2025-03-28T00:23:05.840+0000] {logging_mixin.py:190} INFO - [2025-03-28T00:23:05.840+0000] {dagbag.py:587} INFO - Filling up the DagBag from /opt/airflow/dags/join_dag.py
[2025-03-28T00:23:05.855+0000] {processor.py:925} INFO - DAG(s) 'join_snowflake' retrieved from /opt/airflow/dags/join_dag.py
[2025-03-28T00:23:05.879+0000] {logging_mixin.py:190} INFO - [2025-03-28T00:23:05.878+0000] {dag.py:3229} INFO - Sync 1 DAGs
[2025-03-28T00:23:05.899+0000] {logging_mixin.py:190} INFO - [2025-03-28T00:23:05.899+0000] {dag.py:4156} INFO - Setting next_dagrun for join_snowflake to 2025-03-27 02:45:00+00:00, run_after=2025-03-28 02:45:00+00:00
[2025-03-28T00:23:05.915+0000] {processor.py:208} INFO - Processing /opt/airflow/dags/join_dag.py took 0.082 seconds
[2025-03-28T00:23:36.553+0000] {processor.py:186} INFO - Started process (PID=19195) to work on /opt/airflow/dags/join_dag.py
[2025-03-28T00:23:36.553+0000] {processor.py:914} INFO - Processing file /opt/airflow/dags/join_dag.py for tasks to queue
[2025-03-28T00:23:36.555+0000] {logging_mixin.py:190} INFO - [2025-03-28T00:23:36.554+0000] {dagbag.py:587} INFO - Filling up the DagBag from /opt/airflow/dags/join_dag.py
[2025-03-28T00:23:36.568+0000] {processor.py:925} INFO - DAG(s) 'join_snowflake' retrieved from /opt/airflow/dags/join_dag.py
[2025-03-28T00:23:36.590+0000] {logging_mixin.py:190} INFO - [2025-03-28T00:23:36.589+0000] {dag.py:3229} INFO - Sync 1 DAGs
[2025-03-28T00:23:36.610+0000] {logging_mixin.py:190} INFO - [2025-03-28T00:23:36.610+0000] {dag.py:4156} INFO - Setting next_dagrun for join_snowflake to 2025-03-27 02:45:00+00:00, run_after=2025-03-28 02:45:00+00:00
[2025-03-28T00:23:36.628+0000] {processor.py:208} INFO - Processing /opt/airflow/dags/join_dag.py took 0.080 seconds
[2025-03-28T00:24:07.308+0000] {processor.py:186} INFO - Started process (PID=19231) to work on /opt/airflow/dags/join_dag.py
[2025-03-28T00:24:07.314+0000] {processor.py:914} INFO - Processing file /opt/airflow/dags/join_dag.py for tasks to queue
[2025-03-28T00:24:07.315+0000] {logging_mixin.py:190} INFO - [2025-03-28T00:24:07.315+0000] {dagbag.py:587} INFO - Filling up the DagBag from /opt/airflow/dags/join_dag.py
[2025-03-28T00:24:07.332+0000] {processor.py:925} INFO - DAG(s) 'join_snowflake' retrieved from /opt/airflow/dags/join_dag.py
[2025-03-28T00:24:07.357+0000] {logging_mixin.py:190} INFO - [2025-03-28T00:24:07.356+0000] {dag.py:3229} INFO - Sync 1 DAGs
[2025-03-28T00:24:07.378+0000] {logging_mixin.py:190} INFO - [2025-03-28T00:24:07.377+0000] {dag.py:4156} INFO - Setting next_dagrun for join_snowflake to 2025-03-27 02:45:00+00:00, run_after=2025-03-28 02:45:00+00:00
[2025-03-28T00:24:07.393+0000] {processor.py:208} INFO - Processing /opt/airflow/dags/join_dag.py took 0.090 seconds
[2025-03-28T00:24:37.999+0000] {processor.py:186} INFO - Started process (PID=19267) to work on /opt/airflow/dags/join_dag.py
[2025-03-28T00:24:37.999+0000] {processor.py:914} INFO - Processing file /opt/airflow/dags/join_dag.py for tasks to queue
[2025-03-28T00:24:38.000+0000] {logging_mixin.py:190} INFO - [2025-03-28T00:24:38.000+0000] {dagbag.py:587} INFO - Filling up the DagBag from /opt/airflow/dags/join_dag.py
[2025-03-28T00:24:38.016+0000] {processor.py:925} INFO - DAG(s) 'join_snowflake' retrieved from /opt/airflow/dags/join_dag.py
[2025-03-28T00:24:38.037+0000] {logging_mixin.py:190} INFO - [2025-03-28T00:24:38.036+0000] {dag.py:3229} INFO - Sync 1 DAGs
[2025-03-28T00:24:38.057+0000] {logging_mixin.py:190} INFO - [2025-03-28T00:24:38.057+0000] {dag.py:4156} INFO - Setting next_dagrun for join_snowflake to 2025-03-27 02:45:00+00:00, run_after=2025-03-28 02:45:00+00:00
[2025-03-28T00:24:38.070+0000] {processor.py:208} INFO - Processing /opt/airflow/dags/join_dag.py took 0.076 seconds
[2025-03-28T00:25:08.787+0000] {processor.py:186} INFO - Started process (PID=19309) to work on /opt/airflow/dags/join_dag.py
[2025-03-28T00:25:08.788+0000] {processor.py:914} INFO - Processing file /opt/airflow/dags/join_dag.py for tasks to queue
[2025-03-28T00:25:08.789+0000] {logging_mixin.py:190} INFO - [2025-03-28T00:25:08.789+0000] {dagbag.py:587} INFO - Filling up the DagBag from /opt/airflow/dags/join_dag.py
[2025-03-28T00:25:08.805+0000] {processor.py:925} INFO - DAG(s) 'join_snowflake' retrieved from /opt/airflow/dags/join_dag.py
[2025-03-28T00:25:08.826+0000] {logging_mixin.py:190} INFO - [2025-03-28T00:25:08.824+0000] {dag.py:3229} INFO - Sync 1 DAGs
[2025-03-28T00:25:08.846+0000] {logging_mixin.py:190} INFO - [2025-03-28T00:25:08.846+0000] {dag.py:4156} INFO - Setting next_dagrun for join_snowflake to 2025-03-27 02:45:00+00:00, run_after=2025-03-28 02:45:00+00:00
[2025-03-28T00:25:08.864+0000] {processor.py:208} INFO - Processing /opt/airflow/dags/join_dag.py took 0.081 seconds
[2025-03-28T00:25:39.562+0000] {processor.py:186} INFO - Started process (PID=19345) to work on /opt/airflow/dags/join_dag.py
[2025-03-28T00:25:39.562+0000] {processor.py:914} INFO - Processing file /opt/airflow/dags/join_dag.py for tasks to queue
[2025-03-28T00:25:39.564+0000] {logging_mixin.py:190} INFO - [2025-03-28T00:25:39.564+0000] {dagbag.py:587} INFO - Filling up the DagBag from /opt/airflow/dags/join_dag.py
[2025-03-28T00:25:39.579+0000] {processor.py:925} INFO - DAG(s) 'join_snowflake' retrieved from /opt/airflow/dags/join_dag.py
[2025-03-28T00:25:39.602+0000] {logging_mixin.py:190} INFO - [2025-03-28T00:25:39.601+0000] {dag.py:3229} INFO - Sync 1 DAGs
[2025-03-28T00:25:39.622+0000] {logging_mixin.py:190} INFO - [2025-03-28T00:25:39.622+0000] {dag.py:4156} INFO - Setting next_dagrun for join_snowflake to 2025-03-27 02:45:00+00:00, run_after=2025-03-28 02:45:00+00:00
[2025-03-28T00:25:39.638+0000] {processor.py:208} INFO - Processing /opt/airflow/dags/join_dag.py took 0.081 seconds
[2025-03-28T00:26:09.947+0000] {processor.py:186} INFO - Started process (PID=19381) to work on /opt/airflow/dags/join_dag.py
[2025-03-28T00:26:09.948+0000] {processor.py:914} INFO - Processing file /opt/airflow/dags/join_dag.py for tasks to queue
[2025-03-28T00:26:09.949+0000] {logging_mixin.py:190} INFO - [2025-03-28T00:26:09.948+0000] {dagbag.py:587} INFO - Filling up the DagBag from /opt/airflow/dags/join_dag.py
[2025-03-28T00:26:09.964+0000] {processor.py:925} INFO - DAG(s) 'join_snowflake' retrieved from /opt/airflow/dags/join_dag.py
[2025-03-28T00:26:09.987+0000] {logging_mixin.py:190} INFO - [2025-03-28T00:26:09.986+0000] {dag.py:3229} INFO - Sync 1 DAGs
[2025-03-28T00:26:10.007+0000] {logging_mixin.py:190} INFO - [2025-03-28T00:26:10.006+0000] {dag.py:4156} INFO - Setting next_dagrun for join_snowflake to 2025-03-27 02:45:00+00:00, run_after=2025-03-28 02:45:00+00:00
[2025-03-28T00:26:10.022+0000] {processor.py:208} INFO - Processing /opt/airflow/dags/join_dag.py took 0.080 seconds
[2025-03-28T00:26:40.676+0000] {processor.py:186} INFO - Started process (PID=19417) to work on /opt/airflow/dags/join_dag.py
[2025-03-28T00:26:40.677+0000] {processor.py:914} INFO - Processing file /opt/airflow/dags/join_dag.py for tasks to queue
[2025-03-28T00:26:40.678+0000] {logging_mixin.py:190} INFO - [2025-03-28T00:26:40.677+0000] {dagbag.py:587} INFO - Filling up the DagBag from /opt/airflow/dags/join_dag.py
[2025-03-28T00:26:40.692+0000] {processor.py:925} INFO - DAG(s) 'join_snowflake' retrieved from /opt/airflow/dags/join_dag.py
[2025-03-28T00:26:40.715+0000] {logging_mixin.py:190} INFO - [2025-03-28T00:26:40.714+0000] {dag.py:3229} INFO - Sync 1 DAGs
[2025-03-28T00:26:40.737+0000] {logging_mixin.py:190} INFO - [2025-03-28T00:26:40.737+0000] {dag.py:4156} INFO - Setting next_dagrun for join_snowflake to 2025-03-27 02:45:00+00:00, run_after=2025-03-28 02:45:00+00:00
[2025-03-28T00:26:40.753+0000] {processor.py:208} INFO - Processing /opt/airflow/dags/join_dag.py took 0.082 seconds
[2025-03-28T00:27:11.425+0000] {processor.py:186} INFO - Started process (PID=19453) to work on /opt/airflow/dags/join_dag.py
[2025-03-28T00:27:11.426+0000] {processor.py:914} INFO - Processing file /opt/airflow/dags/join_dag.py for tasks to queue
[2025-03-28T00:27:11.427+0000] {logging_mixin.py:190} INFO - [2025-03-28T00:27:11.427+0000] {dagbag.py:587} INFO - Filling up the DagBag from /opt/airflow/dags/join_dag.py
[2025-03-28T00:27:11.446+0000] {processor.py:925} INFO - DAG(s) 'join_snowflake' retrieved from /opt/airflow/dags/join_dag.py
[2025-03-28T00:27:11.471+0000] {logging_mixin.py:190} INFO - [2025-03-28T00:27:11.469+0000] {dag.py:3229} INFO - Sync 1 DAGs
[2025-03-28T00:27:11.490+0000] {logging_mixin.py:190} INFO - [2025-03-28T00:27:11.490+0000] {dag.py:4156} INFO - Setting next_dagrun for join_snowflake to 2025-03-27 02:45:00+00:00, run_after=2025-03-28 02:45:00+00:00
[2025-03-28T00:27:11.506+0000] {processor.py:208} INFO - Processing /opt/airflow/dags/join_dag.py took 0.086 seconds
[2025-03-28T00:27:42.145+0000] {processor.py:186} INFO - Started process (PID=19489) to work on /opt/airflow/dags/join_dag.py
[2025-03-28T00:27:42.154+0000] {processor.py:914} INFO - Processing file /opt/airflow/dags/join_dag.py for tasks to queue
[2025-03-28T00:27:42.156+0000] {logging_mixin.py:190} INFO - [2025-03-28T00:27:42.155+0000] {dagbag.py:587} INFO - Filling up the DagBag from /opt/airflow/dags/join_dag.py
[2025-03-28T00:27:42.172+0000] {processor.py:925} INFO - DAG(s) 'join_snowflake' retrieved from /opt/airflow/dags/join_dag.py
[2025-03-28T00:27:42.194+0000] {logging_mixin.py:190} INFO - [2025-03-28T00:27:42.193+0000] {dag.py:3229} INFO - Sync 1 DAGs
[2025-03-28T00:27:42.215+0000] {logging_mixin.py:190} INFO - [2025-03-28T00:27:42.215+0000] {dag.py:4156} INFO - Setting next_dagrun for join_snowflake to 2025-03-27 02:45:00+00:00, run_after=2025-03-28 02:45:00+00:00
[2025-03-28T00:27:42.234+0000] {processor.py:208} INFO - Processing /opt/airflow/dags/join_dag.py took 0.093 seconds
[2025-03-28T00:28:12.918+0000] {processor.py:186} INFO - Started process (PID=19525) to work on /opt/airflow/dags/join_dag.py
[2025-03-28T00:28:12.919+0000] {processor.py:914} INFO - Processing file /opt/airflow/dags/join_dag.py for tasks to queue
[2025-03-28T00:28:12.921+0000] {logging_mixin.py:190} INFO - [2025-03-28T00:28:12.920+0000] {dagbag.py:587} INFO - Filling up the DagBag from /opt/airflow/dags/join_dag.py
[2025-03-28T00:28:12.940+0000] {processor.py:925} INFO - DAG(s) 'join_snowflake' retrieved from /opt/airflow/dags/join_dag.py
[2025-03-28T00:28:12.966+0000] {logging_mixin.py:190} INFO - [2025-03-28T00:28:12.964+0000] {dag.py:3229} INFO - Sync 1 DAGs
[2025-03-28T00:28:12.988+0000] {logging_mixin.py:190} INFO - [2025-03-28T00:28:12.988+0000] {dag.py:4156} INFO - Setting next_dagrun for join_snowflake to 2025-03-27 02:45:00+00:00, run_after=2025-03-28 02:45:00+00:00
[2025-03-28T00:28:13.006+0000] {processor.py:208} INFO - Processing /opt/airflow/dags/join_dag.py took 0.093 seconds
[2025-03-28T00:28:43.786+0000] {processor.py:186} INFO - Started process (PID=19561) to work on /opt/airflow/dags/join_dag.py
[2025-03-28T00:28:43.794+0000] {processor.py:914} INFO - Processing file /opt/airflow/dags/join_dag.py for tasks to queue
[2025-03-28T00:28:43.795+0000] {logging_mixin.py:190} INFO - [2025-03-28T00:28:43.795+0000] {dagbag.py:587} INFO - Filling up the DagBag from /opt/airflow/dags/join_dag.py
[2025-03-28T00:28:43.812+0000] {processor.py:925} INFO - DAG(s) 'join_snowflake' retrieved from /opt/airflow/dags/join_dag.py
[2025-03-28T00:28:43.837+0000] {logging_mixin.py:190} INFO - [2025-03-28T00:28:43.836+0000] {dag.py:3229} INFO - Sync 1 DAGs
[2025-03-28T00:28:43.859+0000] {logging_mixin.py:190} INFO - [2025-03-28T00:28:43.858+0000] {dag.py:4156} INFO - Setting next_dagrun for join_snowflake to 2025-03-27 02:45:00+00:00, run_after=2025-03-28 02:45:00+00:00
[2025-03-28T00:28:43.876+0000] {processor.py:208} INFO - Processing /opt/airflow/dags/join_dag.py took 0.094 seconds
[2025-03-28T00:29:14.601+0000] {processor.py:186} INFO - Started process (PID=19597) to work on /opt/airflow/dags/join_dag.py
[2025-03-28T00:29:14.602+0000] {processor.py:914} INFO - Processing file /opt/airflow/dags/join_dag.py for tasks to queue
[2025-03-28T00:29:14.603+0000] {logging_mixin.py:190} INFO - [2025-03-28T00:29:14.603+0000] {dagbag.py:587} INFO - Filling up the DagBag from /opt/airflow/dags/join_dag.py
[2025-03-28T00:29:14.620+0000] {processor.py:925} INFO - DAG(s) 'join_snowflake' retrieved from /opt/airflow/dags/join_dag.py
[2025-03-28T00:29:14.641+0000] {logging_mixin.py:190} INFO - [2025-03-28T00:29:14.640+0000] {dag.py:3229} INFO - Sync 1 DAGs
[2025-03-28T00:29:14.662+0000] {logging_mixin.py:190} INFO - [2025-03-28T00:29:14.662+0000] {dag.py:4156} INFO - Setting next_dagrun for join_snowflake to 2025-03-27 02:45:00+00:00, run_after=2025-03-28 02:45:00+00:00
[2025-03-28T00:29:14.678+0000] {processor.py:208} INFO - Processing /opt/airflow/dags/join_dag.py took 0.081 seconds
[2025-03-28T00:29:45.350+0000] {processor.py:186} INFO - Started process (PID=19633) to work on /opt/airflow/dags/join_dag.py
[2025-03-28T00:29:45.351+0000] {processor.py:914} INFO - Processing file /opt/airflow/dags/join_dag.py for tasks to queue
[2025-03-28T00:29:45.353+0000] {logging_mixin.py:190} INFO - [2025-03-28T00:29:45.352+0000] {dagbag.py:587} INFO - Filling up the DagBag from /opt/airflow/dags/join_dag.py
[2025-03-28T00:29:45.367+0000] {processor.py:925} INFO - DAG(s) 'join_snowflake' retrieved from /opt/airflow/dags/join_dag.py
[2025-03-28T00:29:45.388+0000] {logging_mixin.py:190} INFO - [2025-03-28T00:29:45.387+0000] {dag.py:3229} INFO - Sync 1 DAGs
[2025-03-28T00:29:45.408+0000] {logging_mixin.py:190} INFO - [2025-03-28T00:29:45.408+0000] {dag.py:4156} INFO - Setting next_dagrun for join_snowflake to 2025-03-27 02:45:00+00:00, run_after=2025-03-28 02:45:00+00:00
[2025-03-28T00:29:45.423+0000] {processor.py:208} INFO - Processing /opt/airflow/dags/join_dag.py took 0.077 seconds
[2025-03-28T00:30:16.088+0000] {processor.py:186} INFO - Started process (PID=19669) to work on /opt/airflow/dags/join_dag.py
[2025-03-28T00:30:16.088+0000] {processor.py:914} INFO - Processing file /opt/airflow/dags/join_dag.py for tasks to queue
[2025-03-28T00:30:16.090+0000] {logging_mixin.py:190} INFO - [2025-03-28T00:30:16.089+0000] {dagbag.py:587} INFO - Filling up the DagBag from /opt/airflow/dags/join_dag.py
[2025-03-28T00:30:16.105+0000] {processor.py:925} INFO - DAG(s) 'join_snowflake' retrieved from /opt/airflow/dags/join_dag.py
[2025-03-28T00:30:16.127+0000] {logging_mixin.py:190} INFO - [2025-03-28T00:30:16.126+0000] {dag.py:3229} INFO - Sync 1 DAGs
[2025-03-28T00:30:16.147+0000] {logging_mixin.py:190} INFO - [2025-03-28T00:30:16.146+0000] {dag.py:4156} INFO - Setting next_dagrun for join_snowflake to 2025-03-27 02:45:00+00:00, run_after=2025-03-28 02:45:00+00:00
[2025-03-28T00:30:16.163+0000] {processor.py:208} INFO - Processing /opt/airflow/dags/join_dag.py took 0.080 seconds
[2025-03-28T00:30:46.716+0000] {processor.py:186} INFO - Started process (PID=19705) to work on /opt/airflow/dags/join_dag.py
[2025-03-28T00:30:46.717+0000] {processor.py:914} INFO - Processing file /opt/airflow/dags/join_dag.py for tasks to queue
[2025-03-28T00:30:46.718+0000] {logging_mixin.py:190} INFO - [2025-03-28T00:30:46.718+0000] {dagbag.py:587} INFO - Filling up the DagBag from /opt/airflow/dags/join_dag.py
[2025-03-28T00:30:46.735+0000] {processor.py:925} INFO - DAG(s) 'join_snowflake' retrieved from /opt/airflow/dags/join_dag.py
[2025-03-28T00:30:46.758+0000] {logging_mixin.py:190} INFO - [2025-03-28T00:30:46.757+0000] {dag.py:3229} INFO - Sync 1 DAGs
[2025-03-28T00:30:46.783+0000] {logging_mixin.py:190} INFO - [2025-03-28T00:30:46.783+0000] {dag.py:4156} INFO - Setting next_dagrun for join_snowflake to 2025-03-27 02:45:00+00:00, run_after=2025-03-28 02:45:00+00:00
[2025-03-28T00:30:46.801+0000] {processor.py:208} INFO - Processing /opt/airflow/dags/join_dag.py took 0.090 seconds
[2025-03-28T00:31:17.116+0000] {processor.py:186} INFO - Started process (PID=19741) to work on /opt/airflow/dags/join_dag.py
[2025-03-28T00:31:17.117+0000] {processor.py:914} INFO - Processing file /opt/airflow/dags/join_dag.py for tasks to queue
[2025-03-28T00:31:17.118+0000] {logging_mixin.py:190} INFO - [2025-03-28T00:31:17.118+0000] {dagbag.py:587} INFO - Filling up the DagBag from /opt/airflow/dags/join_dag.py
[2025-03-28T00:31:17.132+0000] {processor.py:925} INFO - DAG(s) 'join_snowflake' retrieved from /opt/airflow/dags/join_dag.py
[2025-03-28T00:31:17.159+0000] {logging_mixin.py:190} INFO - [2025-03-28T00:31:17.158+0000] {dag.py:3229} INFO - Sync 1 DAGs
[2025-03-28T00:31:17.181+0000] {logging_mixin.py:190} INFO - [2025-03-28T00:31:17.181+0000] {dag.py:4156} INFO - Setting next_dagrun for join_snowflake to 2025-03-27 02:45:00+00:00, run_after=2025-03-28 02:45:00+00:00
[2025-03-28T00:31:17.198+0000] {processor.py:208} INFO - Processing /opt/airflow/dags/join_dag.py took 0.086 seconds
[2025-03-28T00:31:47.872+0000] {processor.py:186} INFO - Started process (PID=19777) to work on /opt/airflow/dags/join_dag.py
[2025-03-28T00:31:47.873+0000] {processor.py:914} INFO - Processing file /opt/airflow/dags/join_dag.py for tasks to queue
[2025-03-28T00:31:47.874+0000] {logging_mixin.py:190} INFO - [2025-03-28T00:31:47.874+0000] {dagbag.py:587} INFO - Filling up the DagBag from /opt/airflow/dags/join_dag.py
[2025-03-28T00:31:47.892+0000] {processor.py:925} INFO - DAG(s) 'join_snowflake' retrieved from /opt/airflow/dags/join_dag.py
[2025-03-28T00:31:47.914+0000] {logging_mixin.py:190} INFO - [2025-03-28T00:31:47.912+0000] {dag.py:3229} INFO - Sync 1 DAGs
[2025-03-28T00:31:47.936+0000] {logging_mixin.py:190} INFO - [2025-03-28T00:31:47.936+0000] {dag.py:4156} INFO - Setting next_dagrun for join_snowflake to 2025-03-27 02:45:00+00:00, run_after=2025-03-28 02:45:00+00:00
[2025-03-28T00:31:47.952+0000] {processor.py:208} INFO - Processing /opt/airflow/dags/join_dag.py took 0.085 seconds
[2025-03-28T00:32:18.626+0000] {processor.py:186} INFO - Started process (PID=19812) to work on /opt/airflow/dags/join_dag.py
[2025-03-28T00:32:18.627+0000] {processor.py:914} INFO - Processing file /opt/airflow/dags/join_dag.py for tasks to queue
[2025-03-28T00:32:18.628+0000] {logging_mixin.py:190} INFO - [2025-03-28T00:32:18.628+0000] {dagbag.py:587} INFO - Filling up the DagBag from /opt/airflow/dags/join_dag.py
[2025-03-28T00:32:18.647+0000] {processor.py:925} INFO - DAG(s) 'join_snowflake' retrieved from /opt/airflow/dags/join_dag.py
[2025-03-28T00:32:18.669+0000] {logging_mixin.py:190} INFO - [2025-03-28T00:32:18.668+0000] {dag.py:3229} INFO - Sync 1 DAGs
[2025-03-28T00:32:18.690+0000] {logging_mixin.py:190} INFO - [2025-03-28T00:32:18.690+0000] {dag.py:4156} INFO - Setting next_dagrun for join_snowflake to 2025-03-27 02:45:00+00:00, run_after=2025-03-28 02:45:00+00:00
[2025-03-28T00:32:18.706+0000] {processor.py:208} INFO - Processing /opt/airflow/dags/join_dag.py took 0.084 seconds
[2025-03-28T00:32:49.590+0000] {processor.py:186} INFO - Started process (PID=19848) to work on /opt/airflow/dags/join_dag.py
[2025-03-28T00:32:49.592+0000] {processor.py:914} INFO - Processing file /opt/airflow/dags/join_dag.py for tasks to queue
[2025-03-28T00:32:49.594+0000] {logging_mixin.py:190} INFO - [2025-03-28T00:32:49.594+0000] {dagbag.py:587} INFO - Filling up the DagBag from /opt/airflow/dags/join_dag.py
[2025-03-28T00:32:49.620+0000] {processor.py:925} INFO - DAG(s) 'join_snowflake' retrieved from /opt/airflow/dags/join_dag.py
[2025-03-28T00:32:49.644+0000] {logging_mixin.py:190} INFO - [2025-03-28T00:32:49.642+0000] {dag.py:3229} INFO - Sync 1 DAGs
[2025-03-28T00:32:49.664+0000] {logging_mixin.py:190} INFO - [2025-03-28T00:32:49.664+0000] {dag.py:4156} INFO - Setting next_dagrun for join_snowflake to 2025-03-27 02:45:00+00:00, run_after=2025-03-28 02:45:00+00:00
[2025-03-28T00:32:49.679+0000] {processor.py:208} INFO - Processing /opt/airflow/dags/join_dag.py took 0.094 seconds
[2025-03-28T00:33:20.366+0000] {processor.py:186} INFO - Started process (PID=19884) to work on /opt/airflow/dags/join_dag.py
[2025-03-28T00:33:20.367+0000] {processor.py:914} INFO - Processing file /opt/airflow/dags/join_dag.py for tasks to queue
[2025-03-28T00:33:20.368+0000] {logging_mixin.py:190} INFO - [2025-03-28T00:33:20.368+0000] {dagbag.py:587} INFO - Filling up the DagBag from /opt/airflow/dags/join_dag.py
[2025-03-28T00:33:20.390+0000] {processor.py:925} INFO - DAG(s) 'join_snowflake' retrieved from /opt/airflow/dags/join_dag.py
[2025-03-28T00:33:20.412+0000] {logging_mixin.py:190} INFO - [2025-03-28T00:33:20.410+0000] {dag.py:3229} INFO - Sync 1 DAGs
[2025-03-28T00:33:20.433+0000] {logging_mixin.py:190} INFO - [2025-03-28T00:33:20.432+0000] {dag.py:4156} INFO - Setting next_dagrun for join_snowflake to 2025-03-27 02:45:00+00:00, run_after=2025-03-28 02:45:00+00:00
[2025-03-28T00:33:20.449+0000] {processor.py:208} INFO - Processing /opt/airflow/dags/join_dag.py took 0.087 seconds
[2025-03-28T00:33:50.995+0000] {processor.py:186} INFO - Started process (PID=19920) to work on /opt/airflow/dags/join_dag.py
[2025-03-28T00:33:50.996+0000] {processor.py:914} INFO - Processing file /opt/airflow/dags/join_dag.py for tasks to queue
[2025-03-28T00:33:50.997+0000] {logging_mixin.py:190} INFO - [2025-03-28T00:33:50.997+0000] {dagbag.py:587} INFO - Filling up the DagBag from /opt/airflow/dags/join_dag.py
[2025-03-28T00:33:51.014+0000] {processor.py:925} INFO - DAG(s) 'join_snowflake' retrieved from /opt/airflow/dags/join_dag.py
[2025-03-28T00:33:51.035+0000] {logging_mixin.py:190} INFO - [2025-03-28T00:33:51.034+0000] {dag.py:3229} INFO - Sync 1 DAGs
[2025-03-28T00:33:51.058+0000] {logging_mixin.py:190} INFO - [2025-03-28T00:33:51.057+0000] {dag.py:4156} INFO - Setting next_dagrun for join_snowflake to 2025-03-27 02:45:00+00:00, run_after=2025-03-28 02:45:00+00:00
[2025-03-28T00:33:51.074+0000] {processor.py:208} INFO - Processing /opt/airflow/dags/join_dag.py took 0.084 seconds
[2025-03-28T00:34:21.735+0000] {processor.py:186} INFO - Started process (PID=19956) to work on /opt/airflow/dags/join_dag.py
[2025-03-28T00:34:21.736+0000] {processor.py:914} INFO - Processing file /opt/airflow/dags/join_dag.py for tasks to queue
[2025-03-28T00:34:21.737+0000] {logging_mixin.py:190} INFO - [2025-03-28T00:34:21.736+0000] {dagbag.py:587} INFO - Filling up the DagBag from /opt/airflow/dags/join_dag.py
[2025-03-28T00:34:21.754+0000] {processor.py:925} INFO - DAG(s) 'join_snowflake' retrieved from /opt/airflow/dags/join_dag.py
[2025-03-28T00:34:21.777+0000] {logging_mixin.py:190} INFO - [2025-03-28T00:34:21.776+0000] {dag.py:3229} INFO - Sync 1 DAGs
[2025-03-28T00:34:21.798+0000] {logging_mixin.py:190} INFO - [2025-03-28T00:34:21.798+0000] {dag.py:4156} INFO - Setting next_dagrun for join_snowflake to 2025-03-27 02:45:00+00:00, run_after=2025-03-28 02:45:00+00:00
[2025-03-28T00:34:21.817+0000] {processor.py:208} INFO - Processing /opt/airflow/dags/join_dag.py took 0.088 seconds
[2025-03-28T00:34:52.372+0000] {processor.py:186} INFO - Started process (PID=19992) to work on /opt/airflow/dags/join_dag.py
[2025-03-28T00:34:52.373+0000] {processor.py:914} INFO - Processing file /opt/airflow/dags/join_dag.py for tasks to queue
[2025-03-28T00:34:52.374+0000] {logging_mixin.py:190} INFO - [2025-03-28T00:34:52.374+0000] {dagbag.py:587} INFO - Filling up the DagBag from /opt/airflow/dags/join_dag.py
[2025-03-28T00:34:52.390+0000] {processor.py:925} INFO - DAG(s) 'join_snowflake' retrieved from /opt/airflow/dags/join_dag.py
[2025-03-28T00:34:52.412+0000] {logging_mixin.py:190} INFO - [2025-03-28T00:34:52.411+0000] {dag.py:3229} INFO - Sync 1 DAGs
[2025-03-28T00:34:52.434+0000] {logging_mixin.py:190} INFO - [2025-03-28T00:34:52.434+0000] {dag.py:4156} INFO - Setting next_dagrun for join_snowflake to 2025-03-27 02:45:00+00:00, run_after=2025-03-28 02:45:00+00:00
[2025-03-28T00:34:52.451+0000] {processor.py:208} INFO - Processing /opt/airflow/dags/join_dag.py took 0.084 seconds
[2025-03-28T00:35:23.098+0000] {processor.py:186} INFO - Started process (PID=20028) to work on /opt/airflow/dags/join_dag.py
[2025-03-28T00:35:23.099+0000] {processor.py:914} INFO - Processing file /opt/airflow/dags/join_dag.py for tasks to queue
[2025-03-28T00:35:23.100+0000] {logging_mixin.py:190} INFO - [2025-03-28T00:35:23.100+0000] {dagbag.py:587} INFO - Filling up the DagBag from /opt/airflow/dags/join_dag.py
[2025-03-28T00:35:23.114+0000] {processor.py:925} INFO - DAG(s) 'join_snowflake' retrieved from /opt/airflow/dags/join_dag.py
[2025-03-28T00:35:23.134+0000] {logging_mixin.py:190} INFO - [2025-03-28T00:35:23.133+0000] {dag.py:3229} INFO - Sync 1 DAGs
[2025-03-28T00:35:23.156+0000] {logging_mixin.py:190} INFO - [2025-03-28T00:35:23.156+0000] {dag.py:4156} INFO - Setting next_dagrun for join_snowflake to 2025-03-27 02:45:00+00:00, run_after=2025-03-28 02:45:00+00:00
[2025-03-28T00:35:23.172+0000] {processor.py:208} INFO - Processing /opt/airflow/dags/join_dag.py took 0.078 seconds
[2025-03-28T00:35:53.458+0000] {processor.py:186} INFO - Started process (PID=20063) to work on /opt/airflow/dags/join_dag.py
[2025-03-28T00:35:53.459+0000] {processor.py:914} INFO - Processing file /opt/airflow/dags/join_dag.py for tasks to queue
[2025-03-28T00:35:53.460+0000] {logging_mixin.py:190} INFO - [2025-03-28T00:35:53.460+0000] {dagbag.py:587} INFO - Filling up the DagBag from /opt/airflow/dags/join_dag.py
[2025-03-28T00:35:53.481+0000] {processor.py:925} INFO - DAG(s) 'join_snowflake' retrieved from /opt/airflow/dags/join_dag.py
[2025-03-28T00:35:53.500+0000] {logging_mixin.py:190} INFO - [2025-03-28T00:35:53.499+0000] {dag.py:3229} INFO - Sync 1 DAGs
[2025-03-28T00:35:53.520+0000] {logging_mixin.py:190} INFO - [2025-03-28T00:35:53.520+0000] {dag.py:4156} INFO - Setting next_dagrun for join_snowflake to 2025-03-27 02:45:00+00:00, run_after=2025-03-28 02:45:00+00:00
[2025-03-28T00:35:53.536+0000] {processor.py:208} INFO - Processing /opt/airflow/dags/join_dag.py took 0.082 seconds
[2025-03-28T00:36:24.201+0000] {processor.py:186} INFO - Started process (PID=20099) to work on /opt/airflow/dags/join_dag.py
[2025-03-28T00:36:24.202+0000] {processor.py:914} INFO - Processing file /opt/airflow/dags/join_dag.py for tasks to queue
[2025-03-28T00:36:24.203+0000] {logging_mixin.py:190} INFO - [2025-03-28T00:36:24.203+0000] {dagbag.py:587} INFO - Filling up the DagBag from /opt/airflow/dags/join_dag.py
[2025-03-28T00:36:24.225+0000] {processor.py:925} INFO - DAG(s) 'join_snowflake' retrieved from /opt/airflow/dags/join_dag.py
[2025-03-28T00:36:24.248+0000] {logging_mixin.py:190} INFO - [2025-03-28T00:36:24.247+0000] {dag.py:3229} INFO - Sync 1 DAGs
[2025-03-28T00:36:24.268+0000] {logging_mixin.py:190} INFO - [2025-03-28T00:36:24.268+0000] {dag.py:4156} INFO - Setting next_dagrun for join_snowflake to 2025-03-27 02:45:00+00:00, run_after=2025-03-28 02:45:00+00:00
[2025-03-28T00:36:24.287+0000] {processor.py:208} INFO - Processing /opt/airflow/dags/join_dag.py took 0.092 seconds
[2025-03-28T00:36:55.134+0000] {processor.py:186} INFO - Started process (PID=20135) to work on /opt/airflow/dags/join_dag.py
[2025-03-28T00:36:55.135+0000] {processor.py:914} INFO - Processing file /opt/airflow/dags/join_dag.py for tasks to queue
[2025-03-28T00:36:55.136+0000] {logging_mixin.py:190} INFO - [2025-03-28T00:36:55.136+0000] {dagbag.py:587} INFO - Filling up the DagBag from /opt/airflow/dags/join_dag.py
[2025-03-28T00:36:55.151+0000] {processor.py:925} INFO - DAG(s) 'join_snowflake' retrieved from /opt/airflow/dags/join_dag.py
[2025-03-28T00:36:55.172+0000] {logging_mixin.py:190} INFO - [2025-03-28T00:36:55.170+0000] {dag.py:3229} INFO - Sync 1 DAGs
[2025-03-28T00:36:55.192+0000] {logging_mixin.py:190} INFO - [2025-03-28T00:36:55.192+0000] {dag.py:4156} INFO - Setting next_dagrun for join_snowflake to 2025-03-27 02:45:00+00:00, run_after=2025-03-28 02:45:00+00:00
[2025-03-28T00:36:55.207+0000] {processor.py:208} INFO - Processing /opt/airflow/dags/join_dag.py took 0.078 seconds
[2025-03-28T00:37:25.777+0000] {processor.py:186} INFO - Started process (PID=20171) to work on /opt/airflow/dags/join_dag.py
[2025-03-28T00:37:25.777+0000] {processor.py:914} INFO - Processing file /opt/airflow/dags/join_dag.py for tasks to queue
[2025-03-28T00:37:25.779+0000] {logging_mixin.py:190} INFO - [2025-03-28T00:37:25.778+0000] {dagbag.py:587} INFO - Filling up the DagBag from /opt/airflow/dags/join_dag.py
[2025-03-28T00:37:25.792+0000] {processor.py:925} INFO - DAG(s) 'join_snowflake' retrieved from /opt/airflow/dags/join_dag.py
[2025-03-28T00:37:25.818+0000] {logging_mixin.py:190} INFO - [2025-03-28T00:37:25.817+0000] {dag.py:3229} INFO - Sync 1 DAGs
[2025-03-28T00:37:25.840+0000] {logging_mixin.py:190} INFO - [2025-03-28T00:37:25.840+0000] {dag.py:4156} INFO - Setting next_dagrun for join_snowflake to 2025-03-27 02:45:00+00:00, run_after=2025-03-28 02:45:00+00:00
[2025-03-28T00:37:25.856+0000] {processor.py:208} INFO - Processing /opt/airflow/dags/join_dag.py took 0.085 seconds
[2025-03-28T00:37:56.629+0000] {processor.py:186} INFO - Started process (PID=20207) to work on /opt/airflow/dags/join_dag.py
[2025-03-28T00:37:56.632+0000] {processor.py:914} INFO - Processing file /opt/airflow/dags/join_dag.py for tasks to queue
[2025-03-28T00:37:56.634+0000] {logging_mixin.py:190} INFO - [2025-03-28T00:37:56.634+0000] {dagbag.py:587} INFO - Filling up the DagBag from /opt/airflow/dags/join_dag.py
[2025-03-28T00:37:56.680+0000] {processor.py:925} INFO - DAG(s) 'join_snowflake' retrieved from /opt/airflow/dags/join_dag.py
[2025-03-28T00:37:56.707+0000] {logging_mixin.py:190} INFO - [2025-03-28T00:37:56.706+0000] {dag.py:3229} INFO - Sync 1 DAGs
[2025-03-28T00:37:56.727+0000] {logging_mixin.py:190} INFO - [2025-03-28T00:37:56.727+0000] {dag.py:4156} INFO - Setting next_dagrun for join_snowflake to 2025-03-27 02:45:00+00:00, run_after=2025-03-28 02:45:00+00:00
[2025-03-28T00:37:56.747+0000] {processor.py:208} INFO - Processing /opt/airflow/dags/join_dag.py took 0.124 seconds
[2025-03-28T04:28:03.121+0000] {processor.py:186} INFO - Started process (PID=20241) to work on /opt/airflow/dags/join_dag.py
[2025-03-28T04:28:03.123+0000] {processor.py:914} INFO - Processing file /opt/airflow/dags/join_dag.py for tasks to queue
[2025-03-28T04:28:03.135+0000] {logging_mixin.py:190} INFO - [2025-03-28T04:28:03.134+0000] {dagbag.py:587} INFO - Filling up the DagBag from /opt/airflow/dags/join_dag.py
[2025-03-28T04:28:03.185+0000] {processor.py:925} INFO - DAG(s) 'join_snowflake' retrieved from /opt/airflow/dags/join_dag.py
[2025-03-28T04:28:03.258+0000] {logging_mixin.py:190} INFO - [2025-03-28T04:28:03.256+0000] {dag.py:3229} INFO - Sync 1 DAGs
[2025-03-28T04:28:03.308+0000] {logging_mixin.py:190} INFO - [2025-03-28T04:28:03.308+0000] {dag.py:4156} INFO - Setting next_dagrun for join_snowflake to 2025-03-28 02:45:00+00:00, run_after=2025-03-29 02:45:00+00:00
[2025-03-28T04:28:03.349+0000] {processor.py:208} INFO - Processing /opt/airflow/dags/join_dag.py took 0.236 seconds
[2025-03-28T04:28:35.313+0000] {processor.py:186} INFO - Started process (PID=20283) to work on /opt/airflow/dags/join_dag.py
[2025-03-28T04:28:35.315+0000] {processor.py:914} INFO - Processing file /opt/airflow/dags/join_dag.py for tasks to queue
[2025-03-28T04:28:35.317+0000] {logging_mixin.py:190} INFO - [2025-03-28T04:28:35.316+0000] {dagbag.py:587} INFO - Filling up the DagBag from /opt/airflow/dags/join_dag.py
[2025-03-28T04:28:35.446+0000] {processor.py:925} INFO - DAG(s) 'join_snowflake' retrieved from /opt/airflow/dags/join_dag.py
[2025-03-28T04:28:35.476+0000] {logging_mixin.py:190} INFO - [2025-03-28T04:28:35.475+0000] {dag.py:3229} INFO - Sync 1 DAGs
[2025-03-28T04:28:35.506+0000] {logging_mixin.py:190} INFO - [2025-03-28T04:28:35.506+0000] {dag.py:4156} INFO - Setting next_dagrun for join_snowflake to 2025-03-28 02:45:00+00:00, run_after=2025-03-29 02:45:00+00:00
[2025-03-28T04:28:35.753+0000] {processor.py:208} INFO - Processing /opt/airflow/dags/join_dag.py took 0.445 seconds
[2025-03-28T04:29:06.444+0000] {processor.py:186} INFO - Started process (PID=20319) to work on /opt/airflow/dags/join_dag.py
[2025-03-28T04:29:06.445+0000] {processor.py:914} INFO - Processing file /opt/airflow/dags/join_dag.py for tasks to queue
[2025-03-28T04:29:06.447+0000] {logging_mixin.py:190} INFO - [2025-03-28T04:29:06.446+0000] {dagbag.py:587} INFO - Filling up the DagBag from /opt/airflow/dags/join_dag.py
[2025-03-28T04:29:06.481+0000] {processor.py:925} INFO - DAG(s) 'join_snowflake' retrieved from /opt/airflow/dags/join_dag.py
[2025-03-28T04:29:06.529+0000] {logging_mixin.py:190} INFO - [2025-03-28T04:29:06.526+0000] {dag.py:3229} INFO - Sync 1 DAGs
[2025-03-28T04:29:06.561+0000] {logging_mixin.py:190} INFO - [2025-03-28T04:29:06.561+0000] {dag.py:4156} INFO - Setting next_dagrun for join_snowflake to 2025-03-28 02:45:00+00:00, run_after=2025-03-29 02:45:00+00:00
[2025-03-28T04:29:06.584+0000] {processor.py:208} INFO - Processing /opt/airflow/dags/join_dag.py took 0.153 seconds
[2025-03-28T04:29:37.237+0000] {processor.py:186} INFO - Started process (PID=20361) to work on /opt/airflow/dags/join_dag.py
[2025-03-28T04:29:37.241+0000] {processor.py:914} INFO - Processing file /opt/airflow/dags/join_dag.py for tasks to queue
[2025-03-28T04:29:37.255+0000] {logging_mixin.py:190} INFO - [2025-03-28T04:29:37.254+0000] {dagbag.py:587} INFO - Filling up the DagBag from /opt/airflow/dags/join_dag.py
[2025-03-28T04:29:37.298+0000] {processor.py:925} INFO - DAG(s) 'join_snowflake' retrieved from /opt/airflow/dags/join_dag.py
[2025-03-28T04:29:37.367+0000] {logging_mixin.py:190} INFO - [2025-03-28T04:29:37.360+0000] {dag.py:3229} INFO - Sync 1 DAGs
[2025-03-28T04:29:37.388+0000] {logging_mixin.py:190} INFO - [2025-03-28T04:29:37.387+0000] {dag.py:4156} INFO - Setting next_dagrun for join_snowflake to 2025-03-28 02:45:00+00:00, run_after=2025-03-29 02:45:00+00:00
[2025-03-28T04:29:37.429+0000] {processor.py:208} INFO - Processing /opt/airflow/dags/join_dag.py took 0.200 seconds
