[2025-03-28T00:00:04.038+0000] {processor.py:186} INFO - Started process (PID=17546) to work on /opt/airflow/dags/trial.py
[2025-03-28T00:00:04.039+0000] {processor.py:914} INFO - Processing file /opt/airflow/dags/trial.py for tasks to queue
[2025-03-28T00:00:04.040+0000] {logging_mixin.py:190} INFO - [2025-03-28T00:00:04.040+0000] {dagbag.py:587} INFO - Filling up the DagBag from /opt/airflow/dags/trial.py
[2025-03-28T00:00:04.066+0000] {processor.py:925} INFO - DAG(s) 'trial' retrieved from /opt/airflow/dags/trial.py
[2025-03-28T00:00:04.080+0000] {logging_mixin.py:190} INFO - [2025-03-28T00:00:04.079+0000] {dag.py:3229} INFO - Sync 1 DAGs
[2025-03-28T00:00:04.098+0000] {logging_mixin.py:190} INFO - [2025-03-28T00:00:04.098+0000] {dag.py:4156} INFO - Setting next_dagrun for trial to 2025-03-26 02:30:00+00:00, run_after=2025-03-27 02:30:00+00:00
[2025-03-28T00:00:04.113+0000] {processor.py:208} INFO - Processing /opt/airflow/dags/trial.py took 0.079 seconds
[2025-03-28T00:00:34.771+0000] {processor.py:186} INFO - Started process (PID=17584) to work on /opt/airflow/dags/trial.py
[2025-03-28T00:00:34.773+0000] {processor.py:914} INFO - Processing file /opt/airflow/dags/trial.py for tasks to queue
[2025-03-28T00:00:34.774+0000] {logging_mixin.py:190} INFO - [2025-03-28T00:00:34.774+0000] {dagbag.py:587} INFO - Filling up the DagBag from /opt/airflow/dags/trial.py
[2025-03-28T00:00:34.803+0000] {processor.py:925} INFO - DAG(s) 'trial' retrieved from /opt/airflow/dags/trial.py
[2025-03-28T00:00:34.818+0000] {logging_mixin.py:190} INFO - [2025-03-28T00:00:34.817+0000] {dag.py:3229} INFO - Sync 1 DAGs
[2025-03-28T00:00:34.837+0000] {logging_mixin.py:190} INFO - [2025-03-28T00:00:34.837+0000] {dag.py:4156} INFO - Setting next_dagrun for trial to 2025-03-26 02:30:00+00:00, run_after=2025-03-27 02:30:00+00:00
[2025-03-28T00:00:34.855+0000] {processor.py:208} INFO - Processing /opt/airflow/dags/trial.py took 0.088 seconds
[2025-03-28T00:01:05.174+0000] {processor.py:186} INFO - Started process (PID=17621) to work on /opt/airflow/dags/trial.py
[2025-03-28T00:01:05.175+0000] {processor.py:914} INFO - Processing file /opt/airflow/dags/trial.py for tasks to queue
[2025-03-28T00:01:05.176+0000] {logging_mixin.py:190} INFO - [2025-03-28T00:01:05.175+0000] {dagbag.py:587} INFO - Filling up the DagBag from /opt/airflow/dags/trial.py
[2025-03-28T00:01:05.203+0000] {processor.py:925} INFO - DAG(s) 'trial' retrieved from /opt/airflow/dags/trial.py
[2025-03-28T00:01:05.218+0000] {logging_mixin.py:190} INFO - [2025-03-28T00:01:05.217+0000] {dag.py:3229} INFO - Sync 1 DAGs
[2025-03-28T00:01:05.237+0000] {logging_mixin.py:190} INFO - [2025-03-28T00:01:05.237+0000] {dag.py:4156} INFO - Setting next_dagrun for trial to 2025-03-26 02:30:00+00:00, run_after=2025-03-27 02:30:00+00:00
[2025-03-28T00:01:05.252+0000] {processor.py:208} INFO - Processing /opt/airflow/dags/trial.py took 0.083 seconds
[2025-03-28T00:01:35.977+0000] {processor.py:186} INFO - Started process (PID=17655) to work on /opt/airflow/dags/trial.py
[2025-03-28T00:01:35.978+0000] {processor.py:914} INFO - Processing file /opt/airflow/dags/trial.py for tasks to queue
[2025-03-28T00:01:35.979+0000] {logging_mixin.py:190} INFO - [2025-03-28T00:01:35.979+0000] {dagbag.py:587} INFO - Filling up the DagBag from /opt/airflow/dags/trial.py
[2025-03-28T00:01:36.003+0000] {processor.py:925} INFO - DAG(s) 'trial' retrieved from /opt/airflow/dags/trial.py
[2025-03-28T00:01:36.018+0000] {logging_mixin.py:190} INFO - [2025-03-28T00:01:36.017+0000] {dag.py:3229} INFO - Sync 1 DAGs
[2025-03-28T00:01:36.036+0000] {logging_mixin.py:190} INFO - [2025-03-28T00:01:36.036+0000] {dag.py:4156} INFO - Setting next_dagrun for trial to 2025-03-26 02:30:00+00:00, run_after=2025-03-27 02:30:00+00:00
[2025-03-28T00:01:36.051+0000] {processor.py:208} INFO - Processing /opt/airflow/dags/trial.py took 0.078 seconds
[2025-03-28T00:02:06.700+0000] {processor.py:186} INFO - Started process (PID=17691) to work on /opt/airflow/dags/trial.py
[2025-03-28T00:02:06.701+0000] {processor.py:914} INFO - Processing file /opt/airflow/dags/trial.py for tasks to queue
[2025-03-28T00:02:06.702+0000] {logging_mixin.py:190} INFO - [2025-03-28T00:02:06.702+0000] {dagbag.py:587} INFO - Filling up the DagBag from /opt/airflow/dags/trial.py
[2025-03-28T00:02:06.732+0000] {processor.py:925} INFO - DAG(s) 'trial' retrieved from /opt/airflow/dags/trial.py
[2025-03-28T00:02:06.747+0000] {logging_mixin.py:190} INFO - [2025-03-28T00:02:06.746+0000] {dag.py:3229} INFO - Sync 1 DAGs
[2025-03-28T00:02:06.765+0000] {logging_mixin.py:190} INFO - [2025-03-28T00:02:06.765+0000] {dag.py:4156} INFO - Setting next_dagrun for trial to 2025-03-26 02:30:00+00:00, run_after=2025-03-27 02:30:00+00:00
[2025-03-28T00:02:06.780+0000] {processor.py:208} INFO - Processing /opt/airflow/dags/trial.py took 0.085 seconds
[2025-03-28T00:02:37.468+0000] {processor.py:186} INFO - Started process (PID=17733) to work on /opt/airflow/dags/trial.py
[2025-03-28T00:02:37.469+0000] {processor.py:914} INFO - Processing file /opt/airflow/dags/trial.py for tasks to queue
[2025-03-28T00:02:37.470+0000] {logging_mixin.py:190} INFO - [2025-03-28T00:02:37.470+0000] {dagbag.py:587} INFO - Filling up the DagBag from /opt/airflow/dags/trial.py
[2025-03-28T00:02:37.500+0000] {processor.py:925} INFO - DAG(s) 'trial' retrieved from /opt/airflow/dags/trial.py
[2025-03-28T00:02:37.516+0000] {logging_mixin.py:190} INFO - [2025-03-28T00:02:37.515+0000] {dag.py:3229} INFO - Sync 1 DAGs
[2025-03-28T00:02:37.533+0000] {logging_mixin.py:190} INFO - [2025-03-28T00:02:37.533+0000] {dag.py:4156} INFO - Setting next_dagrun for trial to 2025-03-26 02:30:00+00:00, run_after=2025-03-27 02:30:00+00:00
[2025-03-28T00:02:37.549+0000] {processor.py:208} INFO - Processing /opt/airflow/dags/trial.py took 0.086 seconds
[2025-03-28T00:03:08.177+0000] {processor.py:186} INFO - Started process (PID=17769) to work on /opt/airflow/dags/trial.py
[2025-03-28T00:03:08.178+0000] {processor.py:914} INFO - Processing file /opt/airflow/dags/trial.py for tasks to queue
[2025-03-28T00:03:08.179+0000] {logging_mixin.py:190} INFO - [2025-03-28T00:03:08.179+0000] {dagbag.py:587} INFO - Filling up the DagBag from /opt/airflow/dags/trial.py
[2025-03-28T00:03:08.204+0000] {processor.py:925} INFO - DAG(s) 'trial' retrieved from /opt/airflow/dags/trial.py
[2025-03-28T00:03:08.218+0000] {logging_mixin.py:190} INFO - [2025-03-28T00:03:08.217+0000] {dag.py:3229} INFO - Sync 1 DAGs
[2025-03-28T00:03:08.235+0000] {logging_mixin.py:190} INFO - [2025-03-28T00:03:08.235+0000] {dag.py:4156} INFO - Setting next_dagrun for trial to 2025-03-26 02:30:00+00:00, run_after=2025-03-27 02:30:00+00:00
[2025-03-28T00:03:08.254+0000] {processor.py:208} INFO - Processing /opt/airflow/dags/trial.py took 0.082 seconds
[2025-03-28T00:03:38.898+0000] {processor.py:186} INFO - Started process (PID=17805) to work on /opt/airflow/dags/trial.py
[2025-03-28T00:03:38.899+0000] {processor.py:914} INFO - Processing file /opt/airflow/dags/trial.py for tasks to queue
[2025-03-28T00:03:38.900+0000] {logging_mixin.py:190} INFO - [2025-03-28T00:03:38.900+0000] {dagbag.py:587} INFO - Filling up the DagBag from /opt/airflow/dags/trial.py
[2025-03-28T00:03:38.928+0000] {processor.py:925} INFO - DAG(s) 'trial' retrieved from /opt/airflow/dags/trial.py
[2025-03-28T00:03:38.945+0000] {logging_mixin.py:190} INFO - [2025-03-28T00:03:38.944+0000] {dag.py:3229} INFO - Sync 1 DAGs
[2025-03-28T00:03:38.967+0000] {logging_mixin.py:190} INFO - [2025-03-28T00:03:38.967+0000] {dag.py:4156} INFO - Setting next_dagrun for trial to 2025-03-26 02:30:00+00:00, run_after=2025-03-27 02:30:00+00:00
[2025-03-28T00:03:38.983+0000] {processor.py:208} INFO - Processing /opt/airflow/dags/trial.py took 0.089 seconds
[2025-03-28T00:04:09.611+0000] {processor.py:186} INFO - Started process (PID=17841) to work on /opt/airflow/dags/trial.py
[2025-03-28T00:04:09.612+0000] {processor.py:914} INFO - Processing file /opt/airflow/dags/trial.py for tasks to queue
[2025-03-28T00:04:09.613+0000] {logging_mixin.py:190} INFO - [2025-03-28T00:04:09.613+0000] {dagbag.py:587} INFO - Filling up the DagBag from /opt/airflow/dags/trial.py
[2025-03-28T00:04:09.644+0000] {processor.py:925} INFO - DAG(s) 'trial' retrieved from /opt/airflow/dags/trial.py
[2025-03-28T00:04:09.660+0000] {logging_mixin.py:190} INFO - [2025-03-28T00:04:09.659+0000] {dag.py:3229} INFO - Sync 1 DAGs
[2025-03-28T00:04:09.679+0000] {logging_mixin.py:190} INFO - [2025-03-28T00:04:09.679+0000] {dag.py:4156} INFO - Setting next_dagrun for trial to 2025-03-26 02:30:00+00:00, run_after=2025-03-27 02:30:00+00:00
[2025-03-28T00:04:09.695+0000] {processor.py:208} INFO - Processing /opt/airflow/dags/trial.py took 0.090 seconds
[2025-03-28T00:04:40.345+0000] {processor.py:186} INFO - Started process (PID=17878) to work on /opt/airflow/dags/trial.py
[2025-03-28T00:04:40.346+0000] {processor.py:914} INFO - Processing file /opt/airflow/dags/trial.py for tasks to queue
[2025-03-28T00:04:40.347+0000] {logging_mixin.py:190} INFO - [2025-03-28T00:04:40.347+0000] {dagbag.py:587} INFO - Filling up the DagBag from /opt/airflow/dags/trial.py
[2025-03-28T00:04:40.376+0000] {processor.py:925} INFO - DAG(s) 'trial' retrieved from /opt/airflow/dags/trial.py
[2025-03-28T00:04:40.392+0000] {logging_mixin.py:190} INFO - [2025-03-28T00:04:40.391+0000] {dag.py:3229} INFO - Sync 1 DAGs
[2025-03-28T00:04:40.409+0000] {logging_mixin.py:190} INFO - [2025-03-28T00:04:40.409+0000] {dag.py:4156} INFO - Setting next_dagrun for trial to 2025-03-26 02:30:00+00:00, run_after=2025-03-27 02:30:00+00:00
[2025-03-28T00:04:40.424+0000] {processor.py:208} INFO - Processing /opt/airflow/dags/trial.py took 0.083 seconds
[2025-03-28T00:05:11.126+0000] {processor.py:186} INFO - Started process (PID=17914) to work on /opt/airflow/dags/trial.py
[2025-03-28T00:05:11.127+0000] {processor.py:914} INFO - Processing file /opt/airflow/dags/trial.py for tasks to queue
[2025-03-28T00:05:11.129+0000] {logging_mixin.py:190} INFO - [2025-03-28T00:05:11.128+0000] {dagbag.py:587} INFO - Filling up the DagBag from /opt/airflow/dags/trial.py
[2025-03-28T00:05:11.155+0000] {processor.py:925} INFO - DAG(s) 'trial' retrieved from /opt/airflow/dags/trial.py
[2025-03-28T00:05:11.171+0000] {logging_mixin.py:190} INFO - [2025-03-28T00:05:11.170+0000] {dag.py:3229} INFO - Sync 1 DAGs
[2025-03-28T00:05:11.191+0000] {logging_mixin.py:190} INFO - [2025-03-28T00:05:11.191+0000] {dag.py:4156} INFO - Setting next_dagrun for trial to 2025-03-26 02:30:00+00:00, run_after=2025-03-27 02:30:00+00:00
[2025-03-28T00:05:11.208+0000] {processor.py:208} INFO - Processing /opt/airflow/dags/trial.py took 0.087 seconds
[2025-03-28T00:05:41.914+0000] {processor.py:186} INFO - Started process (PID=17948) to work on /opt/airflow/dags/trial.py
[2025-03-28T00:05:41.915+0000] {processor.py:914} INFO - Processing file /opt/airflow/dags/trial.py for tasks to queue
[2025-03-28T00:05:41.916+0000] {logging_mixin.py:190} INFO - [2025-03-28T00:05:41.916+0000] {dagbag.py:587} INFO - Filling up the DagBag from /opt/airflow/dags/trial.py
[2025-03-28T00:05:41.943+0000] {processor.py:925} INFO - DAG(s) 'trial' retrieved from /opt/airflow/dags/trial.py
[2025-03-28T00:05:41.957+0000] {logging_mixin.py:190} INFO - [2025-03-28T00:05:41.956+0000] {dag.py:3229} INFO - Sync 1 DAGs
[2025-03-28T00:05:41.975+0000] {logging_mixin.py:190} INFO - [2025-03-28T00:05:41.975+0000] {dag.py:4156} INFO - Setting next_dagrun for trial to 2025-03-26 02:30:00+00:00, run_after=2025-03-27 02:30:00+00:00
[2025-03-28T00:05:41.990+0000] {processor.py:208} INFO - Processing /opt/airflow/dags/trial.py took 0.080 seconds
[2025-03-28T00:06:12.257+0000] {processor.py:186} INFO - Started process (PID=17984) to work on /opt/airflow/dags/trial.py
[2025-03-28T00:06:12.258+0000] {processor.py:914} INFO - Processing file /opt/airflow/dags/trial.py for tasks to queue
[2025-03-28T00:06:12.259+0000] {logging_mixin.py:190} INFO - [2025-03-28T00:06:12.259+0000] {dagbag.py:587} INFO - Filling up the DagBag from /opt/airflow/dags/trial.py
[2025-03-28T00:06:12.285+0000] {processor.py:925} INFO - DAG(s) 'trial' retrieved from /opt/airflow/dags/trial.py
[2025-03-28T00:06:12.300+0000] {logging_mixin.py:190} INFO - [2025-03-28T00:06:12.299+0000] {dag.py:3229} INFO - Sync 1 DAGs
[2025-03-28T00:06:12.317+0000] {logging_mixin.py:190} INFO - [2025-03-28T00:06:12.317+0000] {dag.py:4156} INFO - Setting next_dagrun for trial to 2025-03-26 02:30:00+00:00, run_after=2025-03-27 02:30:00+00:00
[2025-03-28T00:06:12.332+0000] {processor.py:208} INFO - Processing /opt/airflow/dags/trial.py took 0.080 seconds
[2025-03-28T00:06:42.996+0000] {processor.py:186} INFO - Started process (PID=18020) to work on /opt/airflow/dags/trial.py
[2025-03-28T00:06:42.997+0000] {processor.py:914} INFO - Processing file /opt/airflow/dags/trial.py for tasks to queue
[2025-03-28T00:06:42.998+0000] {logging_mixin.py:190} INFO - [2025-03-28T00:06:42.997+0000] {dagbag.py:587} INFO - Filling up the DagBag from /opt/airflow/dags/trial.py
[2025-03-28T00:06:43.025+0000] {processor.py:925} INFO - DAG(s) 'trial' retrieved from /opt/airflow/dags/trial.py
[2025-03-28T00:06:43.042+0000] {logging_mixin.py:190} INFO - [2025-03-28T00:06:43.041+0000] {dag.py:3229} INFO - Sync 1 DAGs
[2025-03-28T00:06:43.063+0000] {logging_mixin.py:190} INFO - [2025-03-28T00:06:43.062+0000] {dag.py:4156} INFO - Setting next_dagrun for trial to 2025-03-26 02:30:00+00:00, run_after=2025-03-27 02:30:00+00:00
[2025-03-28T00:06:43.078+0000] {processor.py:208} INFO - Processing /opt/airflow/dags/trial.py took 0.087 seconds
[2025-03-28T00:07:13.720+0000] {processor.py:186} INFO - Started process (PID=18056) to work on /opt/airflow/dags/trial.py
[2025-03-28T00:07:13.721+0000] {processor.py:914} INFO - Processing file /opt/airflow/dags/trial.py for tasks to queue
[2025-03-28T00:07:13.722+0000] {logging_mixin.py:190} INFO - [2025-03-28T00:07:13.722+0000] {dagbag.py:587} INFO - Filling up the DagBag from /opt/airflow/dags/trial.py
[2025-03-28T00:07:13.750+0000] {processor.py:925} INFO - DAG(s) 'trial' retrieved from /opt/airflow/dags/trial.py
[2025-03-28T00:07:13.765+0000] {logging_mixin.py:190} INFO - [2025-03-28T00:07:13.764+0000] {dag.py:3229} INFO - Sync 1 DAGs
[2025-03-28T00:07:13.784+0000] {logging_mixin.py:190} INFO - [2025-03-28T00:07:13.783+0000] {dag.py:4156} INFO - Setting next_dagrun for trial to 2025-03-26 02:30:00+00:00, run_after=2025-03-27 02:30:00+00:00
[2025-03-28T00:07:13.799+0000] {processor.py:208} INFO - Processing /opt/airflow/dags/trial.py took 0.084 seconds
[2025-03-28T00:07:44.466+0000] {processor.py:186} INFO - Started process (PID=18092) to work on /opt/airflow/dags/trial.py
[2025-03-28T00:07:44.467+0000] {processor.py:914} INFO - Processing file /opt/airflow/dags/trial.py for tasks to queue
[2025-03-28T00:07:44.468+0000] {logging_mixin.py:190} INFO - [2025-03-28T00:07:44.468+0000] {dagbag.py:587} INFO - Filling up the DagBag from /opt/airflow/dags/trial.py
[2025-03-28T00:07:44.495+0000] {processor.py:925} INFO - DAG(s) 'trial' retrieved from /opt/airflow/dags/trial.py
[2025-03-28T00:07:44.509+0000] {logging_mixin.py:190} INFO - [2025-03-28T00:07:44.509+0000] {dag.py:3229} INFO - Sync 1 DAGs
[2025-03-28T00:07:44.528+0000] {logging_mixin.py:190} INFO - [2025-03-28T00:07:44.528+0000] {dag.py:4156} INFO - Setting next_dagrun for trial to 2025-03-26 02:30:00+00:00, run_after=2025-03-27 02:30:00+00:00
[2025-03-28T00:07:44.541+0000] {processor.py:208} INFO - Processing /opt/airflow/dags/trial.py took 0.080 seconds
[2025-03-28T00:08:15.239+0000] {processor.py:186} INFO - Started process (PID=18128) to work on /opt/airflow/dags/trial.py
[2025-03-28T00:08:15.240+0000] {processor.py:914} INFO - Processing file /opt/airflow/dags/trial.py for tasks to queue
[2025-03-28T00:08:15.241+0000] {logging_mixin.py:190} INFO - [2025-03-28T00:08:15.241+0000] {dagbag.py:587} INFO - Filling up the DagBag from /opt/airflow/dags/trial.py
[2025-03-28T00:08:15.265+0000] {processor.py:925} INFO - DAG(s) 'trial' retrieved from /opt/airflow/dags/trial.py
[2025-03-28T00:08:15.279+0000] {logging_mixin.py:190} INFO - [2025-03-28T00:08:15.278+0000] {dag.py:3229} INFO - Sync 1 DAGs
[2025-03-28T00:08:15.296+0000] {logging_mixin.py:190} INFO - [2025-03-28T00:08:15.295+0000] {dag.py:4156} INFO - Setting next_dagrun for trial to 2025-03-26 02:30:00+00:00, run_after=2025-03-27 02:30:00+00:00
[2025-03-28T00:08:15.310+0000] {processor.py:208} INFO - Processing /opt/airflow/dags/trial.py took 0.075 seconds
[2025-03-28T00:08:46.004+0000] {processor.py:186} INFO - Started process (PID=18164) to work on /opt/airflow/dags/trial.py
[2025-03-28T00:08:46.005+0000] {processor.py:914} INFO - Processing file /opt/airflow/dags/trial.py for tasks to queue
[2025-03-28T00:08:46.006+0000] {logging_mixin.py:190} INFO - [2025-03-28T00:08:46.006+0000] {dagbag.py:587} INFO - Filling up the DagBag from /opt/airflow/dags/trial.py
[2025-03-28T00:08:46.030+0000] {processor.py:925} INFO - DAG(s) 'trial' retrieved from /opt/airflow/dags/trial.py
[2025-03-28T00:08:46.044+0000] {logging_mixin.py:190} INFO - [2025-03-28T00:08:46.043+0000] {dag.py:3229} INFO - Sync 1 DAGs
[2025-03-28T00:08:46.060+0000] {logging_mixin.py:190} INFO - [2025-03-28T00:08:46.060+0000] {dag.py:4156} INFO - Setting next_dagrun for trial to 2025-03-26 02:30:00+00:00, run_after=2025-03-27 02:30:00+00:00
[2025-03-28T00:08:46.075+0000] {processor.py:208} INFO - Processing /opt/airflow/dags/trial.py took 0.075 seconds
[2025-03-28T00:09:16.785+0000] {processor.py:186} INFO - Started process (PID=18200) to work on /opt/airflow/dags/trial.py
[2025-03-28T00:09:16.785+0000] {processor.py:914} INFO - Processing file /opt/airflow/dags/trial.py for tasks to queue
[2025-03-28T00:09:16.786+0000] {logging_mixin.py:190} INFO - [2025-03-28T00:09:16.786+0000] {dagbag.py:587} INFO - Filling up the DagBag from /opt/airflow/dags/trial.py
[2025-03-28T00:09:16.811+0000] {processor.py:925} INFO - DAG(s) 'trial' retrieved from /opt/airflow/dags/trial.py
[2025-03-28T00:09:16.827+0000] {logging_mixin.py:190} INFO - [2025-03-28T00:09:16.826+0000] {dag.py:3229} INFO - Sync 1 DAGs
[2025-03-28T00:09:16.847+0000] {logging_mixin.py:190} INFO - [2025-03-28T00:09:16.847+0000] {dag.py:4156} INFO - Setting next_dagrun for trial to 2025-03-26 02:30:00+00:00, run_after=2025-03-27 02:30:00+00:00
[2025-03-28T00:09:16.864+0000] {processor.py:208} INFO - Processing /opt/airflow/dags/trial.py took 0.084 seconds
[2025-03-28T00:09:47.601+0000] {processor.py:186} INFO - Started process (PID=18238) to work on /opt/airflow/dags/trial.py
[2025-03-28T00:09:47.602+0000] {processor.py:914} INFO - Processing file /opt/airflow/dags/trial.py for tasks to queue
[2025-03-28T00:09:47.603+0000] {logging_mixin.py:190} INFO - [2025-03-28T00:09:47.603+0000] {dagbag.py:587} INFO - Filling up the DagBag from /opt/airflow/dags/trial.py
[2025-03-28T00:09:47.637+0000] {processor.py:925} INFO - DAG(s) 'trial' retrieved from /opt/airflow/dags/trial.py
[2025-03-28T00:09:47.652+0000] {logging_mixin.py:190} INFO - [2025-03-28T00:09:47.652+0000] {dag.py:3229} INFO - Sync 1 DAGs
[2025-03-28T00:09:47.673+0000] {logging_mixin.py:190} INFO - [2025-03-28T00:09:47.673+0000] {dag.py:4156} INFO - Setting next_dagrun for trial to 2025-03-26 02:30:00+00:00, run_after=2025-03-27 02:30:00+00:00
[2025-03-28T00:09:47.689+0000] {processor.py:208} INFO - Processing /opt/airflow/dags/trial.py took 0.093 seconds
[2025-03-28T00:10:18.345+0000] {processor.py:186} INFO - Started process (PID=18272) to work on /opt/airflow/dags/trial.py
[2025-03-28T00:10:18.346+0000] {processor.py:914} INFO - Processing file /opt/airflow/dags/trial.py for tasks to queue
[2025-03-28T00:10:18.347+0000] {logging_mixin.py:190} INFO - [2025-03-28T00:10:18.347+0000] {dagbag.py:587} INFO - Filling up the DagBag from /opt/airflow/dags/trial.py
[2025-03-28T00:10:18.377+0000] {processor.py:925} INFO - DAG(s) 'trial' retrieved from /opt/airflow/dags/trial.py
[2025-03-28T00:10:18.393+0000] {logging_mixin.py:190} INFO - [2025-03-28T00:10:18.391+0000] {dag.py:3229} INFO - Sync 1 DAGs
[2025-03-28T00:10:18.412+0000] {logging_mixin.py:190} INFO - [2025-03-28T00:10:18.412+0000] {dag.py:4156} INFO - Setting next_dagrun for trial to 2025-03-26 02:30:00+00:00, run_after=2025-03-27 02:30:00+00:00
[2025-03-28T00:10:18.428+0000] {processor.py:208} INFO - Processing /opt/airflow/dags/trial.py took 0.088 seconds
[2025-03-28T00:10:48.725+0000] {processor.py:186} INFO - Started process (PID=18308) to work on /opt/airflow/dags/trial.py
[2025-03-28T00:10:48.725+0000] {processor.py:914} INFO - Processing file /opt/airflow/dags/trial.py for tasks to queue
[2025-03-28T00:10:48.726+0000] {logging_mixin.py:190} INFO - [2025-03-28T00:10:48.726+0000] {dagbag.py:587} INFO - Filling up the DagBag from /opt/airflow/dags/trial.py
[2025-03-28T00:10:48.750+0000] {processor.py:925} INFO - DAG(s) 'trial' retrieved from /opt/airflow/dags/trial.py
[2025-03-28T00:10:48.768+0000] {logging_mixin.py:190} INFO - [2025-03-28T00:10:48.767+0000] {dag.py:3229} INFO - Sync 1 DAGs
[2025-03-28T00:10:48.785+0000] {logging_mixin.py:190} INFO - [2025-03-28T00:10:48.785+0000] {dag.py:4156} INFO - Setting next_dagrun for trial to 2025-03-26 02:30:00+00:00, run_after=2025-03-27 02:30:00+00:00
[2025-03-28T00:10:48.803+0000] {processor.py:208} INFO - Processing /opt/airflow/dags/trial.py took 0.084 seconds
[2025-03-28T00:11:19.450+0000] {processor.py:186} INFO - Started process (PID=18346) to work on /opt/airflow/dags/trial.py
[2025-03-28T00:11:19.451+0000] {processor.py:914} INFO - Processing file /opt/airflow/dags/trial.py for tasks to queue
[2025-03-28T00:11:19.452+0000] {logging_mixin.py:190} INFO - [2025-03-28T00:11:19.452+0000] {dagbag.py:587} INFO - Filling up the DagBag from /opt/airflow/dags/trial.py
[2025-03-28T00:11:19.482+0000] {processor.py:925} INFO - DAG(s) 'trial' retrieved from /opt/airflow/dags/trial.py
[2025-03-28T00:11:19.497+0000] {logging_mixin.py:190} INFO - [2025-03-28T00:11:19.496+0000] {dag.py:3229} INFO - Sync 1 DAGs
[2025-03-28T00:11:19.516+0000] {logging_mixin.py:190} INFO - [2025-03-28T00:11:19.516+0000] {dag.py:4156} INFO - Setting next_dagrun for trial to 2025-03-26 02:30:00+00:00, run_after=2025-03-27 02:30:00+00:00
[2025-03-28T00:11:19.531+0000] {processor.py:208} INFO - Processing /opt/airflow/dags/trial.py took 0.086 seconds
[2025-03-28T00:11:50.208+0000] {processor.py:186} INFO - Started process (PID=18380) to work on /opt/airflow/dags/trial.py
[2025-03-28T00:11:50.209+0000] {processor.py:914} INFO - Processing file /opt/airflow/dags/trial.py for tasks to queue
[2025-03-28T00:11:50.210+0000] {logging_mixin.py:190} INFO - [2025-03-28T00:11:50.209+0000] {dagbag.py:587} INFO - Filling up the DagBag from /opt/airflow/dags/trial.py
[2025-03-28T00:11:50.236+0000] {processor.py:925} INFO - DAG(s) 'trial' retrieved from /opt/airflow/dags/trial.py
[2025-03-28T00:11:50.251+0000] {logging_mixin.py:190} INFO - [2025-03-28T00:11:50.250+0000] {dag.py:3229} INFO - Sync 1 DAGs
[2025-03-28T00:11:50.269+0000] {logging_mixin.py:190} INFO - [2025-03-28T00:11:50.269+0000] {dag.py:4156} INFO - Setting next_dagrun for trial to 2025-03-26 02:30:00+00:00, run_after=2025-03-27 02:30:00+00:00
[2025-03-28T00:11:50.284+0000] {processor.py:208} INFO - Processing /opt/airflow/dags/trial.py took 0.081 seconds
[2025-03-28T00:12:20.956+0000] {processor.py:186} INFO - Started process (PID=18416) to work on /opt/airflow/dags/trial.py
[2025-03-28T00:12:20.956+0000] {processor.py:914} INFO - Processing file /opt/airflow/dags/trial.py for tasks to queue
[2025-03-28T00:12:20.957+0000] {logging_mixin.py:190} INFO - [2025-03-28T00:12:20.957+0000] {dagbag.py:587} INFO - Filling up the DagBag from /opt/airflow/dags/trial.py
[2025-03-28T00:12:20.982+0000] {processor.py:925} INFO - DAG(s) 'trial' retrieved from /opt/airflow/dags/trial.py
[2025-03-28T00:12:20.999+0000] {logging_mixin.py:190} INFO - [2025-03-28T00:12:20.997+0000] {dag.py:3229} INFO - Sync 1 DAGs
[2025-03-28T00:12:21.017+0000] {logging_mixin.py:190} INFO - [2025-03-28T00:12:21.017+0000] {dag.py:4156} INFO - Setting next_dagrun for trial to 2025-03-26 02:30:00+00:00, run_after=2025-03-27 02:30:00+00:00
[2025-03-28T00:12:21.032+0000] {processor.py:208} INFO - Processing /opt/airflow/dags/trial.py took 0.081 seconds
[2025-03-28T00:12:51.728+0000] {processor.py:186} INFO - Started process (PID=18452) to work on /opt/airflow/dags/trial.py
[2025-03-28T00:12:51.728+0000] {processor.py:914} INFO - Processing file /opt/airflow/dags/trial.py for tasks to queue
[2025-03-28T00:12:51.729+0000] {logging_mixin.py:190} INFO - [2025-03-28T00:12:51.729+0000] {dagbag.py:587} INFO - Filling up the DagBag from /opt/airflow/dags/trial.py
[2025-03-28T00:12:51.760+0000] {processor.py:925} INFO - DAG(s) 'trial' retrieved from /opt/airflow/dags/trial.py
[2025-03-28T00:12:51.774+0000] {logging_mixin.py:190} INFO - [2025-03-28T00:12:51.773+0000] {dag.py:3229} INFO - Sync 1 DAGs
[2025-03-28T00:12:51.791+0000] {logging_mixin.py:190} INFO - [2025-03-28T00:12:51.791+0000] {dag.py:4156} INFO - Setting next_dagrun for trial to 2025-03-26 02:30:00+00:00, run_after=2025-03-27 02:30:00+00:00
[2025-03-28T00:12:51.804+0000] {processor.py:208} INFO - Processing /opt/airflow/dags/trial.py took 0.081 seconds
[2025-03-28T00:13:22.539+0000] {processor.py:186} INFO - Started process (PID=18488) to work on /opt/airflow/dags/trial.py
[2025-03-28T00:13:22.540+0000] {processor.py:914} INFO - Processing file /opt/airflow/dags/trial.py for tasks to queue
[2025-03-28T00:13:22.541+0000] {logging_mixin.py:190} INFO - [2025-03-28T00:13:22.540+0000] {dagbag.py:587} INFO - Filling up the DagBag from /opt/airflow/dags/trial.py
[2025-03-28T00:13:22.569+0000] {processor.py:925} INFO - DAG(s) 'trial' retrieved from /opt/airflow/dags/trial.py
[2025-03-28T00:13:22.587+0000] {logging_mixin.py:190} INFO - [2025-03-28T00:13:22.586+0000] {dag.py:3229} INFO - Sync 1 DAGs
[2025-03-28T00:13:22.607+0000] {logging_mixin.py:190} INFO - [2025-03-28T00:13:22.607+0000] {dag.py:4156} INFO - Setting next_dagrun for trial to 2025-03-26 02:30:00+00:00, run_after=2025-03-27 02:30:00+00:00
[2025-03-28T00:13:22.625+0000] {processor.py:208} INFO - Processing /opt/airflow/dags/trial.py took 0.091 seconds
[2025-03-28T00:13:53.325+0000] {processor.py:186} INFO - Started process (PID=18526) to work on /opt/airflow/dags/trial.py
[2025-03-28T00:13:53.326+0000] {processor.py:914} INFO - Processing file /opt/airflow/dags/trial.py for tasks to queue
[2025-03-28T00:13:53.327+0000] {logging_mixin.py:190} INFO - [2025-03-28T00:13:53.327+0000] {dagbag.py:587} INFO - Filling up the DagBag from /opt/airflow/dags/trial.py
[2025-03-28T00:13:53.355+0000] {processor.py:925} INFO - DAG(s) 'trial' retrieved from /opt/airflow/dags/trial.py
[2025-03-28T00:13:53.370+0000] {logging_mixin.py:190} INFO - [2025-03-28T00:13:53.369+0000] {dag.py:3229} INFO - Sync 1 DAGs
[2025-03-28T00:13:53.388+0000] {logging_mixin.py:190} INFO - [2025-03-28T00:13:53.388+0000] {dag.py:4156} INFO - Setting next_dagrun for trial to 2025-03-26 02:30:00+00:00, run_after=2025-03-27 02:30:00+00:00
[2025-03-28T00:13:53.402+0000] {processor.py:208} INFO - Processing /opt/airflow/dags/trial.py took 0.082 seconds
[2025-03-28T00:14:24.028+0000] {processor.py:186} INFO - Started process (PID=18562) to work on /opt/airflow/dags/trial.py
[2025-03-28T00:14:24.029+0000] {processor.py:914} INFO - Processing file /opt/airflow/dags/trial.py for tasks to queue
[2025-03-28T00:14:24.031+0000] {logging_mixin.py:190} INFO - [2025-03-28T00:14:24.030+0000] {dagbag.py:587} INFO - Filling up the DagBag from /opt/airflow/dags/trial.py
[2025-03-28T00:14:24.063+0000] {processor.py:925} INFO - DAG(s) 'trial' retrieved from /opt/airflow/dags/trial.py
[2025-03-28T00:14:24.077+0000] {logging_mixin.py:190} INFO - [2025-03-28T00:14:24.076+0000] {dag.py:3229} INFO - Sync 1 DAGs
[2025-03-28T00:14:24.097+0000] {logging_mixin.py:190} INFO - [2025-03-28T00:14:24.097+0000] {dag.py:4156} INFO - Setting next_dagrun for trial to 2025-03-26 02:30:00+00:00, run_after=2025-03-27 02:30:00+00:00
[2025-03-28T00:14:24.114+0000] {processor.py:208} INFO - Processing /opt/airflow/dags/trial.py took 0.091 seconds
[2025-03-28T00:14:54.794+0000] {processor.py:186} INFO - Started process (PID=18596) to work on /opt/airflow/dags/trial.py
[2025-03-28T00:14:54.795+0000] {processor.py:914} INFO - Processing file /opt/airflow/dags/trial.py for tasks to queue
[2025-03-28T00:14:54.796+0000] {logging_mixin.py:190} INFO - [2025-03-28T00:14:54.796+0000] {dagbag.py:587} INFO - Filling up the DagBag from /opt/airflow/dags/trial.py
[2025-03-28T00:14:54.822+0000] {processor.py:925} INFO - DAG(s) 'trial' retrieved from /opt/airflow/dags/trial.py
[2025-03-28T00:14:54.836+0000] {logging_mixin.py:190} INFO - [2025-03-28T00:14:54.835+0000] {dag.py:3229} INFO - Sync 1 DAGs
[2025-03-28T00:14:54.854+0000] {logging_mixin.py:190} INFO - [2025-03-28T00:14:54.854+0000] {dag.py:4156} INFO - Setting next_dagrun for trial to 2025-03-26 02:30:00+00:00, run_after=2025-03-27 02:30:00+00:00
[2025-03-28T00:14:54.868+0000] {processor.py:208} INFO - Processing /opt/airflow/dags/trial.py took 0.078 seconds
[2025-03-28T00:15:25.516+0000] {processor.py:186} INFO - Started process (PID=18632) to work on /opt/airflow/dags/trial.py
[2025-03-28T00:15:25.517+0000] {processor.py:914} INFO - Processing file /opt/airflow/dags/trial.py for tasks to queue
[2025-03-28T00:15:25.519+0000] {logging_mixin.py:190} INFO - [2025-03-28T00:15:25.519+0000] {dagbag.py:587} INFO - Filling up the DagBag from /opt/airflow/dags/trial.py
[2025-03-28T00:15:25.543+0000] {processor.py:925} INFO - DAG(s) 'trial' retrieved from /opt/airflow/dags/trial.py
[2025-03-28T00:15:25.560+0000] {logging_mixin.py:190} INFO - [2025-03-28T00:15:25.559+0000] {dag.py:3229} INFO - Sync 1 DAGs
[2025-03-28T00:15:25.577+0000] {logging_mixin.py:190} INFO - [2025-03-28T00:15:25.577+0000] {dag.py:4156} INFO - Setting next_dagrun for trial to 2025-03-26 02:30:00+00:00, run_after=2025-03-27 02:30:00+00:00
[2025-03-28T00:15:25.596+0000] {processor.py:208} INFO - Processing /opt/airflow/dags/trial.py took 0.086 seconds
[2025-03-28T00:15:55.973+0000] {processor.py:186} INFO - Started process (PID=18668) to work on /opt/airflow/dags/trial.py
[2025-03-28T00:15:55.974+0000] {processor.py:914} INFO - Processing file /opt/airflow/dags/trial.py for tasks to queue
[2025-03-28T00:15:55.975+0000] {logging_mixin.py:190} INFO - [2025-03-28T00:15:55.975+0000] {dagbag.py:587} INFO - Filling up the DagBag from /opt/airflow/dags/trial.py
[2025-03-28T00:15:56.011+0000] {processor.py:925} INFO - DAG(s) 'trial' retrieved from /opt/airflow/dags/trial.py
[2025-03-28T00:15:56.026+0000] {logging_mixin.py:190} INFO - [2025-03-28T00:15:56.025+0000] {dag.py:3229} INFO - Sync 1 DAGs
[2025-03-28T00:15:56.045+0000] {logging_mixin.py:190} INFO - [2025-03-28T00:15:56.045+0000] {dag.py:4156} INFO - Setting next_dagrun for trial to 2025-03-26 02:30:00+00:00, run_after=2025-03-27 02:30:00+00:00
[2025-03-28T00:15:56.061+0000] {processor.py:208} INFO - Processing /opt/airflow/dags/trial.py took 0.093 seconds
[2025-03-28T00:16:26.713+0000] {processor.py:186} INFO - Started process (PID=18704) to work on /opt/airflow/dags/trial.py
[2025-03-28T00:16:26.714+0000] {processor.py:914} INFO - Processing file /opt/airflow/dags/trial.py for tasks to queue
[2025-03-28T00:16:26.715+0000] {logging_mixin.py:190} INFO - [2025-03-28T00:16:26.714+0000] {dagbag.py:587} INFO - Filling up the DagBag from /opt/airflow/dags/trial.py
[2025-03-28T00:16:26.738+0000] {processor.py:925} INFO - DAG(s) 'trial' retrieved from /opt/airflow/dags/trial.py
[2025-03-28T00:16:26.753+0000] {logging_mixin.py:190} INFO - [2025-03-28T00:16:26.752+0000] {dag.py:3229} INFO - Sync 1 DAGs
[2025-03-28T00:16:26.770+0000] {logging_mixin.py:190} INFO - [2025-03-28T00:16:26.770+0000] {dag.py:4156} INFO - Setting next_dagrun for trial to 2025-03-26 02:30:00+00:00, run_after=2025-03-27 02:30:00+00:00
[2025-03-28T00:16:26.785+0000] {processor.py:208} INFO - Processing /opt/airflow/dags/trial.py took 0.076 seconds
[2025-03-28T00:16:57.470+0000] {processor.py:186} INFO - Started process (PID=18741) to work on /opt/airflow/dags/trial.py
[2025-03-28T00:16:57.471+0000] {processor.py:914} INFO - Processing file /opt/airflow/dags/trial.py for tasks to queue
[2025-03-28T00:16:57.472+0000] {logging_mixin.py:190} INFO - [2025-03-28T00:16:57.472+0000] {dagbag.py:587} INFO - Filling up the DagBag from /opt/airflow/dags/trial.py
[2025-03-28T00:16:57.502+0000] {processor.py:925} INFO - DAG(s) 'trial' retrieved from /opt/airflow/dags/trial.py
[2025-03-28T00:16:57.517+0000] {logging_mixin.py:190} INFO - [2025-03-28T00:16:57.516+0000] {dag.py:3229} INFO - Sync 1 DAGs
[2025-03-28T00:16:57.534+0000] {logging_mixin.py:190} INFO - [2025-03-28T00:16:57.534+0000] {dag.py:4156} INFO - Setting next_dagrun for trial to 2025-03-26 02:30:00+00:00, run_after=2025-03-27 02:30:00+00:00
[2025-03-28T00:16:57.550+0000] {processor.py:208} INFO - Processing /opt/airflow/dags/trial.py took 0.084 seconds
[2025-03-28T00:17:28.249+0000] {processor.py:186} INFO - Started process (PID=18777) to work on /opt/airflow/dags/trial.py
[2025-03-28T00:17:28.250+0000] {processor.py:914} INFO - Processing file /opt/airflow/dags/trial.py for tasks to queue
[2025-03-28T00:17:28.251+0000] {logging_mixin.py:190} INFO - [2025-03-28T00:17:28.251+0000] {dagbag.py:587} INFO - Filling up the DagBag from /opt/airflow/dags/trial.py
[2025-03-28T00:17:28.278+0000] {processor.py:925} INFO - DAG(s) 'trial' retrieved from /opt/airflow/dags/trial.py
[2025-03-28T00:17:28.293+0000] {logging_mixin.py:190} INFO - [2025-03-28T00:17:28.292+0000] {dag.py:3229} INFO - Sync 1 DAGs
[2025-03-28T00:17:28.309+0000] {logging_mixin.py:190} INFO - [2025-03-28T00:17:28.309+0000] {dag.py:4156} INFO - Setting next_dagrun for trial to 2025-03-26 02:30:00+00:00, run_after=2025-03-27 02:30:00+00:00
[2025-03-28T00:17:28.325+0000] {processor.py:208} INFO - Processing /opt/airflow/dags/trial.py took 0.081 seconds
[2025-03-28T00:17:58.991+0000] {processor.py:186} INFO - Started process (PID=18813) to work on /opt/airflow/dags/trial.py
[2025-03-28T00:17:58.992+0000] {processor.py:914} INFO - Processing file /opt/airflow/dags/trial.py for tasks to queue
[2025-03-28T00:17:58.994+0000] {logging_mixin.py:190} INFO - [2025-03-28T00:17:58.993+0000] {dagbag.py:587} INFO - Filling up the DagBag from /opt/airflow/dags/trial.py
[2025-03-28T00:17:59.021+0000] {processor.py:925} INFO - DAG(s) 'trial' retrieved from /opt/airflow/dags/trial.py
[2025-03-28T00:17:59.036+0000] {logging_mixin.py:190} INFO - [2025-03-28T00:17:59.035+0000] {dag.py:3229} INFO - Sync 1 DAGs
[2025-03-28T00:17:59.054+0000] {logging_mixin.py:190} INFO - [2025-03-28T00:17:59.054+0000] {dag.py:4156} INFO - Setting next_dagrun for trial to 2025-03-26 02:30:00+00:00, run_after=2025-03-27 02:30:00+00:00
[2025-03-28T00:17:59.069+0000] {processor.py:208} INFO - Processing /opt/airflow/dags/trial.py took 0.082 seconds
[2025-03-28T00:18:29.721+0000] {processor.py:186} INFO - Started process (PID=18849) to work on /opt/airflow/dags/trial.py
[2025-03-28T00:18:29.722+0000] {processor.py:914} INFO - Processing file /opt/airflow/dags/trial.py for tasks to queue
[2025-03-28T00:18:29.723+0000] {logging_mixin.py:190} INFO - [2025-03-28T00:18:29.722+0000] {dagbag.py:587} INFO - Filling up the DagBag from /opt/airflow/dags/trial.py
[2025-03-28T00:18:29.747+0000] {processor.py:925} INFO - DAG(s) 'trial' retrieved from /opt/airflow/dags/trial.py
[2025-03-28T00:18:29.761+0000] {logging_mixin.py:190} INFO - [2025-03-28T00:18:29.760+0000] {dag.py:3229} INFO - Sync 1 DAGs
[2025-03-28T00:18:29.778+0000] {logging_mixin.py:190} INFO - [2025-03-28T00:18:29.778+0000] {dag.py:4156} INFO - Setting next_dagrun for trial to 2025-03-26 02:30:00+00:00, run_after=2025-03-27 02:30:00+00:00
[2025-03-28T00:18:29.793+0000] {processor.py:208} INFO - Processing /opt/airflow/dags/trial.py took 0.076 seconds
[2025-03-28T00:19:00.478+0000] {processor.py:186} INFO - Started process (PID=18885) to work on /opt/airflow/dags/trial.py
[2025-03-28T00:19:00.478+0000] {processor.py:914} INFO - Processing file /opt/airflow/dags/trial.py for tasks to queue
[2025-03-28T00:19:00.480+0000] {logging_mixin.py:190} INFO - [2025-03-28T00:19:00.479+0000] {dagbag.py:587} INFO - Filling up the DagBag from /opt/airflow/dags/trial.py
[2025-03-28T00:19:00.509+0000] {processor.py:925} INFO - DAG(s) 'trial' retrieved from /opt/airflow/dags/trial.py
[2025-03-28T00:19:00.523+0000] {logging_mixin.py:190} INFO - [2025-03-28T00:19:00.523+0000] {dag.py:3229} INFO - Sync 1 DAGs
[2025-03-28T00:19:00.542+0000] {logging_mixin.py:190} INFO - [2025-03-28T00:19:00.541+0000] {dag.py:4156} INFO - Setting next_dagrun for trial to 2025-03-26 02:30:00+00:00, run_after=2025-03-27 02:30:00+00:00
[2025-03-28T00:19:00.558+0000] {processor.py:208} INFO - Processing /opt/airflow/dags/trial.py took 0.085 seconds
[2025-03-28T00:19:31.220+0000] {processor.py:186} INFO - Started process (PID=18921) to work on /opt/airflow/dags/trial.py
[2025-03-28T00:19:31.221+0000] {processor.py:914} INFO - Processing file /opt/airflow/dags/trial.py for tasks to queue
[2025-03-28T00:19:31.222+0000] {logging_mixin.py:190} INFO - [2025-03-28T00:19:31.222+0000] {dagbag.py:587} INFO - Filling up the DagBag from /opt/airflow/dags/trial.py
[2025-03-28T00:19:31.247+0000] {processor.py:925} INFO - DAG(s) 'trial' retrieved from /opt/airflow/dags/trial.py
[2025-03-28T00:19:31.261+0000] {logging_mixin.py:190} INFO - [2025-03-28T00:19:31.260+0000] {dag.py:3229} INFO - Sync 1 DAGs
[2025-03-28T00:19:31.278+0000] {logging_mixin.py:190} INFO - [2025-03-28T00:19:31.278+0000] {dag.py:4156} INFO - Setting next_dagrun for trial to 2025-03-26 02:30:00+00:00, run_after=2025-03-27 02:30:00+00:00
[2025-03-28T00:19:31.294+0000] {processor.py:208} INFO - Processing /opt/airflow/dags/trial.py took 0.079 seconds
[2025-03-28T00:20:02.007+0000] {processor.py:186} INFO - Started process (PID=18957) to work on /opt/airflow/dags/trial.py
[2025-03-28T00:20:02.008+0000] {processor.py:914} INFO - Processing file /opt/airflow/dags/trial.py for tasks to queue
[2025-03-28T00:20:02.009+0000] {logging_mixin.py:190} INFO - [2025-03-28T00:20:02.009+0000] {dagbag.py:587} INFO - Filling up the DagBag from /opt/airflow/dags/trial.py
[2025-03-28T00:20:02.034+0000] {processor.py:925} INFO - DAG(s) 'trial' retrieved from /opt/airflow/dags/trial.py
[2025-03-28T00:20:02.048+0000] {logging_mixin.py:190} INFO - [2025-03-28T00:20:02.048+0000] {dag.py:3229} INFO - Sync 1 DAGs
[2025-03-28T00:20:02.066+0000] {logging_mixin.py:190} INFO - [2025-03-28T00:20:02.066+0000] {dag.py:4156} INFO - Setting next_dagrun for trial to 2025-03-26 02:30:00+00:00, run_after=2025-03-27 02:30:00+00:00
[2025-03-28T00:20:02.080+0000] {processor.py:208} INFO - Processing /opt/airflow/dags/trial.py took 0.078 seconds
[2025-03-28T00:20:32.735+0000] {processor.py:186} INFO - Started process (PID=18993) to work on /opt/airflow/dags/trial.py
[2025-03-28T00:20:32.736+0000] {processor.py:914} INFO - Processing file /opt/airflow/dags/trial.py for tasks to queue
[2025-03-28T00:20:32.737+0000] {logging_mixin.py:190} INFO - [2025-03-28T00:20:32.736+0000] {dagbag.py:587} INFO - Filling up the DagBag from /opt/airflow/dags/trial.py
[2025-03-28T00:20:32.761+0000] {processor.py:925} INFO - DAG(s) 'trial' retrieved from /opt/airflow/dags/trial.py
[2025-03-28T00:20:32.776+0000] {logging_mixin.py:190} INFO - [2025-03-28T00:20:32.775+0000] {dag.py:3229} INFO - Sync 1 DAGs
[2025-03-28T00:20:32.793+0000] {logging_mixin.py:190} INFO - [2025-03-28T00:20:32.792+0000] {dag.py:4156} INFO - Setting next_dagrun for trial to 2025-03-26 02:30:00+00:00, run_after=2025-03-27 02:30:00+00:00
[2025-03-28T00:20:32.807+0000] {processor.py:208} INFO - Processing /opt/airflow/dags/trial.py took 0.077 seconds
[2025-03-28T00:21:03.131+0000] {processor.py:186} INFO - Started process (PID=19029) to work on /opt/airflow/dags/trial.py
[2025-03-28T00:21:03.131+0000] {processor.py:914} INFO - Processing file /opt/airflow/dags/trial.py for tasks to queue
[2025-03-28T00:21:03.132+0000] {logging_mixin.py:190} INFO - [2025-03-28T00:21:03.132+0000] {dagbag.py:587} INFO - Filling up the DagBag from /opt/airflow/dags/trial.py
[2025-03-28T00:21:03.158+0000] {processor.py:925} INFO - DAG(s) 'trial' retrieved from /opt/airflow/dags/trial.py
[2025-03-28T00:21:03.172+0000] {logging_mixin.py:190} INFO - [2025-03-28T00:21:03.171+0000] {dag.py:3229} INFO - Sync 1 DAGs
[2025-03-28T00:21:03.189+0000] {logging_mixin.py:190} INFO - [2025-03-28T00:21:03.189+0000] {dag.py:4156} INFO - Setting next_dagrun for trial to 2025-03-26 02:30:00+00:00, run_after=2025-03-27 02:30:00+00:00
[2025-03-28T00:21:03.202+0000] {processor.py:208} INFO - Processing /opt/airflow/dags/trial.py took 0.076 seconds
[2025-03-28T00:21:33.910+0000] {processor.py:186} INFO - Started process (PID=19065) to work on /opt/airflow/dags/trial.py
[2025-03-28T00:21:33.911+0000] {processor.py:914} INFO - Processing file /opt/airflow/dags/trial.py for tasks to queue
[2025-03-28T00:21:33.912+0000] {logging_mixin.py:190} INFO - [2025-03-28T00:21:33.912+0000] {dagbag.py:587} INFO - Filling up the DagBag from /opt/airflow/dags/trial.py
[2025-03-28T00:21:33.941+0000] {processor.py:925} INFO - DAG(s) 'trial' retrieved from /opt/airflow/dags/trial.py
[2025-03-28T00:21:33.957+0000] {logging_mixin.py:190} INFO - [2025-03-28T00:21:33.956+0000] {dag.py:3229} INFO - Sync 1 DAGs
[2025-03-28T00:21:33.974+0000] {logging_mixin.py:190} INFO - [2025-03-28T00:21:33.974+0000] {dag.py:4156} INFO - Setting next_dagrun for trial to 2025-03-26 02:30:00+00:00, run_after=2025-03-27 02:30:00+00:00
[2025-03-28T00:21:33.988+0000] {processor.py:208} INFO - Processing /opt/airflow/dags/trial.py took 0.083 seconds
[2025-03-28T00:22:04.643+0000] {processor.py:186} INFO - Started process (PID=19101) to work on /opt/airflow/dags/trial.py
[2025-03-28T00:22:04.644+0000] {processor.py:914} INFO - Processing file /opt/airflow/dags/trial.py for tasks to queue
[2025-03-28T00:22:04.645+0000] {logging_mixin.py:190} INFO - [2025-03-28T00:22:04.644+0000] {dagbag.py:587} INFO - Filling up the DagBag from /opt/airflow/dags/trial.py
[2025-03-28T00:22:04.670+0000] {processor.py:925} INFO - DAG(s) 'trial' retrieved from /opt/airflow/dags/trial.py
[2025-03-28T00:22:04.687+0000] {logging_mixin.py:190} INFO - [2025-03-28T00:22:04.686+0000] {dag.py:3229} INFO - Sync 1 DAGs
[2025-03-28T00:22:04.707+0000] {logging_mixin.py:190} INFO - [2025-03-28T00:22:04.707+0000] {dag.py:4156} INFO - Setting next_dagrun for trial to 2025-03-26 02:30:00+00:00, run_after=2025-03-27 02:30:00+00:00
[2025-03-28T00:22:04.722+0000] {processor.py:208} INFO - Processing /opt/airflow/dags/trial.py took 0.083 seconds
[2025-03-28T00:22:35.357+0000] {processor.py:186} INFO - Started process (PID=19137) to work on /opt/airflow/dags/trial.py
[2025-03-28T00:22:35.358+0000] {processor.py:914} INFO - Processing file /opt/airflow/dags/trial.py for tasks to queue
[2025-03-28T00:22:35.360+0000] {logging_mixin.py:190} INFO - [2025-03-28T00:22:35.360+0000] {dagbag.py:587} INFO - Filling up the DagBag from /opt/airflow/dags/trial.py
[2025-03-28T00:22:35.385+0000] {processor.py:925} INFO - DAG(s) 'trial' retrieved from /opt/airflow/dags/trial.py
[2025-03-28T00:22:35.399+0000] {logging_mixin.py:190} INFO - [2025-03-28T00:22:35.398+0000] {dag.py:3229} INFO - Sync 1 DAGs
[2025-03-28T00:22:35.417+0000] {logging_mixin.py:190} INFO - [2025-03-28T00:22:35.417+0000] {dag.py:4156} INFO - Setting next_dagrun for trial to 2025-03-26 02:30:00+00:00, run_after=2025-03-27 02:30:00+00:00
[2025-03-28T00:22:35.430+0000] {processor.py:208} INFO - Processing /opt/airflow/dags/trial.py took 0.078 seconds
[2025-03-28T00:23:06.073+0000] {processor.py:186} INFO - Started process (PID=19174) to work on /opt/airflow/dags/trial.py
[2025-03-28T00:23:06.074+0000] {processor.py:914} INFO - Processing file /opt/airflow/dags/trial.py for tasks to queue
[2025-03-28T00:23:06.075+0000] {logging_mixin.py:190} INFO - [2025-03-28T00:23:06.075+0000] {dagbag.py:587} INFO - Filling up the DagBag from /opt/airflow/dags/trial.py
[2025-03-28T00:23:06.102+0000] {processor.py:925} INFO - DAG(s) 'trial' retrieved from /opt/airflow/dags/trial.py
[2025-03-28T00:23:06.116+0000] {logging_mixin.py:190} INFO - [2025-03-28T00:23:06.115+0000] {dag.py:3229} INFO - Sync 1 DAGs
[2025-03-28T00:23:06.134+0000] {logging_mixin.py:190} INFO - [2025-03-28T00:23:06.134+0000] {dag.py:4156} INFO - Setting next_dagrun for trial to 2025-03-26 02:30:00+00:00, run_after=2025-03-27 02:30:00+00:00
[2025-03-28T00:23:06.149+0000] {processor.py:208} INFO - Processing /opt/airflow/dags/trial.py took 0.081 seconds
[2025-03-28T00:23:36.794+0000] {processor.py:186} INFO - Started process (PID=19210) to work on /opt/airflow/dags/trial.py
[2025-03-28T00:23:36.795+0000] {processor.py:914} INFO - Processing file /opt/airflow/dags/trial.py for tasks to queue
[2025-03-28T00:23:36.796+0000] {logging_mixin.py:190} INFO - [2025-03-28T00:23:36.796+0000] {dagbag.py:587} INFO - Filling up the DagBag from /opt/airflow/dags/trial.py
[2025-03-28T00:23:36.822+0000] {processor.py:925} INFO - DAG(s) 'trial' retrieved from /opt/airflow/dags/trial.py
[2025-03-28T00:23:36.837+0000] {logging_mixin.py:190} INFO - [2025-03-28T00:23:36.835+0000] {dag.py:3229} INFO - Sync 1 DAGs
[2025-03-28T00:23:36.853+0000] {logging_mixin.py:190} INFO - [2025-03-28T00:23:36.853+0000] {dag.py:4156} INFO - Setting next_dagrun for trial to 2025-03-26 02:30:00+00:00, run_after=2025-03-27 02:30:00+00:00
[2025-03-28T00:23:36.869+0000] {processor.py:208} INFO - Processing /opt/airflow/dags/trial.py took 0.080 seconds
[2025-03-28T00:24:07.515+0000] {processor.py:186} INFO - Started process (PID=19246) to work on /opt/airflow/dags/trial.py
[2025-03-28T00:24:07.515+0000] {processor.py:914} INFO - Processing file /opt/airflow/dags/trial.py for tasks to queue
[2025-03-28T00:24:07.517+0000] {logging_mixin.py:190} INFO - [2025-03-28T00:24:07.516+0000] {dagbag.py:587} INFO - Filling up the DagBag from /opt/airflow/dags/trial.py
[2025-03-28T00:24:07.545+0000] {processor.py:925} INFO - DAG(s) 'trial' retrieved from /opt/airflow/dags/trial.py
[2025-03-28T00:24:07.560+0000] {logging_mixin.py:190} INFO - [2025-03-28T00:24:07.559+0000] {dag.py:3229} INFO - Sync 1 DAGs
[2025-03-28T00:24:07.580+0000] {logging_mixin.py:190} INFO - [2025-03-28T00:24:07.579+0000] {dag.py:4156} INFO - Setting next_dagrun for trial to 2025-03-26 02:30:00+00:00, run_after=2025-03-27 02:30:00+00:00
[2025-03-28T00:24:07.594+0000] {processor.py:208} INFO - Processing /opt/airflow/dags/trial.py took 0.085 seconds
[2025-03-28T00:24:38.245+0000] {processor.py:186} INFO - Started process (PID=19285) to work on /opt/airflow/dags/trial.py
[2025-03-28T00:24:38.246+0000] {processor.py:914} INFO - Processing file /opt/airflow/dags/trial.py for tasks to queue
[2025-03-28T00:24:38.247+0000] {logging_mixin.py:190} INFO - [2025-03-28T00:24:38.247+0000] {dagbag.py:587} INFO - Filling up the DagBag from /opt/airflow/dags/trial.py
[2025-03-28T00:24:38.274+0000] {processor.py:925} INFO - DAG(s) 'trial' retrieved from /opt/airflow/dags/trial.py
[2025-03-28T00:24:38.289+0000] {logging_mixin.py:190} INFO - [2025-03-28T00:24:38.288+0000] {dag.py:3229} INFO - Sync 1 DAGs
[2025-03-28T00:24:38.309+0000] {logging_mixin.py:190} INFO - [2025-03-28T00:24:38.309+0000] {dag.py:4156} INFO - Setting next_dagrun for trial to 2025-03-26 02:30:00+00:00, run_after=2025-03-27 02:30:00+00:00
[2025-03-28T00:24:38.326+0000] {processor.py:208} INFO - Processing /opt/airflow/dags/trial.py took 0.087 seconds
[2025-03-28T00:25:09.041+0000] {processor.py:186} INFO - Started process (PID=19324) to work on /opt/airflow/dags/trial.py
[2025-03-28T00:25:09.048+0000] {processor.py:914} INFO - Processing file /opt/airflow/dags/trial.py for tasks to queue
[2025-03-28T00:25:09.049+0000] {logging_mixin.py:190} INFO - [2025-03-28T00:25:09.049+0000] {dagbag.py:587} INFO - Filling up the DagBag from /opt/airflow/dags/trial.py
[2025-03-28T00:25:09.074+0000] {processor.py:925} INFO - DAG(s) 'trial' retrieved from /opt/airflow/dags/trial.py
[2025-03-28T00:25:09.089+0000] {logging_mixin.py:190} INFO - [2025-03-28T00:25:09.088+0000] {dag.py:3229} INFO - Sync 1 DAGs
[2025-03-28T00:25:09.107+0000] {logging_mixin.py:190} INFO - [2025-03-28T00:25:09.106+0000] {dag.py:4156} INFO - Setting next_dagrun for trial to 2025-03-26 02:30:00+00:00, run_after=2025-03-27 02:30:00+00:00
[2025-03-28T00:25:09.123+0000] {processor.py:208} INFO - Processing /opt/airflow/dags/trial.py took 0.087 seconds
[2025-03-28T00:25:39.804+0000] {processor.py:186} INFO - Started process (PID=19362) to work on /opt/airflow/dags/trial.py
[2025-03-28T00:25:39.805+0000] {processor.py:914} INFO - Processing file /opt/airflow/dags/trial.py for tasks to queue
[2025-03-28T00:25:39.806+0000] {logging_mixin.py:190} INFO - [2025-03-28T00:25:39.806+0000] {dagbag.py:587} INFO - Filling up the DagBag from /opt/airflow/dags/trial.py
[2025-03-28T00:25:39.836+0000] {processor.py:925} INFO - DAG(s) 'trial' retrieved from /opt/airflow/dags/trial.py
[2025-03-28T00:25:39.853+0000] {logging_mixin.py:190} INFO - [2025-03-28T00:25:39.851+0000] {dag.py:3229} INFO - Sync 1 DAGs
[2025-03-28T00:25:39.875+0000] {logging_mixin.py:190} INFO - [2025-03-28T00:25:39.874+0000] {dag.py:4156} INFO - Setting next_dagrun for trial to 2025-03-26 02:30:00+00:00, run_after=2025-03-27 02:30:00+00:00
[2025-03-28T00:25:39.890+0000] {processor.py:208} INFO - Processing /opt/airflow/dags/trial.py took 0.090 seconds
[2025-03-28T00:26:10.188+0000] {processor.py:186} INFO - Started process (PID=19396) to work on /opt/airflow/dags/trial.py
[2025-03-28T00:26:10.189+0000] {processor.py:914} INFO - Processing file /opt/airflow/dags/trial.py for tasks to queue
[2025-03-28T00:26:10.191+0000] {logging_mixin.py:190} INFO - [2025-03-28T00:26:10.190+0000] {dagbag.py:587} INFO - Filling up the DagBag from /opt/airflow/dags/trial.py
[2025-03-28T00:26:10.215+0000] {processor.py:925} INFO - DAG(s) 'trial' retrieved from /opt/airflow/dags/trial.py
[2025-03-28T00:26:10.229+0000] {logging_mixin.py:190} INFO - [2025-03-28T00:26:10.228+0000] {dag.py:3229} INFO - Sync 1 DAGs
[2025-03-28T00:26:10.247+0000] {logging_mixin.py:190} INFO - [2025-03-28T00:26:10.247+0000] {dag.py:4156} INFO - Setting next_dagrun for trial to 2025-03-26 02:30:00+00:00, run_after=2025-03-27 02:30:00+00:00
[2025-03-28T00:26:10.263+0000] {processor.py:208} INFO - Processing /opt/airflow/dags/trial.py took 0.079 seconds
[2025-03-28T00:26:40.924+0000] {processor.py:186} INFO - Started process (PID=19432) to work on /opt/airflow/dags/trial.py
[2025-03-28T00:26:40.924+0000] {processor.py:914} INFO - Processing file /opt/airflow/dags/trial.py for tasks to queue
[2025-03-28T00:26:40.925+0000] {logging_mixin.py:190} INFO - [2025-03-28T00:26:40.925+0000] {dagbag.py:587} INFO - Filling up the DagBag from /opt/airflow/dags/trial.py
[2025-03-28T00:26:40.951+0000] {processor.py:925} INFO - DAG(s) 'trial' retrieved from /opt/airflow/dags/trial.py
[2025-03-28T00:26:40.966+0000] {logging_mixin.py:190} INFO - [2025-03-28T00:26:40.965+0000] {dag.py:3229} INFO - Sync 1 DAGs
[2025-03-28T00:26:40.983+0000] {logging_mixin.py:190} INFO - [2025-03-28T00:26:40.982+0000] {dag.py:4156} INFO - Setting next_dagrun for trial to 2025-03-26 02:30:00+00:00, run_after=2025-03-27 02:30:00+00:00
[2025-03-28T00:26:40.999+0000] {processor.py:208} INFO - Processing /opt/airflow/dags/trial.py took 0.080 seconds
[2025-03-28T00:27:11.649+0000] {processor.py:186} INFO - Started process (PID=19470) to work on /opt/airflow/dags/trial.py
[2025-03-28T00:27:11.650+0000] {processor.py:914} INFO - Processing file /opt/airflow/dags/trial.py for tasks to queue
[2025-03-28T00:27:11.652+0000] {logging_mixin.py:190} INFO - [2025-03-28T00:27:11.651+0000] {dagbag.py:587} INFO - Filling up the DagBag from /opt/airflow/dags/trial.py
[2025-03-28T00:27:11.679+0000] {processor.py:925} INFO - DAG(s) 'trial' retrieved from /opt/airflow/dags/trial.py
[2025-03-28T00:27:11.694+0000] {logging_mixin.py:190} INFO - [2025-03-28T00:27:11.693+0000] {dag.py:3229} INFO - Sync 1 DAGs
[2025-03-28T00:27:11.712+0000] {logging_mixin.py:190} INFO - [2025-03-28T00:27:11.712+0000] {dag.py:4156} INFO - Setting next_dagrun for trial to 2025-03-26 02:30:00+00:00, run_after=2025-03-27 02:30:00+00:00
[2025-03-28T00:27:11.726+0000] {processor.py:208} INFO - Processing /opt/airflow/dags/trial.py took 0.082 seconds
[2025-03-28T00:27:42.390+0000] {processor.py:186} INFO - Started process (PID=19504) to work on /opt/airflow/dags/trial.py
[2025-03-28T00:27:42.391+0000] {processor.py:914} INFO - Processing file /opt/airflow/dags/trial.py for tasks to queue
[2025-03-28T00:27:42.393+0000] {logging_mixin.py:190} INFO - [2025-03-28T00:27:42.392+0000] {dagbag.py:587} INFO - Filling up the DagBag from /opt/airflow/dags/trial.py
[2025-03-28T00:27:42.420+0000] {processor.py:925} INFO - DAG(s) 'trial' retrieved from /opt/airflow/dags/trial.py
[2025-03-28T00:27:42.436+0000] {logging_mixin.py:190} INFO - [2025-03-28T00:27:42.434+0000] {dag.py:3229} INFO - Sync 1 DAGs
[2025-03-28T00:27:42.453+0000] {logging_mixin.py:190} INFO - [2025-03-28T00:27:42.453+0000] {dag.py:4156} INFO - Setting next_dagrun for trial to 2025-03-26 02:30:00+00:00, run_after=2025-03-27 02:30:00+00:00
[2025-03-28T00:27:42.468+0000] {processor.py:208} INFO - Processing /opt/airflow/dags/trial.py took 0.083 seconds
[2025-03-28T00:28:13.173+0000] {processor.py:186} INFO - Started process (PID=19540) to work on /opt/airflow/dags/trial.py
[2025-03-28T00:28:13.174+0000] {processor.py:914} INFO - Processing file /opt/airflow/dags/trial.py for tasks to queue
[2025-03-28T00:28:13.176+0000] {logging_mixin.py:190} INFO - [2025-03-28T00:28:13.175+0000] {dagbag.py:587} INFO - Filling up the DagBag from /opt/airflow/dags/trial.py
[2025-03-28T00:28:13.207+0000] {processor.py:925} INFO - DAG(s) 'trial' retrieved from /opt/airflow/dags/trial.py
[2025-03-28T00:28:13.223+0000] {logging_mixin.py:190} INFO - [2025-03-28T00:28:13.222+0000] {dag.py:3229} INFO - Sync 1 DAGs
[2025-03-28T00:28:13.243+0000] {logging_mixin.py:190} INFO - [2025-03-28T00:28:13.243+0000] {dag.py:4156} INFO - Setting next_dagrun for trial to 2025-03-26 02:30:00+00:00, run_after=2025-03-27 02:30:00+00:00
[2025-03-28T00:28:14.555+0000] {processor.py:208} INFO - Processing /opt/airflow/dags/trial.py took 1.386 seconds
[2025-03-28T00:28:45.056+0000] {processor.py:186} INFO - Started process (PID=19583) to work on /opt/airflow/dags/trial.py
[2025-03-28T00:28:45.057+0000] {processor.py:914} INFO - Processing file /opt/airflow/dags/trial.py for tasks to queue
[2025-03-28T00:28:45.058+0000] {logging_mixin.py:190} INFO - [2025-03-28T00:28:45.057+0000] {dagbag.py:587} INFO - Filling up the DagBag from /opt/airflow/dags/trial.py
[2025-03-28T00:28:45.085+0000] {processor.py:925} INFO - DAG(s) 'trial' retrieved from /opt/airflow/dags/trial.py
[2025-03-28T00:28:45.103+0000] {logging_mixin.py:190} INFO - [2025-03-28T00:28:45.101+0000] {dag.py:3229} INFO - Sync 1 DAGs
[2025-03-28T00:28:45.123+0000] {logging_mixin.py:190} INFO - [2025-03-28T00:28:45.122+0000] {dag.py:4156} INFO - Setting next_dagrun for trial to 2025-03-26 02:30:00+00:00, run_after=2025-03-27 02:30:00+00:00
[2025-03-28T00:28:45.139+0000] {processor.py:208} INFO - Processing /opt/airflow/dags/trial.py took 0.088 seconds
[2025-03-28T00:29:15.860+0000] {processor.py:186} INFO - Started process (PID=19619) to work on /opt/airflow/dags/trial.py
[2025-03-28T00:29:15.861+0000] {processor.py:914} INFO - Processing file /opt/airflow/dags/trial.py for tasks to queue
[2025-03-28T00:29:15.862+0000] {logging_mixin.py:190} INFO - [2025-03-28T00:29:15.862+0000] {dagbag.py:587} INFO - Filling up the DagBag from /opt/airflow/dags/trial.py
[2025-03-28T00:29:15.888+0000] {processor.py:925} INFO - DAG(s) 'trial' retrieved from /opt/airflow/dags/trial.py
[2025-03-28T00:29:15.902+0000] {logging_mixin.py:190} INFO - [2025-03-28T00:29:15.901+0000] {dag.py:3229} INFO - Sync 1 DAGs
[2025-03-28T00:29:15.921+0000] {logging_mixin.py:190} INFO - [2025-03-28T00:29:15.921+0000] {dag.py:4156} INFO - Setting next_dagrun for trial to 2025-03-26 02:30:00+00:00, run_after=2025-03-27 02:30:00+00:00
[2025-03-28T00:29:15.935+0000] {processor.py:208} INFO - Processing /opt/airflow/dags/trial.py took 0.080 seconds
[2025-03-28T00:29:46.718+0000] {processor.py:186} INFO - Started process (PID=19655) to work on /opt/airflow/dags/trial.py
[2025-03-28T00:29:46.718+0000] {processor.py:914} INFO - Processing file /opt/airflow/dags/trial.py for tasks to queue
[2025-03-28T00:29:46.720+0000] {logging_mixin.py:190} INFO - [2025-03-28T00:29:46.720+0000] {dagbag.py:587} INFO - Filling up the DagBag from /opt/airflow/dags/trial.py
[2025-03-28T00:29:46.751+0000] {processor.py:925} INFO - DAG(s) 'trial' retrieved from /opt/airflow/dags/trial.py
[2025-03-28T00:29:46.770+0000] {logging_mixin.py:190} INFO - [2025-03-28T00:29:46.769+0000] {dag.py:3229} INFO - Sync 1 DAGs
[2025-03-28T00:29:46.791+0000] {logging_mixin.py:190} INFO - [2025-03-28T00:29:46.791+0000] {dag.py:4156} INFO - Setting next_dagrun for trial to 2025-03-26 02:30:00+00:00, run_after=2025-03-27 02:30:00+00:00
[2025-03-28T00:29:46.806+0000] {processor.py:208} INFO - Processing /opt/airflow/dags/trial.py took 0.093 seconds
[2025-03-28T00:30:17.359+0000] {processor.py:186} INFO - Started process (PID=19691) to work on /opt/airflow/dags/trial.py
[2025-03-28T00:30:17.360+0000] {processor.py:914} INFO - Processing file /opt/airflow/dags/trial.py for tasks to queue
[2025-03-28T00:30:17.361+0000] {logging_mixin.py:190} INFO - [2025-03-28T00:30:17.361+0000] {dagbag.py:587} INFO - Filling up the DagBag from /opt/airflow/dags/trial.py
[2025-03-28T00:30:17.389+0000] {processor.py:925} INFO - DAG(s) 'trial' retrieved from /opt/airflow/dags/trial.py
[2025-03-28T00:30:17.404+0000] {logging_mixin.py:190} INFO - [2025-03-28T00:30:17.403+0000] {dag.py:3229} INFO - Sync 1 DAGs
[2025-03-28T00:30:17.426+0000] {logging_mixin.py:190} INFO - [2025-03-28T00:30:17.426+0000] {dag.py:4156} INFO - Setting next_dagrun for trial to 2025-03-26 02:30:00+00:00, run_after=2025-03-27 02:30:00+00:00
[2025-03-28T00:30:17.585+0000] {processor.py:208} INFO - Processing /opt/airflow/dags/trial.py took 0.231 seconds
[2025-03-28T00:30:47.756+0000] {processor.py:186} INFO - Started process (PID=19727) to work on /opt/airflow/dags/trial.py
[2025-03-28T00:30:47.757+0000] {processor.py:914} INFO - Processing file /opt/airflow/dags/trial.py for tasks to queue
[2025-03-28T00:30:47.758+0000] {logging_mixin.py:190} INFO - [2025-03-28T00:30:47.758+0000] {dagbag.py:587} INFO - Filling up the DagBag from /opt/airflow/dags/trial.py
[2025-03-28T00:30:47.787+0000] {processor.py:925} INFO - DAG(s) 'trial' retrieved from /opt/airflow/dags/trial.py
[2025-03-28T00:30:47.802+0000] {logging_mixin.py:190} INFO - [2025-03-28T00:30:47.801+0000] {dag.py:3229} INFO - Sync 1 DAGs
[2025-03-28T00:30:47.822+0000] {logging_mixin.py:190} INFO - [2025-03-28T00:30:47.821+0000] {dag.py:4156} INFO - Setting next_dagrun for trial to 2025-03-26 02:30:00+00:00, run_after=2025-03-27 02:30:00+00:00
[2025-03-28T00:30:47.837+0000] {processor.py:208} INFO - Processing /opt/airflow/dags/trial.py took 0.086 seconds
[2025-03-28T00:31:18.369+0000] {processor.py:186} INFO - Started process (PID=19758) to work on /opt/airflow/dags/trial.py
[2025-03-28T00:31:18.370+0000] {processor.py:914} INFO - Processing file /opt/airflow/dags/trial.py for tasks to queue
[2025-03-28T00:31:18.371+0000] {logging_mixin.py:190} INFO - [2025-03-28T00:31:18.371+0000] {dagbag.py:587} INFO - Filling up the DagBag from /opt/airflow/dags/trial.py
[2025-03-28T00:31:18.400+0000] {processor.py:925} INFO - DAG(s) 'trial' retrieved from /opt/airflow/dags/trial.py
[2025-03-28T00:31:18.415+0000] {logging_mixin.py:190} INFO - [2025-03-28T00:31:18.414+0000] {dag.py:3229} INFO - Sync 1 DAGs
[2025-03-28T00:31:18.433+0000] {logging_mixin.py:190} INFO - [2025-03-28T00:31:18.433+0000] {dag.py:4156} INFO - Setting next_dagrun for trial to 2025-03-26 02:30:00+00:00, run_after=2025-03-27 02:30:00+00:00
[2025-03-28T00:31:18.450+0000] {processor.py:208} INFO - Processing /opt/airflow/dags/trial.py took 0.086 seconds
[2025-03-28T00:31:49.140+0000] {processor.py:186} INFO - Started process (PID=19794) to work on /opt/airflow/dags/trial.py
[2025-03-28T00:31:49.141+0000] {processor.py:914} INFO - Processing file /opt/airflow/dags/trial.py for tasks to queue
[2025-03-28T00:31:49.142+0000] {logging_mixin.py:190} INFO - [2025-03-28T00:31:49.142+0000] {dagbag.py:587} INFO - Filling up the DagBag from /opt/airflow/dags/trial.py
[2025-03-28T00:31:49.171+0000] {processor.py:925} INFO - DAG(s) 'trial' retrieved from /opt/airflow/dags/trial.py
[2025-03-28T00:31:49.190+0000] {logging_mixin.py:190} INFO - [2025-03-28T00:31:49.189+0000] {dag.py:3229} INFO - Sync 1 DAGs
[2025-03-28T00:31:49.209+0000] {logging_mixin.py:190} INFO - [2025-03-28T00:31:49.208+0000] {dag.py:4156} INFO - Setting next_dagrun for trial to 2025-03-26 02:30:00+00:00, run_after=2025-03-27 02:30:00+00:00
[2025-03-28T00:31:49.226+0000] {processor.py:208} INFO - Processing /opt/airflow/dags/trial.py took 0.091 seconds
[2025-03-28T00:32:19.901+0000] {processor.py:186} INFO - Started process (PID=19829) to work on /opt/airflow/dags/trial.py
[2025-03-28T00:32:19.902+0000] {processor.py:914} INFO - Processing file /opt/airflow/dags/trial.py for tasks to queue
[2025-03-28T00:32:19.904+0000] {logging_mixin.py:190} INFO - [2025-03-28T00:32:19.903+0000] {dagbag.py:587} INFO - Filling up the DagBag from /opt/airflow/dags/trial.py
[2025-03-28T00:32:19.928+0000] {processor.py:925} INFO - DAG(s) 'trial' retrieved from /opt/airflow/dags/trial.py
[2025-03-28T00:32:19.947+0000] {logging_mixin.py:190} INFO - [2025-03-28T00:32:19.946+0000] {dag.py:3229} INFO - Sync 1 DAGs
[2025-03-28T00:32:19.965+0000] {logging_mixin.py:190} INFO - [2025-03-28T00:32:19.964+0000] {dag.py:4156} INFO - Setting next_dagrun for trial to 2025-03-26 02:30:00+00:00, run_after=2025-03-27 02:30:00+00:00
[2025-03-28T00:32:20.167+0000] {processor.py:208} INFO - Processing /opt/airflow/dags/trial.py took 0.270 seconds
[2025-03-28T00:32:50.837+0000] {processor.py:186} INFO - Started process (PID=19865) to work on /opt/airflow/dags/trial.py
[2025-03-28T00:32:50.838+0000] {processor.py:914} INFO - Processing file /opt/airflow/dags/trial.py for tasks to queue
[2025-03-28T00:32:50.840+0000] {logging_mixin.py:190} INFO - [2025-03-28T00:32:50.840+0000] {dagbag.py:587} INFO - Filling up the DagBag from /opt/airflow/dags/trial.py
[2025-03-28T00:32:50.872+0000] {processor.py:925} INFO - DAG(s) 'trial' retrieved from /opt/airflow/dags/trial.py
[2025-03-28T00:32:50.886+0000] {logging_mixin.py:190} INFO - [2025-03-28T00:32:50.885+0000] {dag.py:3229} INFO - Sync 1 DAGs
[2025-03-28T00:32:50.904+0000] {logging_mixin.py:190} INFO - [2025-03-28T00:32:50.904+0000] {dag.py:4156} INFO - Setting next_dagrun for trial to 2025-03-26 02:30:00+00:00, run_after=2025-03-27 02:30:00+00:00
[2025-03-28T00:32:50.920+0000] {processor.py:208} INFO - Processing /opt/airflow/dags/trial.py took 0.088 seconds
[2025-03-28T00:33:21.525+0000] {processor.py:186} INFO - Started process (PID=19901) to work on /opt/airflow/dags/trial.py
[2025-03-28T00:33:21.526+0000] {processor.py:914} INFO - Processing file /opt/airflow/dags/trial.py for tasks to queue
[2025-03-28T00:33:21.527+0000] {logging_mixin.py:190} INFO - [2025-03-28T00:33:21.527+0000] {dagbag.py:587} INFO - Filling up the DagBag from /opt/airflow/dags/trial.py
[2025-03-28T00:33:21.556+0000] {processor.py:925} INFO - DAG(s) 'trial' retrieved from /opt/airflow/dags/trial.py
[2025-03-28T00:33:21.572+0000] {logging_mixin.py:190} INFO - [2025-03-28T00:33:21.571+0000] {dag.py:3229} INFO - Sync 1 DAGs
[2025-03-28T00:33:21.591+0000] {logging_mixin.py:190} INFO - [2025-03-28T00:33:21.591+0000] {dag.py:4156} INFO - Setting next_dagrun for trial to 2025-03-26 02:30:00+00:00, run_after=2025-03-27 02:30:00+00:00
[2025-03-28T00:33:21.612+0000] {processor.py:208} INFO - Processing /opt/airflow/dags/trial.py took 0.092 seconds
[2025-03-28T00:33:52.260+0000] {processor.py:186} INFO - Started process (PID=19937) to work on /opt/airflow/dags/trial.py
[2025-03-28T00:33:52.260+0000] {processor.py:914} INFO - Processing file /opt/airflow/dags/trial.py for tasks to queue
[2025-03-28T00:33:52.262+0000] {logging_mixin.py:190} INFO - [2025-03-28T00:33:52.261+0000] {dagbag.py:587} INFO - Filling up the DagBag from /opt/airflow/dags/trial.py
[2025-03-28T00:33:52.291+0000] {processor.py:925} INFO - DAG(s) 'trial' retrieved from /opt/airflow/dags/trial.py
[2025-03-28T00:33:52.307+0000] {logging_mixin.py:190} INFO - [2025-03-28T00:33:52.306+0000] {dag.py:3229} INFO - Sync 1 DAGs
[2025-03-28T00:33:52.326+0000] {logging_mixin.py:190} INFO - [2025-03-28T00:33:52.325+0000] {dag.py:4156} INFO - Setting next_dagrun for trial to 2025-03-26 02:30:00+00:00, run_after=2025-03-27 02:30:00+00:00
[2025-03-28T00:33:52.344+0000] {processor.py:208} INFO - Processing /opt/airflow/dags/trial.py took 0.089 seconds
[2025-03-28T00:34:23.004+0000] {processor.py:186} INFO - Started process (PID=19973) to work on /opt/airflow/dags/trial.py
[2025-03-28T00:34:23.005+0000] {processor.py:914} INFO - Processing file /opt/airflow/dags/trial.py for tasks to queue
[2025-03-28T00:34:23.006+0000] {logging_mixin.py:190} INFO - [2025-03-28T00:34:23.006+0000] {dagbag.py:587} INFO - Filling up the DagBag from /opt/airflow/dags/trial.py
[2025-03-28T00:34:23.031+0000] {processor.py:925} INFO - DAG(s) 'trial' retrieved from /opt/airflow/dags/trial.py
[2025-03-28T00:34:23.049+0000] {logging_mixin.py:190} INFO - [2025-03-28T00:34:23.048+0000] {dag.py:3229} INFO - Sync 1 DAGs
[2025-03-28T00:34:23.068+0000] {logging_mixin.py:190} INFO - [2025-03-28T00:34:23.068+0000] {dag.py:4156} INFO - Setting next_dagrun for trial to 2025-03-26 02:30:00+00:00, run_after=2025-03-27 02:30:00+00:00
[2025-03-28T00:34:23.254+0000] {processor.py:208} INFO - Processing /opt/airflow/dags/trial.py took 0.255 seconds
[2025-03-28T00:34:53.645+0000] {processor.py:186} INFO - Started process (PID=20009) to work on /opt/airflow/dags/trial.py
[2025-03-28T00:34:53.646+0000] {processor.py:914} INFO - Processing file /opt/airflow/dags/trial.py for tasks to queue
[2025-03-28T00:34:53.647+0000] {logging_mixin.py:190} INFO - [2025-03-28T00:34:53.647+0000] {dagbag.py:587} INFO - Filling up the DagBag from /opt/airflow/dags/trial.py
[2025-03-28T00:34:53.673+0000] {processor.py:925} INFO - DAG(s) 'trial' retrieved from /opt/airflow/dags/trial.py
[2025-03-28T00:34:53.688+0000] {logging_mixin.py:190} INFO - [2025-03-28T00:34:53.687+0000] {dag.py:3229} INFO - Sync 1 DAGs
[2025-03-28T00:34:53.706+0000] {logging_mixin.py:190} INFO - [2025-03-28T00:34:53.706+0000] {dag.py:4156} INFO - Setting next_dagrun for trial to 2025-03-26 02:30:00+00:00, run_after=2025-03-27 02:30:00+00:00
[2025-03-28T00:34:53.721+0000] {processor.py:208} INFO - Processing /opt/airflow/dags/trial.py took 0.081 seconds
[2025-03-28T00:35:24.372+0000] {processor.py:186} INFO - Started process (PID=20045) to work on /opt/airflow/dags/trial.py
[2025-03-28T00:35:24.373+0000] {processor.py:914} INFO - Processing file /opt/airflow/dags/trial.py for tasks to queue
[2025-03-28T00:35:24.374+0000] {logging_mixin.py:190} INFO - [2025-03-28T00:35:24.374+0000] {dagbag.py:587} INFO - Filling up the DagBag from /opt/airflow/dags/trial.py
[2025-03-28T00:35:24.401+0000] {processor.py:925} INFO - DAG(s) 'trial' retrieved from /opt/airflow/dags/trial.py
[2025-03-28T00:35:24.417+0000] {logging_mixin.py:190} INFO - [2025-03-28T00:35:24.416+0000] {dag.py:3229} INFO - Sync 1 DAGs
[2025-03-28T00:35:24.436+0000] {logging_mixin.py:190} INFO - [2025-03-28T00:35:24.436+0000] {dag.py:4156} INFO - Setting next_dagrun for trial to 2025-03-26 02:30:00+00:00, run_after=2025-03-27 02:30:00+00:00
[2025-03-28T00:35:24.454+0000] {processor.py:208} INFO - Processing /opt/airflow/dags/trial.py took 0.087 seconds
[2025-03-28T00:35:54.706+0000] {processor.py:186} INFO - Started process (PID=20080) to work on /opt/airflow/dags/trial.py
[2025-03-28T00:35:54.707+0000] {processor.py:914} INFO - Processing file /opt/airflow/dags/trial.py for tasks to queue
[2025-03-28T00:35:54.708+0000] {logging_mixin.py:190} INFO - [2025-03-28T00:35:54.708+0000] {dagbag.py:587} INFO - Filling up the DagBag from /opt/airflow/dags/trial.py
[2025-03-28T00:35:54.735+0000] {processor.py:925} INFO - DAG(s) 'trial' retrieved from /opt/airflow/dags/trial.py
[2025-03-28T00:35:54.756+0000] {logging_mixin.py:190} INFO - [2025-03-28T00:35:54.755+0000] {dag.py:3229} INFO - Sync 1 DAGs
[2025-03-28T00:35:54.777+0000] {logging_mixin.py:190} INFO - [2025-03-28T00:35:54.777+0000] {dag.py:4156} INFO - Setting next_dagrun for trial to 2025-03-26 02:30:00+00:00, run_after=2025-03-27 02:30:00+00:00
[2025-03-28T00:35:54.792+0000] {processor.py:208} INFO - Processing /opt/airflow/dags/trial.py took 0.092 seconds
[2025-03-28T00:36:25.463+0000] {processor.py:186} INFO - Started process (PID=20116) to work on /opt/airflow/dags/trial.py
[2025-03-28T00:36:25.464+0000] {processor.py:914} INFO - Processing file /opt/airflow/dags/trial.py for tasks to queue
[2025-03-28T00:36:25.465+0000] {logging_mixin.py:190} INFO - [2025-03-28T00:36:25.464+0000] {dagbag.py:587} INFO - Filling up the DagBag from /opt/airflow/dags/trial.py
[2025-03-28T00:36:25.489+0000] {processor.py:925} INFO - DAG(s) 'trial' retrieved from /opt/airflow/dags/trial.py
[2025-03-28T00:36:25.513+0000] {logging_mixin.py:190} INFO - [2025-03-28T00:36:25.512+0000] {dag.py:3229} INFO - Sync 1 DAGs
[2025-03-28T00:36:25.535+0000] {logging_mixin.py:190} INFO - [2025-03-28T00:36:25.534+0000] {dag.py:4156} INFO - Setting next_dagrun for trial to 2025-03-26 02:30:00+00:00, run_after=2025-03-27 02:30:00+00:00
[2025-03-28T00:36:25.721+0000] {processor.py:208} INFO - Processing /opt/airflow/dags/trial.py took 0.263 seconds
[2025-03-28T00:36:56.384+0000] {processor.py:186} INFO - Started process (PID=20152) to work on /opt/airflow/dags/trial.py
[2025-03-28T00:36:56.385+0000] {processor.py:914} INFO - Processing file /opt/airflow/dags/trial.py for tasks to queue
[2025-03-28T00:36:56.386+0000] {logging_mixin.py:190} INFO - [2025-03-28T00:36:56.386+0000] {dagbag.py:587} INFO - Filling up the DagBag from /opt/airflow/dags/trial.py
[2025-03-28T00:36:56.411+0000] {processor.py:925} INFO - DAG(s) 'trial' retrieved from /opt/airflow/dags/trial.py
[2025-03-28T00:36:56.425+0000] {logging_mixin.py:190} INFO - [2025-03-28T00:36:56.424+0000] {dag.py:3229} INFO - Sync 1 DAGs
[2025-03-28T00:36:56.444+0000] {logging_mixin.py:190} INFO - [2025-03-28T00:36:56.443+0000] {dag.py:4156} INFO - Setting next_dagrun for trial to 2025-03-26 02:30:00+00:00, run_after=2025-03-27 02:30:00+00:00
[2025-03-28T00:36:56.462+0000] {processor.py:208} INFO - Processing /opt/airflow/dags/trial.py took 0.083 seconds
[2025-03-28T00:37:27.031+0000] {processor.py:186} INFO - Started process (PID=20188) to work on /opt/airflow/dags/trial.py
[2025-03-28T00:37:27.033+0000] {processor.py:914} INFO - Processing file /opt/airflow/dags/trial.py for tasks to queue
[2025-03-28T00:37:27.034+0000] {logging_mixin.py:190} INFO - [2025-03-28T00:37:27.034+0000] {dagbag.py:587} INFO - Filling up the DagBag from /opt/airflow/dags/trial.py
[2025-03-28T00:37:27.063+0000] {processor.py:925} INFO - DAG(s) 'trial' retrieved from /opt/airflow/dags/trial.py
[2025-03-28T00:37:27.080+0000] {logging_mixin.py:190} INFO - [2025-03-28T00:37:27.079+0000] {dag.py:3229} INFO - Sync 1 DAGs
[2025-03-28T00:37:27.100+0000] {logging_mixin.py:190} INFO - [2025-03-28T00:37:27.100+0000] {dag.py:4156} INFO - Setting next_dagrun for trial to 2025-03-26 02:30:00+00:00, run_after=2025-03-27 02:30:00+00:00
[2025-03-28T00:37:27.117+0000] {processor.py:208} INFO - Processing /opt/airflow/dags/trial.py took 0.091 seconds
[2025-03-28T00:37:57.358+0000] {processor.py:186} INFO - Started process (PID=20224) to work on /opt/airflow/dags/trial.py
[2025-03-28T00:37:57.359+0000] {processor.py:914} INFO - Processing file /opt/airflow/dags/trial.py for tasks to queue
[2025-03-28T00:37:57.362+0000] {logging_mixin.py:190} INFO - [2025-03-28T00:37:57.362+0000] {dagbag.py:587} INFO - Filling up the DagBag from /opt/airflow/dags/trial.py
[2025-03-28T00:37:57.412+0000] {processor.py:925} INFO - DAG(s) 'trial' retrieved from /opt/airflow/dags/trial.py
[2025-03-28T00:37:57.431+0000] {logging_mixin.py:190} INFO - [2025-03-28T00:37:57.430+0000] {dag.py:3229} INFO - Sync 1 DAGs
[2025-03-28T00:37:57.457+0000] {logging_mixin.py:190} INFO - [2025-03-28T00:37:57.457+0000] {dag.py:4156} INFO - Setting next_dagrun for trial to 2025-03-26 02:30:00+00:00, run_after=2025-03-27 02:30:00+00:00
[2025-03-28T00:37:57.479+0000] {processor.py:208} INFO - Processing /opt/airflow/dags/trial.py took 0.130 seconds
[2025-03-28T04:28:04.960+0000] {processor.py:186} INFO - Started process (PID=20264) to work on /opt/airflow/dags/trial.py
[2025-03-28T04:28:04.962+0000] {processor.py:914} INFO - Processing file /opt/airflow/dags/trial.py for tasks to queue
[2025-03-28T04:28:04.965+0000] {logging_mixin.py:190} INFO - [2025-03-28T04:28:04.964+0000] {dagbag.py:587} INFO - Filling up the DagBag from /opt/airflow/dags/trial.py
[2025-03-28T04:28:05.004+0000] {processor.py:925} INFO - DAG(s) 'trial' retrieved from /opt/airflow/dags/trial.py
[2025-03-28T04:28:05.027+0000] {logging_mixin.py:190} INFO - [2025-03-28T04:28:05.025+0000] {dag.py:3229} INFO - Sync 1 DAGs
[2025-03-28T04:28:05.060+0000] {logging_mixin.py:190} INFO - [2025-03-28T04:28:05.060+0000] {dag.py:4156} INFO - Setting next_dagrun for trial to 2025-03-27 02:30:00+00:00, run_after=2025-03-28 02:30:00+00:00
[2025-03-28T04:28:05.084+0000] {processor.py:208} INFO - Processing /opt/airflow/dags/trial.py took 0.133 seconds
[2025-03-28T04:28:36.198+0000] {processor.py:186} INFO - Started process (PID=20298) to work on /opt/airflow/dags/trial.py
[2025-03-28T04:28:36.200+0000] {processor.py:914} INFO - Processing file /opt/airflow/dags/trial.py for tasks to queue
[2025-03-28T04:28:36.202+0000] {logging_mixin.py:190} INFO - [2025-03-28T04:28:36.201+0000] {dagbag.py:587} INFO - Filling up the DagBag from /opt/airflow/dags/trial.py
[2025-03-28T04:28:36.245+0000] {processor.py:925} INFO - DAG(s) 'trial' retrieved from /opt/airflow/dags/trial.py
[2025-03-28T04:28:36.275+0000] {logging_mixin.py:190} INFO - [2025-03-28T04:28:36.274+0000] {dag.py:3229} INFO - Sync 1 DAGs
[2025-03-28T04:28:36.306+0000] {logging_mixin.py:190} INFO - [2025-03-28T04:28:36.306+0000] {dag.py:4156} INFO - Setting next_dagrun for trial to 2025-03-27 02:30:00+00:00, run_after=2025-03-28 02:30:00+00:00
[2025-03-28T04:28:36.333+0000] {processor.py:208} INFO - Processing /opt/airflow/dags/trial.py took 0.143 seconds
[2025-03-28T04:29:07.067+0000] {processor.py:186} INFO - Started process (PID=20342) to work on /opt/airflow/dags/trial.py
[2025-03-28T04:29:07.069+0000] {processor.py:914} INFO - Processing file /opt/airflow/dags/trial.py for tasks to queue
[2025-03-28T04:29:07.073+0000] {logging_mixin.py:190} INFO - [2025-03-28T04:29:07.072+0000] {dagbag.py:587} INFO - Filling up the DagBag from /opt/airflow/dags/trial.py
[2025-03-28T04:29:07.133+0000] {processor.py:925} INFO - DAG(s) 'trial' retrieved from /opt/airflow/dags/trial.py
[2025-03-28T04:29:07.156+0000] {logging_mixin.py:190} INFO - [2025-03-28T04:29:07.154+0000] {dag.py:3229} INFO - Sync 1 DAGs
[2025-03-28T04:29:07.179+0000] {logging_mixin.py:190} INFO - [2025-03-28T04:29:07.179+0000] {dag.py:4156} INFO - Setting next_dagrun for trial to 2025-03-27 02:30:00+00:00, run_after=2025-03-28 02:30:00+00:00
[2025-03-28T04:29:07.198+0000] {processor.py:208} INFO - Processing /opt/airflow/dags/trial.py took 0.139 seconds
[2025-03-28T04:29:37.986+0000] {processor.py:186} INFO - Started process (PID=20378) to work on /opt/airflow/dags/trial.py
[2025-03-28T04:29:37.988+0000] {processor.py:914} INFO - Processing file /opt/airflow/dags/trial.py for tasks to queue
[2025-03-28T04:29:37.990+0000] {logging_mixin.py:190} INFO - [2025-03-28T04:29:37.990+0000] {dagbag.py:587} INFO - Filling up the DagBag from /opt/airflow/dags/trial.py
[2025-03-28T04:29:38.091+0000] {processor.py:925} INFO - DAG(s) 'trial' retrieved from /opt/airflow/dags/trial.py
[2025-03-28T04:29:38.127+0000] {logging_mixin.py:190} INFO - [2025-03-28T04:29:38.126+0000] {dag.py:3229} INFO - Sync 1 DAGs
[2025-03-28T04:29:38.175+0000] {logging_mixin.py:190} INFO - [2025-03-28T04:29:38.175+0000] {dag.py:4156} INFO - Setting next_dagrun for trial to 2025-03-27 02:30:00+00:00, run_after=2025-03-28 02:30:00+00:00
[2025-03-28T04:29:38.206+0000] {processor.py:208} INFO - Processing /opt/airflow/dags/trial.py took 0.240 seconds
