[2025-04-17T12:01:37.889+0000] {local_task_job_runner.py:123} INFO - ::group::Pre task execution logs
[2025-04-17T12:01:37.905+0000] {taskinstance.py:2612} INFO - Dependencies all met for dep_context=non-requeueable deps ti=<TaskInstance: medium_to_pinecone.create_pinecone_index manual__2025-04-17T12:00:35.731391+00:00 [queued]>
[2025-04-17T12:01:37.913+0000] {taskinstance.py:2612} INFO - Dependencies all met for dep_context=requeueable deps ti=<TaskInstance: medium_to_pinecone.create_pinecone_index manual__2025-04-17T12:00:35.731391+00:00 [queued]>
[2025-04-17T12:01:37.914+0000] {taskinstance.py:2865} INFO - Starting attempt 1 of 2
[2025-04-17T12:01:37.930+0000] {taskinstance.py:2888} INFO - Executing <Task(PythonOperator): create_pinecone_index> on 2025-04-17 12:00:35.731391+00:00
[2025-04-17T12:01:37.968+0000] {logging_mixin.py:190} WARNING - /home/***/.local/lib/python3.12/site-packages/***/task/task_runner/standard_task_runner.py:70 DeprecationWarning: This process (pid=487) is multi-threaded, use of fork() may lead to deadlocks in the child.
[2025-04-17T12:01:37.968+0000] {standard_task_runner.py:104} INFO - Running: ['***', 'tasks', 'run', 'medium_to_pinecone', 'create_pinecone_index', 'manual__2025-04-17T12:00:35.731391+00:00', '--job-id', '100', '--raw', '--subdir', 'DAGS_FOLDER/medium_to_pinecone_dag.py', '--cfg-path', '/tmp/tmpxx72z27d']
[2025-04-17T12:01:37.972+0000] {standard_task_runner.py:72} INFO - Started process 506 to run task
[2025-04-17T12:01:37.976+0000] {standard_task_runner.py:105} INFO - Job 100: Subtask create_pinecone_index
[2025-04-17T12:01:38.024+0000] {task_command.py:467} INFO - Running <TaskInstance: medium_to_pinecone.create_pinecone_index manual__2025-04-17T12:00:35.731391+00:00 [running]> on host c4a090d2ac67
[2025-04-17T12:01:38.082+0000] {taskinstance.py:3131} INFO - Exporting env vars: AIRFLOW_CTX_DAG_OWNER='***' AIRFLOW_CTX_DAG_ID='medium_to_pinecone' AIRFLOW_CTX_TASK_ID='create_pinecone_index' AIRFLOW_CTX_EXECUTION_DATE='2025-04-17T12:00:35.731391+00:00' AIRFLOW_CTX_TRY_NUMBER='1' AIRFLOW_CTX_DAG_RUN_ID='manual__2025-04-17T12:00:35.731391+00:00'
[2025-04-17T12:01:38.083+0000] {taskinstance.py:731} INFO - ::endgroup::
[2025-04-17T12:01:38.104+0000] {taskinstance.py:3310} ERROR - Task failed with exception
Traceback (most recent call last):
  File "/home/airflow/.local/lib/python3.12/site-packages/airflow/models/taskinstance.py", line 767, in _execute_task
    result = _execute_callable(context=context, **execute_callable_kwargs)
             ^^^^^^^^^^^^^^^^^^^^^^^^^^^^^^^^^^^^^^^^^^^^^^^^^^^^^^^^^^^^^
  File "/home/airflow/.local/lib/python3.12/site-packages/airflow/models/taskinstance.py", line 733, in _execute_callable
    return ExecutionCallableRunner(
           ^^^^^^^^^^^^^^^^^^^^^^^^
  File "/home/airflow/.local/lib/python3.12/site-packages/airflow/utils/operator_helpers.py", line 252, in run
    return self.func(*args, **kwargs)
           ^^^^^^^^^^^^^^^^^^^^^^^^^^
  File "/home/airflow/.local/lib/python3.12/site-packages/airflow/models/baseoperator.py", line 406, in wrapper
    return func(self, *args, **kwargs)
           ^^^^^^^^^^^^^^^^^^^^^^^^^^^
  File "/home/airflow/.local/lib/python3.12/site-packages/airflow/operators/python.py", line 238, in execute
    return_value = self.execute_callable()
                   ^^^^^^^^^^^^^^^^^^^^^^^
  File "/home/airflow/.local/lib/python3.12/site-packages/airflow/operators/python.py", line 256, in execute_callable
    return runner.run(*self.op_args, **self.op_kwargs)
           ^^^^^^^^^^^^^^^^^^^^^^^^^^^^^^^^^^^^^^^^^^^
  File "/home/airflow/.local/lib/python3.12/site-packages/airflow/utils/operator_helpers.py", line 252, in run
    return self.func(*args, **kwargs)
           ^^^^^^^^^^^^^^^^^^^^^^^^^^
  File "/opt/airflow/dags/medium_to_pinecone_dag.py", line 40, in setup_pinecone_index
    pinecone.init(api_key=Variable.get("PINECONE_API_KEY"), environment="gcp-starter")  # or your region
    ^^^^^^^^^^^^^^^^^^^^^^^^^^^^^^^^^^^^^^^^^^^^^^^^^^^^^^^^^^^^^^^^^^^^^^^^^^^^^^^^^^
  File "/home/airflow/.local/lib/python3.12/site-packages/pinecone/deprecation_warnings.py", line 38, in init
    raise AttributeError(msg)
AttributeError: init is no longer a top-level attribute of the pinecone package.

Please create an instance of the Pinecone class instead.

Example:

    import os
    from pinecone import Pinecone, ServerlessSpec

    pc = Pinecone(
        api_key=os.environ.get("PINECONE_API_KEY")
    )

    # Now do stuff
    if 'my_index' not in pc.list_indexes().names():
        pc.create_index(
            name='my_index', 
            dimension=1536, 
            metric='euclidean',
            spec=ServerlessSpec(
                cloud='aws',
                region='us-west-2'
            )
        )


[2025-04-17T12:01:38.118+0000] {taskinstance.py:1225} INFO - Marking task as UP_FOR_RETRY. dag_id=medium_to_pinecone, task_id=create_pinecone_index, run_id=manual__2025-04-17T12:00:35.731391+00:00, execution_date=20250417T120035, start_date=20250417T120137, end_date=20250417T120138
[2025-04-17T12:01:38.154+0000] {taskinstance.py:340} INFO - ::group::Post task execution logs
[2025-04-17T12:01:38.164+0000] {standard_task_runner.py:124} ERROR - Failed to execute job 100 for task create_pinecone_index (init is no longer a top-level attribute of the pinecone package.

Please create an instance of the Pinecone class instead.

Example:

    import os
    from pinecone import Pinecone, ServerlessSpec

    pc = Pinecone(
        api_key=os.environ.get("PINECONE_API_KEY")
    )

    # Now do stuff
    if 'my_index' not in pc.list_indexes().names():
        pc.create_index(
            name='my_index', 
            dimension=1536, 
            metric='euclidean',
            spec=ServerlessSpec(
                cloud='aws',
                region='us-west-2'
            )
        )

; 506)
Traceback (most recent call last):
  File "/home/airflow/.local/lib/python3.12/site-packages/airflow/task/task_runner/standard_task_runner.py", line 117, in _start_by_fork
    ret = args.func(args, dag=self.dag)
          ^^^^^^^^^^^^^^^^^^^^^^^^^^^^^
  File "/home/airflow/.local/lib/python3.12/site-packages/airflow/cli/cli_config.py", line 49, in command
    return func(*args, **kwargs)
           ^^^^^^^^^^^^^^^^^^^^^
  File "/home/airflow/.local/lib/python3.12/site-packages/airflow/utils/cli.py", line 115, in wrapper
    return f(*args, **kwargs)
           ^^^^^^^^^^^^^^^^^^
  File "/home/airflow/.local/lib/python3.12/site-packages/airflow/cli/commands/task_command.py", line 483, in task_run
    task_return_code = _run_task_by_selected_method(args, _dag, ti)
                       ^^^^^^^^^^^^^^^^^^^^^^^^^^^^^^^^^^^^^^^^^^^^
  File "/home/airflow/.local/lib/python3.12/site-packages/airflow/cli/commands/task_command.py", line 256, in _run_task_by_selected_method
    return _run_raw_task(args, ti)
           ^^^^^^^^^^^^^^^^^^^^^^^
  File "/home/airflow/.local/lib/python3.12/site-packages/airflow/cli/commands/task_command.py", line 341, in _run_raw_task
    return ti._run_raw_task(
           ^^^^^^^^^^^^^^^^^
  File "/home/airflow/.local/lib/python3.12/site-packages/airflow/utils/session.py", line 97, in wrapper
    return func(*args, session=session, **kwargs)
           ^^^^^^^^^^^^^^^^^^^^^^^^^^^^^^^^^^^^^^
  File "/home/airflow/.local/lib/python3.12/site-packages/airflow/models/taskinstance.py", line 3004, in _run_raw_task
    return _run_raw_task(
           ^^^^^^^^^^^^^^
  File "/home/airflow/.local/lib/python3.12/site-packages/airflow/models/taskinstance.py", line 273, in _run_raw_task
    TaskInstance._execute_task_with_callbacks(
  File "/home/airflow/.local/lib/python3.12/site-packages/airflow/models/taskinstance.py", line 3158, in _execute_task_with_callbacks
    result = self._execute_task(context, task_orig)
             ^^^^^^^^^^^^^^^^^^^^^^^^^^^^^^^^^^^^^^
  File "/home/airflow/.local/lib/python3.12/site-packages/airflow/models/taskinstance.py", line 3182, in _execute_task
    return _execute_task(self, context, task_orig)
           ^^^^^^^^^^^^^^^^^^^^^^^^^^^^^^^^^^^^^^^
  File "/home/airflow/.local/lib/python3.12/site-packages/airflow/models/taskinstance.py", line 767, in _execute_task
    result = _execute_callable(context=context, **execute_callable_kwargs)
             ^^^^^^^^^^^^^^^^^^^^^^^^^^^^^^^^^^^^^^^^^^^^^^^^^^^^^^^^^^^^^
  File "/home/airflow/.local/lib/python3.12/site-packages/airflow/models/taskinstance.py", line 733, in _execute_callable
    return ExecutionCallableRunner(
           ^^^^^^^^^^^^^^^^^^^^^^^^
  File "/home/airflow/.local/lib/python3.12/site-packages/airflow/utils/operator_helpers.py", line 252, in run
    return self.func(*args, **kwargs)
           ^^^^^^^^^^^^^^^^^^^^^^^^^^
  File "/home/airflow/.local/lib/python3.12/site-packages/airflow/models/baseoperator.py", line 406, in wrapper
    return func(self, *args, **kwargs)
           ^^^^^^^^^^^^^^^^^^^^^^^^^^^
  File "/home/airflow/.local/lib/python3.12/site-packages/airflow/operators/python.py", line 238, in execute
    return_value = self.execute_callable()
                   ^^^^^^^^^^^^^^^^^^^^^^^
  File "/home/airflow/.local/lib/python3.12/site-packages/airflow/operators/python.py", line 256, in execute_callable
    return runner.run(*self.op_args, **self.op_kwargs)
           ^^^^^^^^^^^^^^^^^^^^^^^^^^^^^^^^^^^^^^^^^^^
  File "/home/airflow/.local/lib/python3.12/site-packages/airflow/utils/operator_helpers.py", line 252, in run
    return self.func(*args, **kwargs)
           ^^^^^^^^^^^^^^^^^^^^^^^^^^
  File "/opt/airflow/dags/medium_to_pinecone_dag.py", line 40, in setup_pinecone_index
    pinecone.init(api_key=Variable.get("PINECONE_API_KEY"), environment="gcp-starter")  # or your region
    ^^^^^^^^^^^^^^^^^^^^^^^^^^^^^^^^^^^^^^^^^^^^^^^^^^^^^^^^^^^^^^^^^^^^^^^^^^^^^^^^^^
  File "/home/airflow/.local/lib/python3.12/site-packages/pinecone/deprecation_warnings.py", line 38, in init
    raise AttributeError(msg)
AttributeError: init is no longer a top-level attribute of the pinecone package.

Please create an instance of the Pinecone class instead.

Example:

    import os
    from pinecone import Pinecone, ServerlessSpec

    pc = Pinecone(
        api_key=os.environ.get("PINECONE_API_KEY")
    )

    # Now do stuff
    if 'my_index' not in pc.list_indexes().names():
        pc.create_index(
            name='my_index', 
            dimension=1536, 
            metric='euclidean',
            spec=ServerlessSpec(
                cloud='aws',
                region='us-west-2'
            )
        )


[2025-04-17T12:01:38.193+0000] {local_task_job_runner.py:266} INFO - Task exited with return code 1
[2025-04-17T12:01:38.213+0000] {taskinstance.py:3900} INFO - 0 downstream tasks scheduled from follow-on schedule check
[2025-04-17T12:01:38.214+0000] {local_task_job_runner.py:245} INFO - ::endgroup::
