[2025-03-26T10:43:10.071+0000] {local_task_job_runner.py:123} INFO - ::group::Pre task execution logs
[2025-03-26T10:43:10.090+0000] {taskinstance.py:2612} INFO - Dependencies all met for dep_context=non-requeueable deps ti=<TaskInstance: elt_snowflake_optimized.elt_process manual__2025-03-26T10:43:07.924833+00:00 [queued]>
[2025-03-26T10:43:10.098+0000] {taskinstance.py:2612} INFO - Dependencies all met for dep_context=requeueable deps ti=<TaskInstance: elt_snowflake_optimized.elt_process manual__2025-03-26T10:43:07.924833+00:00 [queued]>
[2025-03-26T10:43:10.099+0000] {taskinstance.py:2865} INFO - Starting attempt 1 of 1
[2025-03-26T10:43:10.110+0000] {taskinstance.py:2888} INFO - Executing <Task(_PythonDecoratedOperator): elt_process> on 2025-03-26 10:43:07.924833+00:00
[2025-03-26T10:43:10.121+0000] {logging_mixin.py:190} WARNING - /home/***/.local/lib/python3.12/site-packages/***/task/task_runner/standard_task_runner.py:70 DeprecationWarning: This process (pid=11977) is multi-threaded, use of fork() may lead to deadlocks in the child.
[2025-03-26T10:43:10.123+0000] {standard_task_runner.py:72} INFO - Started process 11980 to run task
[2025-03-26T10:43:10.121+0000] {standard_task_runner.py:104} INFO - Running: ['***', 'tasks', 'run', 'elt_snowflake_optimized', 'elt_process', 'manual__2025-03-26T10:43:07.924833+00:00', '--job-id', '73', '--raw', '--subdir', 'DAGS_FOLDER/hw6.py', '--cfg-path', '/tmp/tmpi6zckyl2']
[2025-03-26T10:43:10.124+0000] {standard_task_runner.py:105} INFO - Job 73: Subtask elt_process
[2025-03-26T10:43:10.183+0000] {task_command.py:467} INFO - Running <TaskInstance: elt_snowflake_optimized.elt_process manual__2025-03-26T10:43:07.924833+00:00 [running]> on host b92f91406bc7
[2025-03-26T10:43:10.265+0000] {taskinstance.py:3131} INFO - Exporting env vars: AIRFLOW_CTX_DAG_OWNER='***' AIRFLOW_CTX_DAG_ID='elt_snowflake_optimized' AIRFLOW_CTX_TASK_ID='elt_process' AIRFLOW_CTX_EXECUTION_DATE='2025-03-26T10:43:07.924833+00:00' AIRFLOW_CTX_TRY_NUMBER='1' AIRFLOW_CTX_DAG_RUN_ID='manual__2025-03-26T10:43:07.924833+00:00'
[2025-03-26T10:43:10.266+0000] {taskinstance.py:731} INFO - ::endgroup::
[2025-03-26T10:43:10.278+0000] {base.py:84} INFO - Retrieving connection 'snowflake_conn1'
[2025-03-26T10:43:10.279+0000] {connection.py:413} INFO - Snowflake Connector for Python Version: 3.12.1, Python Version: 3.12.5, Platform: Linux-5.15.167.4-microsoft-standard-WSL2-x86_64-with-glibc2.36
[2025-03-26T10:43:10.280+0000] {connection.py:1196} INFO - Connecting to GLOBAL Snowflake domain
[2025-03-26T10:43:10.281+0000] {connection.py:1277} INFO - This connection is in OCSP Fail Open Mode. TLS Certificates would be checked for validity and revocation status. Any other Certificate Revocation related exceptions or OCSP Responder failures would be disregarded in favor of connectivity.
[2025-03-26T10:43:14.233+0000] {hw6.py:24} INFO - CREATE OR REPLACE TABLE dev.analytics.temp_session_summary AS 
            SELECT u.*, s.ts
            FROM dev.raw.user_session_channel u
            JOIN dev.raw.session_timestamp s ON u.sessionId = s.sessionId
        
[2025-03-26T10:43:16.270+0000] {cursor.py:1156} INFO - Number of results in first chunk: 1
[2025-03-26T10:43:16.272+0000] {hw6.py:36} INFO - 
                SELECT sessionId, COUNT(1) AS cnt 
                FROM dev.analytics.temp_session_summary
                GROUP BY 1
                HAVING COUNT(1) > 1
                LIMIT 1;
            
[2025-03-26T10:43:16.670+0000] {cursor.py:1156} INFO - Number of results in first chunk: 0
[2025-03-26T10:43:16.674+0000] {hw6.py:47} INFO - 
            CREATE TABLE IF NOT EXISTS dev.analytics.session_summary AS
            SELECT * FROM dev.analytics.temp_session_summary WHERE 1=0;
        
[2025-03-26T10:43:16.815+0000] {cursor.py:1156} INFO - Number of results in first chunk: 1
[2025-03-26T10:43:16.816+0000] {hw6.py:52} INFO - ALTER TABLE dev.analytics.session_summary SWAP WITH dev.analytics.temp_session_summary;
[2025-03-26T10:43:17.074+0000] {cursor.py:1156} INFO - Number of results in first chunk: 1
[2025-03-26T10:43:17.075+0000] {python.py:240} INFO - Done. Returned value was: None
[2025-03-26T10:43:17.095+0000] {taskinstance.py:340} INFO - ::group::Post task execution logs
[2025-03-26T10:43:17.097+0000] {taskinstance.py:352} INFO - Marking task as SUCCESS. dag_id=elt_snowflake_optimized, task_id=elt_process, run_id=manual__2025-03-26T10:43:07.924833+00:00, execution_date=20250326T104307, start_date=20250326T104310, end_date=20250326T104317
[2025-03-26T10:43:17.144+0000] {local_task_job_runner.py:266} INFO - Task exited with return code 0
[2025-03-26T10:43:17.160+0000] {taskinstance.py:3900} INFO - 0 downstream tasks scheduled from follow-on schedule check
[2025-03-26T10:43:17.162+0000] {local_task_job_runner.py:245} INFO - ::endgroup::
