[2025-04-17T12:29:35.456+0000] {local_task_job_runner.py:123} INFO - ::group::Pre task execution logs
[2025-04-17T12:29:35.469+0000] {taskinstance.py:2612} INFO - Dependencies all met for dep_context=non-requeueable deps ti=<TaskInstance: medium_to_pinecone.run_search manual__2025-04-17T12:28:30.259313+00:00 [queued]>
[2025-04-17T12:29:35.476+0000] {taskinstance.py:2612} INFO - Dependencies all met for dep_context=requeueable deps ti=<TaskInstance: medium_to_pinecone.run_search manual__2025-04-17T12:28:30.259313+00:00 [queued]>
[2025-04-17T12:29:35.477+0000] {taskinstance.py:2865} INFO - Starting attempt 1 of 2
[2025-04-17T12:29:35.487+0000] {taskinstance.py:2888} INFO - Executing <Task(PythonOperator): run_search> on 2025-04-17 12:28:30.259313+00:00
[2025-04-17T12:29:35.499+0000] {standard_task_runner.py:104} INFO - Running: ['***', 'tasks', 'run', 'medium_to_pinecone', 'run_search', 'manual__2025-04-17T12:28:30.259313+00:00', '--job-id', '117', '--raw', '--subdir', 'DAGS_FOLDER/medium_to_pinecone_dag.py', '--cfg-path', '/tmp/tmpbkbn9ijg']
[2025-04-17T12:29:35.502+0000] {standard_task_runner.py:105} INFO - Job 117: Subtask run_search
[2025-04-17T12:29:35.503+0000] {logging_mixin.py:190} WARNING - /home/***/.local/lib/python3.12/site-packages/***/task/task_runner/standard_task_runner.py:70 DeprecationWarning: This process (pid=526) is multi-threaded, use of fork() may lead to deadlocks in the child.
[2025-04-17T12:29:35.504+0000] {standard_task_runner.py:72} INFO - Started process 545 to run task
[2025-04-17T12:29:35.533+0000] {task_command.py:467} INFO - Running <TaskInstance: medium_to_pinecone.run_search manual__2025-04-17T12:28:30.259313+00:00 [running]> on host c4a090d2ac67
[2025-04-17T12:29:35.593+0000] {taskinstance.py:3131} INFO - Exporting env vars: AIRFLOW_CTX_DAG_OWNER='***' AIRFLOW_CTX_DAG_ID='medium_to_pinecone' AIRFLOW_CTX_TASK_ID='run_search' AIRFLOW_CTX_EXECUTION_DATE='2025-04-17T12:28:30.259313+00:00' AIRFLOW_CTX_TRY_NUMBER='1' AIRFLOW_CTX_DAG_RUN_ID='manual__2025-04-17T12:28:30.259313+00:00'
[2025-04-17T12:29:35.595+0000] {taskinstance.py:731} INFO - ::endgroup::
[2025-04-17T12:29:35.605+0000] {SentenceTransformer.py:107} INFO - Load pretrained SentenceTransformer: all-MiniLM-L6-v2
[2025-04-17T12:29:38.081+0000] {SentenceTransformer.py:213} INFO - Use pytorch device_name: cpu
[2025-04-17T12:29:38.087+0000] {logging_mixin.py:190} WARNING - Batches:   0%|          | 0/1 [00:00<?, ?it/s]
[2025-04-17T12:29:38.912+0000] {logging_mixin.py:190} WARNING - Batches: 100%|##########| 1/1 [00:00<00:00,  1.21it/s]
[2025-04-17T12:29:38.914+0000] {logging_mixin.py:190} WARNING - Batches: 100%|##########| 1/1 [00:00<00:00,  1.21it/s]
[2025-04-17T12:29:41.387+0000] {logging_mixin.py:190} INFO - Search results: {'matches': [{'id': '49', 'score': 0.427705646, 'values': []},
             {'id': '23', 'score': 0.413573116, 'values': []},
             {'id': '5', 'score': 0.38896969, 'values': []},
             {'id': '34', 'score': 0.382595837, 'values': []},
             {'id': '65', 'score': 0.380848885, 'values': []}],
 'namespace': '',
 'usage': {'read_units': 1}}
[2025-04-17T12:29:41.409+0000] {python.py:240} INFO - Done. Returned value was: None
[2025-04-17T12:29:41.425+0000] {taskinstance.py:340} INFO - ::group::Post task execution logs
[2025-04-17T12:29:41.426+0000] {taskinstance.py:352} INFO - Marking task as SUCCESS. dag_id=medium_to_pinecone, task_id=run_search, run_id=manual__2025-04-17T12:28:30.259313+00:00, execution_date=20250417T122830, start_date=20250417T122935, end_date=20250417T122941
[2025-04-17T12:29:41.478+0000] {local_task_job_runner.py:266} INFO - Task exited with return code 0
[2025-04-17T12:29:41.498+0000] {taskinstance.py:3900} INFO - 0 downstream tasks scheduled from follow-on schedule check
[2025-04-17T12:29:41.501+0000] {local_task_job_runner.py:245} INFO - ::endgroup::
