[2025-03-06T03:14:45.747+0000] {processor.py:186} INFO - Started process (PID=256) to work on /opt/airflow/dags/Homework_5.py
[2025-03-06T03:14:45.749+0000] {processor.py:914} INFO - Processing file /opt/airflow/dags/Homework_5.py for tasks to queue
[2025-03-06T03:14:45.754+0000] {logging_mixin.py:190} INFO - [2025-03-06T03:14:45.754+0000] {dagbag.py:587} INFO - Filling up the DagBag from /opt/airflow/dags/Homework_5.py
[2025-03-06T03:14:45.786+0000] {processor.py:925} INFO - DAG(s) 'stock_price_pipeline' retrieved from /opt/airflow/dags/Homework_5.py
[2025-03-06T03:14:45.925+0000] {logging_mixin.py:190} INFO - [2025-03-06T03:14:45.925+0000] {dag.py:3229} INFO - Sync 1 DAGs
[2025-03-06T03:14:45.947+0000] {logging_mixin.py:190} INFO - [2025-03-06T03:14:45.947+0000] {dag.py:4156} INFO - Setting next_dagrun for stock_price_pipeline to 2025-03-06 02:30:00+00:00, run_after=2025-03-07 02:30:00+00:00
[2025-03-06T03:14:45.968+0000] {processor.py:208} INFO - Processing /opt/airflow/dags/Homework_5.py took 0.229 seconds
[2025-03-06T03:15:16.188+0000] {processor.py:186} INFO - Started process (PID=295) to work on /opt/airflow/dags/Homework_5.py
[2025-03-06T03:15:16.190+0000] {processor.py:914} INFO - Processing file /opt/airflow/dags/Homework_5.py for tasks to queue
[2025-03-06T03:15:16.193+0000] {logging_mixin.py:190} INFO - [2025-03-06T03:15:16.193+0000] {dagbag.py:587} INFO - Filling up the DagBag from /opt/airflow/dags/Homework_5.py
[2025-03-06T03:15:16.222+0000] {processor.py:925} INFO - DAG(s) 'stock_price_pipeline' retrieved from /opt/airflow/dags/Homework_5.py
[2025-03-06T03:15:16.253+0000] {logging_mixin.py:190} INFO - [2025-03-06T03:15:16.253+0000] {dag.py:3229} INFO - Sync 1 DAGs
[2025-03-06T03:15:16.281+0000] {logging_mixin.py:190} INFO - [2025-03-06T03:15:16.280+0000] {dag.py:4156} INFO - Setting next_dagrun for stock_price_pipeline to 2025-03-06 02:30:00+00:00, run_after=2025-03-07 02:30:00+00:00
[2025-03-06T03:15:16.300+0000] {processor.py:208} INFO - Processing /opt/airflow/dags/Homework_5.py took 0.118 seconds
[2025-03-06T03:15:46.655+0000] {processor.py:186} INFO - Started process (PID=311) to work on /opt/airflow/dags/Homework_5.py
[2025-03-06T03:15:46.656+0000] {processor.py:914} INFO - Processing file /opt/airflow/dags/Homework_5.py for tasks to queue
[2025-03-06T03:15:46.659+0000] {logging_mixin.py:190} INFO - [2025-03-06T03:15:46.658+0000] {dagbag.py:587} INFO - Filling up the DagBag from /opt/airflow/dags/Homework_5.py
[2025-03-06T03:15:46.681+0000] {processor.py:925} INFO - DAG(s) 'stock_price_pipeline' retrieved from /opt/airflow/dags/Homework_5.py
[2025-03-06T03:15:46.705+0000] {logging_mixin.py:190} INFO - [2025-03-06T03:15:46.705+0000] {dag.py:3229} INFO - Sync 1 DAGs
[2025-03-06T03:15:46.727+0000] {logging_mixin.py:190} INFO - [2025-03-06T03:15:46.727+0000] {dag.py:4156} INFO - Setting next_dagrun for stock_price_pipeline to 2025-03-06 02:30:00+00:00, run_after=2025-03-07 02:30:00+00:00
[2025-03-06T03:15:46.745+0000] {processor.py:208} INFO - Processing /opt/airflow/dags/Homework_5.py took 0.095 seconds
[2025-03-06T03:16:17.061+0000] {processor.py:186} INFO - Started process (PID=327) to work on /opt/airflow/dags/Homework_5.py
[2025-03-06T03:16:17.062+0000] {processor.py:914} INFO - Processing file /opt/airflow/dags/Homework_5.py for tasks to queue
[2025-03-06T03:16:17.065+0000] {logging_mixin.py:190} INFO - [2025-03-06T03:16:17.065+0000] {dagbag.py:587} INFO - Filling up the DagBag from /opt/airflow/dags/Homework_5.py
[2025-03-06T03:16:17.084+0000] {processor.py:925} INFO - DAG(s) 'stock_price_pipeline' retrieved from /opt/airflow/dags/Homework_5.py
[2025-03-06T03:16:17.110+0000] {logging_mixin.py:190} INFO - [2025-03-06T03:16:17.109+0000] {dag.py:3229} INFO - Sync 1 DAGs
[2025-03-06T03:16:17.130+0000] {logging_mixin.py:190} INFO - [2025-03-06T03:16:17.130+0000] {dag.py:4156} INFO - Setting next_dagrun for stock_price_pipeline to 2025-03-06 02:30:00+00:00, run_after=2025-03-07 02:30:00+00:00
[2025-03-06T03:16:17.151+0000] {processor.py:208} INFO - Processing /opt/airflow/dags/Homework_5.py took 0.095 seconds
[2025-03-06T03:16:47.519+0000] {processor.py:186} INFO - Started process (PID=343) to work on /opt/airflow/dags/Homework_5.py
[2025-03-06T03:16:47.520+0000] {processor.py:914} INFO - Processing file /opt/airflow/dags/Homework_5.py for tasks to queue
[2025-03-06T03:16:47.522+0000] {logging_mixin.py:190} INFO - [2025-03-06T03:16:47.522+0000] {dagbag.py:587} INFO - Filling up the DagBag from /opt/airflow/dags/Homework_5.py
[2025-03-06T03:16:47.541+0000] {processor.py:925} INFO - DAG(s) 'stock_price_pipeline' retrieved from /opt/airflow/dags/Homework_5.py
[2025-03-06T03:16:47.568+0000] {logging_mixin.py:190} INFO - [2025-03-06T03:16:47.568+0000] {dag.py:3229} INFO - Sync 1 DAGs
[2025-03-06T03:16:47.590+0000] {logging_mixin.py:190} INFO - [2025-03-06T03:16:47.590+0000] {dag.py:4156} INFO - Setting next_dagrun for stock_price_pipeline to 2025-03-06 02:30:00+00:00, run_after=2025-03-07 02:30:00+00:00
[2025-03-06T03:16:47.607+0000] {processor.py:208} INFO - Processing /opt/airflow/dags/Homework_5.py took 0.093 seconds
[2025-03-06T03:17:17.919+0000] {processor.py:186} INFO - Started process (PID=359) to work on /opt/airflow/dags/Homework_5.py
[2025-03-06T03:17:17.920+0000] {processor.py:914} INFO - Processing file /opt/airflow/dags/Homework_5.py for tasks to queue
[2025-03-06T03:17:17.922+0000] {logging_mixin.py:190} INFO - [2025-03-06T03:17:17.922+0000] {dagbag.py:587} INFO - Filling up the DagBag from /opt/airflow/dags/Homework_5.py
[2025-03-06T03:17:17.944+0000] {processor.py:925} INFO - DAG(s) 'stock_price_pipeline' retrieved from /opt/airflow/dags/Homework_5.py
[2025-03-06T03:17:17.969+0000] {logging_mixin.py:190} INFO - [2025-03-06T03:17:17.968+0000] {dag.py:3229} INFO - Sync 1 DAGs
[2025-03-06T03:17:17.991+0000] {logging_mixin.py:190} INFO - [2025-03-06T03:17:17.991+0000] {dag.py:4156} INFO - Setting next_dagrun for stock_price_pipeline to 2025-03-06 02:30:00+00:00, run_after=2025-03-07 02:30:00+00:00
[2025-03-06T03:17:18.008+0000] {processor.py:208} INFO - Processing /opt/airflow/dags/Homework_5.py took 0.096 seconds
[2025-03-06T03:17:24.095+0000] {processor.py:186} INFO - Started process (PID=369) to work on /opt/airflow/dags/Homework_5.py
[2025-03-06T03:17:24.096+0000] {processor.py:914} INFO - Processing file /opt/airflow/dags/Homework_5.py for tasks to queue
[2025-03-06T03:17:24.098+0000] {logging_mixin.py:190} INFO - [2025-03-06T03:17:24.097+0000] {dagbag.py:587} INFO - Filling up the DagBag from /opt/airflow/dags/Homework_5.py
[2025-03-06T03:17:24.133+0000] {processor.py:925} INFO - DAG(s) 'stock_price_pipeline' retrieved from /opt/airflow/dags/Homework_5.py
[2025-03-06T03:17:24.155+0000] {logging_mixin.py:190} INFO - [2025-03-06T03:17:24.154+0000] {dag.py:3229} INFO - Sync 1 DAGs
[2025-03-06T03:17:24.178+0000] {logging_mixin.py:190} INFO - [2025-03-06T03:17:24.178+0000] {dag.py:4156} INFO - Setting next_dagrun for stock_price_pipeline to 2025-03-06 02:30:00+00:00, run_after=2025-03-07 02:30:00+00:00
[2025-03-06T03:17:24.196+0000] {processor.py:208} INFO - Processing /opt/airflow/dags/Homework_5.py took 0.105 seconds
[2025-03-06T03:17:54.530+0000] {processor.py:186} INFO - Started process (PID=385) to work on /opt/airflow/dags/Homework_5.py
[2025-03-06T03:17:54.532+0000] {processor.py:914} INFO - Processing file /opt/airflow/dags/Homework_5.py for tasks to queue
[2025-03-06T03:17:54.534+0000] {logging_mixin.py:190} INFO - [2025-03-06T03:17:54.534+0000] {dagbag.py:587} INFO - Filling up the DagBag from /opt/airflow/dags/Homework_5.py
[2025-03-06T03:17:54.552+0000] {processor.py:925} INFO - DAG(s) 'stock_price_pipeline' retrieved from /opt/airflow/dags/Homework_5.py
[2025-03-06T03:17:54.578+0000] {logging_mixin.py:190} INFO - [2025-03-06T03:17:54.578+0000] {dag.py:3229} INFO - Sync 1 DAGs
[2025-03-06T03:17:54.600+0000] {logging_mixin.py:190} INFO - [2025-03-06T03:17:54.599+0000] {dag.py:4156} INFO - Setting next_dagrun for stock_price_pipeline to 2025-03-06 02:30:00+00:00, run_after=2025-03-07 02:30:00+00:00
[2025-03-06T03:17:54.616+0000] {processor.py:208} INFO - Processing /opt/airflow/dags/Homework_5.py took 0.091 seconds
[2025-03-06T03:18:24.932+0000] {processor.py:186} INFO - Started process (PID=401) to work on /opt/airflow/dags/Homework_5.py
[2025-03-06T03:18:24.933+0000] {processor.py:914} INFO - Processing file /opt/airflow/dags/Homework_5.py for tasks to queue
[2025-03-06T03:18:24.935+0000] {logging_mixin.py:190} INFO - [2025-03-06T03:18:24.935+0000] {dagbag.py:587} INFO - Filling up the DagBag from /opt/airflow/dags/Homework_5.py
[2025-03-06T03:18:24.954+0000] {processor.py:925} INFO - DAG(s) 'stock_price_pipeline' retrieved from /opt/airflow/dags/Homework_5.py
[2025-03-06T03:18:24.980+0000] {logging_mixin.py:190} INFO - [2025-03-06T03:18:24.980+0000] {dag.py:3229} INFO - Sync 1 DAGs
[2025-03-06T03:18:25.004+0000] {logging_mixin.py:190} INFO - [2025-03-06T03:18:25.004+0000] {dag.py:4156} INFO - Setting next_dagrun for stock_price_pipeline to 2025-03-06 02:30:00+00:00, run_after=2025-03-07 02:30:00+00:00
[2025-03-06T03:18:25.022+0000] {processor.py:208} INFO - Processing /opt/airflow/dags/Homework_5.py took 0.095 seconds
[2025-03-06T03:18:55.352+0000] {processor.py:186} INFO - Started process (PID=417) to work on /opt/airflow/dags/Homework_5.py
[2025-03-06T03:18:55.352+0000] {processor.py:914} INFO - Processing file /opt/airflow/dags/Homework_5.py for tasks to queue
[2025-03-06T03:18:55.354+0000] {logging_mixin.py:190} INFO - [2025-03-06T03:18:55.354+0000] {dagbag.py:587} INFO - Filling up the DagBag from /opt/airflow/dags/Homework_5.py
[2025-03-06T03:18:55.371+0000] {processor.py:925} INFO - DAG(s) 'stock_price_pipeline' retrieved from /opt/airflow/dags/Homework_5.py
[2025-03-06T03:18:55.391+0000] {logging_mixin.py:190} INFO - [2025-03-06T03:18:55.390+0000] {dag.py:3229} INFO - Sync 1 DAGs
[2025-03-06T03:18:55.412+0000] {logging_mixin.py:190} INFO - [2025-03-06T03:18:55.412+0000] {dag.py:4156} INFO - Setting next_dagrun for stock_price_pipeline to 2025-03-06 02:30:00+00:00, run_after=2025-03-07 02:30:00+00:00
[2025-03-06T03:18:55.428+0000] {processor.py:208} INFO - Processing /opt/airflow/dags/Homework_5.py took 0.080 seconds
[2025-03-06T03:19:25.743+0000] {processor.py:186} INFO - Started process (PID=433) to work on /opt/airflow/dags/Homework_5.py
[2025-03-06T03:19:25.743+0000] {processor.py:914} INFO - Processing file /opt/airflow/dags/Homework_5.py for tasks to queue
[2025-03-06T03:19:25.745+0000] {logging_mixin.py:190} INFO - [2025-03-06T03:19:25.745+0000] {dagbag.py:587} INFO - Filling up the DagBag from /opt/airflow/dags/Homework_5.py
[2025-03-06T03:19:25.761+0000] {processor.py:925} INFO - DAG(s) 'stock_price_pipeline' retrieved from /opt/airflow/dags/Homework_5.py
[2025-03-06T03:19:25.782+0000] {logging_mixin.py:190} INFO - [2025-03-06T03:19:25.781+0000] {dag.py:3229} INFO - Sync 1 DAGs
[2025-03-06T03:19:25.800+0000] {logging_mixin.py:190} INFO - [2025-03-06T03:19:25.800+0000] {dag.py:4156} INFO - Setting next_dagrun for stock_price_pipeline to 2025-03-06 02:30:00+00:00, run_after=2025-03-07 02:30:00+00:00
[2025-03-06T03:19:25.816+0000] {processor.py:208} INFO - Processing /opt/airflow/dags/Homework_5.py took 0.078 seconds
[2025-03-06T03:19:56.165+0000] {processor.py:186} INFO - Started process (PID=449) to work on /opt/airflow/dags/Homework_5.py
[2025-03-06T03:19:56.166+0000] {processor.py:914} INFO - Processing file /opt/airflow/dags/Homework_5.py for tasks to queue
[2025-03-06T03:19:56.168+0000] {logging_mixin.py:190} INFO - [2025-03-06T03:19:56.167+0000] {dagbag.py:587} INFO - Filling up the DagBag from /opt/airflow/dags/Homework_5.py
[2025-03-06T03:19:56.183+0000] {processor.py:925} INFO - DAG(s) 'stock_price_pipeline' retrieved from /opt/airflow/dags/Homework_5.py
[2025-03-06T03:19:56.205+0000] {logging_mixin.py:190} INFO - [2025-03-06T03:19:56.204+0000] {dag.py:3229} INFO - Sync 1 DAGs
[2025-03-06T03:19:56.226+0000] {logging_mixin.py:190} INFO - [2025-03-06T03:19:56.225+0000] {dag.py:4156} INFO - Setting next_dagrun for stock_price_pipeline to 2025-03-06 02:30:00+00:00, run_after=2025-03-07 02:30:00+00:00
[2025-03-06T03:19:56.244+0000] {processor.py:208} INFO - Processing /opt/airflow/dags/Homework_5.py took 0.083 seconds
[2025-03-06T03:20:26.610+0000] {processor.py:186} INFO - Started process (PID=465) to work on /opt/airflow/dags/Homework_5.py
[2025-03-06T03:20:26.611+0000] {processor.py:914} INFO - Processing file /opt/airflow/dags/Homework_5.py for tasks to queue
[2025-03-06T03:20:26.613+0000] {logging_mixin.py:190} INFO - [2025-03-06T03:20:26.613+0000] {dagbag.py:587} INFO - Filling up the DagBag from /opt/airflow/dags/Homework_5.py
[2025-03-06T03:20:26.629+0000] {processor.py:925} INFO - DAG(s) 'stock_price_pipeline' retrieved from /opt/airflow/dags/Homework_5.py
[2025-03-06T03:20:26.654+0000] {logging_mixin.py:190} INFO - [2025-03-06T03:20:26.653+0000] {dag.py:3229} INFO - Sync 1 DAGs
[2025-03-06T03:20:26.675+0000] {logging_mixin.py:190} INFO - [2025-03-06T03:20:26.675+0000] {dag.py:4156} INFO - Setting next_dagrun for stock_price_pipeline to 2025-03-06 02:30:00+00:00, run_after=2025-03-07 02:30:00+00:00
[2025-03-06T03:20:26.696+0000] {processor.py:208} INFO - Processing /opt/airflow/dags/Homework_5.py took 0.091 seconds
[2025-03-06T03:20:57.012+0000] {processor.py:186} INFO - Started process (PID=480) to work on /opt/airflow/dags/Homework_5.py
[2025-03-06T03:20:57.013+0000] {processor.py:914} INFO - Processing file /opt/airflow/dags/Homework_5.py for tasks to queue
[2025-03-06T03:20:57.015+0000] {logging_mixin.py:190} INFO - [2025-03-06T03:20:57.015+0000] {dagbag.py:587} INFO - Filling up the DagBag from /opt/airflow/dags/Homework_5.py
[2025-03-06T03:20:57.048+0000] {processor.py:925} INFO - DAG(s) 'stock_price_pipeline' retrieved from /opt/airflow/dags/Homework_5.py
[2025-03-06T03:20:57.079+0000] {logging_mixin.py:190} INFO - [2025-03-06T03:20:57.079+0000] {dag.py:3229} INFO - Sync 1 DAGs
[2025-03-06T03:20:57.106+0000] {logging_mixin.py:190} INFO - [2025-03-06T03:20:57.106+0000] {dag.py:4156} INFO - Setting next_dagrun for stock_price_pipeline to 2025-03-06 02:30:00+00:00, run_after=2025-03-07 02:30:00+00:00
[2025-03-06T03:20:57.127+0000] {processor.py:208} INFO - Processing /opt/airflow/dags/Homework_5.py took 0.119 seconds
[2025-03-06T03:21:27.455+0000] {processor.py:186} INFO - Started process (PID=497) to work on /opt/airflow/dags/Homework_5.py
[2025-03-06T03:21:27.456+0000] {processor.py:914} INFO - Processing file /opt/airflow/dags/Homework_5.py for tasks to queue
[2025-03-06T03:21:27.459+0000] {logging_mixin.py:190} INFO - [2025-03-06T03:21:27.458+0000] {dagbag.py:587} INFO - Filling up the DagBag from /opt/airflow/dags/Homework_5.py
[2025-03-06T03:21:27.480+0000] {processor.py:925} INFO - DAG(s) 'stock_price_pipeline' retrieved from /opt/airflow/dags/Homework_5.py
[2025-03-06T03:21:27.507+0000] {logging_mixin.py:190} INFO - [2025-03-06T03:21:27.506+0000] {dag.py:3229} INFO - Sync 1 DAGs
[2025-03-06T03:21:27.528+0000] {logging_mixin.py:190} INFO - [2025-03-06T03:21:27.527+0000] {dag.py:4156} INFO - Setting next_dagrun for stock_price_pipeline to 2025-03-06 02:30:00+00:00, run_after=2025-03-07 02:30:00+00:00
[2025-03-06T03:21:27.544+0000] {processor.py:208} INFO - Processing /opt/airflow/dags/Homework_5.py took 0.095 seconds
[2025-03-06T03:21:57.884+0000] {processor.py:186} INFO - Started process (PID=519) to work on /opt/airflow/dags/Homework_5.py
[2025-03-06T03:21:57.885+0000] {processor.py:914} INFO - Processing file /opt/airflow/dags/Homework_5.py for tasks to queue
[2025-03-06T03:21:57.887+0000] {logging_mixin.py:190} INFO - [2025-03-06T03:21:57.887+0000] {dagbag.py:587} INFO - Filling up the DagBag from /opt/airflow/dags/Homework_5.py
[2025-03-06T03:21:57.904+0000] {processor.py:925} INFO - DAG(s) 'stock_price_pipeline' retrieved from /opt/airflow/dags/Homework_5.py
[2025-03-06T03:21:57.926+0000] {logging_mixin.py:190} INFO - [2025-03-06T03:21:57.925+0000] {dag.py:3229} INFO - Sync 1 DAGs
[2025-03-06T03:21:57.946+0000] {logging_mixin.py:190} INFO - [2025-03-06T03:21:57.946+0000] {dag.py:4156} INFO - Setting next_dagrun for stock_price_pipeline to 2025-03-06 02:30:00+00:00, run_after=2025-03-07 02:30:00+00:00
[2025-03-06T03:21:57.964+0000] {processor.py:208} INFO - Processing /opt/airflow/dags/Homework_5.py took 0.084 seconds
[2025-03-06T03:22:28.243+0000] {processor.py:186} INFO - Started process (PID=534) to work on /opt/airflow/dags/Homework_5.py
[2025-03-06T03:22:28.244+0000] {processor.py:914} INFO - Processing file /opt/airflow/dags/Homework_5.py for tasks to queue
[2025-03-06T03:22:28.247+0000] {logging_mixin.py:190} INFO - [2025-03-06T03:22:28.246+0000] {dagbag.py:587} INFO - Filling up the DagBag from /opt/airflow/dags/Homework_5.py
[2025-03-06T03:22:28.266+0000] {processor.py:925} INFO - DAG(s) 'stock_price_pipeline' retrieved from /opt/airflow/dags/Homework_5.py
[2025-03-06T03:22:28.295+0000] {logging_mixin.py:190} INFO - [2025-03-06T03:22:28.294+0000] {dag.py:3229} INFO - Sync 1 DAGs
[2025-03-06T03:22:28.314+0000] {logging_mixin.py:190} INFO - [2025-03-06T03:22:28.314+0000] {dag.py:4156} INFO - Setting next_dagrun for stock_price_pipeline to 2025-03-06 02:30:00+00:00, run_after=2025-03-07 02:30:00+00:00
[2025-03-06T03:22:28.332+0000] {processor.py:208} INFO - Processing /opt/airflow/dags/Homework_5.py took 0.095 seconds
[2025-03-06T03:22:58.673+0000] {processor.py:186} INFO - Started process (PID=550) to work on /opt/airflow/dags/Homework_5.py
[2025-03-06T03:22:58.674+0000] {processor.py:914} INFO - Processing file /opt/airflow/dags/Homework_5.py for tasks to queue
[2025-03-06T03:22:58.676+0000] {logging_mixin.py:190} INFO - [2025-03-06T03:22:58.676+0000] {dagbag.py:587} INFO - Filling up the DagBag from /opt/airflow/dags/Homework_5.py
[2025-03-06T03:22:58.692+0000] {processor.py:925} INFO - DAG(s) 'stock_price_pipeline' retrieved from /opt/airflow/dags/Homework_5.py
[2025-03-06T03:22:58.714+0000] {logging_mixin.py:190} INFO - [2025-03-06T03:22:58.714+0000] {dag.py:3229} INFO - Sync 1 DAGs
[2025-03-06T03:22:58.734+0000] {logging_mixin.py:190} INFO - [2025-03-06T03:22:58.734+0000] {dag.py:4156} INFO - Setting next_dagrun for stock_price_pipeline to 2025-03-06 02:30:00+00:00, run_after=2025-03-07 02:30:00+00:00
[2025-03-06T03:22:58.752+0000] {processor.py:208} INFO - Processing /opt/airflow/dags/Homework_5.py took 0.084 seconds
[2025-03-06T03:23:29.076+0000] {processor.py:186} INFO - Started process (PID=566) to work on /opt/airflow/dags/Homework_5.py
[2025-03-06T03:23:29.077+0000] {processor.py:914} INFO - Processing file /opt/airflow/dags/Homework_5.py for tasks to queue
[2025-03-06T03:23:29.079+0000] {logging_mixin.py:190} INFO - [2025-03-06T03:23:29.079+0000] {dagbag.py:587} INFO - Filling up the DagBag from /opt/airflow/dags/Homework_5.py
[2025-03-06T03:23:29.095+0000] {processor.py:925} INFO - DAG(s) 'stock_price_pipeline' retrieved from /opt/airflow/dags/Homework_5.py
[2025-03-06T03:23:29.116+0000] {logging_mixin.py:190} INFO - [2025-03-06T03:23:29.115+0000] {dag.py:3229} INFO - Sync 1 DAGs
[2025-03-06T03:23:29.137+0000] {logging_mixin.py:190} INFO - [2025-03-06T03:23:29.136+0000] {dag.py:4156} INFO - Setting next_dagrun for stock_price_pipeline to 2025-03-06 02:30:00+00:00, run_after=2025-03-07 02:30:00+00:00
[2025-03-06T03:23:29.155+0000] {processor.py:208} INFO - Processing /opt/airflow/dags/Homework_5.py took 0.084 seconds
[2025-03-06T03:23:59.503+0000] {processor.py:186} INFO - Started process (PID=582) to work on /opt/airflow/dags/Homework_5.py
[2025-03-06T03:23:59.504+0000] {processor.py:914} INFO - Processing file /opt/airflow/dags/Homework_5.py for tasks to queue
[2025-03-06T03:23:59.506+0000] {logging_mixin.py:190} INFO - [2025-03-06T03:23:59.505+0000] {dagbag.py:587} INFO - Filling up the DagBag from /opt/airflow/dags/Homework_5.py
[2025-03-06T03:23:59.542+0000] {processor.py:925} INFO - DAG(s) 'stock_price_pipeline' retrieved from /opt/airflow/dags/Homework_5.py
[2025-03-06T03:23:59.567+0000] {logging_mixin.py:190} INFO - [2025-03-06T03:23:59.566+0000] {dag.py:3229} INFO - Sync 1 DAGs
[2025-03-06T03:23:59.588+0000] {logging_mixin.py:190} INFO - [2025-03-06T03:23:59.588+0000] {dag.py:4156} INFO - Setting next_dagrun for stock_price_pipeline to 2025-03-06 02:30:00+00:00, run_after=2025-03-07 02:30:00+00:00
[2025-03-06T03:23:59.607+0000] {processor.py:208} INFO - Processing /opt/airflow/dags/Homework_5.py took 0.109 seconds
[2025-03-06T03:24:29.956+0000] {processor.py:186} INFO - Started process (PID=598) to work on /opt/airflow/dags/Homework_5.py
[2025-03-06T03:24:29.957+0000] {processor.py:914} INFO - Processing file /opt/airflow/dags/Homework_5.py for tasks to queue
[2025-03-06T03:24:29.960+0000] {logging_mixin.py:190} INFO - [2025-03-06T03:24:29.959+0000] {dagbag.py:587} INFO - Filling up the DagBag from /opt/airflow/dags/Homework_5.py
[2025-03-06T03:24:29.980+0000] {processor.py:925} INFO - DAG(s) 'stock_price_pipeline' retrieved from /opt/airflow/dags/Homework_5.py
[2025-03-06T03:24:30.002+0000] {logging_mixin.py:190} INFO - [2025-03-06T03:24:30.001+0000] {dag.py:3229} INFO - Sync 1 DAGs
[2025-03-06T03:24:30.024+0000] {logging_mixin.py:190} INFO - [2025-03-06T03:24:30.024+0000] {dag.py:4156} INFO - Setting next_dagrun for stock_price_pipeline to 2025-03-06 02:30:00+00:00, run_after=2025-03-07 02:30:00+00:00
[2025-03-06T03:24:30.043+0000] {processor.py:208} INFO - Processing /opt/airflow/dags/Homework_5.py took 0.091 seconds
[2025-03-06T03:25:00.342+0000] {processor.py:186} INFO - Started process (PID=615) to work on /opt/airflow/dags/Homework_5.py
[2025-03-06T03:25:00.344+0000] {processor.py:914} INFO - Processing file /opt/airflow/dags/Homework_5.py for tasks to queue
[2025-03-06T03:25:00.347+0000] {logging_mixin.py:190} INFO - [2025-03-06T03:25:00.346+0000] {dagbag.py:587} INFO - Filling up the DagBag from /opt/airflow/dags/Homework_5.py
[2025-03-06T03:25:00.373+0000] {processor.py:925} INFO - DAG(s) 'stock_price_pipeline' retrieved from /opt/airflow/dags/Homework_5.py
[2025-03-06T03:25:00.401+0000] {logging_mixin.py:190} INFO - [2025-03-06T03:25:00.400+0000] {dag.py:3229} INFO - Sync 1 DAGs
[2025-03-06T03:25:00.422+0000] {logging_mixin.py:190} INFO - [2025-03-06T03:25:00.422+0000] {dag.py:4156} INFO - Setting next_dagrun for stock_price_pipeline to 2025-03-06 02:30:00+00:00, run_after=2025-03-07 02:30:00+00:00
[2025-03-06T03:25:00.438+0000] {processor.py:208} INFO - Processing /opt/airflow/dags/Homework_5.py took 0.104 seconds
[2025-03-06T03:25:30.746+0000] {processor.py:186} INFO - Started process (PID=631) to work on /opt/airflow/dags/Homework_5.py
[2025-03-06T03:25:30.747+0000] {processor.py:914} INFO - Processing file /opt/airflow/dags/Homework_5.py for tasks to queue
[2025-03-06T03:25:30.750+0000] {logging_mixin.py:190} INFO - [2025-03-06T03:25:30.749+0000] {dagbag.py:587} INFO - Filling up the DagBag from /opt/airflow/dags/Homework_5.py
[2025-03-06T03:25:30.771+0000] {processor.py:925} INFO - DAG(s) 'stock_price_pipeline' retrieved from /opt/airflow/dags/Homework_5.py
[2025-03-06T03:25:30.796+0000] {logging_mixin.py:190} INFO - [2025-03-06T03:25:30.795+0000] {dag.py:3229} INFO - Sync 1 DAGs
[2025-03-06T03:25:30.817+0000] {logging_mixin.py:190} INFO - [2025-03-06T03:25:30.817+0000] {dag.py:4156} INFO - Setting next_dagrun for stock_price_pipeline to 2025-03-06 02:30:00+00:00, run_after=2025-03-07 02:30:00+00:00
[2025-03-06T03:25:30.838+0000] {processor.py:208} INFO - Processing /opt/airflow/dags/Homework_5.py took 0.100 seconds
[2025-03-06T03:26:01.121+0000] {processor.py:186} INFO - Started process (PID=647) to work on /opt/airflow/dags/Homework_5.py
[2025-03-06T03:26:01.121+0000] {processor.py:914} INFO - Processing file /opt/airflow/dags/Homework_5.py for tasks to queue
[2025-03-06T03:26:01.123+0000] {logging_mixin.py:190} INFO - [2025-03-06T03:26:01.123+0000] {dagbag.py:587} INFO - Filling up the DagBag from /opt/airflow/dags/Homework_5.py
[2025-03-06T03:26:01.140+0000] {processor.py:925} INFO - DAG(s) 'stock_price_pipeline' retrieved from /opt/airflow/dags/Homework_5.py
[2025-03-06T03:26:01.160+0000] {logging_mixin.py:190} INFO - [2025-03-06T03:26:01.159+0000] {dag.py:3229} INFO - Sync 1 DAGs
[2025-03-06T03:26:01.181+0000] {logging_mixin.py:190} INFO - [2025-03-06T03:26:01.181+0000] {dag.py:4156} INFO - Setting next_dagrun for stock_price_pipeline to 2025-03-06 02:30:00+00:00, run_after=2025-03-07 02:30:00+00:00
[2025-03-06T03:26:01.195+0000] {processor.py:208} INFO - Processing /opt/airflow/dags/Homework_5.py took 0.079 seconds
[2025-03-06T03:26:31.516+0000] {processor.py:186} INFO - Started process (PID=663) to work on /opt/airflow/dags/Homework_5.py
[2025-03-06T03:26:31.517+0000] {processor.py:914} INFO - Processing file /opt/airflow/dags/Homework_5.py for tasks to queue
[2025-03-06T03:26:31.519+0000] {logging_mixin.py:190} INFO - [2025-03-06T03:26:31.518+0000] {dagbag.py:587} INFO - Filling up the DagBag from /opt/airflow/dags/Homework_5.py
[2025-03-06T03:26:31.536+0000] {processor.py:925} INFO - DAG(s) 'stock_price_pipeline' retrieved from /opt/airflow/dags/Homework_5.py
[2025-03-06T03:26:31.559+0000] {logging_mixin.py:190} INFO - [2025-03-06T03:26:31.559+0000] {dag.py:3229} INFO - Sync 1 DAGs
[2025-03-06T03:26:31.578+0000] {logging_mixin.py:190} INFO - [2025-03-06T03:26:31.577+0000] {dag.py:4156} INFO - Setting next_dagrun for stock_price_pipeline to 2025-03-06 02:30:00+00:00, run_after=2025-03-07 02:30:00+00:00
[2025-03-06T03:26:31.593+0000] {processor.py:208} INFO - Processing /opt/airflow/dags/Homework_5.py took 0.083 seconds
[2025-03-06T03:27:01.926+0000] {processor.py:186} INFO - Started process (PID=679) to work on /opt/airflow/dags/Homework_5.py
[2025-03-06T03:27:01.927+0000] {processor.py:914} INFO - Processing file /opt/airflow/dags/Homework_5.py for tasks to queue
[2025-03-06T03:27:01.929+0000] {logging_mixin.py:190} INFO - [2025-03-06T03:27:01.929+0000] {dagbag.py:587} INFO - Filling up the DagBag from /opt/airflow/dags/Homework_5.py
[2025-03-06T03:27:01.946+0000] {processor.py:925} INFO - DAG(s) 'stock_price_pipeline' retrieved from /opt/airflow/dags/Homework_5.py
[2025-03-06T03:27:01.967+0000] {logging_mixin.py:190} INFO - [2025-03-06T03:27:01.966+0000] {dag.py:3229} INFO - Sync 1 DAGs
[2025-03-06T03:27:01.988+0000] {logging_mixin.py:190} INFO - [2025-03-06T03:27:01.987+0000] {dag.py:4156} INFO - Setting next_dagrun for stock_price_pipeline to 2025-03-06 02:30:00+00:00, run_after=2025-03-07 02:30:00+00:00
[2025-03-06T03:27:02.003+0000] {processor.py:208} INFO - Processing /opt/airflow/dags/Homework_5.py took 0.082 seconds
[2025-03-06T03:27:32.281+0000] {processor.py:186} INFO - Started process (PID=695) to work on /opt/airflow/dags/Homework_5.py
[2025-03-06T03:27:32.282+0000] {processor.py:914} INFO - Processing file /opt/airflow/dags/Homework_5.py for tasks to queue
[2025-03-06T03:27:32.284+0000] {logging_mixin.py:190} INFO - [2025-03-06T03:27:32.283+0000] {dagbag.py:587} INFO - Filling up the DagBag from /opt/airflow/dags/Homework_5.py
[2025-03-06T03:27:32.300+0000] {processor.py:925} INFO - DAG(s) 'stock_price_pipeline' retrieved from /opt/airflow/dags/Homework_5.py
[2025-03-06T03:27:32.323+0000] {logging_mixin.py:190} INFO - [2025-03-06T03:27:32.323+0000] {dag.py:3229} INFO - Sync 1 DAGs
[2025-03-06T03:27:32.348+0000] {logging_mixin.py:190} INFO - [2025-03-06T03:27:32.347+0000] {dag.py:4156} INFO - Setting next_dagrun for stock_price_pipeline to 2025-03-06 02:30:00+00:00, run_after=2025-03-07 02:30:00+00:00
[2025-03-06T03:27:32.368+0000] {processor.py:208} INFO - Processing /opt/airflow/dags/Homework_5.py took 0.092 seconds
[2025-03-06T03:28:02.728+0000] {processor.py:186} INFO - Started process (PID=711) to work on /opt/airflow/dags/Homework_5.py
[2025-03-06T03:28:02.729+0000] {processor.py:914} INFO - Processing file /opt/airflow/dags/Homework_5.py for tasks to queue
[2025-03-06T03:28:02.731+0000] {logging_mixin.py:190} INFO - [2025-03-06T03:28:02.731+0000] {dagbag.py:587} INFO - Filling up the DagBag from /opt/airflow/dags/Homework_5.py
[2025-03-06T03:28:02.748+0000] {processor.py:925} INFO - DAG(s) 'stock_price_pipeline' retrieved from /opt/airflow/dags/Homework_5.py
[2025-03-06T03:28:02.770+0000] {logging_mixin.py:190} INFO - [2025-03-06T03:28:02.770+0000] {dag.py:3229} INFO - Sync 1 DAGs
[2025-03-06T03:28:02.792+0000] {logging_mixin.py:190} INFO - [2025-03-06T03:28:02.792+0000] {dag.py:4156} INFO - Setting next_dagrun for stock_price_pipeline to 2025-03-06 02:30:00+00:00, run_after=2025-03-07 02:30:00+00:00
[2025-03-06T03:28:02.807+0000] {processor.py:208} INFO - Processing /opt/airflow/dags/Homework_5.py took 0.084 seconds
[2025-03-06T03:28:33.113+0000] {processor.py:186} INFO - Started process (PID=727) to work on /opt/airflow/dags/Homework_5.py
[2025-03-06T03:28:33.114+0000] {processor.py:914} INFO - Processing file /opt/airflow/dags/Homework_5.py for tasks to queue
[2025-03-06T03:28:33.116+0000] {logging_mixin.py:190} INFO - [2025-03-06T03:28:33.116+0000] {dagbag.py:587} INFO - Filling up the DagBag from /opt/airflow/dags/Homework_5.py
[2025-03-06T03:28:33.133+0000] {processor.py:925} INFO - DAG(s) 'stock_price_pipeline' retrieved from /opt/airflow/dags/Homework_5.py
[2025-03-06T03:28:33.155+0000] {logging_mixin.py:190} INFO - [2025-03-06T03:28:33.154+0000] {dag.py:3229} INFO - Sync 1 DAGs
[2025-03-06T03:28:33.174+0000] {logging_mixin.py:190} INFO - [2025-03-06T03:28:33.173+0000] {dag.py:4156} INFO - Setting next_dagrun for stock_price_pipeline to 2025-03-06 02:30:00+00:00, run_after=2025-03-07 02:30:00+00:00
[2025-03-06T03:28:33.191+0000] {processor.py:208} INFO - Processing /opt/airflow/dags/Homework_5.py took 0.082 seconds
[2025-03-06T03:29:03.556+0000] {processor.py:186} INFO - Started process (PID=743) to work on /opt/airflow/dags/Homework_5.py
[2025-03-06T03:29:03.558+0000] {processor.py:914} INFO - Processing file /opt/airflow/dags/Homework_5.py for tasks to queue
[2025-03-06T03:29:03.560+0000] {logging_mixin.py:190} INFO - [2025-03-06T03:29:03.560+0000] {dagbag.py:587} INFO - Filling up the DagBag from /opt/airflow/dags/Homework_5.py
[2025-03-06T03:29:03.579+0000] {processor.py:925} INFO - DAG(s) 'stock_price_pipeline' retrieved from /opt/airflow/dags/Homework_5.py
[2025-03-06T03:29:03.603+0000] {logging_mixin.py:190} INFO - [2025-03-06T03:29:03.603+0000] {dag.py:3229} INFO - Sync 1 DAGs
[2025-03-06T03:29:03.626+0000] {logging_mixin.py:190} INFO - [2025-03-06T03:29:03.625+0000] {dag.py:4156} INFO - Setting next_dagrun for stock_price_pipeline to 2025-03-06 02:30:00+00:00, run_after=2025-03-07 02:30:00+00:00
[2025-03-06T03:29:03.643+0000] {processor.py:208} INFO - Processing /opt/airflow/dags/Homework_5.py took 0.092 seconds
[2025-03-06T03:29:33.986+0000] {processor.py:186} INFO - Started process (PID=759) to work on /opt/airflow/dags/Homework_5.py
[2025-03-06T03:29:33.988+0000] {processor.py:914} INFO - Processing file /opt/airflow/dags/Homework_5.py for tasks to queue
[2025-03-06T03:29:33.992+0000] {logging_mixin.py:190} INFO - [2025-03-06T03:29:33.992+0000] {dagbag.py:587} INFO - Filling up the DagBag from /opt/airflow/dags/Homework_5.py
[2025-03-06T03:29:34.018+0000] {processor.py:925} INFO - DAG(s) 'stock_price_pipeline' retrieved from /opt/airflow/dags/Homework_5.py
[2025-03-06T03:29:34.046+0000] {logging_mixin.py:190} INFO - [2025-03-06T03:29:34.045+0000] {dag.py:3229} INFO - Sync 1 DAGs
[2025-03-06T03:29:34.067+0000] {logging_mixin.py:190} INFO - [2025-03-06T03:29:34.067+0000] {dag.py:4156} INFO - Setting next_dagrun for stock_price_pipeline to 2025-03-06 02:30:00+00:00, run_after=2025-03-07 02:30:00+00:00
[2025-03-06T03:29:34.084+0000] {processor.py:208} INFO - Processing /opt/airflow/dags/Homework_5.py took 0.105 seconds
[2025-03-06T03:30:04.409+0000] {processor.py:186} INFO - Started process (PID=775) to work on /opt/airflow/dags/Homework_5.py
[2025-03-06T03:30:04.410+0000] {processor.py:914} INFO - Processing file /opt/airflow/dags/Homework_5.py for tasks to queue
[2025-03-06T03:30:04.412+0000] {logging_mixin.py:190} INFO - [2025-03-06T03:30:04.412+0000] {dagbag.py:587} INFO - Filling up the DagBag from /opt/airflow/dags/Homework_5.py
[2025-03-06T03:30:04.428+0000] {processor.py:925} INFO - DAG(s) 'stock_price_pipeline' retrieved from /opt/airflow/dags/Homework_5.py
[2025-03-06T03:30:04.451+0000] {logging_mixin.py:190} INFO - [2025-03-06T03:30:04.451+0000] {dag.py:3229} INFO - Sync 1 DAGs
[2025-03-06T03:30:04.475+0000] {logging_mixin.py:190} INFO - [2025-03-06T03:30:04.475+0000] {dag.py:4156} INFO - Setting next_dagrun for stock_price_pipeline to 2025-03-06 02:30:00+00:00, run_after=2025-03-07 02:30:00+00:00
[2025-03-06T03:30:04.490+0000] {processor.py:208} INFO - Processing /opt/airflow/dags/Homework_5.py took 0.087 seconds
[2025-03-06T03:30:34.807+0000] {processor.py:186} INFO - Started process (PID=791) to work on /opt/airflow/dags/Homework_5.py
[2025-03-06T03:30:34.808+0000] {processor.py:914} INFO - Processing file /opt/airflow/dags/Homework_5.py for tasks to queue
[2025-03-06T03:30:34.811+0000] {logging_mixin.py:190} INFO - [2025-03-06T03:30:34.810+0000] {dagbag.py:587} INFO - Filling up the DagBag from /opt/airflow/dags/Homework_5.py
[2025-03-06T03:30:34.836+0000] {processor.py:925} INFO - DAG(s) 'stock_price_pipeline' retrieved from /opt/airflow/dags/Homework_5.py
[2025-03-06T03:30:34.861+0000] {logging_mixin.py:190} INFO - [2025-03-06T03:30:34.860+0000] {dag.py:3229} INFO - Sync 1 DAGs
[2025-03-06T03:30:34.880+0000] {logging_mixin.py:190} INFO - [2025-03-06T03:30:34.880+0000] {dag.py:4156} INFO - Setting next_dagrun for stock_price_pipeline to 2025-03-06 02:30:00+00:00, run_after=2025-03-07 02:30:00+00:00
[2025-03-06T03:30:34.898+0000] {processor.py:208} INFO - Processing /opt/airflow/dags/Homework_5.py took 0.095 seconds
[2025-03-06T03:31:05.191+0000] {processor.py:186} INFO - Started process (PID=807) to work on /opt/airflow/dags/Homework_5.py
[2025-03-06T03:31:05.192+0000] {processor.py:914} INFO - Processing file /opt/airflow/dags/Homework_5.py for tasks to queue
[2025-03-06T03:31:05.194+0000] {logging_mixin.py:190} INFO - [2025-03-06T03:31:05.194+0000] {dagbag.py:587} INFO - Filling up the DagBag from /opt/airflow/dags/Homework_5.py
[2025-03-06T03:31:05.208+0000] {processor.py:925} INFO - DAG(s) 'stock_price_pipeline' retrieved from /opt/airflow/dags/Homework_5.py
[2025-03-06T03:31:05.229+0000] {logging_mixin.py:190} INFO - [2025-03-06T03:31:05.229+0000] {dag.py:3229} INFO - Sync 1 DAGs
[2025-03-06T03:31:05.248+0000] {logging_mixin.py:190} INFO - [2025-03-06T03:31:05.248+0000] {dag.py:4156} INFO - Setting next_dagrun for stock_price_pipeline to 2025-03-06 02:30:00+00:00, run_after=2025-03-07 02:30:00+00:00
[2025-03-06T03:31:05.263+0000] {processor.py:208} INFO - Processing /opt/airflow/dags/Homework_5.py took 0.077 seconds
[2025-03-06T03:31:35.551+0000] {processor.py:186} INFO - Started process (PID=823) to work on /opt/airflow/dags/Homework_5.py
[2025-03-06T03:31:35.552+0000] {processor.py:914} INFO - Processing file /opt/airflow/dags/Homework_5.py for tasks to queue
[2025-03-06T03:31:35.555+0000] {logging_mixin.py:190} INFO - [2025-03-06T03:31:35.554+0000] {dagbag.py:587} INFO - Filling up the DagBag from /opt/airflow/dags/Homework_5.py
[2025-03-06T03:31:35.574+0000] {processor.py:925} INFO - DAG(s) 'stock_price_pipeline' retrieved from /opt/airflow/dags/Homework_5.py
[2025-03-06T03:31:35.596+0000] {logging_mixin.py:190} INFO - [2025-03-06T03:31:35.595+0000] {dag.py:3229} INFO - Sync 1 DAGs
[2025-03-06T03:31:35.615+0000] {logging_mixin.py:190} INFO - [2025-03-06T03:31:35.615+0000] {dag.py:4156} INFO - Setting next_dagrun for stock_price_pipeline to 2025-03-06 02:30:00+00:00, run_after=2025-03-07 02:30:00+00:00
[2025-03-06T03:31:35.631+0000] {processor.py:208} INFO - Processing /opt/airflow/dags/Homework_5.py took 0.085 seconds
[2025-03-06T03:32:05.931+0000] {processor.py:186} INFO - Started process (PID=839) to work on /opt/airflow/dags/Homework_5.py
[2025-03-06T03:32:05.932+0000] {processor.py:914} INFO - Processing file /opt/airflow/dags/Homework_5.py for tasks to queue
[2025-03-06T03:32:05.934+0000] {logging_mixin.py:190} INFO - [2025-03-06T03:32:05.933+0000] {dagbag.py:587} INFO - Filling up the DagBag from /opt/airflow/dags/Homework_5.py
[2025-03-06T03:32:05.954+0000] {processor.py:925} INFO - DAG(s) 'stock_price_pipeline' retrieved from /opt/airflow/dags/Homework_5.py
[2025-03-06T03:32:05.976+0000] {logging_mixin.py:190} INFO - [2025-03-06T03:32:05.975+0000] {dag.py:3229} INFO - Sync 1 DAGs
[2025-03-06T03:32:05.995+0000] {logging_mixin.py:190} INFO - [2025-03-06T03:32:05.995+0000] {dag.py:4156} INFO - Setting next_dagrun for stock_price_pipeline to 2025-03-06 02:30:00+00:00, run_after=2025-03-07 02:30:00+00:00
[2025-03-06T03:32:06.009+0000] {processor.py:208} INFO - Processing /opt/airflow/dags/Homework_5.py took 0.083 seconds
[2025-03-06T03:32:36.315+0000] {processor.py:186} INFO - Started process (PID=855) to work on /opt/airflow/dags/Homework_5.py
[2025-03-06T03:32:36.316+0000] {processor.py:914} INFO - Processing file /opt/airflow/dags/Homework_5.py for tasks to queue
[2025-03-06T03:32:36.318+0000] {logging_mixin.py:190} INFO - [2025-03-06T03:32:36.318+0000] {dagbag.py:587} INFO - Filling up the DagBag from /opt/airflow/dags/Homework_5.py
[2025-03-06T03:32:36.332+0000] {processor.py:925} INFO - DAG(s) 'stock_price_pipeline' retrieved from /opt/airflow/dags/Homework_5.py
[2025-03-06T03:32:36.352+0000] {logging_mixin.py:190} INFO - [2025-03-06T03:32:36.351+0000] {dag.py:3229} INFO - Sync 1 DAGs
[2025-03-06T03:32:36.371+0000] {logging_mixin.py:190} INFO - [2025-03-06T03:32:36.371+0000] {dag.py:4156} INFO - Setting next_dagrun for stock_price_pipeline to 2025-03-06 02:30:00+00:00, run_after=2025-03-07 02:30:00+00:00
[2025-03-06T03:32:36.391+0000] {processor.py:208} INFO - Processing /opt/airflow/dags/Homework_5.py took 0.080 seconds
[2025-03-06T03:33:06.727+0000] {processor.py:186} INFO - Started process (PID=871) to work on /opt/airflow/dags/Homework_5.py
[2025-03-06T03:33:06.728+0000] {processor.py:914} INFO - Processing file /opt/airflow/dags/Homework_5.py for tasks to queue
[2025-03-06T03:33:06.730+0000] {logging_mixin.py:190} INFO - [2025-03-06T03:33:06.730+0000] {dagbag.py:587} INFO - Filling up the DagBag from /opt/airflow/dags/Homework_5.py
[2025-03-06T03:33:06.752+0000] {processor.py:925} INFO - DAG(s) 'stock_price_pipeline' retrieved from /opt/airflow/dags/Homework_5.py
[2025-03-06T03:33:06.772+0000] {logging_mixin.py:190} INFO - [2025-03-06T03:33:06.771+0000] {dag.py:3229} INFO - Sync 1 DAGs
[2025-03-06T03:33:06.789+0000] {logging_mixin.py:190} INFO - [2025-03-06T03:33:06.789+0000] {dag.py:4156} INFO - Setting next_dagrun for stock_price_pipeline to 2025-03-06 02:30:00+00:00, run_after=2025-03-07 02:30:00+00:00
[2025-03-06T03:33:06.804+0000] {processor.py:208} INFO - Processing /opt/airflow/dags/Homework_5.py took 0.081 seconds
[2025-03-06T03:33:37.096+0000] {processor.py:186} INFO - Started process (PID=887) to work on /opt/airflow/dags/Homework_5.py
[2025-03-06T03:33:37.097+0000] {processor.py:914} INFO - Processing file /opt/airflow/dags/Homework_5.py for tasks to queue
[2025-03-06T03:33:37.100+0000] {logging_mixin.py:190} INFO - [2025-03-06T03:33:37.099+0000] {dagbag.py:587} INFO - Filling up the DagBag from /opt/airflow/dags/Homework_5.py
[2025-03-06T03:33:37.114+0000] {processor.py:925} INFO - DAG(s) 'stock_price_pipeline' retrieved from /opt/airflow/dags/Homework_5.py
[2025-03-06T03:33:37.135+0000] {logging_mixin.py:190} INFO - [2025-03-06T03:33:37.134+0000] {dag.py:3229} INFO - Sync 1 DAGs
[2025-03-06T03:33:37.154+0000] {logging_mixin.py:190} INFO - [2025-03-06T03:33:37.154+0000] {dag.py:4156} INFO - Setting next_dagrun for stock_price_pipeline to 2025-03-06 02:30:00+00:00, run_after=2025-03-07 02:30:00+00:00
[2025-03-06T03:33:37.170+0000] {processor.py:208} INFO - Processing /opt/airflow/dags/Homework_5.py took 0.078 seconds
[2025-03-06T03:34:07.488+0000] {processor.py:186} INFO - Started process (PID=903) to work on /opt/airflow/dags/Homework_5.py
[2025-03-06T03:34:07.490+0000] {processor.py:914} INFO - Processing file /opt/airflow/dags/Homework_5.py for tasks to queue
[2025-03-06T03:34:07.492+0000] {logging_mixin.py:190} INFO - [2025-03-06T03:34:07.491+0000] {dagbag.py:587} INFO - Filling up the DagBag from /opt/airflow/dags/Homework_5.py
[2025-03-06T03:34:07.512+0000] {processor.py:925} INFO - DAG(s) 'stock_price_pipeline' retrieved from /opt/airflow/dags/Homework_5.py
[2025-03-06T03:34:07.532+0000] {logging_mixin.py:190} INFO - [2025-03-06T03:34:07.532+0000] {dag.py:3229} INFO - Sync 1 DAGs
[2025-03-06T03:34:07.557+0000] {logging_mixin.py:190} INFO - [2025-03-06T03:34:07.556+0000] {dag.py:4156} INFO - Setting next_dagrun for stock_price_pipeline to 2025-03-06 02:30:00+00:00, run_after=2025-03-07 02:30:00+00:00
[2025-03-06T03:34:07.575+0000] {processor.py:208} INFO - Processing /opt/airflow/dags/Homework_5.py took 0.091 seconds
[2025-03-06T03:34:37.895+0000] {processor.py:186} INFO - Started process (PID=919) to work on /opt/airflow/dags/Homework_5.py
[2025-03-06T03:34:37.896+0000] {processor.py:914} INFO - Processing file /opt/airflow/dags/Homework_5.py for tasks to queue
[2025-03-06T03:34:37.898+0000] {logging_mixin.py:190} INFO - [2025-03-06T03:34:37.897+0000] {dagbag.py:587} INFO - Filling up the DagBag from /opt/airflow/dags/Homework_5.py
[2025-03-06T03:34:37.913+0000] {processor.py:925} INFO - DAG(s) 'stock_price_pipeline' retrieved from /opt/airflow/dags/Homework_5.py
[2025-03-06T03:34:37.934+0000] {logging_mixin.py:190} INFO - [2025-03-06T03:34:37.934+0000] {dag.py:3229} INFO - Sync 1 DAGs
[2025-03-06T03:34:37.955+0000] {logging_mixin.py:190} INFO - [2025-03-06T03:34:37.955+0000] {dag.py:4156} INFO - Setting next_dagrun for stock_price_pipeline to 2025-03-06 02:30:00+00:00, run_after=2025-03-07 02:30:00+00:00
[2025-03-06T03:34:37.973+0000] {processor.py:208} INFO - Processing /opt/airflow/dags/Homework_5.py took 0.083 seconds
[2025-03-06T03:35:08.743+0000] {processor.py:186} INFO - Started process (PID=939) to work on /opt/airflow/dags/Homework_5.py
[2025-03-06T03:35:08.745+0000] {processor.py:914} INFO - Processing file /opt/airflow/dags/Homework_5.py for tasks to queue
[2025-03-06T03:35:08.748+0000] {logging_mixin.py:190} INFO - [2025-03-06T03:35:08.748+0000] {dagbag.py:587} INFO - Filling up the DagBag from /opt/airflow/dags/Homework_5.py
[2025-03-06T03:35:08.792+0000] {processor.py:925} INFO - DAG(s) 'stock_price_pipeline' retrieved from /opt/airflow/dags/Homework_5.py
[2025-03-06T03:35:08.813+0000] {logging_mixin.py:190} INFO - [2025-03-06T03:35:08.812+0000] {dag.py:3229} INFO - Sync 1 DAGs
[2025-03-06T03:35:08.840+0000] {logging_mixin.py:190} INFO - [2025-03-06T03:35:08.840+0000] {dag.py:4156} INFO - Setting next_dagrun for stock_price_pipeline to 2025-03-06 02:30:00+00:00, run_after=2025-03-07 02:30:00+00:00
[2025-03-06T03:35:08.870+0000] {processor.py:208} INFO - Processing /opt/airflow/dags/Homework_5.py took 0.133 seconds
[2025-03-06T03:35:39.566+0000] {processor.py:186} INFO - Started process (PID=960) to work on /opt/airflow/dags/Homework_5.py
[2025-03-06T03:35:39.568+0000] {processor.py:914} INFO - Processing file /opt/airflow/dags/Homework_5.py for tasks to queue
[2025-03-06T03:35:39.571+0000] {logging_mixin.py:190} INFO - [2025-03-06T03:35:39.571+0000] {dagbag.py:587} INFO - Filling up the DagBag from /opt/airflow/dags/Homework_5.py
[2025-03-06T03:35:39.618+0000] {processor.py:925} INFO - DAG(s) 'stock_price_pipeline' retrieved from /opt/airflow/dags/Homework_5.py
[2025-03-06T03:35:39.732+0000] {logging_mixin.py:190} INFO - [2025-03-06T03:35:39.731+0000] {dag.py:3229} INFO - Sync 1 DAGs
[2025-03-06T03:35:39.760+0000] {logging_mixin.py:190} INFO - [2025-03-06T03:35:39.759+0000] {dag.py:4156} INFO - Setting next_dagrun for stock_price_pipeline to 2025-03-06 02:30:00+00:00, run_after=2025-03-07 02:30:00+00:00
[2025-03-06T03:35:39.779+0000] {processor.py:208} INFO - Processing /opt/airflow/dags/Homework_5.py took 0.220 seconds
[2025-03-06T03:36:10.418+0000] {processor.py:186} INFO - Started process (PID=981) to work on /opt/airflow/dags/Homework_5.py
[2025-03-06T03:36:10.433+0000] {processor.py:914} INFO - Processing file /opt/airflow/dags/Homework_5.py for tasks to queue
[2025-03-06T03:36:10.440+0000] {logging_mixin.py:190} INFO - [2025-03-06T03:36:10.439+0000] {dagbag.py:587} INFO - Filling up the DagBag from /opt/airflow/dags/Homework_5.py
[2025-03-06T03:36:10.462+0000] {processor.py:925} INFO - DAG(s) 'stock_price_pipeline' retrieved from /opt/airflow/dags/Homework_5.py
[2025-03-06T03:36:10.490+0000] {logging_mixin.py:190} INFO - [2025-03-06T03:36:10.489+0000] {dag.py:3229} INFO - Sync 1 DAGs
[2025-03-06T03:36:10.511+0000] {logging_mixin.py:190} INFO - [2025-03-06T03:36:10.510+0000] {dag.py:4156} INFO - Setting next_dagrun for stock_price_pipeline to 2025-03-06 02:30:00+00:00, run_after=2025-03-07 02:30:00+00:00
[2025-03-06T03:36:10.534+0000] {processor.py:208} INFO - Processing /opt/airflow/dags/Homework_5.py took 0.123 seconds
[2025-03-06T03:36:41.000+0000] {processor.py:186} INFO - Started process (PID=1002) to work on /opt/airflow/dags/Homework_5.py
[2025-03-06T03:36:41.001+0000] {processor.py:914} INFO - Processing file /opt/airflow/dags/Homework_5.py for tasks to queue
[2025-03-06T03:36:41.004+0000] {logging_mixin.py:190} INFO - [2025-03-06T03:36:41.004+0000] {dagbag.py:587} INFO - Filling up the DagBag from /opt/airflow/dags/Homework_5.py
[2025-03-06T03:36:41.049+0000] {processor.py:925} INFO - DAG(s) 'stock_price_pipeline' retrieved from /opt/airflow/dags/Homework_5.py
[2025-03-06T03:36:41.068+0000] {logging_mixin.py:190} INFO - [2025-03-06T03:36:41.068+0000] {dag.py:3229} INFO - Sync 1 DAGs
[2025-03-06T03:36:41.091+0000] {logging_mixin.py:190} INFO - [2025-03-06T03:36:41.090+0000] {dag.py:4156} INFO - Setting next_dagrun for stock_price_pipeline to 2025-03-06 02:30:00+00:00, run_after=2025-03-07 02:30:00+00:00
[2025-03-06T03:36:41.111+0000] {processor.py:208} INFO - Processing /opt/airflow/dags/Homework_5.py took 0.119 seconds
[2025-03-06T03:37:12.259+0000] {processor.py:186} INFO - Started process (PID=1023) to work on /opt/airflow/dags/Homework_5.py
[2025-03-06T03:37:12.261+0000] {processor.py:914} INFO - Processing file /opt/airflow/dags/Homework_5.py for tasks to queue
[2025-03-06T03:37:12.264+0000] {logging_mixin.py:190} INFO - [2025-03-06T03:37:12.264+0000] {dagbag.py:587} INFO - Filling up the DagBag from /opt/airflow/dags/Homework_5.py
[2025-03-06T03:37:12.308+0000] {processor.py:925} INFO - DAG(s) 'stock_price_pipeline' retrieved from /opt/airflow/dags/Homework_5.py
[2025-03-06T03:37:12.432+0000] {logging_mixin.py:190} INFO - [2025-03-06T03:37:12.432+0000] {dag.py:3229} INFO - Sync 1 DAGs
[2025-03-06T03:37:12.452+0000] {logging_mixin.py:190} INFO - [2025-03-06T03:37:12.452+0000] {dag.py:4156} INFO - Setting next_dagrun for stock_price_pipeline to 2025-03-06 02:30:00+00:00, run_after=2025-03-07 02:30:00+00:00
[2025-03-06T03:37:12.477+0000] {processor.py:208} INFO - Processing /opt/airflow/dags/Homework_5.py took 0.231 seconds
[2025-03-06T03:37:43.360+0000] {processor.py:186} INFO - Started process (PID=1044) to work on /opt/airflow/dags/Homework_5.py
[2025-03-06T03:37:43.363+0000] {processor.py:914} INFO - Processing file /opt/airflow/dags/Homework_5.py for tasks to queue
[2025-03-06T03:37:43.367+0000] {logging_mixin.py:190} INFO - [2025-03-06T03:37:43.367+0000] {dagbag.py:587} INFO - Filling up the DagBag from /opt/airflow/dags/Homework_5.py
[2025-03-06T03:37:43.413+0000] {processor.py:925} INFO - DAG(s) 'stock_price_pipeline' retrieved from /opt/airflow/dags/Homework_5.py
[2025-03-06T03:37:43.446+0000] {logging_mixin.py:190} INFO - [2025-03-06T03:37:43.446+0000] {dag.py:3229} INFO - Sync 1 DAGs
[2025-03-06T03:37:43.489+0000] {logging_mixin.py:190} INFO - [2025-03-06T03:37:43.489+0000] {dag.py:4156} INFO - Setting next_dagrun for stock_price_pipeline to 2025-03-06 02:30:00+00:00, run_after=2025-03-07 02:30:00+00:00
[2025-03-06T03:37:43.516+0000] {processor.py:208} INFO - Processing /opt/airflow/dags/Homework_5.py took 0.170 seconds
[2025-03-06T03:38:14.267+0000] {processor.py:186} INFO - Started process (PID=1065) to work on /opt/airflow/dags/Homework_5.py
[2025-03-06T03:38:14.270+0000] {processor.py:914} INFO - Processing file /opt/airflow/dags/Homework_5.py for tasks to queue
[2025-03-06T03:38:14.279+0000] {logging_mixin.py:190} INFO - [2025-03-06T03:38:14.274+0000] {dagbag.py:587} INFO - Filling up the DagBag from /opt/airflow/dags/Homework_5.py
[2025-03-06T03:38:14.322+0000] {processor.py:925} INFO - DAG(s) 'stock_price_pipeline' retrieved from /opt/airflow/dags/Homework_5.py
[2025-03-06T03:38:14.347+0000] {logging_mixin.py:190} INFO - [2025-03-06T03:38:14.346+0000] {dag.py:3229} INFO - Sync 1 DAGs
[2025-03-06T03:38:14.381+0000] {logging_mixin.py:190} INFO - [2025-03-06T03:38:14.381+0000] {dag.py:4156} INFO - Setting next_dagrun for stock_price_pipeline to 2025-03-06 02:30:00+00:00, run_after=2025-03-07 02:30:00+00:00
[2025-03-06T03:38:14.408+0000] {processor.py:208} INFO - Processing /opt/airflow/dags/Homework_5.py took 0.163 seconds
[2025-03-06T03:39:32.580+0000] {processor.py:186} INFO - Started process (PID=211) to work on /opt/airflow/dags/Homework_5.py
[2025-03-06T03:39:32.581+0000] {processor.py:914} INFO - Processing file /opt/airflow/dags/Homework_5.py for tasks to queue
[2025-03-06T03:39:32.584+0000] {logging_mixin.py:190} INFO - [2025-03-06T03:39:32.584+0000] {dagbag.py:587} INFO - Filling up the DagBag from /opt/airflow/dags/Homework_5.py
[2025-03-06T03:39:32.609+0000] {processor.py:925} INFO - DAG(s) 'stock_price_pipeline' retrieved from /opt/airflow/dags/Homework_5.py
[2025-03-06T03:39:32.713+0000] {logging_mixin.py:190} INFO - [2025-03-06T03:39:32.712+0000] {dag.py:3229} INFO - Sync 1 DAGs
[2025-03-06T03:39:32.731+0000] {logging_mixin.py:190} INFO - [2025-03-06T03:39:32.730+0000] {dag.py:4156} INFO - Setting next_dagrun for stock_price_pipeline to 2025-03-06 02:30:00+00:00, run_after=2025-03-07 02:30:00+00:00
[2025-03-06T03:39:32.746+0000] {processor.py:208} INFO - Processing /opt/airflow/dags/Homework_5.py took 0.174 seconds
[2025-03-06T03:40:03.525+0000] {processor.py:186} INFO - Started process (PID=267) to work on /opt/airflow/dags/Homework_5.py
[2025-03-06T03:40:03.526+0000] {processor.py:914} INFO - Processing file /opt/airflow/dags/Homework_5.py for tasks to queue
[2025-03-06T03:40:03.538+0000] {logging_mixin.py:190} INFO - [2025-03-06T03:40:03.537+0000] {dagbag.py:587} INFO - Filling up the DagBag from /opt/airflow/dags/Homework_5.py
[2025-03-06T03:40:03.557+0000] {processor.py:925} INFO - DAG(s) 'stock_price_pipeline' retrieved from /opt/airflow/dags/Homework_5.py
[2025-03-06T03:40:03.582+0000] {logging_mixin.py:190} INFO - [2025-03-06T03:40:03.582+0000] {dag.py:3229} INFO - Sync 1 DAGs
[2025-03-06T03:40:03.622+0000] {logging_mixin.py:190} INFO - [2025-03-06T03:40:03.622+0000] {dag.py:4156} INFO - Setting next_dagrun for stock_price_pipeline to 2025-03-06 02:30:00+00:00, run_after=2025-03-07 02:30:00+00:00
[2025-03-06T03:40:03.650+0000] {processor.py:208} INFO - Processing /opt/airflow/dags/Homework_5.py took 0.136 seconds
[2025-03-06T03:42:14.078+0000] {processor.py:186} INFO - Started process (PID=260) to work on /opt/airflow/dags/Homework_5.py
[2025-03-06T03:42:14.079+0000] {processor.py:914} INFO - Processing file /opt/airflow/dags/Homework_5.py for tasks to queue
[2025-03-06T03:42:14.082+0000] {logging_mixin.py:190} INFO - [2025-03-06T03:42:14.082+0000] {dagbag.py:587} INFO - Filling up the DagBag from /opt/airflow/dags/Homework_5.py
[2025-03-06T03:42:14.108+0000] {processor.py:925} INFO - DAG(s) 'stock_price_pipeline' retrieved from /opt/airflow/dags/Homework_5.py
[2025-03-06T03:42:14.229+0000] {logging_mixin.py:190} INFO - [2025-03-06T03:42:14.229+0000] {dag.py:3229} INFO - Sync 1 DAGs
[2025-03-06T03:42:14.245+0000] {logging_mixin.py:190} INFO - [2025-03-06T03:42:14.245+0000] {dag.py:4156} INFO - Setting next_dagrun for stock_price_pipeline to 2025-03-06 02:30:00+00:00, run_after=2025-03-07 02:30:00+00:00
[2025-03-06T03:42:14.265+0000] {processor.py:208} INFO - Processing /opt/airflow/dags/Homework_5.py took 0.193 seconds
[2025-03-06T03:42:44.798+0000] {processor.py:186} INFO - Started process (PID=304) to work on /opt/airflow/dags/Homework_5.py
[2025-03-06T03:42:44.800+0000] {processor.py:914} INFO - Processing file /opt/airflow/dags/Homework_5.py for tasks to queue
[2025-03-06T03:42:44.803+0000] {logging_mixin.py:190} INFO - [2025-03-06T03:42:44.803+0000] {dagbag.py:587} INFO - Filling up the DagBag from /opt/airflow/dags/Homework_5.py
[2025-03-06T03:42:44.847+0000] {processor.py:925} INFO - DAG(s) 'stock_price_pipeline' retrieved from /opt/airflow/dags/Homework_5.py
[2025-03-06T03:42:44.894+0000] {logging_mixin.py:190} INFO - [2025-03-06T03:42:44.893+0000] {dag.py:3229} INFO - Sync 1 DAGs
[2025-03-06T03:42:44.925+0000] {logging_mixin.py:190} INFO - [2025-03-06T03:42:44.925+0000] {dag.py:4156} INFO - Setting next_dagrun for stock_price_pipeline to 2025-03-06 02:30:00+00:00, run_after=2025-03-07 02:30:00+00:00
[2025-03-06T03:42:44.948+0000] {processor.py:208} INFO - Processing /opt/airflow/dags/Homework_5.py took 0.156 seconds
[2025-03-06T03:43:15.730+0000] {processor.py:186} INFO - Started process (PID=325) to work on /opt/airflow/dags/Homework_5.py
[2025-03-06T03:43:15.731+0000] {processor.py:914} INFO - Processing file /opt/airflow/dags/Homework_5.py for tasks to queue
[2025-03-06T03:43:15.734+0000] {logging_mixin.py:190} INFO - [2025-03-06T03:43:15.734+0000] {dagbag.py:587} INFO - Filling up the DagBag from /opt/airflow/dags/Homework_5.py
[2025-03-06T03:43:15.768+0000] {processor.py:925} INFO - DAG(s) 'stock_price_pipeline' retrieved from /opt/airflow/dags/Homework_5.py
[2025-03-06T03:43:15.887+0000] {logging_mixin.py:190} INFO - [2025-03-06T03:43:15.887+0000] {dag.py:3229} INFO - Sync 1 DAGs
[2025-03-06T03:43:15.907+0000] {logging_mixin.py:190} INFO - [2025-03-06T03:43:15.906+0000] {dag.py:4156} INFO - Setting next_dagrun for stock_price_pipeline to 2025-03-06 02:30:00+00:00, run_after=2025-03-07 02:30:00+00:00
[2025-03-06T03:43:15.926+0000] {processor.py:208} INFO - Processing /opt/airflow/dags/Homework_5.py took 0.203 seconds
[2025-03-06T03:43:46.749+0000] {processor.py:186} INFO - Started process (PID=347) to work on /opt/airflow/dags/Homework_5.py
[2025-03-06T03:43:46.750+0000] {processor.py:914} INFO - Processing file /opt/airflow/dags/Homework_5.py for tasks to queue
[2025-03-06T03:43:46.753+0000] {logging_mixin.py:190} INFO - [2025-03-06T03:43:46.752+0000] {dagbag.py:587} INFO - Filling up the DagBag from /opt/airflow/dags/Homework_5.py
[2025-03-06T03:43:46.781+0000] {processor.py:925} INFO - DAG(s) 'stock_price_pipeline' retrieved from /opt/airflow/dags/Homework_5.py
[2025-03-06T03:43:46.809+0000] {logging_mixin.py:190} INFO - [2025-03-06T03:43:46.809+0000] {dag.py:3229} INFO - Sync 1 DAGs
[2025-03-06T03:43:46.836+0000] {logging_mixin.py:190} INFO - [2025-03-06T03:43:46.836+0000] {dag.py:4156} INFO - Setting next_dagrun for stock_price_pipeline to 2025-03-06 02:30:00+00:00, run_after=2025-03-07 02:30:00+00:00
[2025-03-06T03:43:46.859+0000] {processor.py:208} INFO - Processing /opt/airflow/dags/Homework_5.py took 0.115 seconds
[2025-03-06T03:44:17.655+0000] {processor.py:186} INFO - Started process (PID=374) to work on /opt/airflow/dags/Homework_5.py
[2025-03-06T03:44:17.656+0000] {processor.py:914} INFO - Processing file /opt/airflow/dags/Homework_5.py for tasks to queue
[2025-03-06T03:44:17.659+0000] {logging_mixin.py:190} INFO - [2025-03-06T03:44:17.659+0000] {dagbag.py:587} INFO - Filling up the DagBag from /opt/airflow/dags/Homework_5.py
[2025-03-06T03:44:17.713+0000] {processor.py:925} INFO - DAG(s) 'stock_price_pipeline' retrieved from /opt/airflow/dags/Homework_5.py
[2025-03-06T03:44:17.831+0000] {logging_mixin.py:190} INFO - [2025-03-06T03:44:17.830+0000] {dag.py:3229} INFO - Sync 1 DAGs
[2025-03-06T03:44:17.852+0000] {logging_mixin.py:190} INFO - [2025-03-06T03:44:17.852+0000] {dag.py:4156} INFO - Setting next_dagrun for stock_price_pipeline to 2025-03-06 02:30:00+00:00, run_after=2025-03-07 02:30:00+00:00
[2025-03-06T03:44:17.883+0000] {processor.py:208} INFO - Processing /opt/airflow/dags/Homework_5.py took 0.233 seconds
[2025-03-06T03:44:48.621+0000] {processor.py:186} INFO - Started process (PID=395) to work on /opt/airflow/dags/Homework_5.py
[2025-03-06T03:44:48.622+0000] {processor.py:914} INFO - Processing file /opt/airflow/dags/Homework_5.py for tasks to queue
[2025-03-06T03:44:48.624+0000] {logging_mixin.py:190} INFO - [2025-03-06T03:44:48.624+0000] {dagbag.py:587} INFO - Filling up the DagBag from /opt/airflow/dags/Homework_5.py
[2025-03-06T03:44:48.654+0000] {processor.py:925} INFO - DAG(s) 'stock_price_pipeline' retrieved from /opt/airflow/dags/Homework_5.py
[2025-03-06T03:44:48.681+0000] {logging_mixin.py:190} INFO - [2025-03-06T03:44:48.680+0000] {dag.py:3229} INFO - Sync 1 DAGs
[2025-03-06T03:44:48.710+0000] {logging_mixin.py:190} INFO - [2025-03-06T03:44:48.709+0000] {dag.py:4156} INFO - Setting next_dagrun for stock_price_pipeline to 2025-03-06 02:30:00+00:00, run_after=2025-03-07 02:30:00+00:00
[2025-03-06T03:44:48.734+0000] {processor.py:208} INFO - Processing /opt/airflow/dags/Homework_5.py took 0.117 seconds
[2025-03-06T03:45:18.871+0000] {processor.py:186} INFO - Started process (PID=433) to work on /opt/airflow/dags/Homework_5.py
[2025-03-06T03:45:18.879+0000] {processor.py:914} INFO - Processing file /opt/airflow/dags/Homework_5.py for tasks to queue
[2025-03-06T03:45:18.888+0000] {logging_mixin.py:190} INFO - [2025-03-06T03:45:18.887+0000] {dagbag.py:587} INFO - Filling up the DagBag from /opt/airflow/dags/Homework_5.py
[2025-03-06T03:45:18.951+0000] {processor.py:925} INFO - DAG(s) 'stock_price_pipeline' retrieved from /opt/airflow/dags/Homework_5.py
[2025-03-06T03:45:19.095+0000] {logging_mixin.py:190} INFO - [2025-03-06T03:45:19.095+0000] {dag.py:3229} INFO - Sync 1 DAGs
[2025-03-06T03:45:19.115+0000] {logging_mixin.py:190} INFO - [2025-03-06T03:45:19.115+0000] {dag.py:4156} INFO - Setting next_dagrun for stock_price_pipeline to 2025-03-06 02:30:00+00:00, run_after=2025-03-07 02:30:00+00:00
[2025-03-06T03:45:19.142+0000] {processor.py:208} INFO - Processing /opt/airflow/dags/Homework_5.py took 0.282 seconds
[2025-03-06T03:45:49.872+0000] {processor.py:186} INFO - Started process (PID=477) to work on /opt/airflow/dags/Homework_5.py
[2025-03-06T03:45:49.873+0000] {processor.py:914} INFO - Processing file /opt/airflow/dags/Homework_5.py for tasks to queue
[2025-03-06T03:45:49.875+0000] {logging_mixin.py:190} INFO - [2025-03-06T03:45:49.874+0000] {dagbag.py:587} INFO - Filling up the DagBag from /opt/airflow/dags/Homework_5.py
[2025-03-06T03:45:49.916+0000] {processor.py:925} INFO - DAG(s) 'stock_price_pipeline' retrieved from /opt/airflow/dags/Homework_5.py
[2025-03-06T03:45:49.943+0000] {logging_mixin.py:190} INFO - [2025-03-06T03:45:49.942+0000] {dag.py:3229} INFO - Sync 1 DAGs
[2025-03-06T03:45:49.973+0000] {logging_mixin.py:190} INFO - [2025-03-06T03:45:49.973+0000] {dag.py:4156} INFO - Setting next_dagrun for stock_price_pipeline to 2025-03-06 02:30:00+00:00, run_after=2025-03-07 02:30:00+00:00
[2025-03-06T03:45:49.994+0000] {processor.py:208} INFO - Processing /opt/airflow/dags/Homework_5.py took 0.126 seconds
[2025-03-06T03:46:06.516+0000] {processor.py:186} INFO - Started process (PID=495) to work on /opt/airflow/dags/Homework_5.py
[2025-03-06T03:46:06.518+0000] {processor.py:914} INFO - Processing file /opt/airflow/dags/Homework_5.py for tasks to queue
[2025-03-06T03:46:06.521+0000] {logging_mixin.py:190} INFO - [2025-03-06T03:46:06.520+0000] {dagbag.py:587} INFO - Filling up the DagBag from /opt/airflow/dags/Homework_5.py
[2025-03-06T03:46:06.562+0000] {processor.py:925} INFO - DAG(s) 'Home' retrieved from /opt/airflow/dags/Homework_5.py
[2025-03-06T03:46:06.656+0000] {logging_mixin.py:190} INFO - [2025-03-06T03:46:06.653+0000] {override.py:1900} INFO - Created Permission View: can delete on DAG:Home
[2025-03-06T03:46:06.663+0000] {logging_mixin.py:190} INFO - [2025-03-06T03:46:06.663+0000] {override.py:1900} INFO - Created Permission View: can edit on DAG:Home
[2025-03-06T03:46:06.670+0000] {logging_mixin.py:190} INFO - [2025-03-06T03:46:06.669+0000] {override.py:1900} INFO - Created Permission View: can read on DAG:Home
[2025-03-06T03:46:06.676+0000] {logging_mixin.py:190} INFO - [2025-03-06T03:46:06.676+0000] {override.py:1900} INFO - Created Permission View: can create on DAG Run:Home
[2025-03-06T03:46:06.683+0000] {logging_mixin.py:190} INFO - [2025-03-06T03:46:06.682+0000] {override.py:1900} INFO - Created Permission View: menu access on DAG Run:Home
[2025-03-06T03:46:06.690+0000] {logging_mixin.py:190} INFO - [2025-03-06T03:46:06.690+0000] {override.py:1900} INFO - Created Permission View: can delete on DAG Run:Home
[2025-03-06T03:46:06.699+0000] {logging_mixin.py:190} INFO - [2025-03-06T03:46:06.698+0000] {override.py:1900} INFO - Created Permission View: can read on DAG Run:Home
[2025-03-06T03:46:06.700+0000] {logging_mixin.py:190} INFO - [2025-03-06T03:46:06.699+0000] {dag.py:3229} INFO - Sync 1 DAGs
[2025-03-06T03:46:06.711+0000] {logging_mixin.py:190} INFO - [2025-03-06T03:46:06.711+0000] {dag.py:3252} INFO - Creating ORM DAG for Home
[2025-03-06T03:46:06.722+0000] {logging_mixin.py:190} INFO - [2025-03-06T03:46:06.721+0000] {dag.py:4156} INFO - Setting next_dagrun for Home to 2025-03-05 02:30:00+00:00, run_after=2025-03-06 02:30:00+00:00
[2025-03-06T03:46:06.745+0000] {processor.py:208} INFO - Processing /opt/airflow/dags/Homework_5.py took 0.234 seconds
[2025-03-06T03:46:08.617+0000] {processor.py:186} INFO - Started process (PID=500) to work on /opt/airflow/dags/Homework_5.py
[2025-03-06T03:46:08.618+0000] {processor.py:914} INFO - Processing file /opt/airflow/dags/Homework_5.py for tasks to queue
[2025-03-06T03:46:08.621+0000] {logging_mixin.py:190} INFO - [2025-03-06T03:46:08.621+0000] {dagbag.py:587} INFO - Filling up the DagBag from /opt/airflow/dags/Homework_5.py
[2025-03-06T03:46:08.666+0000] {processor.py:925} INFO - DAG(s) 'Homework' retrieved from /opt/airflow/dags/Homework_5.py
[2025-03-06T03:46:08.775+0000] {logging_mixin.py:190} INFO - [2025-03-06T03:46:08.774+0000] {override.py:1900} INFO - Created Permission View: can delete on DAG:Homework
[2025-03-06T03:46:08.787+0000] {logging_mixin.py:190} INFO - [2025-03-06T03:46:08.786+0000] {override.py:1900} INFO - Created Permission View: can edit on DAG:Homework
[2025-03-06T03:46:08.794+0000] {logging_mixin.py:190} INFO - [2025-03-06T03:46:08.793+0000] {override.py:1900} INFO - Created Permission View: can read on DAG:Homework
[2025-03-06T03:46:08.805+0000] {logging_mixin.py:190} INFO - [2025-03-06T03:46:08.804+0000] {override.py:1900} INFO - Created Permission View: can create on DAG Run:Homework
[2025-03-06T03:46:08.812+0000] {logging_mixin.py:190} INFO - [2025-03-06T03:46:08.812+0000] {override.py:1900} INFO - Created Permission View: menu access on DAG Run:Homework
[2025-03-06T03:46:08.830+0000] {logging_mixin.py:190} INFO - [2025-03-06T03:46:08.829+0000] {override.py:1900} INFO - Created Permission View: can delete on DAG Run:Homework
[2025-03-06T03:46:08.837+0000] {logging_mixin.py:190} INFO - [2025-03-06T03:46:08.837+0000] {override.py:1900} INFO - Created Permission View: can read on DAG Run:Homework
[2025-03-06T03:46:08.838+0000] {logging_mixin.py:190} INFO - [2025-03-06T03:46:08.838+0000] {dag.py:3229} INFO - Sync 1 DAGs
[2025-03-06T03:46:08.851+0000] {logging_mixin.py:190} INFO - [2025-03-06T03:46:08.851+0000] {dag.py:3252} INFO - Creating ORM DAG for Homework
[2025-03-06T03:46:08.862+0000] {logging_mixin.py:190} INFO - [2025-03-06T03:46:08.862+0000] {dag.py:4156} INFO - Setting next_dagrun for Homework to 2025-03-05 02:30:00+00:00, run_after=2025-03-06 02:30:00+00:00
[2025-03-06T03:46:08.890+0000] {processor.py:208} INFO - Processing /opt/airflow/dags/Homework_5.py took 0.278 seconds
[2025-03-06T03:46:10.847+0000] {processor.py:186} INFO - Started process (PID=505) to work on /opt/airflow/dags/Homework_5.py
[2025-03-06T03:46:10.855+0000] {processor.py:914} INFO - Processing file /opt/airflow/dags/Homework_5.py for tasks to queue
[2025-03-06T03:46:10.861+0000] {logging_mixin.py:190} INFO - [2025-03-06T03:46:10.860+0000] {dagbag.py:587} INFO - Filling up the DagBag from /opt/airflow/dags/Homework_5.py
[2025-03-06T03:46:10.915+0000] {processor.py:925} INFO - DAG(s) 'Homework_5' retrieved from /opt/airflow/dags/Homework_5.py
[2025-03-06T03:46:11.017+0000] {logging_mixin.py:190} INFO - [2025-03-06T03:46:11.017+0000] {override.py:1900} INFO - Created Permission View: can delete on DAG:Homework_5
[2025-03-06T03:46:11.029+0000] {logging_mixin.py:190} INFO - [2025-03-06T03:46:11.028+0000] {override.py:1900} INFO - Created Permission View: can edit on DAG:Homework_5
[2025-03-06T03:46:11.035+0000] {logging_mixin.py:190} INFO - [2025-03-06T03:46:11.035+0000] {override.py:1900} INFO - Created Permission View: can read on DAG:Homework_5
[2025-03-06T03:46:11.040+0000] {logging_mixin.py:190} INFO - [2025-03-06T03:46:11.040+0000] {override.py:1900} INFO - Created Permission View: can create on DAG Run:Homework_5
[2025-03-06T03:46:11.050+0000] {logging_mixin.py:190} INFO - [2025-03-06T03:46:11.049+0000] {override.py:1900} INFO - Created Permission View: menu access on DAG Run:Homework_5
[2025-03-06T03:46:11.056+0000] {logging_mixin.py:190} INFO - [2025-03-06T03:46:11.055+0000] {override.py:1900} INFO - Created Permission View: can delete on DAG Run:Homework_5
[2025-03-06T03:46:11.064+0000] {logging_mixin.py:190} INFO - [2025-03-06T03:46:11.064+0000] {override.py:1900} INFO - Created Permission View: can read on DAG Run:Homework_5
[2025-03-06T03:46:11.065+0000] {logging_mixin.py:190} INFO - [2025-03-06T03:46:11.064+0000] {dag.py:3229} INFO - Sync 1 DAGs
[2025-03-06T03:46:11.075+0000] {logging_mixin.py:190} INFO - [2025-03-06T03:46:11.075+0000] {dag.py:3252} INFO - Creating ORM DAG for Homework_5
[2025-03-06T03:46:11.084+0000] {logging_mixin.py:190} INFO - [2025-03-06T03:46:11.084+0000] {dag.py:4156} INFO - Setting next_dagrun for Homework_5 to 2025-03-05 02:30:00+00:00, run_after=2025-03-06 02:30:00+00:00
[2025-03-06T03:46:11.100+0000] {processor.py:208} INFO - Processing /opt/airflow/dags/Homework_5.py took 0.257 seconds
[2025-03-06T03:46:42.102+0000] {processor.py:186} INFO - Started process (PID=536) to work on /opt/airflow/dags/Homework_5.py
[2025-03-06T03:46:42.104+0000] {processor.py:914} INFO - Processing file /opt/airflow/dags/Homework_5.py for tasks to queue
[2025-03-06T03:46:42.107+0000] {logging_mixin.py:190} INFO - [2025-03-06T03:46:42.106+0000] {dagbag.py:587} INFO - Filling up the DagBag from /opt/airflow/dags/Homework_5.py
[2025-03-06T03:46:42.144+0000] {processor.py:925} INFO - DAG(s) 'Homework_5' retrieved from /opt/airflow/dags/Homework_5.py
[2025-03-06T03:46:42.170+0000] {logging_mixin.py:190} INFO - [2025-03-06T03:46:42.170+0000] {dag.py:3229} INFO - Sync 1 DAGs
[2025-03-06T03:46:42.193+0000] {logging_mixin.py:190} INFO - [2025-03-06T03:46:42.193+0000] {dag.py:4156} INFO - Setting next_dagrun for Homework_5 to 2025-03-05 02:30:00+00:00, run_after=2025-03-06 02:30:00+00:00
[2025-03-06T03:46:42.222+0000] {processor.py:208} INFO - Processing /opt/airflow/dags/Homework_5.py took 0.124 seconds
[2025-03-06T03:47:12.905+0000] {processor.py:186} INFO - Started process (PID=577) to work on /opt/airflow/dags/Homework_5.py
[2025-03-06T03:47:12.906+0000] {processor.py:914} INFO - Processing file /opt/airflow/dags/Homework_5.py for tasks to queue
[2025-03-06T03:47:12.908+0000] {logging_mixin.py:190} INFO - [2025-03-06T03:47:12.908+0000] {dagbag.py:587} INFO - Filling up the DagBag from /opt/airflow/dags/Homework_5.py
[2025-03-06T03:47:12.923+0000] {processor.py:925} INFO - DAG(s) 'Homework_5' retrieved from /opt/airflow/dags/Homework_5.py
[2025-03-06T03:47:12.951+0000] {logging_mixin.py:190} INFO - [2025-03-06T03:47:12.950+0000] {dag.py:3229} INFO - Sync 1 DAGs
[2025-03-06T03:47:12.975+0000] {logging_mixin.py:190} INFO - [2025-03-06T03:47:12.974+0000] {dag.py:4156} INFO - Setting next_dagrun for Homework_5 to 2025-03-05 02:30:00+00:00, run_after=2025-03-06 02:30:00+00:00
[2025-03-06T03:47:12.997+0000] {processor.py:208} INFO - Processing /opt/airflow/dags/Homework_5.py took 0.096 seconds
[2025-03-06T03:47:43.791+0000] {processor.py:186} INFO - Started process (PID=618) to work on /opt/airflow/dags/Homework_5.py
[2025-03-06T03:47:43.792+0000] {processor.py:914} INFO - Processing file /opt/airflow/dags/Homework_5.py for tasks to queue
[2025-03-06T03:47:43.793+0000] {logging_mixin.py:190} INFO - [2025-03-06T03:47:43.793+0000] {dagbag.py:587} INFO - Filling up the DagBag from /opt/airflow/dags/Homework_5.py
[2025-03-06T03:47:43.828+0000] {processor.py:925} INFO - DAG(s) 'Homework_5' retrieved from /opt/airflow/dags/Homework_5.py
[2025-03-06T03:47:43.863+0000] {logging_mixin.py:190} INFO - [2025-03-06T03:47:43.863+0000] {dag.py:3229} INFO - Sync 1 DAGs
[2025-03-06T03:47:43.898+0000] {logging_mixin.py:190} INFO - [2025-03-06T03:47:43.897+0000] {dag.py:4156} INFO - Setting next_dagrun for Homework_5 to 2025-03-05 02:30:00+00:00, run_after=2025-03-06 02:30:00+00:00
[2025-03-06T03:47:43.931+0000] {processor.py:208} INFO - Processing /opt/airflow/dags/Homework_5.py took 0.146 seconds
[2025-03-06T03:48:14.507+0000] {processor.py:186} INFO - Started process (PID=659) to work on /opt/airflow/dags/Homework_5.py
[2025-03-06T03:48:14.508+0000] {processor.py:914} INFO - Processing file /opt/airflow/dags/Homework_5.py for tasks to queue
[2025-03-06T03:48:14.510+0000] {logging_mixin.py:190} INFO - [2025-03-06T03:48:14.510+0000] {dagbag.py:587} INFO - Filling up the DagBag from /opt/airflow/dags/Homework_5.py
[2025-03-06T03:48:14.544+0000] {processor.py:925} INFO - DAG(s) 'Homework_5' retrieved from /opt/airflow/dags/Homework_5.py
[2025-03-06T03:48:14.577+0000] {logging_mixin.py:190} INFO - [2025-03-06T03:48:14.576+0000] {dag.py:3229} INFO - Sync 1 DAGs
[2025-03-06T03:48:14.607+0000] {logging_mixin.py:190} INFO - [2025-03-06T03:48:14.607+0000] {dag.py:4156} INFO - Setting next_dagrun for Homework_5 to 2025-03-05 02:30:00+00:00, run_after=2025-03-06 02:30:00+00:00
[2025-03-06T03:48:14.641+0000] {processor.py:208} INFO - Processing /opt/airflow/dags/Homework_5.py took 0.143 seconds
[2025-03-06T03:48:41.382+0000] {processor.py:186} INFO - Started process (PID=680) to work on /opt/airflow/dags/Homework_5.py
[2025-03-06T03:48:41.384+0000] {processor.py:914} INFO - Processing file /opt/airflow/dags/Homework_5.py for tasks to queue
[2025-03-06T03:48:41.386+0000] {logging_mixin.py:190} INFO - [2025-03-06T03:48:41.386+0000] {dagbag.py:587} INFO - Filling up the DagBag from /opt/airflow/dags/Homework_5.py
[2025-03-06T03:48:41.479+0000] {processor.py:925} INFO - DAG(s) 'Homework_5' retrieved from /opt/airflow/dags/Homework_5.py
[2025-03-06T03:48:41.506+0000] {logging_mixin.py:190} INFO - [2025-03-06T03:48:41.506+0000] {dag.py:3229} INFO - Sync 1 DAGs
[2025-03-06T03:48:41.532+0000] {logging_mixin.py:190} INFO - [2025-03-06T03:48:41.532+0000] {dag.py:4156} INFO - Setting next_dagrun for Homework_5 to 2025-03-05 02:30:00+00:00, run_after=2025-03-06 02:30:00+00:00
[2025-03-06T03:48:41.573+0000] {processor.py:208} INFO - Processing /opt/airflow/dags/Homework_5.py took 0.199 seconds
[2025-03-06T03:48:44.653+0000] {processor.py:186} INFO - Started process (PID=685) to work on /opt/airflow/dags/Homework_5.py
[2025-03-06T03:48:44.654+0000] {processor.py:914} INFO - Processing file /opt/airflow/dags/Homework_5.py for tasks to queue
[2025-03-06T03:48:44.656+0000] {logging_mixin.py:190} INFO - [2025-03-06T03:48:44.656+0000] {dagbag.py:587} INFO - Filling up the DagBag from /opt/airflow/dags/Homework_5.py
[2025-03-06T03:48:44.728+0000] {processor.py:925} INFO - DAG(s) 'Homework_5' retrieved from /opt/airflow/dags/Homework_5.py
[2025-03-06T03:48:44.752+0000] {logging_mixin.py:190} INFO - [2025-03-06T03:48:44.752+0000] {dag.py:3229} INFO - Sync 1 DAGs
[2025-03-06T03:48:44.774+0000] {logging_mixin.py:190} INFO - [2025-03-06T03:48:44.773+0000] {dag.py:4156} INFO - Setting next_dagrun for Homework_5 to 2025-03-05 02:30:00+00:00, run_after=2025-03-06 02:30:00+00:00
[2025-03-06T03:48:44.830+0000] {processor.py:208} INFO - Processing /opt/airflow/dags/Homework_5.py took 0.184 seconds
[2025-03-06T03:49:14.954+0000] {processor.py:186} INFO - Started process (PID=706) to work on /opt/airflow/dags/Homework_5.py
[2025-03-06T03:49:14.957+0000] {processor.py:914} INFO - Processing file /opt/airflow/dags/Homework_5.py for tasks to queue
[2025-03-06T03:49:14.959+0000] {logging_mixin.py:190} INFO - [2025-03-06T03:49:14.959+0000] {dagbag.py:587} INFO - Filling up the DagBag from /opt/airflow/dags/Homework_5.py
[2025-03-06T03:49:15.017+0000] {processor.py:925} INFO - DAG(s) 'Homework_5' retrieved from /opt/airflow/dags/Homework_5.py
[2025-03-06T03:49:15.052+0000] {logging_mixin.py:190} INFO - [2025-03-06T03:49:15.052+0000] {dag.py:3229} INFO - Sync 1 DAGs
[2025-03-06T03:49:15.078+0000] {logging_mixin.py:190} INFO - [2025-03-06T03:49:15.078+0000] {dag.py:4156} INFO - Setting next_dagrun for Homework_5 to 2025-03-05 02:30:00+00:00, run_after=2025-03-06 02:30:00+00:00
[2025-03-06T03:49:15.111+0000] {processor.py:208} INFO - Processing /opt/airflow/dags/Homework_5.py took 0.168 seconds
[2025-03-06T03:49:45.327+0000] {processor.py:186} INFO - Started process (PID=727) to work on /opt/airflow/dags/Homework_5.py
[2025-03-06T03:49:45.328+0000] {processor.py:914} INFO - Processing file /opt/airflow/dags/Homework_5.py for tasks to queue
[2025-03-06T03:49:45.332+0000] {logging_mixin.py:190} INFO - [2025-03-06T03:49:45.331+0000] {dagbag.py:587} INFO - Filling up the DagBag from /opt/airflow/dags/Homework_5.py
[2025-03-06T03:49:45.387+0000] {processor.py:925} INFO - DAG(s) 'Homework_5' retrieved from /opt/airflow/dags/Homework_5.py
[2025-03-06T03:49:45.427+0000] {logging_mixin.py:190} INFO - [2025-03-06T03:49:45.427+0000] {dag.py:3229} INFO - Sync 1 DAGs
[2025-03-06T03:49:45.455+0000] {logging_mixin.py:190} INFO - [2025-03-06T03:49:45.455+0000] {dag.py:4156} INFO - Setting next_dagrun for Homework_5 to 2025-03-05 02:30:00+00:00, run_after=2025-03-06 02:30:00+00:00
[2025-03-06T03:49:45.484+0000] {processor.py:208} INFO - Processing /opt/airflow/dags/Homework_5.py took 0.168 seconds
[2025-03-06T03:50:16.460+0000] {processor.py:186} INFO - Started process (PID=748) to work on /opt/airflow/dags/Homework_5.py
[2025-03-06T03:50:16.462+0000] {processor.py:914} INFO - Processing file /opt/airflow/dags/Homework_5.py for tasks to queue
[2025-03-06T03:50:16.466+0000] {logging_mixin.py:190} INFO - [2025-03-06T03:50:16.465+0000] {dagbag.py:587} INFO - Filling up the DagBag from /opt/airflow/dags/Homework_5.py
[2025-03-06T03:50:16.481+0000] {processor.py:925} INFO - DAG(s) 'Homework_5' retrieved from /opt/airflow/dags/Homework_5.py
[2025-03-06T03:50:16.503+0000] {logging_mixin.py:190} INFO - [2025-03-06T03:50:16.502+0000] {dag.py:3229} INFO - Sync 1 DAGs
[2025-03-06T03:50:16.535+0000] {logging_mixin.py:190} INFO - [2025-03-06T03:50:16.535+0000] {dag.py:4156} INFO - Setting next_dagrun for Homework_5 to 2025-03-05 02:30:00+00:00, run_after=2025-03-06 02:30:00+00:00
[2025-03-06T03:50:16.557+0000] {processor.py:208} INFO - Processing /opt/airflow/dags/Homework_5.py took 0.102 seconds
[2025-03-06T03:50:47.295+0000] {processor.py:186} INFO - Started process (PID=788) to work on /opt/airflow/dags/Homework_5.py
[2025-03-06T03:50:47.297+0000] {processor.py:914} INFO - Processing file /opt/airflow/dags/Homework_5.py for tasks to queue
[2025-03-06T03:50:47.299+0000] {logging_mixin.py:190} INFO - [2025-03-06T03:50:47.298+0000] {dagbag.py:587} INFO - Filling up the DagBag from /opt/airflow/dags/Homework_5.py
[2025-03-06T03:50:47.343+0000] {processor.py:925} INFO - DAG(s) 'Homework_5' retrieved from /opt/airflow/dags/Homework_5.py
[2025-03-06T03:50:47.385+0000] {logging_mixin.py:190} INFO - [2025-03-06T03:50:47.384+0000] {dag.py:3229} INFO - Sync 1 DAGs
[2025-03-06T03:50:47.422+0000] {logging_mixin.py:190} INFO - [2025-03-06T03:50:47.422+0000] {dag.py:4156} INFO - Setting next_dagrun for Homework_5 to 2025-03-05 02:30:00+00:00, run_after=2025-03-06 02:30:00+00:00
[2025-03-06T03:50:47.455+0000] {processor.py:208} INFO - Processing /opt/airflow/dags/Homework_5.py took 0.166 seconds
[2025-03-06T03:51:18.267+0000] {processor.py:186} INFO - Started process (PID=808) to work on /opt/airflow/dags/Homework_5.py
[2025-03-06T03:51:18.268+0000] {processor.py:914} INFO - Processing file /opt/airflow/dags/Homework_5.py for tasks to queue
[2025-03-06T03:51:18.270+0000] {logging_mixin.py:190} INFO - [2025-03-06T03:51:18.270+0000] {dagbag.py:587} INFO - Filling up the DagBag from /opt/airflow/dags/Homework_5.py
[2025-03-06T03:51:18.314+0000] {processor.py:925} INFO - DAG(s) 'Homework_5' retrieved from /opt/airflow/dags/Homework_5.py
[2025-03-06T03:51:18.344+0000] {logging_mixin.py:190} INFO - [2025-03-06T03:51:18.344+0000] {dag.py:3229} INFO - Sync 1 DAGs
[2025-03-06T03:51:18.375+0000] {logging_mixin.py:190} INFO - [2025-03-06T03:51:18.375+0000] {dag.py:4156} INFO - Setting next_dagrun for Homework_5 to 2025-03-05 02:30:00+00:00, run_after=2025-03-06 02:30:00+00:00
[2025-03-06T03:51:18.410+0000] {processor.py:208} INFO - Processing /opt/airflow/dags/Homework_5.py took 0.153 seconds
[2025-03-06T03:51:48.990+0000] {processor.py:186} INFO - Started process (PID=829) to work on /opt/airflow/dags/Homework_5.py
[2025-03-06T03:51:48.991+0000] {processor.py:914} INFO - Processing file /opt/airflow/dags/Homework_5.py for tasks to queue
[2025-03-06T03:51:48.993+0000] {logging_mixin.py:190} INFO - [2025-03-06T03:51:48.993+0000] {dagbag.py:587} INFO - Filling up the DagBag from /opt/airflow/dags/Homework_5.py
[2025-03-06T03:51:49.039+0000] {processor.py:925} INFO - DAG(s) 'Homework_5' retrieved from /opt/airflow/dags/Homework_5.py
[2025-03-06T03:51:49.079+0000] {logging_mixin.py:190} INFO - [2025-03-06T03:51:49.079+0000] {dag.py:3229} INFO - Sync 1 DAGs
[2025-03-06T03:51:49.105+0000] {logging_mixin.py:190} INFO - [2025-03-06T03:51:49.105+0000] {dag.py:4156} INFO - Setting next_dagrun for Homework_5 to 2025-03-05 02:30:00+00:00, run_after=2025-03-06 02:30:00+00:00
[2025-03-06T03:51:49.146+0000] {processor.py:208} INFO - Processing /opt/airflow/dags/Homework_5.py took 0.163 seconds
[2025-03-06T03:52:20.068+0000] {processor.py:186} INFO - Started process (PID=850) to work on /opt/airflow/dags/Homework_5.py
[2025-03-06T03:52:20.076+0000] {processor.py:914} INFO - Processing file /opt/airflow/dags/Homework_5.py for tasks to queue
[2025-03-06T03:52:20.079+0000] {logging_mixin.py:190} INFO - [2025-03-06T03:52:20.079+0000] {dagbag.py:587} INFO - Filling up the DagBag from /opt/airflow/dags/Homework_5.py
[2025-03-06T03:52:20.131+0000] {processor.py:925} INFO - DAG(s) 'Homework_5' retrieved from /opt/airflow/dags/Homework_5.py
[2025-03-06T03:52:20.179+0000] {logging_mixin.py:190} INFO - [2025-03-06T03:52:20.179+0000] {dag.py:3229} INFO - Sync 1 DAGs
[2025-03-06T03:52:20.211+0000] {logging_mixin.py:190} INFO - [2025-03-06T03:52:20.211+0000] {dag.py:4156} INFO - Setting next_dagrun for Homework_5 to 2025-03-05 02:30:00+00:00, run_after=2025-03-06 02:30:00+00:00
[2025-03-06T03:52:20.231+0000] {processor.py:208} INFO - Processing /opt/airflow/dags/Homework_5.py took 0.169 seconds
[2025-03-06T03:52:51.253+0000] {processor.py:186} INFO - Started process (PID=871) to work on /opt/airflow/dags/Homework_5.py
[2025-03-06T03:52:51.255+0000] {processor.py:914} INFO - Processing file /opt/airflow/dags/Homework_5.py for tasks to queue
[2025-03-06T03:52:51.257+0000] {logging_mixin.py:190} INFO - [2025-03-06T03:52:51.257+0000] {dagbag.py:587} INFO - Filling up the DagBag from /opt/airflow/dags/Homework_5.py
[2025-03-06T03:52:51.314+0000] {processor.py:925} INFO - DAG(s) 'Homework_5' retrieved from /opt/airflow/dags/Homework_5.py
[2025-03-06T03:52:51.342+0000] {logging_mixin.py:190} INFO - [2025-03-06T03:52:51.341+0000] {dag.py:3229} INFO - Sync 1 DAGs
[2025-03-06T03:52:51.369+0000] {logging_mixin.py:190} INFO - [2025-03-06T03:52:51.368+0000] {dag.py:4156} INFO - Setting next_dagrun for Homework_5 to 2025-03-05 02:30:00+00:00, run_after=2025-03-06 02:30:00+00:00
[2025-03-06T03:52:51.399+0000] {processor.py:208} INFO - Processing /opt/airflow/dags/Homework_5.py took 0.153 seconds
[2025-03-06T03:53:22.035+0000] {processor.py:186} INFO - Started process (PID=892) to work on /opt/airflow/dags/Homework_5.py
[2025-03-06T03:53:22.036+0000] {processor.py:914} INFO - Processing file /opt/airflow/dags/Homework_5.py for tasks to queue
[2025-03-06T03:53:22.039+0000] {logging_mixin.py:190} INFO - [2025-03-06T03:53:22.038+0000] {dagbag.py:587} INFO - Filling up the DagBag from /opt/airflow/dags/Homework_5.py
[2025-03-06T03:53:22.082+0000] {processor.py:925} INFO - DAG(s) 'Homework_5' retrieved from /opt/airflow/dags/Homework_5.py
[2025-03-06T03:53:22.106+0000] {logging_mixin.py:190} INFO - [2025-03-06T03:53:22.106+0000] {dag.py:3229} INFO - Sync 1 DAGs
[2025-03-06T03:53:22.127+0000] {logging_mixin.py:190} INFO - [2025-03-06T03:53:22.127+0000] {dag.py:4156} INFO - Setting next_dagrun for Homework_5 to 2025-03-05 02:30:00+00:00, run_after=2025-03-06 02:30:00+00:00
[2025-03-06T03:53:22.152+0000] {processor.py:208} INFO - Processing /opt/airflow/dags/Homework_5.py took 0.123 seconds
[2025-03-06T03:53:52.871+0000] {processor.py:186} INFO - Started process (PID=913) to work on /opt/airflow/dags/Homework_5.py
[2025-03-06T03:53:52.872+0000] {processor.py:914} INFO - Processing file /opt/airflow/dags/Homework_5.py for tasks to queue
[2025-03-06T03:53:52.874+0000] {logging_mixin.py:190} INFO - [2025-03-06T03:53:52.874+0000] {dagbag.py:587} INFO - Filling up the DagBag from /opt/airflow/dags/Homework_5.py
[2025-03-06T03:53:52.913+0000] {processor.py:925} INFO - DAG(s) 'Homework_5' retrieved from /opt/airflow/dags/Homework_5.py
[2025-03-06T03:53:52.942+0000] {logging_mixin.py:190} INFO - [2025-03-06T03:53:52.942+0000] {dag.py:3229} INFO - Sync 1 DAGs
[2025-03-06T03:53:52.964+0000] {logging_mixin.py:190} INFO - [2025-03-06T03:53:52.964+0000] {dag.py:4156} INFO - Setting next_dagrun for Homework_5 to 2025-03-05 02:30:00+00:00, run_after=2025-03-06 02:30:00+00:00
[2025-03-06T03:53:52.988+0000] {processor.py:208} INFO - Processing /opt/airflow/dags/Homework_5.py took 0.125 seconds
[2025-03-06T03:54:23.775+0000] {processor.py:186} INFO - Started process (PID=933) to work on /opt/airflow/dags/Homework_5.py
[2025-03-06T03:54:23.777+0000] {processor.py:914} INFO - Processing file /opt/airflow/dags/Homework_5.py for tasks to queue
[2025-03-06T03:54:23.778+0000] {logging_mixin.py:190} INFO - [2025-03-06T03:54:23.778+0000] {dagbag.py:587} INFO - Filling up the DagBag from /opt/airflow/dags/Homework_5.py
[2025-03-06T03:54:23.802+0000] {processor.py:925} INFO - DAG(s) 'Homework_5' retrieved from /opt/airflow/dags/Homework_5.py
[2025-03-06T03:54:23.832+0000] {logging_mixin.py:190} INFO - [2025-03-06T03:54:23.832+0000] {dag.py:3229} INFO - Sync 1 DAGs
[2025-03-06T03:54:23.851+0000] {logging_mixin.py:190} INFO - [2025-03-06T03:54:23.851+0000] {dag.py:4156} INFO - Setting next_dagrun for Homework_5 to 2025-03-05 02:30:00+00:00, run_after=2025-03-06 02:30:00+00:00
[2025-03-06T03:54:23.869+0000] {processor.py:208} INFO - Processing /opt/airflow/dags/Homework_5.py took 0.099 seconds
[2025-03-06T03:54:54.681+0000] {processor.py:186} INFO - Started process (PID=954) to work on /opt/airflow/dags/Homework_5.py
[2025-03-06T03:54:54.683+0000] {processor.py:914} INFO - Processing file /opt/airflow/dags/Homework_5.py for tasks to queue
[2025-03-06T03:54:54.685+0000] {logging_mixin.py:190} INFO - [2025-03-06T03:54:54.684+0000] {dagbag.py:587} INFO - Filling up the DagBag from /opt/airflow/dags/Homework_5.py
[2025-03-06T03:54:54.716+0000] {processor.py:925} INFO - DAG(s) 'Homework_5' retrieved from /opt/airflow/dags/Homework_5.py
[2025-03-06T03:54:54.748+0000] {logging_mixin.py:190} INFO - [2025-03-06T03:54:54.747+0000] {dag.py:3229} INFO - Sync 1 DAGs
[2025-03-06T03:54:54.770+0000] {logging_mixin.py:190} INFO - [2025-03-06T03:54:54.770+0000] {dag.py:4156} INFO - Setting next_dagrun for Homework_5 to 2025-03-05 02:30:00+00:00, run_after=2025-03-06 02:30:00+00:00
[2025-03-06T03:54:54.792+0000] {processor.py:208} INFO - Processing /opt/airflow/dags/Homework_5.py took 0.117 seconds
[2025-03-06T03:55:25.513+0000] {processor.py:186} INFO - Started process (PID=975) to work on /opt/airflow/dags/Homework_5.py
[2025-03-06T03:55:25.514+0000] {processor.py:914} INFO - Processing file /opt/airflow/dags/Homework_5.py for tasks to queue
[2025-03-06T03:55:25.517+0000] {logging_mixin.py:190} INFO - [2025-03-06T03:55:25.516+0000] {dagbag.py:587} INFO - Filling up the DagBag from /opt/airflow/dags/Homework_5.py
[2025-03-06T03:55:25.539+0000] {processor.py:925} INFO - DAG(s) 'Homework_5' retrieved from /opt/airflow/dags/Homework_5.py
[2025-03-06T03:55:25.563+0000] {logging_mixin.py:190} INFO - [2025-03-06T03:55:25.563+0000] {dag.py:3229} INFO - Sync 1 DAGs
[2025-03-06T03:55:25.583+0000] {logging_mixin.py:190} INFO - [2025-03-06T03:55:25.583+0000] {dag.py:4156} INFO - Setting next_dagrun for Homework_5 to 2025-03-05 02:30:00+00:00, run_after=2025-03-06 02:30:00+00:00
[2025-03-06T03:55:25.606+0000] {processor.py:208} INFO - Processing /opt/airflow/dags/Homework_5.py took 0.098 seconds
