[2025-03-27T19:49:45.265+0000] {processor.py:186} INFO - Started process (PID=269) to work on /opt/airflow/dags/import_dag_hw_6.py
[2025-03-27T19:49:45.266+0000] {processor.py:914} INFO - Processing file /opt/airflow/dags/import_dag_hw_6.py for tasks to queue
[2025-03-27T19:49:45.270+0000] {logging_mixin.py:190} INFO - [2025-03-27T19:49:45.269+0000] {dagbag.py:587} INFO - Filling up the DagBag from /opt/airflow/dags/import_dag_hw_6.py
[2025-03-27T19:49:45.304+0000] {processor.py:925} INFO - DAG(s) 'etl_snowflake' retrieved from /opt/airflow/dags/import_dag_hw_6.py
[2025-03-27T19:49:45.449+0000] {logging_mixin.py:190} INFO - [2025-03-27T19:49:45.448+0000] {override.py:1900} INFO - Created Permission View: can read on DAG:etl_snowflake
[2025-03-27T19:49:45.458+0000] {logging_mixin.py:190} INFO - [2025-03-27T19:49:45.458+0000] {override.py:1900} INFO - Created Permission View: can delete on DAG:etl_snowflake
[2025-03-27T19:49:45.464+0000] {logging_mixin.py:190} INFO - [2025-03-27T19:49:45.464+0000] {override.py:1900} INFO - Created Permission View: can edit on DAG:etl_snowflake
[2025-03-27T19:49:45.470+0000] {logging_mixin.py:190} INFO - [2025-03-27T19:49:45.470+0000] {override.py:1900} INFO - Created Permission View: can create on DAG Run:etl_snowflake
[2025-03-27T19:49:45.477+0000] {logging_mixin.py:190} INFO - [2025-03-27T19:49:45.477+0000] {override.py:1900} INFO - Created Permission View: can read on DAG Run:etl_snowflake
[2025-03-27T19:49:45.484+0000] {logging_mixin.py:190} INFO - [2025-03-27T19:49:45.483+0000] {override.py:1900} INFO - Created Permission View: can delete on DAG Run:etl_snowflake
[2025-03-27T19:49:45.492+0000] {logging_mixin.py:190} INFO - [2025-03-27T19:49:45.492+0000] {override.py:1900} INFO - Created Permission View: menu access on DAG Run:etl_snowflake
[2025-03-27T19:49:45.493+0000] {logging_mixin.py:190} INFO - [2025-03-27T19:49:45.493+0000] {dag.py:3229} INFO - Sync 1 DAGs
[2025-03-27T19:49:45.508+0000] {logging_mixin.py:190} INFO - [2025-03-27T19:49:45.508+0000] {dag.py:3252} INFO - Creating ORM DAG for etl_snowflake
[2025-03-27T19:49:45.519+0000] {logging_mixin.py:190} INFO - [2025-03-27T19:49:45.519+0000] {dag.py:4156} INFO - Setting next_dagrun for etl_snowflake to 2025-03-26 01:30:00+00:00, run_after=2025-03-27 01:30:00+00:00
[2025-03-27T19:49:45.539+0000] {processor.py:208} INFO - Processing /opt/airflow/dags/import_dag_hw_6.py took 0.281 seconds
[2025-03-27T19:50:15.734+0000] {processor.py:186} INFO - Started process (PID=324) to work on /opt/airflow/dags/import_dag_hw_6.py
[2025-03-27T19:50:15.735+0000] {processor.py:914} INFO - Processing file /opt/airflow/dags/import_dag_hw_6.py for tasks to queue
[2025-03-27T19:50:15.738+0000] {logging_mixin.py:190} INFO - [2025-03-27T19:50:15.738+0000] {dagbag.py:587} INFO - Filling up the DagBag from /opt/airflow/dags/import_dag_hw_6.py
[2025-03-27T19:50:15.787+0000] {processor.py:925} INFO - DAG(s) 'etl_snowflake' retrieved from /opt/airflow/dags/import_dag_hw_6.py
[2025-03-27T19:50:15.820+0000] {logging_mixin.py:190} INFO - [2025-03-27T19:50:15.820+0000] {dag.py:3229} INFO - Sync 1 DAGs
[2025-03-27T19:50:15.845+0000] {logging_mixin.py:190} INFO - [2025-03-27T19:50:15.845+0000] {dag.py:4156} INFO - Setting next_dagrun for etl_snowflake to 2025-03-26 01:30:00+00:00, run_after=2025-03-27 01:30:00+00:00
[2025-03-27T19:50:15.868+0000] {processor.py:208} INFO - Processing /opt/airflow/dags/import_dag_hw_6.py took 0.141 seconds
[2025-03-27T19:50:46.230+0000] {processor.py:186} INFO - Started process (PID=359) to work on /opt/airflow/dags/import_dag_hw_6.py
[2025-03-27T19:50:46.232+0000] {processor.py:914} INFO - Processing file /opt/airflow/dags/import_dag_hw_6.py for tasks to queue
[2025-03-27T19:50:46.235+0000] {logging_mixin.py:190} INFO - [2025-03-27T19:50:46.234+0000] {dagbag.py:587} INFO - Filling up the DagBag from /opt/airflow/dags/import_dag_hw_6.py
[2025-03-27T19:50:46.271+0000] {processor.py:925} INFO - DAG(s) 'etl_snowflake' retrieved from /opt/airflow/dags/import_dag_hw_6.py
[2025-03-27T19:50:46.302+0000] {logging_mixin.py:190} INFO - [2025-03-27T19:50:46.301+0000] {dag.py:3229} INFO - Sync 1 DAGs
[2025-03-27T19:50:46.339+0000] {logging_mixin.py:190} INFO - [2025-03-27T19:50:46.339+0000] {dag.py:4156} INFO - Setting next_dagrun for etl_snowflake to 2025-03-26 01:30:00+00:00, run_after=2025-03-27 01:30:00+00:00
[2025-03-27T19:50:46.356+0000] {processor.py:208} INFO - Processing /opt/airflow/dags/import_dag_hw_6.py took 0.132 seconds
[2025-03-27T19:51:16.600+0000] {processor.py:186} INFO - Started process (PID=395) to work on /opt/airflow/dags/import_dag_hw_6.py
[2025-03-27T19:51:16.601+0000] {processor.py:914} INFO - Processing file /opt/airflow/dags/import_dag_hw_6.py for tasks to queue
[2025-03-27T19:51:16.605+0000] {logging_mixin.py:190} INFO - [2025-03-27T19:51:16.604+0000] {dagbag.py:587} INFO - Filling up the DagBag from /opt/airflow/dags/import_dag_hw_6.py
[2025-03-27T19:51:16.632+0000] {processor.py:925} INFO - DAG(s) 'etl_snowflake' retrieved from /opt/airflow/dags/import_dag_hw_6.py
[2025-03-27T19:51:16.658+0000] {logging_mixin.py:190} INFO - [2025-03-27T19:51:16.658+0000] {dag.py:3229} INFO - Sync 1 DAGs
[2025-03-27T19:51:16.685+0000] {logging_mixin.py:190} INFO - [2025-03-27T19:51:16.684+0000] {dag.py:4156} INFO - Setting next_dagrun for etl_snowflake to 2025-03-26 01:30:00+00:00, run_after=2025-03-27 01:30:00+00:00
[2025-03-27T19:51:16.710+0000] {processor.py:208} INFO - Processing /opt/airflow/dags/import_dag_hw_6.py took 0.115 seconds
[2025-03-27T19:51:46.864+0000] {processor.py:186} INFO - Started process (PID=431) to work on /opt/airflow/dags/import_dag_hw_6.py
[2025-03-27T19:51:46.867+0000] {processor.py:914} INFO - Processing file /opt/airflow/dags/import_dag_hw_6.py for tasks to queue
[2025-03-27T19:51:46.869+0000] {logging_mixin.py:190} INFO - [2025-03-27T19:51:46.869+0000] {dagbag.py:587} INFO - Filling up the DagBag from /opt/airflow/dags/import_dag_hw_6.py
[2025-03-27T19:51:46.904+0000] {processor.py:925} INFO - DAG(s) 'etl_snowflake' retrieved from /opt/airflow/dags/import_dag_hw_6.py
[2025-03-27T19:51:46.934+0000] {logging_mixin.py:190} INFO - [2025-03-27T19:51:46.933+0000] {dag.py:3229} INFO - Sync 1 DAGs
[2025-03-27T19:51:46.962+0000] {logging_mixin.py:190} INFO - [2025-03-27T19:51:46.962+0000] {dag.py:4156} INFO - Setting next_dagrun for etl_snowflake to 2025-03-26 01:30:00+00:00, run_after=2025-03-27 01:30:00+00:00
[2025-03-27T19:51:46.991+0000] {processor.py:208} INFO - Processing /opt/airflow/dags/import_dag_hw_6.py took 0.132 seconds
[2025-03-27T19:52:17.241+0000] {processor.py:186} INFO - Started process (PID=467) to work on /opt/airflow/dags/import_dag_hw_6.py
[2025-03-27T19:52:17.243+0000] {processor.py:914} INFO - Processing file /opt/airflow/dags/import_dag_hw_6.py for tasks to queue
[2025-03-27T19:52:17.247+0000] {logging_mixin.py:190} INFO - [2025-03-27T19:52:17.246+0000] {dagbag.py:587} INFO - Filling up the DagBag from /opt/airflow/dags/import_dag_hw_6.py
[2025-03-27T19:52:17.280+0000] {processor.py:925} INFO - DAG(s) 'etl_snowflake' retrieved from /opt/airflow/dags/import_dag_hw_6.py
[2025-03-27T19:52:17.303+0000] {logging_mixin.py:190} INFO - [2025-03-27T19:52:17.303+0000] {dag.py:3229} INFO - Sync 1 DAGs
[2025-03-27T19:52:17.324+0000] {logging_mixin.py:190} INFO - [2025-03-27T19:52:17.323+0000] {dag.py:4156} INFO - Setting next_dagrun for etl_snowflake to 2025-03-26 01:30:00+00:00, run_after=2025-03-27 01:30:00+00:00
[2025-03-27T19:52:17.350+0000] {processor.py:208} INFO - Processing /opt/airflow/dags/import_dag_hw_6.py took 0.115 seconds
[2025-03-27T19:52:47.730+0000] {processor.py:186} INFO - Started process (PID=504) to work on /opt/airflow/dags/import_dag_hw_6.py
[2025-03-27T19:52:47.731+0000] {processor.py:914} INFO - Processing file /opt/airflow/dags/import_dag_hw_6.py for tasks to queue
[2025-03-27T19:52:47.734+0000] {logging_mixin.py:190} INFO - [2025-03-27T19:52:47.733+0000] {dagbag.py:587} INFO - Filling up the DagBag from /opt/airflow/dags/import_dag_hw_6.py
[2025-03-27T19:52:47.781+0000] {processor.py:925} INFO - DAG(s) 'etl_snowflake' retrieved from /opt/airflow/dags/import_dag_hw_6.py
[2025-03-27T19:52:47.801+0000] {logging_mixin.py:190} INFO - [2025-03-27T19:52:47.800+0000] {dag.py:3229} INFO - Sync 1 DAGs
[2025-03-27T19:52:47.819+0000] {logging_mixin.py:190} INFO - [2025-03-27T19:52:47.819+0000] {dag.py:4156} INFO - Setting next_dagrun for etl_snowflake to 2025-03-26 01:30:00+00:00, run_after=2025-03-27 01:30:00+00:00
[2025-03-27T19:52:47.846+0000] {processor.py:208} INFO - Processing /opt/airflow/dags/import_dag_hw_6.py took 0.119 seconds
[2025-03-27T19:53:18.297+0000] {processor.py:186} INFO - Started process (PID=540) to work on /opt/airflow/dags/import_dag_hw_6.py
[2025-03-27T19:53:18.298+0000] {processor.py:914} INFO - Processing file /opt/airflow/dags/import_dag_hw_6.py for tasks to queue
[2025-03-27T19:53:18.300+0000] {logging_mixin.py:190} INFO - [2025-03-27T19:53:18.300+0000] {dagbag.py:587} INFO - Filling up the DagBag from /opt/airflow/dags/import_dag_hw_6.py
[2025-03-27T19:53:18.351+0000] {processor.py:925} INFO - DAG(s) 'etl_snowflake' retrieved from /opt/airflow/dags/import_dag_hw_6.py
[2025-03-27T19:53:18.375+0000] {logging_mixin.py:190} INFO - [2025-03-27T19:53:18.375+0000] {dag.py:3229} INFO - Sync 1 DAGs
[2025-03-27T19:53:18.396+0000] {logging_mixin.py:190} INFO - [2025-03-27T19:53:18.396+0000] {dag.py:4156} INFO - Setting next_dagrun for etl_snowflake to 2025-03-26 01:30:00+00:00, run_after=2025-03-27 01:30:00+00:00
[2025-03-27T19:53:18.421+0000] {processor.py:208} INFO - Processing /opt/airflow/dags/import_dag_hw_6.py took 0.130 seconds
[2025-03-27T19:53:49.093+0000] {processor.py:186} INFO - Started process (PID=576) to work on /opt/airflow/dags/import_dag_hw_6.py
[2025-03-27T19:53:49.095+0000] {processor.py:914} INFO - Processing file /opt/airflow/dags/import_dag_hw_6.py for tasks to queue
[2025-03-27T19:53:49.098+0000] {logging_mixin.py:190} INFO - [2025-03-27T19:53:49.098+0000] {dagbag.py:587} INFO - Filling up the DagBag from /opt/airflow/dags/import_dag_hw_6.py
[2025-03-27T19:53:49.140+0000] {processor.py:925} INFO - DAG(s) 'etl_snowflake' retrieved from /opt/airflow/dags/import_dag_hw_6.py
[2025-03-27T19:53:49.162+0000] {logging_mixin.py:190} INFO - [2025-03-27T19:53:49.162+0000] {dag.py:3229} INFO - Sync 1 DAGs
[2025-03-27T19:53:49.184+0000] {logging_mixin.py:190} INFO - [2025-03-27T19:53:49.184+0000] {dag.py:4156} INFO - Setting next_dagrun for etl_snowflake to 2025-03-26 01:30:00+00:00, run_after=2025-03-27 01:30:00+00:00
[2025-03-27T19:53:49.206+0000] {processor.py:208} INFO - Processing /opt/airflow/dags/import_dag_hw_6.py took 0.118 seconds
[2025-03-27T19:54:19.602+0000] {processor.py:186} INFO - Started process (PID=619) to work on /opt/airflow/dags/import_dag_hw_6.py
[2025-03-27T19:54:19.603+0000] {processor.py:914} INFO - Processing file /opt/airflow/dags/import_dag_hw_6.py for tasks to queue
[2025-03-27T19:54:19.606+0000] {logging_mixin.py:190} INFO - [2025-03-27T19:54:19.605+0000] {dagbag.py:587} INFO - Filling up the DagBag from /opt/airflow/dags/import_dag_hw_6.py
[2025-03-27T19:54:19.624+0000] {processor.py:925} INFO - DAG(s) 'etl_snowflake' retrieved from /opt/airflow/dags/import_dag_hw_6.py
[2025-03-27T19:54:19.652+0000] {logging_mixin.py:190} INFO - [2025-03-27T19:54:19.651+0000] {dag.py:3229} INFO - Sync 1 DAGs
[2025-03-27T19:54:19.678+0000] {logging_mixin.py:190} INFO - [2025-03-27T19:54:19.678+0000] {dag.py:4156} INFO - Setting next_dagrun for etl_snowflake to 2025-03-27 01:30:00+00:00, run_after=2025-03-28 01:30:00+00:00
[2025-03-27T19:54:19.702+0000] {processor.py:208} INFO - Processing /opt/airflow/dags/import_dag_hw_6.py took 0.107 seconds
[2025-03-27T19:54:50.182+0000] {processor.py:186} INFO - Started process (PID=663) to work on /opt/airflow/dags/import_dag_hw_6.py
[2025-03-27T19:54:50.184+0000] {processor.py:914} INFO - Processing file /opt/airflow/dags/import_dag_hw_6.py for tasks to queue
[2025-03-27T19:54:50.187+0000] {logging_mixin.py:190} INFO - [2025-03-27T19:54:50.186+0000] {dagbag.py:587} INFO - Filling up the DagBag from /opt/airflow/dags/import_dag_hw_6.py
[2025-03-27T19:54:50.223+0000] {processor.py:925} INFO - DAG(s) 'etl_snowflake' retrieved from /opt/airflow/dags/import_dag_hw_6.py
[2025-03-27T19:54:50.257+0000] {logging_mixin.py:190} INFO - [2025-03-27T19:54:50.257+0000] {dag.py:3229} INFO - Sync 1 DAGs
[2025-03-27T19:54:50.279+0000] {logging_mixin.py:190} INFO - [2025-03-27T19:54:50.279+0000] {dag.py:4156} INFO - Setting next_dagrun for etl_snowflake to 2025-03-27 01:30:00+00:00, run_after=2025-03-28 01:30:00+00:00
[2025-03-27T19:54:50.296+0000] {processor.py:208} INFO - Processing /opt/airflow/dags/import_dag_hw_6.py took 0.118 seconds
[2025-03-27T19:55:20.569+0000] {processor.py:186} INFO - Started process (PID=698) to work on /opt/airflow/dags/import_dag_hw_6.py
[2025-03-27T19:55:20.570+0000] {processor.py:914} INFO - Processing file /opt/airflow/dags/import_dag_hw_6.py for tasks to queue
[2025-03-27T19:55:20.572+0000] {logging_mixin.py:190} INFO - [2025-03-27T19:55:20.572+0000] {dagbag.py:587} INFO - Filling up the DagBag from /opt/airflow/dags/import_dag_hw_6.py
[2025-03-27T19:55:20.603+0000] {processor.py:925} INFO - DAG(s) 'etl_snowflake' retrieved from /opt/airflow/dags/import_dag_hw_6.py
[2025-03-27T19:55:20.640+0000] {logging_mixin.py:190} INFO - [2025-03-27T19:55:20.636+0000] {dag.py:3229} INFO - Sync 1 DAGs
[2025-03-27T19:55:20.673+0000] {logging_mixin.py:190} INFO - [2025-03-27T19:55:20.672+0000] {dag.py:4156} INFO - Setting next_dagrun for etl_snowflake to 2025-03-27 01:30:00+00:00, run_after=2025-03-28 01:30:00+00:00
[2025-03-27T19:55:20.694+0000] {processor.py:208} INFO - Processing /opt/airflow/dags/import_dag_hw_6.py took 0.135 seconds
[2025-03-27T19:55:50.933+0000] {processor.py:186} INFO - Started process (PID=734) to work on /opt/airflow/dags/import_dag_hw_6.py
[2025-03-27T19:55:50.934+0000] {processor.py:914} INFO - Processing file /opt/airflow/dags/import_dag_hw_6.py for tasks to queue
[2025-03-27T19:55:50.936+0000] {logging_mixin.py:190} INFO - [2025-03-27T19:55:50.936+0000] {dagbag.py:587} INFO - Filling up the DagBag from /opt/airflow/dags/import_dag_hw_6.py
[2025-03-27T19:55:50.976+0000] {processor.py:925} INFO - DAG(s) 'etl_snowflake' retrieved from /opt/airflow/dags/import_dag_hw_6.py
[2025-03-27T19:55:51.002+0000] {logging_mixin.py:190} INFO - [2025-03-27T19:55:51.001+0000] {dag.py:3229} INFO - Sync 1 DAGs
[2025-03-27T19:55:51.027+0000] {logging_mixin.py:190} INFO - [2025-03-27T19:55:51.027+0000] {dag.py:4156} INFO - Setting next_dagrun for etl_snowflake to 2025-03-27 01:30:00+00:00, run_after=2025-03-28 01:30:00+00:00
[2025-03-27T19:55:51.066+0000] {processor.py:208} INFO - Processing /opt/airflow/dags/import_dag_hw_6.py took 0.142 seconds
[2025-03-27T19:56:21.256+0000] {processor.py:186} INFO - Started process (PID=770) to work on /opt/airflow/dags/import_dag_hw_6.py
[2025-03-27T19:56:21.259+0000] {processor.py:914} INFO - Processing file /opt/airflow/dags/import_dag_hw_6.py for tasks to queue
[2025-03-27T19:56:21.265+0000] {logging_mixin.py:190} INFO - [2025-03-27T19:56:21.264+0000] {dagbag.py:587} INFO - Filling up the DagBag from /opt/airflow/dags/import_dag_hw_6.py
[2025-03-27T19:56:21.286+0000] {processor.py:925} INFO - DAG(s) 'etl_snowflake' retrieved from /opt/airflow/dags/import_dag_hw_6.py
[2025-03-27T19:56:21.309+0000] {logging_mixin.py:190} INFO - [2025-03-27T19:56:21.309+0000] {dag.py:3229} INFO - Sync 1 DAGs
[2025-03-27T19:56:21.335+0000] {logging_mixin.py:190} INFO - [2025-03-27T19:56:21.335+0000] {dag.py:4156} INFO - Setting next_dagrun for etl_snowflake to 2025-03-27 01:30:00+00:00, run_after=2025-03-28 01:30:00+00:00
[2025-03-27T19:56:21.359+0000] {processor.py:208} INFO - Processing /opt/airflow/dags/import_dag_hw_6.py took 0.107 seconds
[2025-03-27T19:56:51.662+0000] {processor.py:186} INFO - Started process (PID=806) to work on /opt/airflow/dags/import_dag_hw_6.py
[2025-03-27T19:56:51.664+0000] {processor.py:914} INFO - Processing file /opt/airflow/dags/import_dag_hw_6.py for tasks to queue
[2025-03-27T19:56:51.668+0000] {logging_mixin.py:190} INFO - [2025-03-27T19:56:51.668+0000] {dagbag.py:587} INFO - Filling up the DagBag from /opt/airflow/dags/import_dag_hw_6.py
[2025-03-27T19:56:51.709+0000] {processor.py:925} INFO - DAG(s) 'etl_snowflake' retrieved from /opt/airflow/dags/import_dag_hw_6.py
[2025-03-27T19:56:51.840+0000] {logging_mixin.py:190} INFO - [2025-03-27T19:56:51.839+0000] {dag.py:3229} INFO - Sync 1 DAGs
[2025-03-27T19:56:51.856+0000] {logging_mixin.py:190} INFO - [2025-03-27T19:56:51.856+0000] {dag.py:3252} INFO - Creating ORM DAG for etl_snowflake
[2025-03-27T19:56:51.876+0000] {logging_mixin.py:190} INFO - [2025-03-27T19:56:51.875+0000] {dag.py:4156} INFO - Setting next_dagrun for etl_snowflake to 2025-03-26 01:30:00+00:00, run_after=2025-03-27 01:30:00+00:00
[2025-03-27T19:56:51.891+0000] {processor.py:208} INFO - Processing /opt/airflow/dags/import_dag_hw_6.py took 0.240 seconds
