[2025-04-17T20:35:34.472+0000] {local_task_job_runner.py:123} INFO - ::group::Pre task execution logs
[2025-04-17T20:35:34.485+0000] {taskinstance.py:2612} INFO - Dependencies all met for dep_context=non-requeueable deps ti=<TaskInstance: medium_to_pinecone.run_search manual__2025-04-17T20:34:46.764010+00:00 [queued]>
[2025-04-17T20:35:34.492+0000] {taskinstance.py:2612} INFO - Dependencies all met for dep_context=requeueable deps ti=<TaskInstance: medium_to_pinecone.run_search manual__2025-04-17T20:34:46.764010+00:00 [queued]>
[2025-04-17T20:35:34.493+0000] {taskinstance.py:2865} INFO - Starting attempt 1 of 2
[2025-04-17T20:35:34.503+0000] {taskinstance.py:2888} INFO - Executing <Task(PythonOperator): run_search> on 2025-04-17 20:34:46.764010+00:00
[2025-04-17T20:35:34.514+0000] {standard_task_runner.py:104} INFO - Running: ['***', 'tasks', 'run', 'medium_to_pinecone', 'run_search', 'manual__2025-04-17T20:34:46.764010+00:00', '--job-id', '128', '--raw', '--subdir', 'DAGS_FOLDER/medium_to_pinecone_dag.py', '--cfg-path', '/tmp/tmp4iqrome3']
[2025-04-17T20:35:34.516+0000] {standard_task_runner.py:105} INFO - Job 128: Subtask run_search
[2025-04-17T20:35:34.520+0000] {logging_mixin.py:190} WARNING - /home/***/.local/lib/python3.12/site-packages/***/task/task_runner/standard_task_runner.py:70 DeprecationWarning: This process (pid=1948) is multi-threaded, use of fork() may lead to deadlocks in the child.
[2025-04-17T20:35:34.522+0000] {standard_task_runner.py:72} INFO - Started process 1973 to run task
[2025-04-17T20:35:34.554+0000] {task_command.py:467} INFO - Running <TaskInstance: medium_to_pinecone.run_search manual__2025-04-17T20:34:46.764010+00:00 [running]> on host 7543834a7f27
[2025-04-17T20:35:34.617+0000] {taskinstance.py:3131} INFO - Exporting env vars: AIRFLOW_CTX_DAG_OWNER='***' AIRFLOW_CTX_DAG_ID='medium_to_pinecone' AIRFLOW_CTX_TASK_ID='run_search' AIRFLOW_CTX_EXECUTION_DATE='2025-04-17T20:34:46.764010+00:00' AIRFLOW_CTX_TRY_NUMBER='1' AIRFLOW_CTX_DAG_RUN_ID='manual__2025-04-17T20:34:46.764010+00:00'
[2025-04-17T20:35:34.618+0000] {taskinstance.py:731} INFO - ::endgroup::
[2025-04-17T20:35:34.631+0000] {SentenceTransformer.py:107} INFO - Load pretrained SentenceTransformer: all-MiniLM-L6-v2
[2025-04-17T20:35:36.854+0000] {SentenceTransformer.py:213} INFO - Use pytorch device_name: cpu
[2025-04-17T20:35:36.858+0000] {logging_mixin.py:190} WARNING - Batches:   0%|          | 0/1 [00:00<?, ?it/s]
[2025-04-17T20:35:36.911+0000] {logging_mixin.py:190} WARNING - Batches: 100%|##########| 1/1 [00:00<00:00, 19.19it/s]
[2025-04-17T20:35:39.147+0000] {logging_mixin.py:190} INFO - Search Results for: AI writing tools
[2025-04-17T20:35:39.149+0000] {logging_mixin.py:190} INFO - ID: 49, Score: 0.4277, Title: Unlocking the Potential of JupyterLab: Discover the Powerful Text Editor You Never Knew You Had
[2025-04-17T20:35:39.150+0000] {logging_mixin.py:190} INFO - ID: 23, Score: 0.4136, Title: Conversational AI search: beware of smoke and mirrors
[2025-04-17T20:35:39.150+0000] {logging_mixin.py:190} INFO - ID: 5, Score: 0.3890, Title: Going Under the Hood of Character-Level RNNs: A NumPy-based Implementation Guide
[2025-04-17T20:35:39.151+0000] {logging_mixin.py:190} INFO - ID: 34, Score: 0.3826, Title: Why is it so difficult to successfully get AI technologies adopted into clinical care?
[2025-04-17T20:35:39.151+0000] {logging_mixin.py:190} INFO - ID: 65, Score: 0.3808, Title: Why chatbots fail
[2025-04-17T20:35:39.151+0000] {logging_mixin.py:190} INFO - ID: 30, Score: 0.3768, Title: The Three Writing Exercises That Actually Help Me Out Of Fiction Ruts
[2025-04-17T20:35:39.152+0000] {logging_mixin.py:190} INFO - ID: 82, Score: 0.3587, Title: Why is JARVIS the only male AI?
[2025-04-17T20:35:39.152+0000] {logging_mixin.py:190} INFO - ID: 83, Score: 0.3557, Title: To benefit from AI, your organization’s learning loops must evolve
[2025-04-17T20:35:39.152+0000] {logging_mixin.py:190} INFO - ID: 91, Score: 0.3419, Title: The Elements that Make Great Fiction
[2025-04-17T20:35:39.153+0000] {logging_mixin.py:190} INFO - ID: 55, Score: 0.3296, Title: Command Line Interface (CLI) Tutorial — How Advanced Users Interact with Computers
[2025-04-17T20:35:39.161+0000] {python.py:240} INFO - Done. Returned value was: None
[2025-04-17T20:35:39.167+0000] {taskinstance.py:340} INFO - ::group::Post task execution logs
[2025-04-17T20:35:39.168+0000] {taskinstance.py:352} INFO - Marking task as SUCCESS. dag_id=medium_to_pinecone, task_id=run_search, run_id=manual__2025-04-17T20:34:46.764010+00:00, execution_date=20250417T203446, start_date=20250417T203534, end_date=20250417T203539
[2025-04-17T20:35:39.209+0000] {local_task_job_runner.py:266} INFO - Task exited with return code 0
[2025-04-17T20:35:39.224+0000] {taskinstance.py:3900} INFO - 0 downstream tasks scheduled from follow-on schedule check
[2025-04-17T20:35:39.226+0000] {local_task_job_runner.py:245} INFO - ::endgroup::
